<?xml version="1.0" encoding="UTF-8"?>
<coverage generated="1776424213120" clover="3.2.0">
  <project timestamp="1776424213120" name="All files">
    <metrics statements="2116" coveredstatements="424" conditionals="2158" coveredconditionals="217" methods="302" coveredmethods="52" elements="4576" coveredelements="693" complexity="0" loc="2116" ncloc="2116" packages="2" files="6" classes="6"/>
    <package name="production-launch">
      <metrics statements="2042" coveredstatements="375" conditionals="2078" coveredconditionals="161" methods="285" coveredmethods="41"/>
      <file name="db.js" path="C:\Users\fabio\CascadeProjects\barber-salon\.worktrees\production-launch\db.js">
        <metrics statements="146" coveredstatements="33" conditionals="57" coveredconditionals="3" methods="48" coveredmethods="6"/>
        <line num="5" count="4" type="stmt"/>
        <line num="6" count="4" type="stmt"/>
        <line num="7" count="4" type="stmt"/>
        <line num="10" count="4" type="cond" truecount="1" falsecount="1"/>
        <line num="11" count="0" type="cond" truecount="0" falsecount="2"/>
        <line num="12" count="0" type="stmt"/>
        <line num="13" count="0" type="stmt"/>
        <line num="15" count="0" type="stmt"/>
        <line num="16" count="0" type="stmt"/>
        <line num="18" count="4" type="stmt"/>
        <line num="19" count="4" type="stmt"/>
        <line num="25" count="4" type="cond" truecount="1" falsecount="1"/>
        <line num="27" count="4" type="stmt"/>
        <line num="28" count="4" type="stmt"/>
        <line num="30" count="4" type="stmt"/>
        <line num="31" count="4" type="stmt"/>
        <line num="35" count="4" type="stmt"/>
        <line num="36" count="4" type="stmt"/>
        <line num="39" count="4" type="stmt"/>
        <line num="40" count="4" type="stmt"/>
        <line num="43" count="4" type="stmt"/>
        <line num="44" count="4" type="stmt"/>
        <line num="45" count="4" type="stmt"/>
        <line num="46" count="4" type="stmt"/>
        <line num="47" count="4" type="stmt"/>
        <line num="48" count="4" type="stmt"/>
        <line num="49" count="4" type="stmt"/>
        <line num="50" count="4" type="stmt"/>
        <line num="51" count="4" type="stmt"/>
        <line num="53" count="4" type="stmt"/>
        <line num="55" count="0" type="stmt"/>
        <line num="56" count="0" type="stmt"/>
        <line num="57" count="0" type="stmt"/>
        <line num="62" count="81" type="cond" truecount="1" falsecount="1"/>
        <line num="63" count="81" type="stmt"/>
        <line num="66" count="0" type="stmt"/>
        <line num="70" count="0" type="cond" truecount="0" falsecount="2"/>
        <line num="71" count="0" type="cond" truecount="0" falsecount="4"/>
        <line num="72" count="0" type="stmt"/>
        <line num="77" count="0" type="stmt"/>
        <line num="78" count="0" type="stmt"/>
        <line num="79" count="0" type="cond" truecount="0" falsecount="2"/>
        <line num="81" count="0" type="stmt"/>
        <line num="82" count="0" type="stmt"/>
        <line num="83" count="0" type="stmt"/>
        <line num="84" count="0" type="stmt"/>
        <line num="85" count="0" type="stmt"/>
        <line num="86" count="0" type="stmt"/>
        <line num="88" count="0" type="stmt"/>
        <line num="128" count="0" type="stmt"/>
        <line num="138" count="0" type="stmt"/>
        <line num="143" count="0" type="stmt"/>
        <line num="148" count="4" type="stmt"/>
        <line num="155" count="0" type="stmt"/>
        <line num="158" count="0" type="stmt"/>
        <line num="161" count="39" type="stmt"/>
        <line num="164" count="0" type="stmt"/>
        <line num="165" count="0" type="stmt"/>
        <line num="166" count="0" type="stmt"/>
        <line num="169" count="0" type="stmt"/>
        <line num="170" count="0" type="stmt"/>
        <line num="173" count="0" type="stmt"/>
        <line num="174" count="0" type="stmt"/>
        <line num="175" count="0" type="stmt"/>
        <line num="176" count="0" type="stmt"/>
        <line num="177" count="0" type="stmt"/>
        <line num="182" count="0" type="stmt"/>
        <line num="185" count="23" type="stmt"/>
        <line num="188" count="0" type="stmt"/>
        <line num="191" count="0" type="stmt"/>
        <line num="194" count="0" type="stmt"/>
        <line num="195" count="0" type="stmt"/>
        <line num="196" count="0" type="stmt"/>
        <line num="197" count="0" type="stmt"/>
        <line num="200" count="0" type="stmt"/>
        <line num="203" count="0" type="stmt"/>
        <line num="204" count="0" type="stmt"/>
        <line num="205" count="0" type="stmt"/>
        <line num="208" count="0" type="stmt"/>
        <line num="211" count="0" type="cond" truecount="0" falsecount="2"/>
        <line num="212" count="0" type="stmt"/>
        <line num="214" count="0" type="stmt"/>
        <line num="215" count="0" type="stmt"/>
        <line num="220" count="0" type="stmt"/>
        <line num="223" count="18" type="stmt"/>
        <line num="226" count="0" type="stmt"/>
        <line num="229" count="0" type="stmt"/>
        <line num="230" count="0" type="cond" truecount="0" falsecount="2"/>
        <line num="231" count="0" type="stmt"/>
        <line num="234" count="0" type="stmt"/>
        <line num="242" count="0" type="stmt"/>
        <line num="243" count="0" type="stmt"/>
        <line num="244" count="0" type="cond" truecount="0" falsecount="4"/>
        <line num="245" count="0" type="stmt"/>
        <line num="249" count="0" type="stmt"/>
        <line num="257" count="0" type="stmt"/>
        <line num="258" count="0" type="stmt"/>
        <line num="261" count="0" type="cond" truecount="0" falsecount="2"/>
        <line num="262" count="0" type="stmt"/>
        <line num="264" count="0" type="stmt"/>
        <line num="265" count="0" type="stmt"/>
        <line num="268" count="0" type="cond" truecount="0" falsecount="2"/>
        <line num="269" count="0" type="stmt"/>
        <line num="272" count="0" type="stmt"/>
        <line num="273" count="0" type="stmt"/>
        <line num="274" count="0" type="stmt"/>
        <line num="277" count="0" type="stmt"/>
        <line num="282" count="0" type="stmt"/>
        <line num="285" count="0" type="stmt"/>
        <line num="288" count="0" type="stmt"/>
        <line num="289" count="0" type="cond" truecount="0" falsecount="2"/>
        <line num="290" count="0" type="cond" truecount="0" falsecount="2"/>
        <line num="292" count="0" type="stmt"/>
        <line num="293" count="0" type="cond" truecount="0" falsecount="2"/>
        <line num="294" count="0" type="stmt"/>
        <line num="297" count="0" type="cond" truecount="0" falsecount="2"/>
        <line num="298" count="0" type="cond" truecount="0" falsecount="4"/>
        <line num="299" count="0" type="stmt"/>
        <line num="302" count="0" type="stmt"/>
        <line num="307" count="0" type="stmt"/>
        <line num="310" count="0" type="stmt"/>
        <line num="313" count="0" type="stmt"/>
        <line num="314" count="0" type="stmt"/>
        <line num="317" count="0" type="stmt"/>
        <line num="322" count="1" type="stmt"/>
        <line num="325" count="0" type="stmt"/>
        <line num="328" count="0" type="stmt"/>
        <line num="329" count="0" type="stmt"/>
        <line num="330" count="0" type="stmt"/>
        <line num="333" count="0" type="stmt"/>
        <line num="334" count="0" type="stmt"/>
        <line num="337" count="0" type="stmt"/>
        <line num="342" count="0" type="stmt"/>
        <line num="343" count="0" type="stmt"/>
        <line num="346" count="0" type="stmt"/>
        <line num="351" count="0" type="stmt"/>
        <line num="354" count="0" type="stmt"/>
        <line num="355" count="0" type="stmt"/>
        <line num="356" count="0" type="stmt"/>
        <line num="359" count="0" type="stmt"/>
        <line num="363" count="0" type="stmt"/>
        <line num="364" count="0" type="stmt"/>
        <line num="365" count="0" type="cond" truecount="0" falsecount="1"/>
        <line num="366" count="0" type="stmt"/>
        <line num="367" count="0" type="stmt"/>
        <line num="370" count="4" type="stmt"/>
      </file>
      <file name="email.js" path="C:\Users\fabio\CascadeProjects\barber-salon\.worktrees\production-launch\email.js">
        <metrics statements="136" coveredstatements="8" conditionals="174" coveredconditionals="3" methods="15" coveredmethods="1"/>
        <line num="6" count="3" type="stmt"/>
        <line num="9" count="3" type="stmt"/>
        <line num="11" count="3" type="stmt"/>
        <line num="15" count="0" type="cond" truecount="0" falsecount="2"/>
        <line num="16" count="0" type="cond" truecount="0" falsecount="2"/>
        <line num="18" count="0" type="stmt"/>
        <line num="102" count="0" type="stmt"/>
        <line num="103" count="0" type="stmt"/>
        <line num="104" count="0" type="stmt"/>
        <line num="105" count="0" type="stmt"/>
        <line num="106" count="0" type="stmt"/>
        <line num="107" count="0" type="stmt"/>
        <line num="112" count="0" type="stmt"/>
        <line num="113" count="0" type="cond" truecount="0" falsecount="4"/>
        <line num="114" count="0" type="stmt"/>
        <line num="115" count="0" type="stmt"/>
        <line num="118" count="0" type="cond" truecount="0" falsecount="2"/>
        <line num="119" count="0" type="cond" truecount="0" falsecount="2"/>
        <line num="122" count="0" type="cond" truecount="0" falsecount="2"/>
        <line num="124" count="0" type="stmt"/>
        <line num="125" count="0" type="stmt"/>
        <line num="132" count="0" type="cond" truecount="0" falsecount="2"/>
        <line num="133" count="0" type="stmt"/>
        <line num="134" count="0" type="stmt"/>
        <line num="137" count="0" type="stmt"/>
        <line num="139" count="0" type="stmt"/>
        <line num="145" count="0" type="cond" truecount="0" falsecount="2"/>
        <line num="146" count="0" type="cond" truecount="0" falsecount="2"/>
        <line num="148" count="0" type="stmt"/>
        <line num="149" count="0" type="stmt"/>
        <line num="165" count="0" type="cond" truecount="0" falsecount="2"/>
        <line num="166" count="0" type="stmt"/>
        <line num="167" count="0" type="stmt"/>
        <line num="170" count="0" type="stmt"/>
        <line num="171" count="0" type="stmt"/>
        <line num="173" count="0" type="stmt"/>
        <line num="174" count="0" type="stmt"/>
        <line num="179" count="0" type="cond" truecount="0" falsecount="3"/>
        <line num="180" count="0" type="cond" truecount="0" falsecount="2"/>
        <line num="181" count="0" type="cond" truecount="0" falsecount="2"/>
        <line num="182" count="0" type="cond" truecount="0" falsecount="2"/>
        <line num="183" count="0" type="cond" truecount="0" falsecount="2"/>
        <line num="185" count="0" type="stmt"/>
        <line num="186" count="0" type="stmt"/>
        <line num="298" count="0" type="cond" truecount="0" falsecount="2"/>
        <line num="299" count="0" type="stmt"/>
        <line num="300" count="0" type="stmt"/>
        <line num="302" count="0" type="stmt"/>
        <line num="304" count="0" type="stmt"/>
        <line num="310" count="0" type="cond" truecount="0" falsecount="2"/>
        <line num="311" count="0" type="cond" truecount="0" falsecount="2"/>
        <line num="313" count="0" type="stmt"/>
        <line num="314" count="0" type="stmt"/>
        <line num="357" count="0" type="cond" truecount="0" falsecount="2"/>
        <line num="358" count="0" type="stmt"/>
        <line num="359" count="0" type="stmt"/>
        <line num="361" count="0" type="stmt"/>
        <line num="362" count="0" type="stmt"/>
        <line num="367" count="0" type="cond" truecount="0" falsecount="3"/>
        <line num="368" count="0" type="cond" truecount="0" falsecount="2"/>
        <line num="369" count="0" type="cond" truecount="0" falsecount="2"/>
        <line num="370" count="0" type="cond" truecount="0" falsecount="2"/>
        <line num="371" count="0" type="cond" truecount="0" falsecount="4"/>
        <line num="372" count="0" type="stmt"/>
        <line num="373" count="0" type="stmt"/>
        <line num="430" count="0" type="cond" truecount="0" falsecount="2"/>
        <line num="431" count="0" type="stmt"/>
        <line num="432" count="0" type="stmt"/>
        <line num="436" count="0" type="cond" truecount="0" falsecount="3"/>
        <line num="437" count="0" type="cond" truecount="0" falsecount="2"/>
        <line num="438" count="0" type="cond" truecount="0" falsecount="2"/>
        <line num="439" count="0" type="cond" truecount="0" falsecount="2"/>
        <line num="440" count="0" type="cond" truecount="0" falsecount="2"/>
        <line num="441" count="0" type="stmt"/>
        <line num="442" count="0" type="stmt"/>
        <line num="487" count="0" type="cond" truecount="0" falsecount="2"/>
        <line num="488" count="0" type="stmt"/>
        <line num="489" count="0" type="stmt"/>
        <line num="493" count="0" type="cond" truecount="0" falsecount="2"/>
        <line num="494" count="0" type="cond" truecount="0" falsecount="2"/>
        <line num="495" count="0" type="cond" truecount="0" falsecount="2"/>
        <line num="496" count="0" type="cond" truecount="0" falsecount="2"/>
        <line num="497" count="0" type="cond" truecount="0" falsecount="2"/>
        <line num="498" count="0" type="stmt"/>
        <line num="499" count="0" type="stmt"/>
        <line num="555" count="0" type="cond" truecount="0" falsecount="2"/>
        <line num="556" count="0" type="stmt"/>
        <line num="557" count="0" type="stmt"/>
        <line num="562" count="0" type="cond" truecount="0" falsecount="2"/>
        <line num="563" count="0" type="cond" truecount="0" falsecount="2"/>
        <line num="564" count="0" type="cond" truecount="0" falsecount="2"/>
        <line num="565" count="0" type="cond" truecount="0" falsecount="3"/>
        <line num="566" count="0" type="stmt"/>
        <line num="568" count="0" type="stmt"/>
        <line num="569" count="0" type="stmt"/>
        <line num="602" count="0" type="stmt"/>
        <line num="604" count="0" type="stmt"/>
        <line num="610" count="0" type="cond" truecount="0" falsecount="4"/>
        <line num="611" count="0" type="cond" truecount="0" falsecount="3"/>
        <line num="612" count="0" type="cond" truecount="0" falsecount="2"/>
        <line num="613" count="0" type="cond" truecount="0" falsecount="2"/>
        <line num="614" count="0" type="cond" truecount="0" falsecount="2"/>
        <line num="615" count="0" type="stmt"/>
        <line num="616" count="0" type="stmt"/>
        <line num="642" count="0" type="stmt"/>
        <line num="644" count="0" type="stmt"/>
        <line num="650" count="1" type="cond" truecount="1" falsecount="1"/>
        <line num="651" count="1" type="cond" truecount="2" falsecount="0"/>
        <line num="652" count="1" type="stmt"/>
        <line num="653" count="1" type="stmt"/>
        <line num="655" count="0" type="stmt"/>
        <line num="656" count="0" type="stmt"/>
        <line num="660" count="3" type="stmt"/>
        <line num="664" count="0" type="cond" truecount="0" falsecount="2"/>
        <line num="665" count="0" type="cond" truecount="0" falsecount="2"/>
        <line num="667" count="0" type="stmt"/>
        <line num="708" count="0" type="stmt"/>
        <line num="709" count="0" type="stmt"/>
        <line num="715" count="0" type="stmt"/>
        <line num="717" count="0" type="stmt"/>
        <line num="723" count="0" type="cond" truecount="0" falsecount="2"/>
        <line num="724" count="0" type="cond" truecount="0" falsecount="2"/>
        <line num="725" count="0" type="cond" truecount="0" falsecount="2"/>
        <line num="726" count="0" type="stmt"/>
        <line num="761" count="0" type="stmt"/>
        <line num="762" count="0" type="stmt"/>
        <line num="768" count="0" type="stmt"/>
        <line num="770" count="0" type="stmt"/>
        <line num="776" count="0" type="cond" truecount="0" falsecount="2"/>
        <line num="777" count="0" type="cond" truecount="0" falsecount="2"/>
        <line num="778" count="0" type="cond" truecount="0" falsecount="2"/>
        <line num="780" count="0" type="stmt"/>
        <line num="819" count="0" type="stmt"/>
        <line num="820" count="0" type="stmt"/>
        <line num="826" count="0" type="stmt"/>
        <line num="828" count="0" type="stmt"/>
      </file>
      <file name="server.js" path="C:\Users\fabio\CascadeProjects\barber-salon\.worktrees\production-launch\server.js">
        <metrics statements="1712" coveredstatements="330" conditionals="1807" coveredconditionals="153" methods="215" coveredmethods="34"/>
        <line num="6" count="3" type="stmt"/>
        <line num="7" count="3" type="stmt"/>
        <line num="8" count="3" type="stmt"/>
        <line num="9" count="3" type="stmt"/>
        <line num="10" count="3" type="stmt"/>
        <line num="11" count="3" type="stmt"/>
        <line num="12" count="3" type="stmt"/>
        <line num="13" count="3" type="stmt"/>
        <line num="14" count="3" type="stmt"/>
        <line num="15" count="3" type="stmt"/>
        <line num="16" count="3" type="stmt"/>
        <line num="19" count="3" type="cond" truecount="2" falsecount="2"/>
        <line num="20" count="0" type="stmt"/>
        <line num="25" count="0" type="stmt"/>
        <line num="27" count="3" type="stmt"/>
        <line num="31" count="3" type="cond" truecount="1" falsecount="1"/>
        <line num="32" count="0" type="stmt"/>
        <line num="33" count="3" type="cond" truecount="1" falsecount="1"/>
        <line num="34" count="0" type="stmt"/>
        <line num="39" count="0" type="stmt"/>
        <line num="41" count="3" type="stmt"/>
        <line num="44" count="3" type="cond" truecount="1" falsecount="1"/>
        <line num="45" count="3" type="cond" truecount="1" falsecount="1"/>
        <line num="46" count="3" type="cond" truecount="2" falsecount="2"/>
        <line num="47" count="0" type="stmt"/>
        <line num="48" count="0" type="stmt"/>
        <line num="50" count="3" type="cond" truecount="1" falsecount="1"/>
        <line num="53" count="3" type="stmt"/>
        <line num="62" count="128" type="cond" truecount="1" falsecount="1"/>
        <line num="63" count="0" type="stmt"/>
        <line num="66" count="128" type="stmt"/>
        <line num="67" count="128" type="cond" truecount="2" falsecount="0"/>
        <line num="68" count="128" type="stmt"/>
        <line num="69" count="128" type="stmt"/>
        <line num="72" count="3" type="cond" truecount="1" falsecount="1"/>
        <line num="76" count="0" type="cond" truecount="0" falsecount="2"/>
        <line num="81" count="0" type="stmt"/>
        <line num="82" count="0" type="stmt"/>
        <line num="83" count="0" type="stmt"/>
        <line num="84" count="0" type="stmt"/>
        <line num="85" count="0" type="stmt"/>
        <line num="86" count="0" type="stmt"/>
        <line num="88" count="0" type="stmt"/>
        <line num="92" count="4" type="cond" truecount="1" falsecount="1"/>
        <line num="96" count="124" type="stmt"/>
        <line num="101" count="124" type="stmt"/>
        <line num="102" count="124" type="stmt"/>
        <line num="105" count="124" type="cond" truecount="3" falsecount="1"/>
        <line num="106" count="124" type="stmt"/>
        <line num="107" count="124" type="stmt"/>
        <line num="113" count="4" type="stmt"/>
        <line num="116" count="3" type="stmt"/>
        <line num="118" count="43" type="stmt"/>
        <line num="119" count="43" type="stmt"/>
        <line num="120" count="43" type="stmt"/>
        <line num="121" count="43" type="stmt"/>
        <line num="122" count="43" type="stmt"/>
        <line num="123" count="43" type="cond" truecount="1" falsecount="1"/>
        <line num="124" count="0" type="stmt"/>
        <line num="125" count="0" type="stmt"/>
        <line num="127" count="43" type="stmt"/>
        <line num="129" count="43" type="stmt"/>
        <line num="130" count="43" type="stmt"/>
        <line num="131" count="0" type="stmt"/>
        <line num="133" count="43" type="stmt"/>
        <line num="138" count="0" type="stmt"/>
        <line num="139" count="0" type="cond" truecount="0" falsecount="2"/>
        <line num="140" count="0" type="stmt"/>
        <line num="141" count="0" type="cond" truecount="0" falsecount="2"/>
        <line num="143" count="0" type="stmt"/>
        <line num="144" count="0" type="stmt"/>
        <line num="145" count="0" type="stmt"/>
        <line num="146" count="0" type="stmt"/>
        <line num="147" count="0" type="stmt"/>
        <line num="148" count="0" type="stmt"/>
        <line num="149" count="0" type="stmt"/>
        <line num="150" count="0" type="stmt"/>
        <line num="151" count="0" type="stmt"/>
        <line num="152" count="0" type="stmt"/>
        <line num="154" count="0" type="stmt"/>
        <line num="155" count="0" type="stmt"/>
        <line num="156" count="0" type="cond" truecount="0" falsecount="2"/>
        <line num="157" count="0" type="stmt"/>
        <line num="158" count="0" type="stmt"/>
        <line num="160" count="0" type="stmt"/>
        <line num="161" count="0" type="stmt"/>
        <line num="163" count="0" type="cond" truecount="0" falsecount="4"/>
        <line num="164" count="0" type="cond" truecount="0" falsecount="2"/>
        <line num="165" count="0" type="stmt"/>
        <line num="166" count="0" type="cond" truecount="0" falsecount="2"/>
        <line num="167" count="0" type="stmt"/>
        <line num="170" count="0" type="stmt"/>
        <line num="172" count="0" type="stmt"/>
        <line num="173" count="0" type="stmt"/>
        <line num="176" count="0" type="stmt"/>
        <line num="182" count="0" type="stmt"/>
        <line num="183" count="0" type="cond" truecount="0" falsecount="4"/>
        <line num="184" count="0" type="stmt"/>
        <line num="186" count="0" type="stmt"/>
        <line num="187" count="0" type="cond" truecount="0" falsecount="4"/>
        <line num="189" count="0" type="stmt"/>
        <line num="190" count="0" type="stmt"/>
        <line num="191" count="0" type="stmt"/>
        <line num="192" count="0" type="stmt"/>
        <line num="196" count="0" type="stmt"/>
        <line num="197" count="0" type="stmt"/>
        <line num="200" count="0" type="cond" truecount="0" falsecount="2"/>
        <line num="201" count="0" type="stmt"/>
        <line num="202" count="0" type="stmt"/>
        <line num="204" count="0" type="stmt"/>
        <line num="207" count="0" type="stmt"/>
        <line num="209" count="0" type="stmt"/>
        <line num="210" count="0" type="stmt"/>
        <line num="216" count="1" type="stmt"/>
        <line num="217" count="1" type="stmt"/>
        <line num="222" count="1" type="stmt"/>
        <line num="223" count="1" type="stmt"/>
        <line num="228" count="10" type="stmt"/>
        <line num="229" count="10" type="cond" truecount="1" falsecount="1"/>
        <line num="231" count="10" type="cond" truecount="2" falsecount="0"/>
        <line num="233" count="9" type="cond" truecount="1" falsecount="1"/>
        <line num="234" count="9" type="stmt"/>
        <line num="238" count="25" type="stmt"/>
        <line num="239" count="25" type="cond" truecount="4" falsecount="0"/>
        <line num="240" count="23" type="stmt"/>
        <line num="241" count="23" type="stmt"/>
        <line num="242" count="23" type="stmt"/>
        <line num="243" count="23" type="cond" truecount="2" falsecount="0"/>
        <line num="244" count="22" type="stmt"/>
        <line num="246" count="22" type="stmt"/>
        <line num="247" count="22" type="cond" truecount="2" falsecount="0"/>
        <line num="249" count="21" type="cond" truecount="4" falsecount="0"/>
        <line num="250" count="20" type="stmt"/>
        <line num="251" count="0" type="stmt"/>
        <line num="255" count="3" type="stmt"/>
        <line num="257" count="86" type="stmt"/>
        <line num="258" count="86" type="stmt"/>
        <line num="259" count="86" type="cond" truecount="2" falsecount="0"/>
        <line num="260" count="86" type="cond" truecount="1" falsecount="1"/>
        <line num="261" count="86" type="stmt"/>
        <line num="262" count="86" type="stmt"/>
        <line num="263" count="86" type="stmt"/>
        <line num="266" count="3" type="stmt"/>
        <line num="267" count="0" type="stmt"/>
        <line num="268" count="0" type="cond" truecount="0" falsecount="2"/>
        <line num="272" count="3" type="stmt"/>
        <line num="273" count="3" type="stmt"/>
        <line num="274" count="0" type="stmt"/>
        <line num="275" count="0" type="cond" truecount="0" falsecount="2"/>
        <line num="280" count="0" type="stmt"/>
        <line num="281" count="0" type="stmt"/>
        <line num="282" count="0" type="stmt"/>
        <line num="283" count="0" type="stmt"/>
        <line num="284" count="0" type="stmt"/>
        <line num="285" count="0" type="cond" truecount="0" falsecount="4"/>
        <line num="286" count="0" type="stmt"/>
        <line num="287" count="0" type="stmt"/>
        <line num="290" count="0" type="cond" truecount="0" falsecount="2"/>
        <line num="291" count="0" type="stmt"/>
        <line num="293" count="3" type="stmt"/>
        <line num="294" count="3" type="stmt"/>
        <line num="299" count="0" type="stmt"/>
        <line num="300" count="0" type="cond" truecount="0" falsecount="4"/>
        <line num="302" count="0" type="stmt"/>
        <line num="303" count="0" type="stmt"/>
        <line num="304" count="0" type="stmt"/>
        <line num="305" count="0" type="stmt"/>
        <line num="306" count="0" type="stmt"/>
        <line num="307" count="0" type="stmt"/>
        <line num="308" count="0" type="stmt"/>
        <line num="309" count="0" type="cond" truecount="0" falsecount="2"/>
        <line num="311" count="0" type="cond" truecount="0" falsecount="2"/>
        <line num="313" count="0" type="stmt"/>
        <line num="314" count="0" type="cond" truecount="0" falsecount="7"/>
        <line num="315" count="0" type="stmt"/>
        <line num="316" count="0" type="cond" truecount="0" falsecount="4"/>
        <line num="319" count="0" type="stmt"/>
        <line num="321" count="0" type="cond" truecount="0" falsecount="2"/>
        <line num="322" count="0" type="stmt"/>
        <line num="324" count="3" type="stmt"/>
        <line num="326" count="3" type="stmt"/>
        <line num="330" count="0" type="stmt"/>
        <line num="331" count="0" type="cond" truecount="0" falsecount="4"/>
        <line num="332" count="0" type="stmt"/>
        <line num="333" count="0" type="stmt"/>
        <line num="334" count="0" type="stmt"/>
        <line num="335" count="0" type="stmt"/>
        <line num="337" count="0" type="stmt"/>
        <line num="343" count="0" type="cond" truecount="0" falsecount="2"/>
        <line num="344" count="0" type="stmt"/>
        <line num="345" count="0" type="stmt"/>
        <line num="346" count="0" type="cond" truecount="0" falsecount="4"/>
        <line num="348" count="0" type="cond" truecount="0" falsecount="2"/>
        <line num="349" count="0" type="stmt"/>
        <line num="350" count="0" type="cond" truecount="0" falsecount="2"/>
        <line num="351" count="0" type="stmt"/>
        <line num="352" count="0" type="cond" truecount="0" falsecount="2"/>
        <line num="353" count="0" type="stmt"/>
        <line num="354" count="0" type="cond" truecount="0" falsecount="2"/>
        <line num="355" count="0" type="stmt"/>
        <line num="356" count="0" type="stmt"/>
        <line num="357" count="0" type="stmt"/>
        <line num="358" count="0" type="stmt"/>
        <line num="360" count="0" type="cond" truecount="0" falsecount="2"/>
        <line num="361" count="0" type="stmt"/>
        <line num="363" count="3" type="stmt"/>
        <line num="364" count="3" type="stmt"/>
        <line num="368" count="0" type="cond" truecount="0" falsecount="4"/>
        <line num="369" count="0" type="stmt"/>
        <line num="370" count="0" type="cond" truecount="0" falsecount="4"/>
        <line num="374" count="0" type="cond" truecount="0" falsecount="4"/>
        <line num="375" count="0" type="stmt"/>
        <line num="376" count="0" type="stmt"/>
        <line num="377" count="0" type="cond" truecount="0" falsecount="2"/>
        <line num="378" count="0" type="stmt"/>
        <line num="379" count="0" type="cond" truecount="0" falsecount="4"/>
        <line num="381" count="0" type="cond" truecount="0" falsecount="5"/>
        <line num="382" count="0" type="stmt"/>
        <line num="383" count="0" type="cond" truecount="0" falsecount="2"/>
        <line num="384" count="0" type="cond" truecount="0" falsecount="4"/>
        <line num="387" count="0" type="stmt"/>
        <line num="388" count="0" type="stmt"/>
        <line num="389" count="0" type="cond" truecount="0" falsecount="5"/>
        <line num="390" count="0" type="stmt"/>
        <line num="391" count="0" type="stmt"/>
        <line num="392" count="0" type="cond" truecount="0" falsecount="4"/>
        <line num="394" count="0" type="stmt"/>
        <line num="398" count="3" type="stmt"/>
        <line num="400" count="282" type="stmt"/>
        <line num="401" count="282" type="stmt"/>
        <line num="408" count="3" type="stmt"/>
        <line num="409" count="3" type="cond" truecount="1" falsecount="1"/>
        <line num="410" count="0" type="stmt"/>
        <line num="411" count="0" type="stmt"/>
        <line num="414" count="3" type="stmt"/>
        <line num="415" count="15" type="cond" truecount="2" falsecount="1"/>
        <line num="416" count="15" type="cond" truecount="2" falsecount="0"/>
        <line num="417" count="5" type="stmt"/>
        <line num="419" count="10" type="stmt"/>
        <line num="420" count="10" type="cond" truecount="4" falsecount="0"/>
        <line num="421" count="9" type="stmt"/>
        <line num="423" count="1" type="stmt"/>
        <line num="424" count="1" type="stmt"/>
        <line num="427" count="3" type="stmt"/>
        <line num="428" count="4" type="stmt"/>
        <line num="431" count="3" type="stmt"/>
        <line num="433" count="0" type="stmt"/>
        <line num="447" count="3" type="stmt"/>
        <line num="448" count="1" type="stmt"/>
        <line num="449" count="1" type="stmt"/>
        <line num="450" count="1" type="cond" truecount="4" falsecount="1"/>
        <line num="453" count="1" type="stmt"/>
        <line num="454" count="1" type="stmt"/>
        <line num="460" count="0" type="stmt"/>
        <line num="462" count="1" type="stmt"/>
        <line num="465" count="3" type="stmt"/>
        <line num="466" count="0" type="stmt"/>
        <line num="467" count="0" type="stmt"/>
        <line num="468" count="0" type="cond" truecount="0" falsecount="2"/>
        <line num="469" count="0" type="stmt"/>
        <line num="470" count="0" type="stmt"/>
        <line num="475" count="3" type="stmt"/>
        <line num="476" count="0" type="stmt"/>
        <line num="477" count="0" type="cond" truecount="0" falsecount="2"/>
        <line num="478" count="0" type="stmt"/>
        <line num="479" count="0" type="stmt"/>
        <line num="481" count="0" type="stmt"/>
        <line num="486" count="0" type="stmt"/>
        <line num="487" count="0" type="stmt"/>
        <line num="490" count="0" type="stmt"/>
        <line num="495" count="0" type="stmt"/>
        <line num="496" count="0" type="stmt"/>
        <line num="498" count="0" type="stmt"/>
        <line num="502" count="3" type="stmt"/>
        <line num="503" count="0" type="stmt"/>
        <line num="504" count="0" type="stmt"/>
        <line num="505" count="0" type="stmt"/>
        <line num="506" count="0" type="stmt"/>
        <line num="507" count="0" type="stmt"/>
        <line num="508" count="0" type="stmt"/>
        <line num="510" count="0" type="cond" truecount="0" falsecount="2"/>
        <line num="511" count="0" type="stmt"/>
        <line num="514" count="3" type="stmt"/>
        <line num="515" count="0" type="stmt"/>
        <line num="516" count="0" type="stmt"/>
        <line num="517" count="0" type="stmt"/>
        <line num="518" count="0" type="stmt"/>
        <line num="519" count="0" type="stmt"/>
        <line num="520" count="0" type="stmt"/>
        <line num="521" count="0" type="stmt"/>
        <line num="522" count="0" type="stmt"/>
        <line num="528" count="0" type="stmt"/>
        <line num="531" count="3" type="stmt"/>
        <line num="532" count="0" type="stmt"/>
        <line num="533" count="0" type="cond" truecount="0" falsecount="2"/>
        <line num="535" count="0" type="stmt"/>
        <line num="569" count="0" type="stmt"/>
        <line num="578" count="0" type="stmt"/>
        <line num="579" count="0" type="stmt"/>
        <line num="580" count="0" type="stmt"/>
        <line num="581" count="0" type="cond" truecount="0" falsecount="2"/>
        <line num="583" count="0" type="stmt"/>
        <line num="586" count="3" type="stmt"/>
        <line num="587" count="0" type="stmt"/>
        <line num="588" count="0" type="stmt"/>
        <line num="591" count="3" type="stmt"/>
        <line num="592" count="0" type="stmt"/>
        <line num="593" count="0" type="stmt"/>
        <line num="594" count="0" type="cond" truecount="0" falsecount="2"/>
        <line num="596" count="0" type="stmt"/>
        <line num="597" count="0" type="cond" truecount="0" falsecount="2"/>
        <line num="598" count="0" type="cond" truecount="0" falsecount="2"/>
        <line num="600" count="0" type="stmt"/>
        <line num="601" count="0" type="cond" truecount="0" falsecount="4"/>
        <line num="602" count="0" type="stmt"/>
        <line num="603" count="0" type="cond" truecount="0" falsecount="2"/>
        <line num="604" count="0" type="stmt"/>
        <line num="607" count="0" type="cond" truecount="0" falsecount="2"/>
        <line num="608" count="0" type="cond" truecount="0" falsecount="2"/>
        <line num="609" count="0" type="cond" truecount="0" falsecount="2"/>
        <line num="610" count="0" type="cond" truecount="0" falsecount="2"/>
        <line num="611" count="0" type="cond" truecount="0" falsecount="2"/>
        <line num="612" count="0" type="stmt"/>
        <line num="614" count="0" type="stmt"/>
        <line num="617" count="3" type="stmt"/>
        <line num="618" count="0" type="stmt"/>
        <line num="619" count="0" type="stmt"/>
        <line num="620" count="0" type="cond" truecount="0" falsecount="2"/>
        <line num="622" count="0" type="cond" truecount="0" falsecount="2"/>
        <line num="623" count="0" type="stmt"/>
        <line num="626" count="0" type="cond" truecount="0" falsecount="2"/>
        <line num="627" count="0" type="cond" truecount="0" falsecount="2"/>
        <line num="628" count="0" type="stmt"/>
        <line num="629" count="0" type="stmt"/>
        <line num="630" count="0" type="stmt"/>
        <line num="634" count="3" type="stmt"/>
        <line num="635" count="0" type="stmt"/>
        <line num="636" count="0" type="stmt"/>
        <line num="640" count="3" type="stmt"/>
        <line num="641" count="0" type="stmt"/>
        <line num="642" count="0" type="cond" truecount="0" falsecount="2"/>
        <line num="643" count="0" type="stmt"/>
        <line num="647" count="3" type="stmt"/>
        <line num="648" count="0" type="stmt"/>
        <line num="649" count="0" type="stmt"/>
        <line num="650" count="0" type="stmt"/>
        <line num="651" count="0" type="stmt"/>
        <line num="652" count="0" type="cond" truecount="0" falsecount="2"/>
        <line num="653" count="0" type="cond" truecount="0" falsecount="2"/>
        <line num="654" count="0" type="cond" truecount="0" falsecount="6"/>
        <line num="655" count="0" type="cond" truecount="0" falsecount="2"/>
        <line num="656" count="0" type="cond" truecount="0" falsecount="2"/>
        <line num="657" count="0" type="stmt"/>
        <line num="667" count="0" type="stmt"/>
        <line num="668" count="0" type="stmt"/>
        <line num="673" count="0" type="stmt"/>
        <line num="676" count="3" type="stmt"/>
        <line num="677" count="0" type="stmt"/>
        <line num="678" count="0" type="cond" truecount="0" falsecount="2"/>
        <line num="680" count="0" type="stmt"/>
        <line num="681" count="0" type="stmt"/>
        <line num="684" count="3" type="stmt"/>
        <line num="685" count="0" type="stmt"/>
        <line num="686" count="0" type="cond" truecount="0" falsecount="2"/>
        <line num="688" count="0" type="stmt"/>
        <line num="689" count="0" type="cond" truecount="0" falsecount="2"/>
        <line num="691" count="0" type="stmt"/>
        <line num="692" count="0" type="stmt"/>
        <line num="707" count="3" type="stmt"/>
        <line num="708" count="28" type="cond" truecount="2" falsecount="1"/>
        <line num="709" count="28" type="cond" truecount="2" falsecount="0"/>
        <line num="710" count="8" type="stmt"/>
        <line num="713" count="20" type="stmt"/>
        <line num="714" count="20" type="stmt"/>
        <line num="716" count="20" type="cond" truecount="4" falsecount="0"/>
        <line num="717" count="2" type="stmt"/>
        <line num="718" count="2" type="stmt"/>
        <line num="722" count="18" type="stmt"/>
        <line num="723" count="18" type="cond" truecount="1" falsecount="1"/>
        <line num="724" count="0" type="stmt"/>
        <line num="725" count="0" type="stmt"/>
        <line num="726" count="0" type="cond" truecount="0" falsecount="2"/>
        <line num="727" count="0" type="stmt"/>
        <line num="728" count="0" type="stmt"/>
        <line num="729" count="0" type="stmt"/>
        <line num="730" count="0" type="stmt"/>
        <line num="738" count="0" type="stmt"/>
        <line num="741" count="18" type="stmt"/>
        <line num="745" count="18" type="stmt"/>
        <line num="746" count="18" type="cond" truecount="1" falsecount="1"/>
        <line num="747" count="0" type="stmt"/>
        <line num="748" count="0" type="cond" truecount="0" falsecount="2"/>
        <line num="749" count="0" type="stmt"/>
        <line num="750" count="0" type="stmt"/>
        <line num="752" count="0" type="stmt"/>
        <line num="753" count="0" type="cond" truecount="0" falsecount="2"/>
        <line num="754" count="0" type="stmt"/>
        <line num="755" count="0" type="stmt"/>
        <line num="757" count="0" type="cond" truecount="0" falsecount="4"/>
        <line num="758" count="0" type="stmt"/>
        <line num="759" count="0" type="stmt"/>
        <line num="761" count="0" type="stmt"/>
        <line num="762" count="0" type="stmt"/>
        <line num="769" count="0" type="stmt"/>
        <line num="772" count="18" type="stmt"/>
        <line num="776" count="18" type="stmt"/>
        <line num="777" count="18" type="stmt"/>
        <line num="781" count="3" type="stmt"/>
        <line num="782" count="9" type="cond" truecount="2" falsecount="1"/>
        <line num="783" count="9" type="cond" truecount="2" falsecount="0"/>
        <line num="784" count="4" type="stmt"/>
        <line num="787" count="5" type="stmt"/>
        <line num="788" count="5" type="cond" truecount="1" falsecount="1"/>
        <line num="789" count="5" type="cond" truecount="3" falsecount="1"/>
        <line num="791" count="5" type="stmt"/>
        <line num="792" count="5" type="cond" truecount="1" falsecount="1"/>
        <line num="793" count="0" type="stmt"/>
        <line num="794" count="0" type="stmt"/>
        <line num="795" count="0" type="cond" truecount="0" falsecount="2"/>
        <line num="796" count="0" type="stmt"/>
        <line num="797" count="0" type="stmt"/>
        <line num="798" count="0" type="stmt"/>
        <line num="801" count="5" type="stmt"/>
        <line num="805" count="3" type="stmt"/>
        <line num="806" count="7" type="stmt"/>
        <line num="807" count="7" type="stmt"/>
        <line num="809" count="7" type="cond" truecount="3" falsecount="2"/>
        <line num="810" count="7" type="stmt"/>
        <line num="813" count="0" type="stmt"/>
        <line num="814" count="0" type="cond" truecount="0" falsecount="4"/>
        <line num="815" count="0" type="stmt"/>
        <line num="818" count="0" type="stmt"/>
        <line num="819" count="0" type="stmt"/>
        <line num="820" count="0" type="stmt"/>
        <line num="821" count="0" type="stmt"/>
        <line num="824" count="3" type="stmt"/>
        <line num="825" count="0" type="stmt"/>
        <line num="826" count="0" type="cond" truecount="0" falsecount="2"/>
        <line num="827" count="0" type="stmt"/>
        <line num="828" count="0" type="cond" truecount="0" falsecount="2"/>
        <line num="829" count="0" type="stmt"/>
        <line num="830" count="0" type="stmt"/>
        <line num="831" count="0" type="cond" truecount="0" falsecount="2"/>
        <line num="834" count="3" type="stmt"/>
        <line num="835" count="1" type="stmt"/>
        <line num="836" count="1" type="cond" truecount="2" falsecount="2"/>
        <line num="837" count="0" type="stmt"/>
        <line num="838" count="0" type="stmt"/>
        <line num="839" count="0" type="cond" truecount="0" falsecount="2"/>
        <line num="841" count="0" type="stmt"/>
        <line num="842" count="0" type="cond" truecount="0" falsecount="2"/>
        <line num="843" count="0" type="cond" truecount="0" falsecount="2"/>
        <line num="844" count="0" type="cond" truecount="0" falsecount="2"/>
        <line num="845" count="0" type="cond" truecount="0" falsecount="2"/>
        <line num="846" count="0" type="cond" truecount="0" falsecount="2"/>
        <line num="847" count="0" type="cond" truecount="0" falsecount="2"/>
        <line num="848" count="0" type="cond" truecount="0" falsecount="2"/>
        <line num="849" count="0" type="cond" truecount="0" falsecount="2"/>
        <line num="850" count="0" type="cond" truecount="0" falsecount="2"/>
        <line num="852" count="0" type="stmt"/>
        <line num="853" count="0" type="stmt"/>
        <line num="857" count="3" type="stmt"/>
        <line num="858" count="0" type="stmt"/>
        <line num="859" count="0" type="cond" truecount="0" falsecount="4"/>
        <line num="860" count="0" type="stmt"/>
        <line num="861" count="0" type="cond" truecount="0" falsecount="2"/>
        <line num="863" count="0" type="cond" truecount="0" falsecount="2"/>
        <line num="864" count="0" type="cond" truecount="0" falsecount="2"/>
        <line num="865" count="0" type="stmt"/>
        <line num="868" count="0" type="stmt"/>
        <line num="869" count="0" type="cond" truecount="0" falsecount="2"/>
        <line num="871" count="0" type="stmt"/>
        <line num="872" count="0" type="stmt"/>
        <line num="875" count="0" type="cond" truecount="0" falsecount="4"/>
        <line num="876" count="0" type="stmt"/>
        <line num="877" count="0" type="cond" truecount="0" falsecount="2"/>
        <line num="880" count="0" type="stmt"/>
        <line num="881" count="0" type="stmt"/>
        <line num="883" count="0" type="stmt"/>
        <line num="887" count="3" type="stmt"/>
        <line num="888" count="0" type="stmt"/>
        <line num="889" count="0" type="cond" truecount="0" falsecount="4"/>
        <line num="890" count="0" type="stmt"/>
        <line num="891" count="0" type="cond" truecount="0" falsecount="2"/>
        <line num="893" count="0" type="cond" truecount="0" falsecount="4"/>
        <line num="894" count="0" type="stmt"/>
        <line num="895" count="0" type="cond" truecount="0" falsecount="2"/>
        <line num="897" count="0" type="stmt"/>
        <line num="898" count="0" type="stmt"/>
        <line num="902" count="3" type="stmt"/>
        <line num="903" count="0" type="stmt"/>
        <line num="904" count="0" type="cond" truecount="0" falsecount="4"/>
        <line num="905" count="0" type="stmt"/>
        <line num="906" count="0" type="cond" truecount="0" falsecount="2"/>
        <line num="908" count="0" type="cond" truecount="0" falsecount="2"/>
        <line num="909" count="0" type="cond" truecount="0" falsecount="2"/>
        <line num="910" count="0" type="stmt"/>
        <line num="913" count="0" type="stmt"/>
        <line num="914" count="0" type="cond" truecount="0" falsecount="2"/>
        <line num="916" count="0" type="stmt"/>
        <line num="917" count="0" type="stmt"/>
        <line num="918" count="0" type="stmt"/>
        <line num="919" count="0" type="cond" truecount="0" falsecount="4"/>
        <line num="920" count="0" type="stmt"/>
        <line num="921" count="0" type="cond" truecount="0" falsecount="2"/>
        <line num="923" count="0" type="stmt"/>
        <line num="924" count="0" type="stmt"/>
        <line num="926" count="0" type="stmt"/>
        <line num="930" count="3" type="stmt"/>
        <line num="931" count="0" type="stmt"/>
        <line num="932" count="0" type="cond" truecount="0" falsecount="4"/>
        <line num="933" count="0" type="stmt"/>
        <line num="934" count="0" type="cond" truecount="0" falsecount="2"/>
        <line num="936" count="0" type="stmt"/>
        <line num="937" count="0" type="cond" truecount="0" falsecount="4"/>
        <line num="938" count="0" type="stmt"/>
        <line num="939" count="0" type="cond" truecount="0" falsecount="2"/>
        <line num="941" count="0" type="stmt"/>
        <line num="942" count="0" type="stmt"/>
        <line num="946" count="3" type="stmt"/>
        <line num="947" count="0" type="stmt"/>
        <line num="948" count="0" type="cond" truecount="0" falsecount="2"/>
        <line num="949" count="0" type="stmt"/>
        <line num="951" count="0" type="stmt"/>
        <line num="952" count="0" type="stmt"/>
        <line num="953" count="0" type="stmt"/>
        <line num="955" count="0" type="cond" truecount="0" falsecount="2"/>
        <line num="956" count="0" type="stmt"/>
        <line num="957" count="0" type="stmt"/>
        <line num="960" count="0" type="stmt"/>
        <line num="961" count="0" type="stmt"/>
        <line num="964" count="0" type="stmt"/>
        <line num="965" count="0" type="cond" truecount="0" falsecount="2"/>
        <line num="966" count="0" type="stmt"/>
        <line num="967" count="0" type="stmt"/>
        <line num="969" count="0" type="stmt"/>
        <line num="972" count="0" type="cond" truecount="0" falsecount="2"/>
        <line num="973" count="0" type="cond" truecount="0" falsecount="2"/>
        <line num="975" count="0" type="stmt"/>
        <line num="979" count="3" type="stmt"/>
        <line num="980" count="0" type="stmt"/>
        <line num="981" count="0" type="cond" truecount="0" falsecount="2"/>
        <line num="983" count="0" type="stmt"/>
        <line num="984" count="0" type="cond" truecount="0" falsecount="2"/>
        <line num="986" count="0" type="stmt"/>
        <line num="988" count="0" type="stmt"/>
        <line num="989" count="0" type="stmt"/>
        <line num="990" count="0" type="stmt"/>
        <line num="991" count="0" type="stmt"/>
        <line num="992" count="0" type="stmt"/>
        <line num="993" count="0" type="stmt"/>
        <line num="994" count="0" type="stmt"/>
        <line num="995" count="0" type="stmt"/>
        <line num="996" count="0" type="cond" truecount="0" falsecount="2"/>
        <line num="997" count="0" type="stmt"/>
        <line num="998" count="0" type="cond" truecount="0" falsecount="2"/>
        <line num="1000" count="0" type="cond" truecount="0" falsecount="2"/>
        <line num="1001" count="0" type="cond" truecount="0" falsecount="2"/>
        <line num="1002" count="0" type="stmt"/>
        <line num="1006" count="0" type="stmt"/>
        <line num="1007" count="0" type="stmt"/>
        <line num="1008" count="0" type="cond" truecount="0" falsecount="2"/>
        <line num="1009" count="0" type="cond" truecount="0" falsecount="4"/>
        <line num="1010" count="0" type="stmt"/>
        <line num="1011" count="0" type="cond" truecount="0" falsecount="2"/>
        <line num="1013" count="0" type="stmt"/>
        <line num="1015" count="0" type="stmt"/>
        <line num="1019" count="3" type="stmt"/>
        <line num="1020" count="0" type="stmt"/>
        <line num="1021" count="0" type="cond" truecount="0" falsecount="2"/>
        <line num="1022" count="0" type="stmt"/>
        <line num="1023" count="0" type="cond" truecount="0" falsecount="2"/>
        <line num="1024" count="0" type="cond" truecount="0" falsecount="2"/>
        <line num="1027" count="3" type="stmt"/>
        <line num="1028" count="0" type="stmt"/>
        <line num="1029" count="0" type="cond" truecount="0" falsecount="4"/>
        <line num="1030" count="0" type="stmt"/>
        <line num="1031" count="0" type="cond" truecount="0" falsecount="2"/>
        <line num="1032" count="0" type="stmt"/>
        <line num="1033" count="0" type="stmt"/>
        <line num="1043" count="0" type="cond" truecount="0" falsecount="2"/>
        <line num="1044" count="0" type="stmt"/>
        <line num="1045" count="0" type="stmt"/>
        <line num="1048" count="3" type="stmt"/>
        <line num="1049" count="0" type="stmt"/>
        <line num="1050" count="0" type="cond" truecount="0" falsecount="4"/>
        <line num="1051" count="0" type="stmt"/>
        <line num="1052" count="0" type="cond" truecount="0" falsecount="2"/>
        <line num="1053" count="0" type="stmt"/>
        <line num="1054" count="0" type="cond" truecount="0" falsecount="4"/>
        <line num="1055" count="0" type="stmt"/>
        <line num="1056" count="0" type="stmt"/>
        <line num="1059" count="3" type="stmt"/>
        <line num="1060" count="0" type="stmt"/>
        <line num="1061" count="0" type="cond" truecount="0" falsecount="4"/>
        <line num="1062" count="0" type="stmt"/>
        <line num="1063" count="0" type="cond" truecount="0" falsecount="2"/>
        <line num="1064" count="0" type="cond" truecount="0" falsecount="2"/>
        <line num="1065" count="0" type="stmt"/>
        <line num="1066" count="0" type="stmt"/>
        <line num="1070" count="3" type="stmt"/>
        <line num="1071" count="0" type="stmt"/>
        <line num="1072" count="0" type="cond" truecount="0" falsecount="4"/>
        <line num="1073" count="0" type="stmt"/>
        <line num="1074" count="0" type="cond" truecount="0" falsecount="2"/>
        <line num="1075" count="0" type="stmt"/>
        <line num="1077" count="0" type="stmt"/>
        <line num="1092" count="0" type="stmt"/>
        <line num="1093" count="0" type="stmt"/>
        <line num="1097" count="3" type="stmt"/>
        <line num="1098" count="0" type="stmt"/>
        <line num="1099" count="0" type="cond" truecount="0" falsecount="4"/>
        <line num="1100" count="0" type="stmt"/>
        <line num="1101" count="0" type="cond" truecount="0" falsecount="2"/>
        <line num="1102" count="0" type="cond" truecount="0" falsecount="4"/>
        <line num="1105" count="0" type="stmt"/>
        <line num="1106" count="0" type="cond" truecount="0" falsecount="2"/>
        <line num="1108" count="0" type="stmt"/>
        <line num="1109" count="0" type="stmt"/>
        <line num="1111" count="0" type="cond" truecount="0" falsecount="2"/>
        <line num="1112" count="0" type="stmt"/>
        <line num="1118" count="0" type="stmt"/>
        <line num="1119" count="0" type="stmt"/>
        <line num="1120" count="0" type="stmt"/>
        <line num="1122" count="0" type="stmt"/>
        <line num="1126" count="3" type="stmt"/>
        <line num="1127" count="0" type="stmt"/>
        <line num="1128" count="0" type="cond" truecount="0" falsecount="4"/>
        <line num="1129" count="0" type="stmt"/>
        <line num="1130" count="0" type="cond" truecount="0" falsecount="2"/>
        <line num="1131" count="0" type="cond" truecount="0" falsecount="4"/>
        <line num="1133" count="0" type="cond" truecount="0" falsecount="2"/>
        <line num="1134" count="0" type="stmt"/>
        <line num="1135" count="0" type="stmt"/>
        <line num="1139" count="3" type="stmt"/>
        <line num="1140" count="0" type="stmt"/>
        <line num="1143" count="3" type="stmt"/>
        <line num="1144" count="0" type="stmt"/>
        <line num="1149" count="3" type="stmt"/>
        <line num="1150" count="0" type="stmt"/>
        <line num="1151" count="0" type="cond" truecount="0" falsecount="2"/>
        <line num="1152" count="0" type="stmt"/>
        <line num="1153" count="0" type="stmt"/>
        <line num="1157" count="0" type="cond" truecount="0" falsecount="4"/>
        <line num="1158" count="0" type="stmt"/>
        <line num="1161" count="3" type="stmt"/>
        <line num="1162" count="0" type="stmt"/>
        <line num="1163" count="0" type="cond" truecount="0" falsecount="4"/>
        <line num="1164" count="0" type="stmt"/>
        <line num="1165" count="0" type="cond" truecount="0" falsecount="2"/>
        <line num="1166" count="0" type="stmt"/>
        <line num="1168" count="0" type="stmt"/>
        <line num="1169" count="0" type="stmt"/>
        <line num="1170" count="0" type="cond" truecount="0" falsecount="2"/>
        <line num="1171" count="0" type="stmt"/>
        <line num="1172" count="0" type="stmt"/>
        <line num="1174" count="0" type="stmt"/>
        <line num="1176" count="0" type="stmt"/>
        <line num="1179" count="3" type="stmt"/>
        <line num="1180" count="0" type="stmt"/>
        <line num="1181" count="0" type="cond" truecount="0" falsecount="2"/>
        <line num="1182" count="0" type="stmt"/>
        <line num="1183" count="0" type="cond" truecount="0" falsecount="2"/>
        <line num="1184" count="0" type="cond" truecount="0" falsecount="2"/>
        <line num="1187" count="3" type="stmt"/>
        <line num="1188" count="0" type="stmt"/>
        <line num="1189" count="0" type="cond" truecount="0" falsecount="4"/>
        <line num="1190" count="0" type="stmt"/>
        <line num="1191" count="0" type="cond" truecount="0" falsecount="2"/>
        <line num="1192" count="0" type="cond" truecount="0" falsecount="4"/>
        <line num="1193" count="0" type="stmt"/>
        <line num="1195" count="0" type="cond" truecount="0" falsecount="2"/>
        <line num="1196" count="0" type="stmt"/>
        <line num="1203" count="0" type="stmt"/>
        <line num="1204" count="0" type="stmt"/>
        <line num="1205" count="0" type="stmt"/>
        <line num="1208" count="3" type="stmt"/>
        <line num="1209" count="0" type="stmt"/>
        <line num="1210" count="0" type="cond" truecount="0" falsecount="4"/>
        <line num="1211" count="0" type="stmt"/>
        <line num="1212" count="0" type="cond" truecount="0" falsecount="2"/>
        <line num="1213" count="0" type="cond" truecount="0" falsecount="4"/>
        <line num="1214" count="0" type="stmt"/>
        <line num="1216" count="0" type="cond" truecount="0" falsecount="2"/>
        <line num="1217" count="0" type="cond" truecount="0" falsecount="4"/>
        <line num="1219" count="0" type="stmt"/>
        <line num="1220" count="0" type="stmt"/>
        <line num="1223" count="3" type="stmt"/>
        <line num="1224" count="0" type="stmt"/>
        <line num="1225" count="0" type="cond" truecount="0" falsecount="4"/>
        <line num="1226" count="0" type="stmt"/>
        <line num="1227" count="0" type="cond" truecount="0" falsecount="2"/>
        <line num="1228" count="0" type="cond" truecount="0" falsecount="4"/>
        <line num="1230" count="0" type="cond" truecount="0" falsecount="2"/>
        <line num="1231" count="0" type="stmt"/>
        <line num="1232" count="0" type="stmt"/>
        <line num="1236" count="3" type="stmt"/>
        <line num="1237" count="1" type="stmt"/>
        <line num="1238" count="1" type="cond" truecount="1" falsecount="1"/>
        <line num="1239" count="0" type="stmt"/>
        <line num="1240" count="0" type="stmt"/>
        <line num="1242" count="0" type="stmt"/>
        <line num="1243" count="0" type="stmt"/>
        <line num="1244" count="0" type="stmt"/>
        <line num="1246" count="0" type="stmt"/>
        <line num="1249" count="3" type="stmt"/>
        <line num="1250" count="0" type="stmt"/>
        <line num="1251" count="0" type="cond" truecount="0" falsecount="4"/>
        <line num="1252" count="0" type="stmt"/>
        <line num="1253" count="0" type="stmt"/>
        <line num="1254" count="0" type="cond" truecount="0" falsecount="2"/>
        <line num="1256" count="0" type="cond" truecount="0" falsecount="2"/>
        <line num="1257" count="0" type="stmt"/>
        <line num="1259" count="0" type="cond" truecount="0" falsecount="2"/>
        <line num="1260" count="0" type="cond" truecount="0" falsecount="4"/>
        <line num="1261" count="0" type="stmt"/>
        <line num="1263" count="0" type="cond" truecount="0" falsecount="4"/>
        <line num="1264" count="0" type="stmt"/>
        <line num="1268" count="0" type="cond" truecount="0" falsecount="2"/>
        <line num="1269" count="0" type="stmt"/>
        <line num="1277" count="0" type="stmt"/>
        <line num="1279" count="0" type="stmt"/>
        <line num="1287" count="0" type="stmt"/>
        <line num="1291" count="3" type="stmt"/>
        <line num="1292" count="0" type="stmt"/>
        <line num="1293" count="0" type="cond" truecount="0" falsecount="4"/>
        <line num="1294" count="0" type="stmt"/>
        <line num="1295" count="0" type="stmt"/>
        <line num="1297" count="0" type="cond" truecount="0" falsecount="2"/>
        <line num="1299" count="0" type="stmt"/>
        <line num="1300" count="0" type="cond" truecount="0" falsecount="2"/>
        <line num="1301" count="0" type="stmt"/>
        <line num="1303" count="0" type="stmt"/>
        <line num="1305" count="0" type="stmt"/>
        <line num="1307" count="0" type="stmt"/>
        <line num="1310" count="3" type="stmt"/>
        <line num="1311" count="0" type="stmt"/>
        <line num="1312" count="0" type="cond" truecount="0" falsecount="2"/>
        <line num="1313" count="0" type="cond" truecount="0" falsecount="4"/>
        <line num="1314" count="0" type="stmt"/>
        <line num="1316" count="0" type="stmt"/>
        <line num="1317" count="0" type="stmt"/>
        <line num="1318" count="0" type="stmt"/>
        <line num="1319" count="0" type="cond" truecount="0" falsecount="4"/>
        <line num="1320" count="0" type="stmt"/>
        <line num="1322" count="0" type="cond" truecount="0" falsecount="2"/>
        <line num="1323" count="0" type="stmt"/>
        <line num="1325" count="0" type="stmt"/>
        <line num="1327" count="0" type="stmt"/>
        <line num="1330" count="3" type="stmt"/>
        <line num="1331" count="0" type="stmt"/>
        <line num="1332" count="0" type="stmt"/>
        <line num="1333" count="0" type="cond" truecount="0" falsecount="2"/>
        <line num="1336" count="0" type="stmt"/>
        <line num="1337" count="0" type="cond" truecount="0" falsecount="5"/>
        <line num="1338" count="0" type="stmt"/>
        <line num="1341" count="0" type="cond" truecount="0" falsecount="2"/>
        <line num="1343" count="0" type="stmt"/>
        <line num="1344" count="0" type="stmt"/>
        <line num="1348" count="3" type="stmt"/>
        <line num="1349" count="3" type="stmt"/>
        <line num="1350" count="3" type="cond" truecount="2" falsecount="0"/>
        <line num="1351" count="1" type="stmt"/>
        <line num="1352" count="1" type="stmt"/>
        <line num="1353" count="1" type="stmt"/>
        <line num="1354" count="1" type="stmt"/>
        <line num="1355" count="1" type="stmt"/>
        <line num="1356" count="1" type="stmt"/>
        <line num="1357" count="1" type="stmt"/>
        <line num="1358" count="1" type="cond" truecount="1" falsecount="1"/>
        <line num="1359" count="1" type="cond" truecount="1" falsecount="1"/>
        <line num="1360" count="1" type="cond" truecount="1" falsecount="1"/>
        <line num="1361" count="0" type="stmt"/>
        <line num="1363" count="1" type="stmt"/>
        <line num="1364" count="1" type="cond" truecount="1" falsecount="1"/>
        <line num="1365" count="1" type="cond" truecount="1" falsecount="1"/>
        <line num="1366" count="1" type="cond" truecount="1" falsecount="1"/>
        <line num="1367" count="0" type="stmt"/>
        <line num="1368" count="0" type="stmt"/>
        <line num="1369" count="0" type="cond" truecount="0" falsecount="5"/>
        <line num="1374" count="1" type="stmt"/>
        <line num="1377" count="3" type="stmt"/>
        <line num="1378" count="4" type="stmt"/>
        <line num="1379" count="4" type="cond" truecount="1" falsecount="1"/>
        <line num="1380" count="0" type="stmt"/>
        <line num="1381" count="0" type="stmt"/>
        <line num="1382" count="0" type="cond" truecount="0" falsecount="4"/>
        <line num="1383" count="0" type="stmt"/>
        <line num="1385" count="0" type="stmt"/>
        <line num="1386" count="0" type="cond" truecount="0" falsecount="2"/>
        <line num="1387" count="0" type="cond" truecount="0" falsecount="2"/>
        <line num="1388" count="0" type="cond" truecount="0" falsecount="2"/>
        <line num="1389" count="0" type="cond" truecount="0" falsecount="2"/>
        <line num="1390" count="0" type="stmt"/>
        <line num="1391" count="0" type="cond" truecount="0" falsecount="2"/>
        <line num="1392" count="0" type="stmt"/>
        <line num="1396" count="3" type="stmt"/>
        <line num="1397" count="0" type="stmt"/>
        <line num="1398" count="0" type="cond" truecount="0" falsecount="2"/>
        <line num="1400" count="0" type="stmt"/>
        <line num="1404" count="0" type="stmt"/>
        <line num="1405" count="0" type="cond" truecount="0" falsecount="2"/>
        <line num="1408" count="0" type="cond" truecount="0" falsecount="2"/>
        <line num="1409" count="0" type="cond" truecount="0" falsecount="2"/>
        <line num="1410" count="0" type="cond" truecount="0" falsecount="2"/>
        <line num="1411" count="0" type="stmt"/>
        <line num="1412" count="0" type="stmt"/>
        <line num="1413" count="0" type="cond" truecount="0" falsecount="2"/>
        <line num="1416" count="0" type="cond" truecount="0" falsecount="7"/>
        <line num="1417" count="0" type="stmt"/>
        <line num="1420" count="0" type="stmt"/>
        <line num="1431" count="0" type="stmt"/>
        <line num="1432" count="0" type="stmt"/>
        <line num="1435" count="0" type="stmt"/>
        <line num="1436" count="0" type="cond" truecount="0" falsecount="2"/>
        <line num="1437" count="0" type="cond" truecount="0" falsecount="2"/>
        <line num="1438" count="0" type="cond" truecount="0" falsecount="2"/>
        <line num="1439" count="0" type="cond" truecount="0" falsecount="4"/>
        <line num="1440" count="0" type="cond" truecount="0" falsecount="4"/>
        <line num="1442" count="0" type="stmt"/>
        <line num="1443" count="0" type="cond" truecount="0" falsecount="2"/>
        <line num="1444" count="0" type="cond" truecount="0" falsecount="2"/>
        <line num="1447" count="0" type="cond" truecount="0" falsecount="8"/>
        <line num="1448" count="0" type="stmt"/>
        <line num="1449" count="0" type="cond" truecount="0" falsecount="4"/>
        <line num="1452" count="0" type="cond" truecount="0" falsecount="5"/>
        <line num="1453" count="0" type="stmt"/>
        <line num="1458" count="3" type="stmt"/>
        <line num="1459" count="0" type="stmt"/>
        <line num="1460" count="0" type="stmt"/>
        <line num="1461" count="0" type="stmt"/>
        <line num="1462" count="0" type="stmt"/>
        <line num="1463" count="0" type="cond" truecount="0" falsecount="2"/>
        <line num="1464" count="0" type="cond" truecount="0" falsecount="2"/>
        <line num="1465" count="0" type="stmt"/>
        <line num="1468" count="3" type="stmt"/>
        <line num="1469" count="0" type="stmt"/>
        <line num="1470" count="0" type="cond" truecount="0" falsecount="2"/>
        <line num="1471" count="0" type="stmt"/>
        <line num="1472" count="0" type="cond" truecount="0" falsecount="5"/>
        <line num="1473" count="0" type="cond" truecount="0" falsecount="2"/>
        <line num="1476" count="0" type="cond" truecount="0" falsecount="2"/>
        <line num="1477" count="0" type="cond" truecount="0" falsecount="2"/>
        <line num="1478" count="0" type="cond" truecount="0" falsecount="2"/>
        <line num="1479" count="0" type="stmt"/>
        <line num="1480" count="0" type="stmt"/>
        <line num="1481" count="0" type="cond" truecount="0" falsecount="2"/>
        <line num="1484" count="0" type="stmt"/>
        <line num="1494" count="0" type="stmt"/>
        <line num="1497" count="3" type="stmt"/>
        <line num="1498" count="0" type="stmt"/>
        <line num="1499" count="0" type="cond" truecount="0" falsecount="2"/>
        <line num="1501" count="0" type="cond" truecount="0" falsecount="2"/>
        <line num="1502" count="0" type="stmt"/>
        <line num="1503" count="0" type="cond" truecount="0" falsecount="4"/>
        <line num="1504" count="0" type="stmt"/>
        <line num="1507" count="0" type="stmt"/>
        <line num="1508" count="0" type="stmt"/>
        <line num="1512" count="3" type="stmt"/>
        <line num="1513" count="1" type="stmt"/>
        <line num="1514" count="1" type="cond" truecount="1" falsecount="1"/>
        <line num="1515" count="0" type="stmt"/>
        <line num="1516" count="0" type="stmt"/>
        <line num="1520" count="3" type="stmt"/>
        <line num="1521" count="0" type="stmt"/>
        <line num="1522" count="0" type="cond" truecount="0" falsecount="2"/>
        <line num="1523" count="0" type="stmt"/>
        <line num="1524" count="0" type="cond" truecount="0" falsecount="2"/>
        <line num="1525" count="0" type="cond" truecount="0" falsecount="2"/>
        <line num="1526" count="0" type="stmt"/>
        <line num="1527" count="0" type="stmt"/>
        <line num="1528" count="0" type="cond" truecount="0" falsecount="5"/>
        <line num="1532" count="0" type="stmt"/>
        <line num="1536" count="3" type="stmt"/>
        <line num="1537" count="0" type="stmt"/>
        <line num="1538" count="0" type="cond" truecount="0" falsecount="2"/>
        <line num="1539" count="0" type="stmt"/>
        <line num="1540" count="0" type="cond" truecount="0" falsecount="4"/>
        <line num="1541" count="0" type="stmt"/>
        <line num="1542" count="0" type="stmt"/>
        <line num="1546" count="3" type="stmt"/>
        <line num="1547" count="0" type="stmt"/>
        <line num="1548" count="0" type="cond" truecount="0" falsecount="2"/>
        <line num="1549" count="0" type="stmt"/>
        <line num="1550" count="0" type="cond" truecount="0" falsecount="2"/>
        <line num="1551" count="0" type="stmt"/>
        <line num="1555" count="3" type="stmt"/>
        <line num="1556" count="0" type="stmt"/>
        <line num="1557" count="0" type="cond" truecount="0" falsecount="2"/>
        <line num="1558" count="0" type="stmt"/>
        <line num="1569" count="3" type="stmt"/>
        <line num="1570" count="0" type="stmt"/>
        <line num="1571" count="0" type="cond" truecount="0" falsecount="2"/>
        <line num="1572" count="0" type="stmt"/>
        <line num="1573" count="0" type="stmt"/>
        <line num="1579" count="0" type="stmt"/>
        <line num="1580" count="0" type="stmt"/>
        <line num="1584" count="3" type="stmt"/>
        <line num="1585" count="0" type="stmt"/>
        <line num="1586" count="0" type="cond" truecount="0" falsecount="4"/>
        <line num="1588" count="0" type="stmt"/>
        <line num="1589" count="0" type="stmt"/>
        <line num="1590" count="0" type="cond" truecount="0" falsecount="2"/>
        <line num="1592" count="0" type="stmt"/>
        <line num="1593" count="0" type="cond" truecount="0" falsecount="2"/>
        <line num="1595" count="0" type="cond" truecount="0" falsecount="2"/>
        <line num="1597" count="0" type="stmt"/>
        <line num="1621" count="0" type="stmt"/>
        <line num="1622" count="0" type="stmt"/>
        <line num="1629" count="3" type="cond" truecount="1" falsecount="1"/>
        <line num="1631" count="3" type="stmt"/>
        <line num="1637" count="3" type="stmt"/>
        <line num="1638" count="0" type="cond" truecount="0" falsecount="2"/>
        <line num="1639" count="0" type="stmt"/>
        <line num="1640" count="0" type="cond" truecount="0" falsecount="2"/>
        <line num="1641" count="0" type="stmt"/>
        <line num="1642" count="0" type="cond" truecount="0" falsecount="2"/>
        <line num="1644" count="0" type="cond" truecount="0" falsecount="2"/>
        <line num="1646" count="0" type="stmt"/>
        <line num="1647" count="0" type="stmt"/>
        <line num="1665" count="0" type="stmt"/>
        <line num="1667" count="0" type="stmt"/>
        <line num="1668" count="0" type="stmt"/>
        <line num="1672" count="3" type="stmt"/>
        <line num="1673" count="0" type="cond" truecount="0" falsecount="2"/>
        <line num="1677" count="3" type="stmt"/>
        <line num="1678" count="0" type="stmt"/>
        <line num="1679" count="0" type="cond" truecount="0" falsecount="4"/>
        <line num="1681" count="0" type="stmt"/>
        <line num="1682" count="0" type="cond" truecount="0" falsecount="4"/>
        <line num="1683" count="0" type="stmt"/>
        <line num="1686" count="0" type="cond" truecount="0" falsecount="2"/>
        <line num="1687" count="0" type="stmt"/>
        <line num="1690" count="0" type="stmt"/>
        <line num="1691" count="0" type="cond" truecount="0" falsecount="2"/>
        <line num="1692" count="0" type="stmt"/>
        <line num="1696" count="0" type="stmt"/>
        <line num="1698" count="0" type="stmt"/>
        <line num="1699" count="0" type="stmt"/>
        <line num="1704" count="3" type="stmt"/>
        <line num="1707" count="0" type="stmt"/>
        <line num="1708" count="0" type="stmt"/>
        <line num="1709" count="0" type="stmt"/>
        <line num="1710" count="0" type="stmt"/>
        <line num="1711" count="0" type="stmt"/>
        <line num="1712" count="0" type="stmt"/>
        <line num="1713" count="0" type="cond" truecount="0" falsecount="4"/>
        <line num="1716" count="0" type="stmt"/>
        <line num="1723" count="3" type="stmt"/>
        <line num="1820" count="3" type="stmt"/>
        <line num="1821" count="0" type="cond" truecount="0" falsecount="3"/>
        <line num="1822" count="0" type="cond" truecount="0" falsecount="2"/>
        <line num="1823" count="0" type="stmt"/>
        <line num="1826" count="0" type="stmt"/>
        <line num="1827" count="0" type="stmt"/>
        <line num="1830" count="0" type="cond" truecount="0" falsecount="6"/>
        <line num="1831" count="0" type="stmt"/>
        <line num="1833" count="0" type="cond" truecount="0" falsecount="2"/>
        <line num="1834" count="0" type="stmt"/>
        <line num="1837" count="0" type="cond" truecount="0" falsecount="2"/>
        <line num="1838" count="0" type="cond" truecount="0" falsecount="2"/>
        <line num="1841" count="0" type="stmt"/>
        <line num="1842" count="0" type="cond" truecount="0" falsecount="2"/>
        <line num="1843" count="0" type="stmt"/>
        <line num="1847" count="0" type="stmt"/>
        <line num="1848" count="0" type="cond" truecount="0" falsecount="2"/>
        <line num="1849" count="0" type="cond" truecount="0" falsecount="2"/>
        <line num="1850" count="0" type="stmt"/>
        <line num="1851" count="0" type="cond" truecount="0" falsecount="2"/>
        <line num="1852" count="0" type="stmt"/>
        <line num="1858" count="0" type="cond" truecount="0" falsecount="2"/>
        <line num="1861" count="0" type="stmt"/>
        <line num="1864" count="0" type="stmt"/>
        <line num="1867" count="0" type="cond" truecount="0" falsecount="2"/>
        <line num="1868" count="0" type="stmt"/>
        <line num="1870" count="0" type="stmt"/>
        <line num="1872" count="0" type="stmt"/>
        <line num="1913" count="0" type="stmt"/>
        <line num="1924" count="0" type="cond" truecount="0" falsecount="2"/>
        <line num="1925" count="0" type="stmt"/>
        <line num="1927" count="0" type="stmt"/>
        <line num="1928" count="0" type="stmt"/>
        <line num="1935" count="0" type="cond" truecount="0" falsecount="2"/>
        <line num="1936" count="0" type="cond" truecount="0" falsecount="2"/>
        <line num="1937" count="0" type="stmt"/>
        <line num="1967" count="0" type="stmt"/>
        <line num="1968" count="0" type="stmt"/>
        <line num="1971" count="0" type="stmt"/>
        <line num="1972" count="0" type="stmt"/>
        <line num="1975" count="0" type="stmt"/>
        <line num="1976" count="0" type="stmt"/>
        <line num="1981" count="3" type="stmt"/>
        <line num="1983" count="0" type="stmt"/>
        <line num="1984" count="0" type="stmt"/>
        <line num="1985" count="0" type="stmt"/>
        <line num="1986" count="0" type="stmt"/>
        <line num="1987" count="0" type="stmt"/>
        <line num="1991" count="0" type="stmt"/>
        <line num="1993" count="0" type="cond" truecount="0" falsecount="4"/>
        <line num="1994" count="0" type="stmt"/>
        <line num="1995" count="0" type="stmt"/>
        <line num="1997" count="0" type="stmt"/>
        <line num="1998" count="0" type="stmt"/>
        <line num="1999" count="0" type="stmt"/>
        <line num="2001" count="0" type="stmt"/>
        <line num="2002" count="0" type="stmt"/>
        <line num="2005" count="0" type="stmt"/>
        <line num="2007" count="0" type="cond" truecount="0" falsecount="2"/>
        <line num="2008" count="0" type="stmt"/>
        <line num="2009" count="0" type="stmt"/>
        <line num="2012" count="0" type="cond" truecount="0" falsecount="4"/>
        <line num="2013" count="0" type="stmt"/>
        <line num="2014" count="0" type="cond" truecount="0" falsecount="2"/>
        <line num="2015" count="0" type="stmt"/>
        <line num="2016" count="0" type="stmt"/>
        <line num="2017" count="0" type="stmt"/>
        <line num="2023" count="0" type="stmt"/>
        <line num="2026" count="0" type="cond" truecount="0" falsecount="2"/>
        <line num="2027" count="0" type="cond" truecount="0" falsecount="2"/>
        <line num="2028" count="0" type="cond" truecount="0" falsecount="5"/>
        <line num="2029" count="0" type="cond" truecount="0" falsecount="2"/>
        <line num="2030" count="0" type="cond" truecount="0" falsecount="2"/>
        <line num="2031" count="0" type="cond" truecount="0" falsecount="2"/>
        <line num="2032" count="0" type="stmt"/>
        <line num="2034" count="0" type="stmt"/>
        <line num="2035" count="0" type="stmt"/>
        <line num="2039" count="0" type="cond" truecount="0" falsecount="4"/>
        <line num="2040" count="0" type="cond" truecount="0" falsecount="2"/>
        <line num="2041" count="0" type="stmt"/>
        <line num="2042" count="0" type="cond" truecount="0" falsecount="4"/>
        <line num="2043" count="0" type="cond" truecount="0" falsecount="2"/>
        <line num="2044" count="0" type="stmt"/>
        <line num="2045" count="0" type="stmt"/>
        <line num="2047" count="0" type="stmt"/>
        <line num="2048" count="0" type="stmt"/>
        <line num="2052" count="0" type="cond" truecount="0" falsecount="2"/>
        <line num="2053" count="0" type="stmt"/>
        <line num="2054" count="0" type="stmt"/>
        <line num="2055" count="0" type="cond" truecount="0" falsecount="2"/>
        <line num="2056" count="0" type="cond" truecount="0" falsecount="2"/>
        <line num="2058" count="0" type="cond" truecount="0" falsecount="2"/>
        <line num="2060" count="0" type="cond" truecount="0" falsecount="2"/>
        <line num="2061" count="0" type="stmt"/>
        <line num="2062" count="0" type="stmt"/>
        <line num="2063" count="0" type="cond" truecount="0" falsecount="2"/>
        <line num="2064" count="0" type="stmt"/>
        <line num="2072" count="0" type="cond" truecount="0" falsecount="2"/>
        <line num="2073" count="0" type="cond" truecount="0" falsecount="2"/>
        <line num="2076" count="0" type="cond" truecount="0" falsecount="2"/>
        <line num="2077" count="0" type="cond" truecount="0" falsecount="2"/>
        <line num="2078" count="0" type="cond" truecount="0" falsecount="2"/>
        <line num="2079" count="0" type="cond" truecount="0" falsecount="4"/>
        <line num="2082" count="0" type="cond" truecount="0" falsecount="2"/>
        <line num="2083" count="0" type="stmt"/>
        <line num="2092" count="0" type="cond" truecount="0" falsecount="2"/>
        <line num="2093" count="0" type="stmt"/>
        <line num="2096" count="0" type="cond" truecount="0" falsecount="4"/>
        <line num="2097" count="0" type="stmt"/>
        <line num="2098" count="0" type="stmt"/>
        <line num="2099" count="0" type="cond" truecount="0" falsecount="2"/>
        <line num="2100" count="0" type="stmt"/>
        <line num="2101" count="0" type="cond" truecount="0" falsecount="2"/>
        <line num="2102" count="0" type="stmt"/>
        <line num="2103" count="0" type="cond" truecount="0" falsecount="2"/>
        <line num="2104" count="0" type="cond" truecount="0" falsecount="2"/>
        <line num="2106" count="0" type="cond" truecount="0" falsecount="2"/>
        <line num="2107" count="0" type="stmt"/>
        <line num="2108" count="0" type="stmt"/>
        <line num="2109" count="0" type="stmt"/>
        <line num="2116" count="0" type="cond" truecount="0" falsecount="4"/>
        <line num="2117" count="0" type="stmt"/>
        <line num="2118" count="0" type="stmt"/>
        <line num="2119" count="0" type="cond" truecount="0" falsecount="2"/>
        <line num="2120" count="0" type="stmt"/>
        <line num="2121" count="0" type="stmt"/>
        <line num="2122" count="0" type="stmt"/>
        <line num="2124" count="0" type="cond" truecount="0" falsecount="4"/>
        <line num="2126" count="0" type="stmt"/>
        <line num="2127" count="0" type="cond" truecount="0" falsecount="2"/>
        <line num="2128" count="0" type="stmt"/>
        <line num="2130" count="0" type="stmt"/>
        <line num="2133" count="0" type="stmt"/>
        <line num="2134" count="0" type="cond" truecount="0" falsecount="4"/>
        <line num="2135" count="0" type="stmt"/>
        <line num="2136" count="0" type="stmt"/>
        <line num="2141" count="0" type="stmt"/>
        <line num="2143" count="0" type="stmt"/>
        <line num="2148" count="0" type="stmt"/>
        <line num="2149" count="0" type="cond" truecount="0" falsecount="4"/>
        <line num="2150" count="0" type="stmt"/>
        <line num="2153" count="0" type="stmt"/>
[...]
        <line num="3014" count="0" type="cond" truecount="0" falsecount="4"/>
        <line num="3015" count="0" type="stmt"/>
        <line num="3016" count="0" type="cond" truecount="0" falsecount="6"/>
        <line num="3018" count="0" type="stmt"/>
        <line num="3025" count="3" type="stmt"/>
        <line num="3026" count="0" type="stmt"/>
        <line num="3027" count="0" type="cond" truecount="0" falsecount="2"/>
        <line num="3028" count="0" type="stmt"/>
        <line num="3029" count="0" type="stmt"/>
        <line num="3035" count="3" type="stmt"/>
        <line num="3036" count="0" type="stmt"/>
        <line num="3037" count="0" type="stmt"/>
        <line num="3038" count="0" type="cond" truecount="0" falsecount="2"/>
        <line num="3039" count="0" type="cond" truecount="0" falsecount="2"/>
        <line num="3040" count="0" type="cond" truecount="0" falsecount="2"/>
        <line num="3041" count="0" type="cond" truecount="0" falsecount="2"/>
        <line num="3043" count="0" type="stmt"/>
        <line num="3044" count="0" type="stmt"/>
        <line num="3051" count="3" type="stmt"/>
        <line num="3052" count="130" type="stmt"/>
        <line num="3053" count="130" type="stmt"/>
        <line num="3054" count="130" type="stmt"/>
        <line num="3057" count="130" type="stmt"/>
        <line num="3060" count="130" type="cond" truecount="2" falsecount="0"/>
        <line num="3061" count="3" type="cond" truecount="1" falsecount="1"/>
        <line num="3062" count="3" type="stmt"/>
        <line num="3063" count="3" type="stmt"/>
        <line num="3067" count="3" type="stmt"/>
        <line num="3068" count="3" type="stmt"/>
        <line num="3069" count="3" type="stmt"/>
        <line num="3073" count="127" type="cond" truecount="2" falsecount="0"/>
        <line num="3075" count="124" type="cond" truecount="1" falsecount="1"/>
        <line num="3076" count="0" type="stmt"/>
        <line num="3080" count="124" type="cond" truecount="3" falsecount="1"/>
        <line num="3081" count="0" type="stmt"/>
        <line num="3082" count="0" type="cond" truecount="0" falsecount="4"/>
        <line num="3083" count="0" type="stmt"/>
        <line num="3089" count="124" type="stmt"/>
        <line num="3090" count="158" type="cond" truecount="4" falsecount="0"/>
        <line num="3091" count="15" type="stmt"/>
        <line num="3092" count="15" type="cond" truecount="2" falsecount="0"/>
        <line num="3093" count="5" type="stmt"/>
        <line num="3097" count="5103" type="cond" truecount="2" falsecount="0"/>
        <line num="3098" count="119" type="cond" truecount="2" falsecount="0"/>
        <line num="3099" count="118" type="cond" truecount="2" falsecount="0"/>
        <line num="3100" count="118" type="stmt"/>
        <line num="3102" count="0" type="cond" truecount="0" falsecount="2"/>
        <line num="3103" count="0" type="stmt"/>
        <line num="3104" count="0" type="stmt"/>
        <line num="3105" count="0" type="stmt"/>
        <line num="3107" count="0" type="stmt"/>
        <line num="3108" count="0" type="stmt"/>
        <line num="3109" count="0" type="stmt"/>
        <line num="3110" count="0" type="stmt"/>
        <line num="3113" count="1" type="stmt"/>
        <line num="3114" count="1" type="stmt"/>
        <line num="3115" count="1" type="stmt"/>
        <line num="3117" count="119" type="stmt"/>
        <line num="3121" count="3" type="cond" truecount="2" falsecount="0"/>
        <line num="3122" count="1" type="stmt"/>
        <line num="3123" count="1" type="stmt"/>
        <line num="3124" count="1" type="cond" truecount="3" falsecount="1"/>
        <line num="3125" count="1" type="stmt"/>
        <line num="3127" count="0" type="cond" truecount="0" falsecount="2"/>
        <line num="3128" count="0" type="stmt"/>
        <line num="3129" count="0" type="stmt"/>
        <line num="3130" count="0" type="cond" truecount="0" falsecount="2"/>
        <line num="3131" count="0" type="stmt"/>
        <line num="3132" count="0" type="stmt"/>
        <line num="3134" count="0" type="stmt"/>
        <line num="3135" count="0" type="stmt"/>
        <line num="3137" count="0" type="stmt"/>
        <line num="3141" count="2" type="stmt"/>
        <line num="3143" count="2" type="stmt"/>
        <line num="3145" count="2" type="cond" truecount="1" falsecount="1"/>
        <line num="3146" count="0" type="cond" truecount="0" falsecount="4"/>
        <line num="3147" count="0" type="stmt"/>
        <line num="3148" count="0" type="cond" truecount="0" falsecount="2"/>
        <line num="3149" count="0" type="stmt"/>
        <line num="3152" count="2" type="cond" truecount="1" falsecount="1"/>
        <line num="3153" count="0" type="cond" truecount="0" falsecount="4"/>
        <line num="3154" count="0" type="stmt"/>
        <line num="3155" count="0" type="cond" truecount="0" falsecount="2"/>
        <line num="3156" count="0" type="stmt"/>
        <line num="3159" count="2" type="cond" truecount="1" falsecount="1"/>
        <line num="3160" count="0" type="cond" truecount="0" falsecount="2"/>
        <line num="3161" count="0" type="stmt"/>
        <line num="3162" count="0" type="stmt"/>
        <line num="3163" count="0" type="stmt"/>
        <line num="3164" count="0" type="stmt"/>
        <line num="3166" count="2" type="cond" truecount="1" falsecount="1"/>
        <line num="3167" count="0" type="cond" truecount="0" falsecount="2"/>
        <line num="3168" count="0" type="stmt"/>
        <line num="3169" count="0" type="cond" truecount="0" falsecount="2"/>
        <line num="3171" count="0" type="stmt"/>
        <line num="3172" count="0" type="cond" truecount="0" falsecount="2"/>
        <line num="3174" count="0" type="stmt"/>
        <line num="3175" count="0" type="cond" truecount="0" falsecount="3"/>
        <line num="3177" count="0" type="cond" truecount="0" falsecount="5"/>
        <line num="3178" count="0" type="stmt"/>
        <line num="3179" count="0" type="stmt"/>
        <line num="3181" count="0" type="stmt"/>
        <line num="3182" count="0" type="cond" truecount="0" falsecount="2"/>
        <line num="3183" count="0" type="cond" truecount="0" falsecount="2"/>
        <line num="3185" count="0" type="cond" truecount="0" falsecount="2"/>
        <line num="3192" count="0" type="stmt"/>
        <line num="3193" count="0" type="cond" truecount="0" falsecount="2"/>
        <line num="3194" count="0" type="cond" truecount="0" falsecount="2"/>
        <line num="3196" count="0" type="stmt"/>
        <line num="3248" count="0" type="stmt"/>
        <line num="3249" count="0" type="stmt"/>
        <line num="3251" count="2" type="cond" truecount="1" falsecount="1"/>
        <line num="3252" count="0" type="stmt"/>
        <line num="3253" count="0" type="cond" truecount="0" falsecount="2"/>
        <line num="3254" count="0" type="cond" truecount="0" falsecount="2"/>
        <line num="3255" count="0" type="stmt"/>
        <line num="3256" count="0" type="cond" truecount="0" falsecount="2"/>
        <line num="3257" count="0" type="stmt"/>
        <line num="3258" count="0" type="stmt"/>
        <line num="3259" count="0" type="stmt"/>
        <line num="3260" count="0" type="stmt"/>
        <line num="3262" count="0" type="stmt"/>
        <line num="3264" count="2" type="cond" truecount="1" falsecount="1"/>
        <line num="3265" count="0" type="stmt"/>
        <line num="3266" count="0" type="cond" truecount="0" falsecount="2"/>
        <line num="3267" count="0" type="cond" truecount="0" falsecount="2"/>
        <line num="3268" count="0" type="stmt"/>
        <line num="3269" count="0" type="cond" truecount="0" falsecount="2"/>
        <line num="3270" count="0" type="stmt"/>
        <line num="3272" count="0" type="stmt"/>
        <line num="3275" count="0" type="stmt"/>
        <line num="3279" count="2" type="cond" truecount="1" falsecount="1"/>
        <line num="3280" count="0" type="stmt"/>
        <line num="3282" count="2" type="cond" truecount="2" falsecount="2"/>
        <line num="3283" count="0" type="stmt"/>
        <line num="3285" count="2" type="cond" truecount="1" falsecount="1"/>
        <line num="3286" count="0" type="stmt"/>
        <line num="3287" count="0" type="stmt"/>
        <line num="3288" count="0" type="cond" truecount="0" falsecount="2"/>
        <line num="3289" count="0" type="stmt"/>
        <line num="3293" count="2" type="cond" truecount="1" falsecount="1"/>
        <line num="3294" count="0" type="stmt"/>
        <line num="3295" count="0" type="stmt"/>
        <line num="3298" count="2" type="cond" truecount="1" falsecount="1"/>
        <line num="3301" count="2" type="stmt"/>
        <line num="3302" count="2" type="cond" truecount="2" falsecount="0"/>
        <line num="3304" count="2" type="stmt"/>
        <line num="3305" count="2" type="cond" truecount="1" falsecount="1"/>
        <line num="3306" count="2" type="stmt"/>
        <line num="3307" count="2" type="stmt"/>
        <line num="3308" count="2" type="cond" truecount="1" falsecount="1"/>
        <line num="3310" count="2" type="stmt"/>
        <line num="3312" count="0" type="cond" truecount="0" falsecount="4"/>
        <line num="3313" count="0" type="stmt"/>
        <line num="3314" count="0" type="stmt"/>
        <line num="3315" count="0" type="stmt"/>
        <line num="3318" count="0" type="stmt"/>
        <line num="3319" count="0" type="cond" truecount="0" falsecount="2"/>
        <line num="3320" count="0" type="cond" truecount="0" falsecount="2"/>
        <line num="3321" count="0" type="cond" truecount="0" falsecount="4"/>
        <line num="3322" count="0" type="cond" truecount="0" falsecount="2"/>
        <line num="3323" count="0" type="stmt"/>
        <line num="3324" count="0" type="stmt"/>
        <line num="3325" count="0" type="cond" truecount="0" falsecount="2"/>
        <line num="3326" count="0" type="stmt"/>
        <line num="3327" count="0" type="cond" truecount="0" falsecount="2"/>
        <line num="3329" count="0" type="stmt"/>
        <line num="3350" count="0" type="stmt"/>
        <line num="3351" count="0" type="stmt"/>
        <line num="3352" count="0" type="stmt"/>
        <line num="3354" count="0" type="cond" truecount="0" falsecount="2"/>
        <line num="3355" count="0" type="stmt"/>
        <line num="3357" count="0" type="stmt"/>
        <line num="3360" count="0" type="stmt"/>
        <line num="3362" count="0" type="stmt"/>
        <line num="3363" count="0" type="stmt"/>
        <line num="3364" count="0" type="stmt"/>
        <line num="3366" count="0" type="stmt"/>
        <line num="3367" count="0" type="stmt"/>
        <line num="3368" count="0" type="stmt"/>
        <line num="3371" count="0" type="stmt"/>
        <line num="3372" count="0" type="stmt"/>
        <line num="3383" count="0" type="stmt"/>
        <line num="3384" count="0" type="stmt"/>
        <line num="3385" count="0" type="stmt"/>
        <line num="3387" count="0" type="stmt"/>
        <line num="3388" count="0" type="stmt"/>
        <line num="3391" count="0" type="stmt"/>
        <line num="3392" count="0" type="stmt"/>
        <line num="3393" count="0" type="stmt"/>
        <line num="3394" count="0" type="stmt"/>
        <line num="3395" count="0" type="stmt"/>
        <line num="3396" count="0" type="stmt"/>
        <line num="3397" count="0" type="stmt"/>
        <line num="3398" count="0" type="stmt"/>
        <line num="3399" count="0" type="stmt"/>
        <line num="3400" count="0" type="stmt"/>
        <line num="3401" count="0" type="stmt"/>
        <line num="3402" count="0" type="stmt"/>
        <line num="3403" count="0" type="stmt"/>
        <line num="3408" count="3" type="cond" truecount="1" falsecount="1"/>
        <line num="3409" count="3" type="stmt"/>
        <line num="3411" count="0" type="stmt"/>
      </file>
      <file name="sms.js" path="C:\Users\fabio\CascadeProjects\barber-salon\.worktrees\production-launch\sms.js">
        <metrics statements="48" coveredstatements="4" conditionals="40" coveredconditionals="2" methods="7" coveredmethods="0"/>
        <line num="6" count="3" type="stmt"/>
        <line num="9" count="0" type="cond" truecount="0" falsecount="2"/>
        <line num="10" count="0" type="cond" truecount="0" falsecount="4"/>
        <line num="11" count="0" type="stmt"/>
        <line num="12" count="0" type="stmt"/>
        <line num="13" count="0" type="stmt"/>
        <line num="15" count="0" type="stmt"/>
        <line num="18" count="3" type="cond" truecount="2" falsecount="0"/>
        <line num="21" count="3" type="stmt"/>
        <line num="29" count="0" type="stmt"/>
        <line num="30" count="0" type="cond" truecount="0" falsecount="2"/>
        <line num="31" count="0" type="stmt"/>
        <line num="32" count="0" type="stmt"/>
        <line num="34" count="0" type="cond" truecount="0" falsecount="2"/>
        <line num="35" count="0" type="stmt"/>
        <line num="36" count="0" type="stmt"/>
        <line num="40" count="0" type="stmt"/>
        <line num="41" count="0" type="cond" truecount="0" falsecount="2"/>
        <line num="42" count="0" type="cond" truecount="0" falsecount="2"/>
        <line num="43" count="0" type="cond" truecount="0" falsecount="2"/>
        <line num="45" count="0" type="stmt"/>
        <line num="46" count="0" type="stmt"/>
        <line num="47" count="0" type="stmt"/>
        <line num="48" count="0" type="stmt"/>
        <line num="50" count="0" type="stmt"/>
        <line num="51" count="0" type="stmt"/>
        <line num="57" count="0" type="stmt"/>
        <line num="58" count="0" type="stmt"/>
        <line num="59" count="0" type="stmt"/>
        <line num="60" count="0" type="stmt"/>
        <line num="61" count="0" type="stmt"/>
        <line num="62" count="0" type="stmt"/>
        <line num="67" count="0" type="cond" truecount="0" falsecount="2"/>
        <line num="68" count="0" type="cond" truecount="0" falsecount="2"/>
        <line num="70" count="0" type="stmt"/>
        <line num="75" count="0" type="stmt"/>
        <line num="80" count="0" type="cond" truecount="0" falsecount="2"/>
        <line num="81" count="0" type="cond" truecount="0" falsecount="2"/>
        <line num="83" count="0" type="stmt"/>
        <line num="87" count="0" type="stmt"/>
        <line num="92" count="0" type="cond" truecount="0" falsecount="2"/>
        <line num="93" count="0" type="cond" truecount="0" falsecount="2"/>
        <line num="95" count="0" type="stmt"/>
        <line num="98" count="0" type="stmt"/>
        <line num="103" count="0" type="cond" truecount="0" falsecount="2"/>
        <line num="105" count="0" type="cond" truecount="0" falsecount="2"/>
        <line num="109" count="0" type="stmt"/>
        <line num="112" count="3" type="stmt"/>
      </file>
    </package>
    <package name="production-launch.lib">
      <metrics statements="74" coveredstatements="49" conditionals="80" coveredconditionals="56" methods="17" coveredmethods="11"/>
      <file name="security.js" path="C:\Users\fabio\CascadeProjects\barber-salon\.worktrees\production-launch\lib\security.js">
        <metrics statements="26" coveredstatements="7" conditionals="16" coveredconditionals="4" methods="7" coveredmethods="2"/>
        <line num="9" count="18" type="cond" truecount="2" falsecount="0"/>
        <line num="15" count="127" type="stmt"/>
        <line num="16" count="127" type="stmt"/>
        <line num="27" count="3" type="stmt"/>
        <line num="40" count="0" type="stmt"/>
        <line num="41" count="0" type="stmt"/>
        <line num="48" count="3" type="stmt"/>
        <line num="59" count="0" type="stmt"/>
        <line num="60" count="0" type="stmt"/>
        <line num="61" count="0" type="stmt"/>
        <line num="63" count="0" type="cond" truecount="0" falsecount="4"/>
        <line num="64" count="0" type="stmt"/>
        <line num="67" count="0" type="stmt"/>
        <line num="68" count="0" type="stmt"/>
        <line num="70" count="0" type="stmt"/>
        <line num="77" count="0" type="stmt"/>
        <line num="78" count="0" type="stmt"/>
        <line num="79" count="0" type="stmt"/>
        <line num="80" count="0" type="cond" truecount="0" falsecount="2"/>
        <line num="81" count="0" type="stmt"/>
        <line num="82" count="0" type="stmt"/>
        <line num="85" count="0" type="cond" truecount="0" falsecount="2"/>
        <line num="86" count="0" type="stmt"/>
        <line num="94" count="0" type="cond" truecount="0" falsecount="4"/>
        <line num="101" count="3" type="stmt"/>
        <line num="103" count="3" type="stmt"/>
      </file>
      <file name="validation.js" path="C:\Users\fabio\CascadeProjects\barber-salon\.worktrees\production-launch\lib\validation.js">
        <metrics statements="48" coveredstatements="42" conditionals="64" coveredconditionals="52" methods="10" coveredmethods="9"/>
        <line num="5" count="1" type="stmt"/>
        <line num="6" count="1" type="stmt"/>
        <line num="7" count="1" type="stmt"/>
        <line num="10" count="3" type="cond" truecount="4" falsecount="0"/>
        <line num="11" count="2" type="cond" truecount="2" falsecount="0"/>
        <line num="12" count="1" type="stmt"/>
        <line num="16" count="3" type="cond" truecount="4" falsecount="0"/>
        <line num="17" count="2" type="cond" truecount="2" falsecount="0"/>
        <line num="18" count="1" type="stmt"/>
        <line num="22" count="3" type="cond" truecount="3" falsecount="1"/>
        <line num="23" count="3" type="cond" truecount="2" falsecount="0"/>
        <line num="24" count="2" type="cond" truecount="2" falsecount="0"/>
        <line num="25" count="1" type="stmt"/>
        <line num="29" count="3" type="cond" truecount="3" falsecount="1"/>
        <line num="31" count="3" type="stmt"/>
        <line num="32" count="3" type="cond" truecount="2" falsecount="0"/>
        <line num="33" count="2" type="stmt"/>
        <line num="37" count="7" type="cond" truecount="3" falsecount="1"/>
        <line num="38" count="7" type="cond" truecount="2" falsecount="0"/>
        <line num="39" count="6" type="stmt"/>
        <line num="40" count="6" type="stmt"/>
        <line num="41" count="6" type="stmt"/>
        <line num="43" count="0" type="stmt"/>
        <line num="48" count="0" type="cond" truecount="0" falsecount="4"/>
        <line num="49" count="0" type="cond" truecount="0" falsecount="2"/>
        <line num="50" count="0" type="cond" truecount="0" falsecount="2"/>
        <line num="51" count="0" type="stmt"/>
        <line num="55" count="3" type="stmt"/>
        <line num="56" count="3" type="cond" truecount="5" falsecount="0"/>
        <line num="57" count="1" type="stmt"/>
        <line num="61" count="3" type="stmt"/>
        <line num="62" count="3" type="cond" truecount="5" falsecount="0"/>
        <line num="63" count="1" type="stmt"/>
        <line num="67" count="4" type="cond" truecount="1" falsecount="1"/>
        <line num="70" count="4" type="stmt"/>
        <line num="71" count="4" type="stmt"/>
        <line num="72" count="4" type="stmt"/>
        <line num="74" count="4" type="cond" truecount="4" falsecount="0"/>
        <line num="75" count="1" type="stmt"/>
        <line num="78" count="3" type="cond" truecount="2" falsecount="0"/>
        <line num="79" count="1" type="stmt"/>
        <line num="82" count="2" type="cond" truecount="2" falsecount="0"/>
        <line num="83" count="1" type="stmt"/>
        <line num="86" count="1" type="stmt"/>
        <line num="88" count="0" type="stmt"/>
        <line num="93" count="3" type="cond" truecount="4" falsecount="0"/>
        <line num="94" count="1" type="stmt"/>
        <line num="97" count="1" type="stmt"/>
      </file>
    </package>
  </project>
</coverage>
