{"C:\\Users\\fabio\\CascadeProjects\\barber-salon\\.worktrees\\production-launch\\db.js": {"path":"C:\\Users\\fabio\\CascadeProjects\\barber-salon\\.worktrees\\production-launch\\db.js","statementMap":{"0":{"start":{"line":5,"column":34},"end":{"line":5,"column":52}},"1":{"start":{"line":6,"column":15},"end":{"line":6,"column":32}},"2":{"start":{"line":7,"column":15},"end":{"line":7,"column":34}},"3":{"start":{"line":10,"column":0},"end":{"line":17,"column":1}},"4":{"start":{"line":11,"column":4},"end":{"line":14,"column":5}},"5":{"start":{"line":12,"column":8},"end":{"line":12,"column":102}},"6":{"start":{"line":13,"column":8},"end":{"line":13,"column":24}},"7":{"start":{"line":15,"column":4},"end":{"line":15,"column":100}},"8":{"start":{"line":16,"column":4},"end":{"line":16,"column":20}},"9":{"start":{"line":18,"column":18},"end":{"line":18,"column":41}},"10":{"start":{"line":19,"column":16},"end":{"line":19,"column":26}},"11":{"start":{"line":25,"column":4},"end":{"line":25,"column":38}},"12":{"start":{"line":25,"column":20},"end":{"line":25,"column":38}},"13":{"start":{"line":27,"column":4},"end":{"line":27,"column":53}},"14":{"start":{"line":28,"column":4},"end":{"line":28,"column":84}},"15":{"start":{"line":30,"column":4},"end":{"line":58,"column":5}},"16":{"start":{"line":31,"column":8},"end":{"line":34,"column":11}},"17":{"start":{"line":35,"column":8},"end":{"line":35,"column":31}},"18":{"start":{"line":36,"column":8},"end":{"line":36,"column":40}},"19":{"start":{"line":39,"column":8},"end":{"line":39,"column":46}},"20":{"start":{"line":40,"column":8},"end":{"line":40,"column":73}},"21":{"start":{"line":43,"column":8},"end":{"line":43,"column":72}},"22":{"start":{"line":44,"column":8},"end":{"line":44,"column":72}},"23":{"start":{"line":45,"column":8},"end":{"line":45,"column":75}},"24":{"start":{"line":46,"column":8},"end":{"line":46,"column":75}},"25":{"start":{"line":47,"column":8},"end":{"line":47,"column":89}},"26":{"start":{"line":48,"column":8},"end":{"line":48,"column":100}},"27":{"start":{"line":49,"column":8},"end":{"line":49,"column":73}},"28":{"start":{"line":50,"column":8},"end":{"line":50,"column":84}},"29":{"start":{"line":51,"column":8},"end":{"line":51,"column":42}},"30":{"start":{"line":53,"column":8},"end":{"line":53,"column":26}},"31":{"start":{"line":55,"column":8},"end":{"line":55,"column":67}},"32":{"start":{"line":56,"column":8},"end":{"line":56,"column":115}},"33":{"start":{"line":57,"column":8},"end":{"line":57,"column":18}},"34":{"start":{"line":62,"column":4},"end":{"line":62,"column":88}},"35":{"start":{"line":62,"column":21},"end":{"line":62,"column":88}},"36":{"start":{"line":63,"column":4},"end":{"line":63,"column":22}},"37":{"start":{"line":66,"column":19},"end":{"line":66,"column":65}},"38":{"start":{"line":70,"column":4},"end":{"line":70,"column":26}},"39":{"start":{"line":70,"column":14},"end":{"line":70,"column":26}},"40":{"start":{"line":71,"column":4},"end":{"line":71,"column":77}},"41":{"start":{"line":71,"column":48},"end":{"line":71,"column":77}},"42":{"start":{"line":72,"column":4},"end":{"line":72,"column":15}},"43":{"start":{"line":77,"column":15},"end":{"line":77,"column":22}},"44":{"start":{"line":78,"column":23},"end":{"line":78,"column":69}},"45":{"start":{"line":79,"column":4},"end":{"line":79,"column":31}},"46":{"start":{"line":79,"column":24},"end":{"line":79,"column":31}},"47":{"start":{"line":81,"column":4},"end":{"line":81,"column":46}},"48":{"start":{"line":82,"column":20},"end":{"line":82,"column":27}},"49":{"start":{"line":83,"column":20},"end":{"line":83,"column":27}},"50":{"start":{"line":84,"column":19},"end":{"line":84,"column":26}},"51":{"start":{"line":85,"column":19},"end":{"line":85,"column":26}},"52":{"start":{"line":86,"column":27},"end":{"line":86,"column":60}},"53":{"start":{"line":88,"column":4},"end":{"line":126,"column":7}},"54":{"start":{"line":128,"column":4},"end":{"line":136,"column":7}},"55":{"start":{"line":138,"column":4},"end":{"line":141,"column":7}},"56":{"start":{"line":143,"column":4},"end":{"line":143,"column":40}},"57":{"start":{"line":148,"column":11},"end":{"line":368,"column":1}},"58":{"start":{"line":155,"column":8},"end":{"line":155,"column":74}},"59":{"start":{"line":158,"column":8},"end":{"line":158,"column":71}},"60":{"start":{"line":161,"column":8},"end":{"line":161,"column":68}},"61":{"start":{"line":164,"column":22},"end":{"line":164,"column":84}},"62":{"start":{"line":165,"column":8},"end":{"line":165,"column":60}},"63":{"start":{"line":166,"column":8},"end":{"line":166,"column":21}},"64":{"start":{"line":169,"column":8},"end":{"line":169,"column":85}},"65":{"start":{"line":170,"column":8},"end":{"line":170,"column":71}},"66":{"start":{"line":173,"column":8},"end":{"line":173,"column":66}},"67":{"start":{"line":174,"column":8},"end":{"line":174,"column":69}},"68":{"start":{"line":175,"column":8},"end":{"line":175,"column":72}},"69":{"start":{"line":176,"column":8},"end":{"line":176,"column":70}},"70":{"start":{"line":177,"column":8},"end":{"line":177,"column":71}},"71":{"start":{"line":182,"column":8},"end":{"line":182,"column":72}},"72":{"start":{"line":185,"column":8},"end":{"line":185,"column":90}},"73":{"start":{"line":188,"column":8},"end":{"line":188,"column":78}},"74":{"start":{"line":191,"column":8},"end":{"line":191,"column":71}},"75":{"start":{"line":194,"column":20},"end":{"line":194,"column":56}},"76":{"start":{"line":195,"column":22},"end":{"line":195,"column":95}},"77":{"start":{"line":196,"column":8},"end":{"line":196,"column":60}},"78":{"start":{"line":197,"column":8},"end":{"line":197,"column":21}},"79":{"start":{"line":200,"column":8},"end":{"line":200,"column":56}},"80":{"start":{"line":203,"column":18},"end":{"line":203,"column":30}},"81":{"start":{"line":204,"column":8},"end":{"line":204,"column":26}},"82":{"start":{"line":205,"column":8},"end":{"line":205,"column":17}},"83":{"start":{"line":208,"column":8},"end":{"line":208,"column":66}},"84":{"start":{"line":211,"column":8},"end":{"line":213,"column":9}},"85":{"start":{"line":212,"column":12},"end":{"line":212,"column":71}},"86":{"start":{"line":214,"column":8},"end":{"line":214,"column":85}},"87":{"start":{"line":215,"column":8},"end":{"line":215,"column":71}},"88":{"start":{"line":220,"column":8},"end":{"line":220,"column":75}},"89":{"start":{"line":223,"column":8},"end":{"line":223,"column":93}},"90":{"start":{"line":226,"column":8},"end":{"line":226,"column":74}},"91":{"start":{"line":229,"column":18},"end":{"line":229,"column":22}},"92":{"start":{"line":230,"column":8},"end":{"line":232,"column":9}},"93":{"start":{"line":231,"column":12},"end":{"line":231,"column":55}},"94":{"start":{"line":234,"column":27},"end":{"line":241,"column":9}},"95":{"start":{"line":242,"column":8},"end":{"line":247,"column":24}},"96":{"start":{"line":243,"column":26},"end":{"line":243,"column":89}},"97":{"start":{"line":244,"column":12},"end":{"line":246,"column":13}},"98":{"start":{"line":245,"column":16},"end":{"line":245,"column":43}},"99":{"start":{"line":249,"column":20},"end":{"line":256,"column":9}},"100":{"start":{"line":257,"column":8},"end":{"line":257,"column":61}},"101":{"start":{"line":258,"column":8},"end":{"line":258,"column":19}},"102":{"start":{"line":261,"column":8},"end":{"line":263,"column":9}},"103":{"start":{"line":262,"column":12},"end":{"line":262,"column":71}},"104":{"start":{"line":264,"column":8},"end":{"line":264,"column":88}},"105":{"start":{"line":265,"column":8},"end":{"line":265,"column":74}},"106":{"start":{"line":268,"column":8},"end":{"line":268,"column":40}},"107":{"start":{"line":268,"column":27},"end":{"line":268,"column":40}},"108":{"start":{"line":269,"column":8},"end":{"line":269,"column":54}},"109":{"start":{"line":272,"column":18},"end":{"line":272,"column":28}},"110":{"start":{"line":273,"column":8},"end":{"line":273,"column":26}},"111":{"start":{"line":274,"column":8},"end":{"line":274,"column":17}},"112":{"start":{"line":277,"column":8},"end":{"line":277,"column":69}},"113":{"start":{"line":282,"column":8},"end":{"line":282,"column":73}},"114":{"start":{"line":285,"column":20},"end":{"line":285,"column":49}},"115":{"start":{"line":288,"column":27},"end":{"line":288,"column":29}},"116":{"start":{"line":289,"column":8},"end":{"line":289,"column":63}},"117":{"start":{"line":289,"column":24},"end":{"line":289,"column":63}},"118":{"start":{"line":290,"column":8},"end":{"line":290,"column":63}},"119":{"start":{"line":290,"column":24},"end":{"line":290,"column":63}},"120":{"start":{"line":292,"column":21},"end":{"line":292,"column":25}},"121":{"start":{"line":293,"column":8},"end":{"line":295,"column":9}},"122":{"start":{"line":294,"column":12},"end":{"line":294,"column":76}},"123":{"start":{"line":297,"column":8},"end":{"line":300,"column":9}},"124":{"start":{"line":298,"column":12},"end":{"line":298,"column":154}},"125":{"start":{"line":299,"column":12},"end":{"line":299,"column":40}},"126":{"start":{"line":302,"column":8},"end":{"line":305,"column":11}},"127":{"start":{"line":307,"column":8},"end":{"line":307,"column":54}},"128":{"start":{"line":310,"column":8},"end":{"line":310,"column":72}},"129":{"start":{"line":313,"column":8},"end":{"line":313,"column":86}},"130":{"start":{"line":314,"column":8},"end":{"line":314,"column":72}},"131":{"start":{"line":317,"column":8},"end":{"line":317,"column":73}},"132":{"start":{"line":322,"column":8},"end":{"line":322,"column":103}},"133":{"start":{"line":325,"column":8},"end":{"line":325,"column":73}},"134":{"start":{"line":328,"column":24},"end":{"line":328,"column":86}},"135":{"start":{"line":329,"column":8},"end":{"line":329,"column":64}},"136":{"start":{"line":330,"column":8},"end":{"line":330,"column":23}},"137":{"start":{"line":333,"column":8},"end":{"line":333,"column":87}},"138":{"start":{"line":334,"column":8},"end":{"line":334,"column":73}},"139":{"start":{"line":337,"column":8},"end":{"line":337,"column":74}},"140":{"start":{"line":342,"column":20},"end":{"line":342,"column":85}},"141":{"start":{"line":343,"column":8},"end":{"line":343,"column":61}},"142":{"start":{"line":346,"column":8},"end":{"line":346,"column":118}},"143":{"start":{"line":351,"column":8},"end":{"line":351,"column":104}},"144":{"start":{"line":354,"column":22},"end":{"line":354,"column":84}},"145":{"start":{"line":355,"column":8},"end":{"line":355,"column":60}},"146":{"start":{"line":356,"column":8},"end":{"line":356,"column":21}},"147":{"start":{"line":359,"column":8},"end":{"line":359,"column":66}},"148":{"start":{"line":363,"column":26},"end":{"line":363,"column":85}},"149":{"start":{"line":364,"column":26},"end":{"line":364,"column":85}},"150":{"start":{"line":365,"column":39},"end":{"line":365,"column":106}},"151":{"start":{"line":366,"column":31},"end":{"line":366,"column":92}},"152":{"start":{"line":367,"column":30},"end":{"line":367,"column":90}},"153":{"start":{"line":370,"column":0},"end":{"line":370,"column":20}}},"fnMap":{"0":{"name":"connectDB","decl":{"start":{"line":24,"column":15},"end":{"line":24,"column":24}},"loc":{"start":{"line":24,"column":27},"end":{"line":59,"column":1}},"line":24},"1":{"name":"getDB","decl":{"start":{"line":61,"column":9},"end":{"line":61,"column":14}},"loc":{"start":{"line":61,"column":17},"end":{"line":64,"column":1}},"line":61},"2":{"name":"genId","decl":{"start":{"line":66,"column":9},"end":{"line":66,"column":14}},"loc":{"start":{"line":66,"column":17},"end":{"line":66,"column":67}},"line":66},"3":{"name":"withStringId","decl":{"start":{"line":69,"column":9},"end":{"line":69,"column":21}},"loc":{"start":{"line":69,"column":27},"end":{"line":73,"column":1}},"line":69},"4":{"name":"seedIfEmpty","decl":{"start":{"line":76,"column":15},"end":{"line":76,"column":26}},"loc":{"start":{"line":76,"column":29},"end":{"line":144,"column":1}},"line":76},"5":{"name":"(anonymous_5)","decl":{"start":{"line":154,"column":4},"end":{"line":154,"column":5}},"loc":{"start":{"line":154,"column":33},"end":{"line":156,"column":5}},"line":154},"6":{"name":"(anonymous_6)","decl":{"start":{"line":157,"column":4},"end":{"line":157,"column":5}},"loc":{"start":{"line":157,"column":28},"end":{"line":159,"column":5}},"line":157},"7":{"name":"(anonymous_7)","decl":{"start":{"line":160,"column":4},"end":{"line":160,"column":5}},"loc":{"start":{"line":160,"column":32},"end":{"line":162,"column":5}},"line":160},"8":{"name":"(anonymous_8)","decl":{"start":{"line":163,"column":4},"end":{"line":163,"column":5}},"loc":{"start":{"line":163,"column":28},"end":{"line":167,"column":5}},"line":163},"9":{"name":"(anonymous_9)","decl":{"start":{"line":168,"column":4},"end":{"line":168,"column":5}},"loc":{"start":{"line":168,"column":35},"end":{"line":171,"column":5}},"line":168},"10":{"name":"(anonymous_10)","decl":{"start":{"line":172,"column":4},"end":{"line":172,"column":5}},"loc":{"start":{"line":172,"column":26},"end":{"line":178,"column":5}},"line":172},"11":{"name":"(anonymous_11)","decl":{"start":{"line":181,"column":4},"end":{"line":181,"column":5}},"loc":{"start":{"line":181,"column":33},"end":{"line":183,"column":5}},"line":181},"12":{"name":"(anonymous_12)","decl":{"start":{"line":184,"column":4},"end":{"line":184,"column":5}},"loc":{"start":{"line":184,"column":34},"end":{"line":186,"column":5}},"line":184},"13":{"name":"(anonymous_13)","decl":{"start":{"line":187,"column":4},"end":{"line":187,"column":5}},"loc":{"start":{"line":187,"column":36},"end":{"line":189,"column":5}},"line":187},"14":{"name":"(anonymous_14)","decl":{"start":{"line":190,"column":4},"end":{"line":190,"column":5}},"loc":{"start":{"line":190,"column":28},"end":{"line":192,"column":5}},"line":190},"15":{"name":"(anonymous_15)","decl":{"start":{"line":193,"column":4},"end":{"line":193,"column":5}},"loc":{"start":{"line":193,"column":28},"end":{"line":198,"column":5}},"line":193},"16":{"name":"(anonymous_16)","decl":{"start":{"line":199,"column":4},"end":{"line":199,"column":5}},"loc":{"start":{"line":199,"column":43},"end":{"line":201,"column":5}},"line":199},"17":{"name":"(anonymous_17)","decl":{"start":{"line":202,"column":4},"end":{"line":202,"column":5}},"loc":{"start":{"line":202,"column":23},"end":{"line":206,"column":5}},"line":202},"18":{"name":"(anonymous_18)","decl":{"start":{"line":207,"column":4},"end":{"line":207,"column":5}},"loc":{"start":{"line":207,"column":26},"end":{"line":209,"column":5}},"line":207},"19":{"name":"(anonymous_19)","decl":{"start":{"line":210,"column":4},"end":{"line":210,"column":5}},"loc":{"start":{"line":210,"column":35},"end":{"line":216,"column":5}},"line":210},"20":{"name":"(anonymous_20)","decl":{"start":{"line":219,"column":4},"end":{"line":219,"column":5}},"loc":{"start":{"line":219,"column":36},"end":{"line":221,"column":5}},"line":219},"21":{"name":"(anonymous_21)","decl":{"start":{"line":222,"column":4},"end":{"line":222,"column":5}},"loc":{"start":{"line":222,"column":37},"end":{"line":224,"column":5}},"line":222},"22":{"name":"(anonymous_22)","decl":{"start":{"line":225,"column":4},"end":{"line":225,"column":5}},"loc":{"start":{"line":225,"column":31},"end":{"line":227,"column":5}},"line":225},"23":{"name":"(anonymous_23)","decl":{"start":{"line":228,"column":4},"end":{"line":228,"column":5}},"loc":{"start":{"line":228,"column":31},"end":{"line":259,"column":5}},"line":228},"24":{"name":"(anonymous_24)","decl":{"start":{"line":260,"column":4},"end":{"line":260,"column":5}},"loc":{"start":{"line":260,"column":38},"end":{"line":266,"column":5}},"line":260},"25":{"name":"(anonymous_25)","decl":{"start":{"line":267,"column":4},"end":{"line":267,"column":5}},"loc":{"start":{"line":267,"column":49},"end":{"line":270,"column":5}},"line":267},"26":{"name":"(anonymous_26)","decl":{"start":{"line":271,"column":4},"end":{"line":271,"column":5}},"loc":{"start":{"line":271,"column":24},"end":{"line":275,"column":5}},"line":271},"27":{"name":"(anonymous_27)","decl":{"start":{"line":276,"column":4},"end":{"line":276,"column":5}},"loc":{"start":{"line":276,"column":29},"end":{"line":278,"column":5}},"line":276},"28":{"name":"(anonymous_28)","decl":{"start":{"line":281,"column":4},"end":{"line":281,"column":5}},"loc":{"start":{"line":281,"column":34},"end":{"line":283,"column":5}},"line":281},"29":{"name":"(anonymous_29)","decl":{"start":{"line":284,"column":4},"end":{"line":284,"column":5}},"loc":{"start":{"line":284,"column":44},"end":{"line":308,"column":5}},"line":284},"30":{"name":"(anonymous_30)","decl":{"start":{"line":309,"column":4},"end":{"line":309,"column":5}},"loc":{"start":{"line":309,"column":29},"end":{"line":311,"column":5}},"line":309},"31":{"name":"(anonymous_31)","decl":{"start":{"line":312,"column":4},"end":{"line":312,"column":5}},"loc":{"start":{"line":312,"column":36},"end":{"line":315,"column":5}},"line":312},"32":{"name":"(anonymous_32)","decl":{"start":{"line":316,"column":4},"end":{"line":316,"column":5}},"loc":{"start":{"line":316,"column":35},"end":{"line":318,"column":5}},"line":316},"33":{"name":"(anonymous_33)","decl":{"start":{"line":321,"column":4},"end":{"line":321,"column":5}},"loc":{"start":{"line":321,"column":35},"end":{"line":323,"column":5}},"line":321},"34":{"name":"(anonymous_34)","decl":{"start":{"line":324,"column":4},"end":{"line":324,"column":5}},"loc":{"start":{"line":324,"column":30},"end":{"line":326,"column":5}},"line":324},"35":{"name":"(anonymous_35)","decl":{"start":{"line":327,"column":4},"end":{"line":327,"column":5}},"loc":{"start":{"line":327,"column":30},"end":{"line":331,"column":5}},"line":327},"36":{"name":"(anonymous_36)","decl":{"start":{"line":332,"column":4},"end":{"line":332,"column":5}},"loc":{"start":{"line":332,"column":37},"end":{"line":335,"column":5}},"line":332},"37":{"name":"(anonymous_37)","decl":{"start":{"line":336,"column":4},"end":{"line":336,"column":5}},"loc":{"start":{"line":336,"column":36},"end":{"line":338,"column":5}},"line":336},"38":{"name":"(anonymous_38)","decl":{"start":{"line":341,"column":4},"end":{"line":341,"column":5}},"loc":{"start":{"line":341,"column":53},"end":{"line":344,"column":5}},"line":341},"39":{"name":"(anonymous_39)","decl":{"start":{"line":345,"column":4},"end":{"line":345,"column":5}},"loc":{"start":{"line":345,"column":44},"end":{"line":347,"column":5}},"line":345},"40":{"name":"(anonymous_40)","decl":{"start":{"line":350,"column":4},"end":{"line":350,"column":5}},"loc":{"start":{"line":350,"column":33},"end":{"line":352,"column":5}},"line":350},"41":{"name":"(anonymous_41)","decl":{"start":{"line":353,"column":4},"end":{"line":353,"column":5}},"loc":{"start":{"line":353,"column":28},"end":{"line":357,"column":5}},"line":353},"42":{"name":"(anonymous_42)","decl":{"start":{"line":358,"column":4},"end":{"line":358,"column":5}},"loc":{"start":{"line":358,"column":26},"end":{"line":360,"column":5}},"line":358},"43":{"name":"(anonymous_43)","decl":{"start":{"line":363,"column":4},"end":{"line":363,"column":5}},"loc":{"start":{"line":363,"column":24},"end":{"line":363,"column":87}},"line":363},"44":{"name":"(anonymous_44)","decl":{"start":{"line":364,"column":4},"end":{"line":364,"column":5}},"loc":{"start":{"line":364,"column":24},"end":{"line":364,"column":87}},"line":364},"45":{"name":"(anonymous_45)","decl":{"start":{"line":365,"column":4},"end":{"line":365,"column":5}},"loc":{"start":{"line":365,"column":37},"end":{"line":365,"column":108}},"line":365},"46":{"name":"(anonymous_46)","decl":{"start":{"line":366,"column":4},"end":{"line":366,"column":5}},"loc":{"start":{"line":366,"column":29},"end":{"line":366,"column":94}},"line":366},"47":{"name":"(anonymous_47)","decl":{"start":{"line":367,"column":4},"end":{"line":367,"column":5}},"loc":{"start":{"line":367,"column":28},"end":{"line":367,"column":92}},"line":367}},"branchMap":{"0":{"loc":{"start":{"line":10,"column":0},"end":{"line":17,"column":1}},"type":"if","locations":[{"start":{"line":10,"column":0},"end":{"line":17,"column":1}},{"start":{},"end":{}}],"line":10},"1":{"loc":{"start":{"line":11,"column":4},"end":{"line":14,"column":5}},"type":"if","locations":[{"start":{"line":11,"column":4},"end":{"line":14,"column":5}},{"start":{},"end":{}}],"line":11},"2":{"loc":{"start":{"line":25,"column":4},"end":{"line":25,"column":38}},"type":"if","locations":[{"start":{"line":25,"column":4},"end":{"line":25,"column":38}},{"start":{},"end":{}}],"line":25},"3":{"loc":{"start":{"line":62,"column":4},"end":{"line":62,"column":88}},"type":"if","locations":[{"start":{"line":62,"column":4},"end":{"line":62,"column":88}},{"start":{},"end":{}}],"line":62},"4":{"loc":{"start":{"line":70,"column":4},"end":{"line":70,"column":26}},"type":"if","locations":[{"start":{"line":70,"column":4},"end":{"line":70,"column":26}},{"start":{},"end":{}}],"line":70},"5":{"loc":{"start":{"line":71,"column":4},"end":{"line":71,"column":77}},"type":"if","locations":[{"start":{"line":71,"column":4},"end":{"line":71,"column":77}},{"start":{},"end":{}}],"line":71},"6":{"loc":{"start":{"line":71,"column":8},"end":{"line":71,"column":46}},"type":"binary-expr","locations":[{"start":{"line":71,"column":8},"end":{"line":71,"column":15}},{"start":{"line":71,"column":19},"end":{"line":71,"column":46}}],"line":71},"7":{"loc":{"start":{"line":79,"column":4},"end":{"line":79,"column":31}},"type":"if","locations":[{"start":{"line":79,"column":4},"end":{"line":79,"column":31}},{"start":{},"end":{}}],"line":79},"8":{"loc":{"start":{"line":154,"column":21},"end":{"line":154,"column":31}},"type":"default-arg","locations":[{"start":{"line":154,"column":29},"end":{"line":154,"column":31}}],"line":154},"9":{"loc":{"start":{"line":181,"column":21},"end":{"line":181,"column":31}},"type":"default-arg","locations":[{"start":{"line":181,"column":29},"end":{"line":181,"column":31}}],"line":181},"10":{"loc":{"start":{"line":211,"column":8},"end":{"line":213,"column":9}},"type":"if","locations":[{"start":{"line":211,"column":8},"end":{"line":213,"column":9}},{"start":{},"end":{}}],"line":211},"11":{"loc":{"start":{"line":219,"column":24},"end":{"line":219,"column":34}},"type":"default-arg","locations":[{"start":{"line":219,"column":32},"end":{"line":219,"column":34}}],"line":219},"12":{"loc":{"start":{"line":230,"column":8},"end":{"line":232,"column":9}},"type":"if","locations":[{"start":{"line":230,"column":8},"end":{"line":232,"column":9}},{"start":{},"end":{}}],"line":230},"13":{"loc":{"start":{"line":244,"column":12},"end":{"line":246,"column":13}},"type":"if","locations":[{"start":{"line":244,"column":12},"end":{"line":246,"column":13}},{"start":{},"end":{}}],"line":244},"14":{"loc":{"start":{"line":244,"column":16},"end":{"line":244,"column":36}},"type":"binary-expr","locations":[{"start":{"line":244,"column":16},"end":{"line":244,"column":21}},{"start":{"line":244,"column":25},"end":{"line":244,"column":36}}],"line":244},"15":{"loc":{"start":{"line":252,"column":19},"end":{"line":252,"column":45}},"type":"binary-expr","locations":[{"start":{"line":252,"column":19},"end":{"line":252,"column":29}},{"start":{"line":252,"column":33},"end":{"line":252,"column":45}}],"line":252},"16":{"loc":{"start":{"line":253,"column":19},"end":{"line":253,"column":61}},"type":"cond-expr","locations":[{"start":{"line":253,"column":32},"end":{"line":253,"column":56}},{"start":{"line":253,"column":59},"end":{"line":253,"column":61}}],"line":253},"17":{"loc":{"start":{"line":261,"column":8},"end":{"line":263,"column":9}},"type":"if","locations":[{"start":{"line":261,"column":8},"end":{"line":263,"column":9}},{"start":{},"end":{}}],"line":261},"18":{"loc":{"start":{"line":268,"column":8},"end":{"line":268,"column":40}},"type":"if","locations":[{"start":{"line":268,"column":8},"end":{"line":268,"column":40}},{"start":{},"end":{}}],"line":268},"19":{"loc":{"start":{"line":281,"column":22},"end":{"line":281,"column":32}},"type":"default-arg","locations":[{"start":{"line":281,"column":30},"end":{"line":281,"column":32}}],"line":281},"20":{"loc":{"start":{"line":289,"column":8},"end":{"line":289,"column":63}},"type":"if","locations":[{"start":{"line":289,"column":8},"end":{"line":289,"column":63}},{"start":{},"end":{}}],"line":289},"21":{"loc":{"start":{"line":290,"column":8},"end":{"line":290,"column":63}},"type":"if","locations":[{"start":{"line":290,"column":8},"end":{"line":290,"column":63}},{"start":{},"end":{}}],"line":290},"22":{"loc":{"start":{"line":293,"column":8},"end":{"line":295,"column":9}},"type":"if","locations":[{"start":{"line":293,"column":8},"end":{"line":295,"column":9}},{"start":{},"end":{}}],"line":293},"23":{"loc":{"start":{"line":297,"column":8},"end":{"line":300,"column":9}},"type":"if","locations":[{"start":{"line":297,"column":8},"end":{"line":300,"column":9}},{"start":{},"end":{}}],"line":297},"24":{"loc":{"start":{"line":298,"column":77},"end":{"line":298,"column":93}},"type":"binary-expr","locations":[{"start":{"line":298,"column":77},"end":{"line":298,"column":87}},{"start":{"line":298,"column":91},"end":{"line":298,"column":93}}],"line":298},"25":{"loc":{"start":{"line":298,"column":102},"end":{"line":298,"column":118}},"type":"binary-expr","locations":[{"start":{"line":298,"column":102},"end":{"line":298,"column":112}},{"start":{"line":298,"column":116},"end":{"line":298,"column":118}}],"line":298},"26":{"loc":{"start":{"line":303,"column":50},"end":{"line":303,"column":65}},"type":"binary-expr","locations":[{"start":{"line":303,"column":50},"end":{"line":303,"column":60}},{"start":{"line":303,"column":64},"end":{"line":303,"column":65}}],"line":303},"27":{"loc":{"start":{"line":316,"column":23},"end":{"line":316,"column":33}},"type":"default-arg","locations":[{"start":{"line":316,"column":31},"end":{"line":316,"column":33}}],"line":316},"28":{"loc":{"start":{"line":321,"column":23},"end":{"line":321,"column":33}},"type":"default-arg","locations":[{"start":{"line":321,"column":31},"end":{"line":321,"column":33}}],"line":321},"29":{"loc":{"start":{"line":336,"column":24},"end":{"line":336,"column":34}},"type":"default-arg","locations":[{"start":{"line":336,"column":32},"end":{"line":336,"column":34}}],"line":336},"30":{"loc":{"start":{"line":341,"column":39},"end":{"line":341,"column":51}},"type":"default-arg","locations":[{"start":{"line":341,"column":49},"end":{"line":341,"column":51}}],"line":341},"31":{"loc":{"start":{"line":345,"column":32},"end":{"line":345,"column":42}},"type":"default-arg","locations":[{"start":{"line":345,"column":40},"end":{"line":345,"column":42}}],"line":345},"32":{"loc":{"start":{"line":350,"column":21},"end":{"line":350,"column":31}},"type":"default-arg","locations":[{"start":{"line":350,"column":29},"end":{"line":350,"column":31}}],"line":350},"33":{"loc":{"start":{"line":365,"column":25},"end":{"line":365,"column":35}},"type":"default-arg","locations":[{"start":{"line":365,"column":33},"end":{"line":365,"column":35}}],"line":365}},"s":{"0":4,"1":4,"2":4,"3":4,"4":0,"5":0,"6":0,"7":0,"8":0,"9":4,"10":4,"11":4,"12":0,"13":4,"14":4,"15":4,"16":4,"17":4,"18":4,"19":4,"20":4,"21":4,"22":4,"23":4,"24":4,"25":4,"26":4,"27":4,"28":4,"29":4,"30":4,"31":0,"32":0,"33":0,"34":81,"35":0,"36":81,"37":0,"38":0,"39":0,"40":0,"41":0,"42":0,"43":0,"44":0,"45":0,"46":0,"47":0,"48":0,"49":0,"50":0,"51":0,"52":0,"53":0,"54":0,"55":0,"56":0,"57":4,"58":0,"59":0,"60":39,"61":0,"62":0,"63":0,"64":0,"65":0,"66":0,"67":0,"68":0,"69":0,"70":0,"71":0,"72":23,"73":0,"74":0,"75":0,"76":0,"77":0,"78":0,"79":0,"80":0,"81":0,"82":0,"83":0,"84":0,"85":0,"86":0,"87":0,"88":0,"89":18,"90":0,"91":0,"92":0,"93":0,"94":0,"95":0,"96":0,"97":0,"98":0,"99":0,"100":0,"101":0,"102":0,"103":0,"104":0,"105":0,"106":0,"107":0,"108":0,"109":0,"110":0,"111":0,"112":0,"113":0,"114":0,"115":0,"116":0,"117":0,"118":0,"119":0,"120":0,"121":0,"122":0,"123":0,"124":0,"125":0,"126":0,"127":0,"128":0,"129":0,"130":0,"131":0,"132":1,"133":0,"134":0,"135":0,"136":0,"137":0,"138":0,"139":0,"140":0,"141":0,"142":0,"143":0,"144":0,"145":0,"146":0,"147":0,"148":0,"149":0,"150":0,"151":0,"152":0,"153":4},"f":{"0":4,"1":81,"2":0,"3":0,"4":0,"5":0,"6":0,"7":39,"8":0,"9":0,"10":0,"11":0,"12":23,"13":0,"14":0,"15":0,"16":0,"17":0,"18":0,"19":0,"20":0,"21":18,"22":0,"23":0,"24":0,"25":0,"26":0,"27":0,"28":0,"29":0,"30":0,"31":0,"32":0,"33":1,"34":0,"35":0,"36":0,"37":0,"38":0,"39":0,"40":0,"41":0,"42":0,"43":0,"44":0,"45":0,"46":0,"47":0},"b":{"0":[0,4],"1":[0,0],"2":[0,4],"3":[0,81],"4":[0,0],"5":[0,0],"6":[0,0],"7":[0,0],"8":[0],"9":[0],"10":[0,0],"11":[0],"12":[0,0],"13":[0,0],"14":[0,0],"15":[0,0],"16":[0,0],"17":[0,0],"18":[0,0],"19":[0],"20":[0,0],"21":[0,0],"22":[0,0],"23":[0,0],"24":[0,0],"25":[0,0],"26":[0,0],"27":[0],"28":[0],"29":[0],"30":[0],"31":[0],"32":[0],"33":[0]},"_coverageSchema":"1a1c01bbd47fc00a2c39e90264f33305004495a9","hash":"e043db98bb5f9a231147a63b2a2a20b2b7e7cd86"}
,"C:\\Users\\fabio\\CascadeProjects\\barber-salon\\.worktrees\\production-launch\\email.js": {"path":"C:\\Users\\fabio\\CascadeProjects\\barber-salon\\.worktrees\\production-launch\\email.js","statementMap":{"0":{"start":{"line":6,"column":19},"end":{"line":6,"column":36}},"1":{"start":{"line":9,"column":15},"end":{"line":9,"column":53}},"2":{"start":{"line":11,"column":0},"end":{"line":11,"column":49}},"3":{"start":{"line":15,"column":23},"end":{"line":15,"column":64}},"4":{"start":{"line":16,"column":20},"end":{"line":16,"column":41}},"5":{"start":{"line":18,"column":2},"end":{"line":97,"column":9}},"6":{"start":{"line":102,"column":2},"end":{"line":107,"column":29}},"7":{"start":{"line":103,"column":14},"end":{"line":103,"column":45}},"8":{"start":{"line":104,"column":17},"end":{"line":104,"column":90}},"9":{"start":{"line":105,"column":19},"end":{"line":105,"column":140}},"10":{"start":{"line":106,"column":4},"end":{"line":106,"column":91}},"11":{"start":{"line":107,"column":12},"end":{"line":107,"column":27}},"12":{"start":{"line":112,"column":22},"end":{"line":112,"column":41}},"13":{"start":{"line":113,"column":2},"end":{"line":116,"column":3}},"14":{"start":{"line":114,"column":4},"end":{"line":114,"column":70}},"15":{"start":{"line":115,"column":4},"end":{"line":115,"column":11}},"16":{"start":{"line":118,"column":20},"end":{"line":118,"column":41}},"17":{"start":{"line":119,"column":19},"end":{"line":119,"column":58}},"18":{"start":{"line":122,"column":20},"end":{"line":122,"column":76}},"19":{"start":{"line":124,"column":2},"end":{"line":140,"column":3}},"20":{"start":{"line":125,"column":28},"end":{"line":130,"column":6}},"21":{"start":{"line":132,"column":4},"end":{"line":135,"column":5}},"22":{"start":{"line":133,"column":6},"end":{"line":133,"column":59}},"23":{"start":{"line":134,"column":6},"end":{"line":134,"column":13}},"24":{"start":{"line":137,"column":4},"end":{"line":137,"column":87}},"25":{"start":{"line":139,"column":4},"end":{"line":139,"column":63}},"26":{"start":{"line":145,"column":19},"end":{"line":145,"column":58}},"27":{"start":{"line":146,"column":20},"end":{"line":146,"column":76}},"28":{"start":{"line":148,"column":2},"end":{"line":175,"column":3}},"29":{"start":{"line":149,"column":28},"end":{"line":163,"column":6}},"30":{"start":{"line":165,"column":4},"end":{"line":168,"column":5}},"31":{"start":{"line":166,"column":6},"end":{"line":166,"column":65}},"32":{"start":{"line":167,"column":6},"end":{"line":167,"column":54}},"33":{"start":{"line":170,"column":4},"end":{"line":170,"column":63}},"34":{"start":{"line":171,"column":4},"end":{"line":171,"column":35}},"35":{"start":{"line":173,"column":4},"end":{"line":173,"column":69}},"36":{"start":{"line":174,"column":4},"end":{"line":174,"column":50}},"37":{"start":{"line":179,"column":2},"end":{"line":179,"column":66}},"38":{"start":{"line":180,"column":19},"end":{"line":180,"column":56}},"39":{"start":{"line":181,"column":20},"end":{"line":181,"column":76}},"40":{"start":{"line":182,"column":20},"end":{"line":182,"column":93}},"41":{"start":{"line":183,"column":20},"end":{"line":183,"column":50}},"42":{"start":{"line":185,"column":2},"end":{"line":305,"column":3}},"43":{"start":{"line":186,"column":28},"end":{"line":296,"column":6}},"44":{"start":{"line":298,"column":4},"end":{"line":301,"column":5}},"45":{"start":{"line":299,"column":6},"end":{"line":299,"column":69}},"46":{"start":{"line":300,"column":6},"end":{"line":300,"column":13}},"47":{"start":{"line":302,"column":4},"end":{"line":302,"column":78}},"48":{"start":{"line":304,"column":4},"end":{"line":304,"column":73}},"49":{"start":{"line":310,"column":19},"end":{"line":310,"column":56}},"50":{"start":{"line":311,"column":20},"end":{"line":311,"column":76}},"51":{"start":{"line":313,"column":2},"end":{"line":363,"column":3}},"52":{"start":{"line":314,"column":28},"end":{"line":355,"column":6}},"53":{"start":{"line":357,"column":4},"end":{"line":357,"column":107}},"54":{"start":{"line":357,"column":17},"end":{"line":357,"column":78}},"55":{"start":{"line":357,"column":79},"end":{"line":357,"column":105}},"56":{"start":{"line":358,"column":4},"end":{"line":358,"column":71}},"57":{"start":{"line":359,"column":4},"end":{"line":359,"column":29}},"58":{"start":{"line":361,"column":4},"end":{"line":361,"column":71}},"59":{"start":{"line":362,"column":4},"end":{"line":362,"column":30}},"60":{"start":{"line":367,"column":19},"end":{"line":367,"column":70}},"61":{"start":{"line":368,"column":20},"end":{"line":368,"column":76}},"62":{"start":{"line":369,"column":23},"end":{"line":369,"column":64}},"63":{"start":{"line":370,"column":20},"end":{"line":370,"column":41}},"64":{"start":{"line":371,"column":20},"end":{"line":371,"column":126}},"65":{"start":{"line":372,"column":2},"end":{"line":432,"column":70}},"66":{"start":{"line":373,"column":28},"end":{"line":429,"column":6}},"67":{"start":{"line":430,"column":4},"end":{"line":430,"column":81}},"68":{"start":{"line":430,"column":17},"end":{"line":430,"column":71}},"69":{"start":{"line":430,"column":72},"end":{"line":430,"column":79}},"70":{"start":{"line":431,"column":4},"end":{"line":431,"column":67}},"71":{"start":{"line":432,"column":15},"end":{"line":432,"column":68}},"72":{"start":{"line":436,"column":19},"end":{"line":436,"column":70}},"73":{"start":{"line":437,"column":20},"end":{"line":437,"column":76}},"74":{"start":{"line":438,"column":23},"end":{"line":438,"column":64}},"75":{"start":{"line":439,"column":20},"end":{"line":439,"column":41}},"76":{"start":{"line":440,"column":2},"end":{"line":440,"column":35}},"77":{"start":{"line":440,"column":28},"end":{"line":440,"column":35}},"78":{"start":{"line":441,"column":2},"end":{"line":489,"column":87}},"79":{"start":{"line":442,"column":28},"end":{"line":486,"column":6}},"80":{"start":{"line":487,"column":4},"end":{"line":487,"column":98}},"81":{"start":{"line":487,"column":17},"end":{"line":487,"column":88}},"82":{"start":{"line":487,"column":89},"end":{"line":487,"column":96}},"83":{"start":{"line":488,"column":4},"end":{"line":488,"column":81}},"84":{"start":{"line":489,"column":15},"end":{"line":489,"column":85}},"85":{"start":{"line":493,"column":2},"end":{"line":493,"column":26}},"86":{"start":{"line":493,"column":19},"end":{"line":493,"column":26}},"87":{"start":{"line":494,"column":19},"end":{"line":494,"column":56}},"88":{"start":{"line":495,"column":20},"end":{"line":495,"column":76}},"89":{"start":{"line":496,"column":23},"end":{"line":496,"column":64}},"90":{"start":{"line":497,"column":20},"end":{"line":497,"column":41}},"91":{"start":{"line":498,"column":2},"end":{"line":557,"column":86}},"92":{"start":{"line":499,"column":28},"end":{"line":554,"column":6}},"93":{"start":{"line":555,"column":4},"end":{"line":555,"column":97}},"94":{"start":{"line":555,"column":17},"end":{"line":555,"column":87}},"95":{"start":{"line":555,"column":88},"end":{"line":555,"column":95}},"96":{"start":{"line":556,"column":4},"end":{"line":556,"column":80}},"97":{"start":{"line":557,"column":15},"end":{"line":557,"column":84}},"98":{"start":{"line":562,"column":19},"end":{"line":562,"column":56}},"99":{"start":{"line":563,"column":20},"end":{"line":563,"column":76}},"100":{"start":{"line":564,"column":20},"end":{"line":564,"column":93}},"101":{"start":{"line":565,"column":19},"end":{"line":565,"column":85}},"102":{"start":{"line":566,"column":14},"end":{"line":566,"column":78}},"103":{"start":{"line":568,"column":2},"end":{"line":605,"column":3}},"104":{"start":{"line":569,"column":4},"end":{"line":601,"column":7}},"105":{"start":{"line":602,"column":4},"end":{"line":602,"column":100}},"106":{"start":{"line":604,"column":4},"end":{"line":604,"column":68}},"107":{"start":{"line":610,"column":2},"end":{"line":610,"column":61}},"108":{"start":{"line":610,"column":54},"end":{"line":610,"column":61}},"109":{"start":{"line":611,"column":19},"end":{"line":611,"column":70}},"110":{"start":{"line":612,"column":20},"end":{"line":612,"column":76}},"111":{"start":{"line":613,"column":23},"end":{"line":613,"column":64}},"112":{"start":{"line":614,"column":20},"end":{"line":614,"column":41}},"113":{"start":{"line":615,"column":2},"end":{"line":645,"column":3}},"114":{"start":{"line":616,"column":4},"end":{"line":641,"column":7}},"115":{"start":{"line":642,"column":4},"end":{"line":642,"column":72}},"116":{"start":{"line":644,"column":4},"end":{"line":644,"column":69}},"117":{"start":{"line":650,"column":20},"end":{"line":650,"column":71}},"118":{"start":{"line":651,"column":19},"end":{"line":651,"column":56}},"119":{"start":{"line":652,"column":2},"end":{"line":657,"column":3}},"120":{"start":{"line":653,"column":4},"end":{"line":653,"column":88}},"121":{"start":{"line":655,"column":4},"end":{"line":655,"column":49}},"122":{"start":{"line":656,"column":4},"end":{"line":656,"column":12}},"123":{"start":{"line":660,"column":0},"end":{"line":660,"column":328}},"124":{"start":{"line":664,"column":20},"end":{"line":664,"column":67}},"125":{"start":{"line":665,"column":19},"end":{"line":665,"column":56}},"126":{"start":{"line":667,"column":15},"end":{"line":706,"column":8}},"127":{"start":{"line":708,"column":2},"end":{"line":718,"column":3}},"128":{"start":{"line":709,"column":4},"end":{"line":714,"column":7}},"129":{"start":{"line":715,"column":4},"end":{"line":715,"column":77}},"130":{"start":{"line":717,"column":4},"end":{"line":717,"column":61}},"131":{"start":{"line":723,"column":20},"end":{"line":723,"column":61}},"132":{"start":{"line":724,"column":19},"end":{"line":724,"column":56}},"133":{"start":{"line":725,"column":20},"end":{"line":725,"column":76}},"134":{"start":{"line":726,"column":15},"end":{"line":760,"column":8}},"135":{"start":{"line":761,"column":2},"end":{"line":771,"column":3}},"136":{"start":{"line":762,"column":4},"end":{"line":767,"column":7}},"137":{"start":{"line":768,"column":4},"end":{"line":768,"column":86}},"138":{"start":{"line":770,"column":4},"end":{"line":770,"column":60}},"139":{"start":{"line":776,"column":23},"end":{"line":776,"column":64}},"140":{"start":{"line":777,"column":20},"end":{"line":777,"column":41}},"141":{"start":{"line":778,"column":21},"end":{"line":778,"column":71}},"142":{"start":{"line":780,"column":15},"end":{"line":817,"column":8}},"143":{"start":{"line":819,"column":2},"end":{"line":829,"column":3}},"144":{"start":{"line":820,"column":4},"end":{"line":825,"column":7}},"145":{"start":{"line":826,"column":4},"end":{"line":826,"column":66}},"146":{"start":{"line":828,"column":4},"end":{"line":828,"column":60}}},"fnMap":{"0":{"name":"buildConfirmationEmail","decl":{"start":{"line":14,"column":9},"end":{"line":14,"column":31}},"loc":{"start":{"line":14,"column":71},"end":{"line":98,"column":1}},"line":14},"1":{"name":"formatDateFR","decl":{"start":{"line":101,"column":9},"end":{"line":101,"column":21}},"loc":{"start":{"line":101,"column":31},"end":{"line":108,"column":1}},"line":101},"2":{"name":"sendBookingConfirmation","decl":{"start":{"line":111,"column":15},"end":{"line":111,"column":38}},"loc":{"start":{"line":111,"column":78},"end":{"line":141,"column":1}},"line":111},"3":{"name":"sendOTPEmail","decl":{"start":{"line":144,"column":15},"end":{"line":144,"column":27}},"loc":{"start":{"line":144,"column":62},"end":{"line":176,"column":1}},"line":144},"4":{"name":"sendWelcomeEmail","decl":{"start":{"line":178,"column":15},"end":{"line":178,"column":31}},"loc":{"start":{"line":178,"column":76},"end":{"line":306,"column":1}},"line":178},"5":{"name":"sendPasswordResetEmail","decl":{"start":{"line":309,"column":15},"end":{"line":309,"column":37}},"loc":{"start":{"line":309,"column":66},"end":{"line":364,"column":1}},"line":309},"6":{"name":"sendReminderEmail","decl":{"start":{"line":366,"column":15},"end":{"line":366,"column":32}},"loc":{"start":{"line":366,"column":49},"end":{"line":433,"column":1}},"line":366},"7":{"name":"sendCancellationConfirmation","decl":{"start":{"line":435,"column":15},"end":{"line":435,"column":43}},"loc":{"start":{"line":435,"column":60},"end":{"line":490,"column":1}},"line":435},"8":{"name":"sendCancellationAlertToOwner","decl":{"start":{"line":492,"column":15},"end":{"line":492,"column":43}},"loc":{"start":{"line":492,"column":72},"end":{"line":558,"column":1}},"line":492},"9":{"name":"sendAdminNewSubscriptionEmail","decl":{"start":{"line":561,"column":15},"end":{"line":561,"column":44}},"loc":{"start":{"line":561,"column":108},"end":{"line":606,"column":1}},"line":561},"10":{"name":"sendEmployeeBookingNotification","decl":{"start":{"line":609,"column":15},"end":{"line":609,"column":46}},"loc":{"start":{"line":609,"column":78},"end":{"line":646,"column":1}},"line":609},"11":{"name":"sendEmail","decl":{"start":{"line":649,"column":15},"end":{"line":649,"column":24}},"loc":{"start":{"line":649,"column":48},"end":{"line":658,"column":1}},"line":649},"12":{"name":"sendReferralRewardEmail","decl":{"start":{"line":663,"column":15},"end":{"line":663,"column":38}},"loc":{"start":{"line":663,"column":84},"end":{"line":719,"column":1}},"line":663},"13":{"name":"sendPaymentFailedEmail","decl":{"start":{"line":722,"column":15},"end":{"line":722,"column":37}},"loc":{"start":{"line":722,"column":80},"end":{"line":772,"column":1}},"line":722},"14":{"name":"sendReviewRequestEmail","decl":{"start":{"line":775,"column":15},"end":{"line":775,"column":37}},"loc":{"start":{"line":775,"column":65},"end":{"line":830,"column":1}},"line":775}},"branchMap":{"0":{"loc":{"start":{"line":15,"column":23},"end":{"line":15,"column":64}},"type":"binary-expr","locations":[{"start":{"line":15,"column":23},"end":{"line":15,"column":51}},{"start":{"line":15,"column":55},"end":{"line":15,"column":64}}],"line":15},"1":{"loc":{"start":{"line":16,"column":20},"end":{"line":16,"column":41}},"type":"binary-expr","locations":[{"start":{"line":16,"column":20},"end":{"line":16,"column":30}},{"start":{"line":16,"column":34},"end":{"line":16,"column":41}}],"line":16},"2":{"loc":{"start":{"line":46,"column":56},"end":{"line":46,"column":83}},"type":"binary-expr","locations":[{"start":{"line":46,"column":56},"end":{"line":46,"column":75}},{"start":{"line":46,"column":79},"end":{"line":46,"column":83}}],"line":46},"3":{"loc":{"start":{"line":60,"column":12},"end":{"line":63,"column":21}},"type":"cond-expr","locations":[{"start":{"line":60,"column":35},"end":{"line":63,"column":16}},{"start":{"line":63,"column":19},"end":{"line":63,"column":21}}],"line":60},"4":{"loc":{"start":{"line":72,"column":8},"end":{"line":78,"column":12}},"type":"cond-expr","locations":[{"start":{"line":72,"column":39},"end":{"line":78,"column":7}},{"start":{"line":78,"column":10},"end":{"line":78,"column":12}}],"line":72},"5":{"loc":{"start":{"line":72,"column":8},"end":{"line":72,"column":36}},"type":"binary-expr","locations":[{"start":{"line":72,"column":8},"end":{"line":72,"column":21}},{"start":{"line":72,"column":25},"end":{"line":72,"column":36}}],"line":72},"6":{"loc":{"start":{"line":75,"column":10},"end":{"line":75,"column":86}},"type":"cond-expr","locations":[{"start":{"line":75,"column":26},"end":{"line":75,"column":81}},{"start":{"line":75,"column":84},"end":{"line":75,"column":86}}],"line":75},"7":{"loc":{"start":{"line":76,"column":10},"end":{"line":76,"column":59}},"type":"cond-expr","locations":[{"start":{"line":76,"column":24},"end":{"line":76,"column":54}},{"start":{"line":76,"column":57},"end":{"line":76,"column":59}}],"line":76},"8":{"loc":{"start":{"line":86,"column":10},"end":{"line":86,"column":249}},"type":"cond-expr","locations":[{"start":{"line":86,"column":23},"end":{"line":86,"column":244}},{"start":{"line":86,"column":247},"end":{"line":86,"column":249}}],"line":86},"9":{"loc":{"start":{"line":87,"column":10},"end":{"line":87,"column":266}},"type":"cond-expr","locations":[{"start":{"line":87,"column":22},"end":{"line":87,"column":261}},{"start":{"line":87,"column":264},"end":{"line":87,"column":266}}],"line":87},"10":{"loc":{"start":{"line":113,"column":2},"end":{"line":116,"column":3}},"type":"if","locations":[{"start":{"line":113,"column":2},"end":{"line":116,"column":3}},{"start":{},"end":{}}],"line":113},"11":{"loc":{"start":{"line":113,"column":6},"end":{"line":113,"column":48}},"type":"binary-expr","locations":[{"start":{"line":113,"column":6},"end":{"line":113,"column":18}},{"start":{"line":113,"column":22},"end":{"line":113,"column":48}}],"line":113},"12":{"loc":{"start":{"line":118,"column":20},"end":{"line":118,"column":41}},"type":"binary-expr","locations":[{"start":{"line":118,"column":20},"end":{"line":118,"column":30}},{"start":{"line":118,"column":34},"end":{"line":118,"column":41}}],"line":118},"13":{"loc":{"start":{"line":119,"column":19},"end":{"line":119,"column":58}},"type":"binary-expr","locations":[{"start":{"line":119,"column":19},"end":{"line":119,"column":45}},{"start":{"line":119,"column":49},"end":{"line":119,"column":58}}],"line":119},"14":{"loc":{"start":{"line":122,"column":20},"end":{"line":122,"column":76}},"type":"binary-expr","locations":[{"start":{"line":122,"column":20},"end":{"line":122,"column":49}},{"start":{"line":122,"column":53},"end":{"line":122,"column":76}}],"line":122},"15":{"loc":{"start":{"line":132,"column":4},"end":{"line":135,"column":5}},"type":"if","locations":[{"start":{"line":132,"column":4},"end":{"line":135,"column":5}},{"start":{},"end":{}}],"line":132},"16":{"loc":{"start":{"line":144,"column":41},"end":{"line":144,"column":60}},"type":"default-arg","locations":[{"start":{"line":144,"column":53},"end":{"line":144,"column":60}}],"line":144},"17":{"loc":{"start":{"line":145,"column":19},"end":{"line":145,"column":58}},"type":"binary-expr","locations":[{"start":{"line":145,"column":19},"end":{"line":145,"column":45}},{"start":{"line":145,"column":49},"end":{"line":145,"column":58}}],"line":145},"18":{"loc":{"start":{"line":146,"column":20},"end":{"line":146,"column":76}},"type":"binary-expr","locations":[{"start":{"line":146,"column":20},"end":{"line":146,"column":49}},{"start":{"line":146,"column":53},"end":{"line":146,"column":76}}],"line":146},"19":{"loc":{"start":{"line":165,"column":4},"end":{"line":168,"column":5}},"type":"if","locations":[{"start":{"line":165,"column":4},"end":{"line":168,"column":5}},{"start":{},"end":{}}],"line":165},"20":{"loc":{"start":{"line":179,"column":12},"end":{"line":179,"column":65}},"type":"binary-expr","locations":[{"start":{"line":179,"column":12},"end":{"line":179,"column":19}},{"start":{"line":179,"column":23},"end":{"line":179,"column":43}},{"start":{"line":179,"column":47},"end":{"line":179,"column":65}}],"line":179},"21":{"loc":{"start":{"line":180,"column":19},"end":{"line":180,"column":56}},"type":"binary-expr","locations":[{"start":{"line":180,"column":19},"end":{"line":180,"column":45}},{"start":{"line":180,"column":49},"end":{"line":180,"column":56}}],"line":180},"22":{"loc":{"start":{"line":181,"column":20},"end":{"line":181,"column":76}},"type":"binary-expr","locations":[{"start":{"line":181,"column":20},"end":{"line":181,"column":49}},{"start":{"line":181,"column":53},"end":{"line":181,"column":76}}],"line":181},"23":{"loc":{"start":{"line":182,"column":20},"end":{"line":182,"column":93}},"type":"binary-expr","locations":[{"start":{"line":182,"column":20},"end":{"line":182,"column":85}},{"start":{"line":182,"column":89},"end":{"line":182,"column":93}}],"line":182},"24":{"loc":{"start":{"line":183,"column":20},"end":{"line":183,"column":50}},"type":"cond-expr","locations":[{"start":{"line":183,"column":41},"end":{"line":183,"column":45}},{"start":{"line":183,"column":48},"end":{"line":183,"column":50}}],"line":183},"25":{"loc":{"start":{"line":215,"column":106},"end":{"line":215,"column":198}},"type":"cond-expr","locations":[{"start":{"line":215,"column":118},"end":{"line":215,"column":193}},{"start":{"line":215,"column":196},"end":{"line":215,"column":198}}],"line":215},"26":{"loc":{"start":{"line":273,"column":8},"end":{"line":278,"column":18}},"type":"cond-expr","locations":[{"start":{"line":273,"column":20},"end":{"line":278,"column":13}},{"start":{"line":278,"column":16},"end":{"line":278,"column":18}}],"line":273},"27":{"loc":{"start":{"line":298,"column":4},"end":{"line":301,"column":5}},"type":"if","locations":[{"start":{"line":298,"column":4},"end":{"line":301,"column":5}},{"start":{},"end":{}}],"line":298},"28":{"loc":{"start":{"line":310,"column":19},"end":{"line":310,"column":56}},"type":"binary-expr","locations":[{"start":{"line":310,"column":19},"end":{"line":310,"column":45}},{"start":{"line":310,"column":49},"end":{"line":310,"column":56}}],"line":310},"29":{"loc":{"start":{"line":311,"column":20},"end":{"line":311,"column":76}},"type":"binary-expr","locations":[{"start":{"line":311,"column":20},"end":{"line":311,"column":49}},{"start":{"line":311,"column":53},"end":{"line":311,"column":76}}],"line":311},"30":{"loc":{"start":{"line":330,"column":26},"end":{"line":330,"column":57}},"type":"binary-expr","locations":[{"start":{"line":330,"column":26},"end":{"line":330,"column":35}},{"start":{"line":330,"column":39},"end":{"line":330,"column":57}}],"line":330},"31":{"loc":{"start":{"line":357,"column":4},"end":{"line":357,"column":107}},"type":"if","locations":[{"start":{"line":357,"column":4},"end":{"line":357,"column":107}},{"start":{},"end":{}}],"line":357},"32":{"loc":{"start":{"line":367,"column":19},"end":{"line":367,"column":70}},"type":"binary-expr","locations":[{"start":{"line":367,"column":19},"end":{"line":367,"column":45}},{"start":{"line":367,"column":49},"end":{"line":367,"column":59}},{"start":{"line":367,"column":63},"end":{"line":367,"column":70}}],"line":367},"33":{"loc":{"start":{"line":368,"column":20},"end":{"line":368,"column":76}},"type":"binary-expr","locations":[{"start":{"line":368,"column":20},"end":{"line":368,"column":49}},{"start":{"line":368,"column":53},"end":{"line":368,"column":76}}],"line":368},"34":{"loc":{"start":{"line":369,"column":23},"end":{"line":369,"column":64}},"type":"binary-expr","locations":[{"start":{"line":369,"column":23},"end":{"line":369,"column":51}},{"start":{"line":369,"column":55},"end":{"line":369,"column":64}}],"line":369},"35":{"loc":{"start":{"line":370,"column":20},"end":{"line":370,"column":41}},"type":"binary-expr","locations":[{"start":{"line":370,"column":20},"end":{"line":370,"column":30}},{"start":{"line":370,"column":34},"end":{"line":370,"column":41}}],"line":370},"36":{"loc":{"start":{"line":371,"column":20},"end":{"line":371,"column":126}},"type":"cond-expr","locations":[{"start":{"line":371,"column":42},"end":{"line":371,"column":119}},{"start":{"line":371,"column":122},"end":{"line":371,"column":126}}],"line":371},"37":{"loc":{"start":{"line":371,"column":45},"end":{"line":371,"column":87}},"type":"binary-expr","locations":[{"start":{"line":371,"column":45},"end":{"line":371,"column":65}},{"start":{"line":371,"column":69},"end":{"line":371,"column":87}}],"line":371},"38":{"loc":{"start":{"line":395,"column":56},"end":{"line":395,"column":83}},"type":"binary-expr","locations":[{"start":{"line":395,"column":56},"end":{"line":395,"column":75}},{"start":{"line":395,"column":79},"end":{"line":395,"column":83}}],"line":395},"39":{"loc":{"start":{"line":409,"column":12},"end":{"line":412,"column":21}},"type":"cond-expr","locations":[{"start":{"line":409,"column":35},"end":{"line":412,"column":16}},{"start":{"line":412,"column":19},"end":{"line":412,"column":21}}],"line":409},"40":{"loc":{"start":{"line":418,"column":8},"end":{"line":421,"column":18}},"type":"cond-expr","locations":[{"start":{"line":418,"column":20},"end":{"line":421,"column":13}},{"start":{"line":421,"column":16},"end":{"line":421,"column":18}}],"line":418},"41":{"loc":{"start":{"line":430,"column":4},"end":{"line":430,"column":81}},"type":"if","locations":[{"start":{"line":430,"column":4},"end":{"line":430,"column":81}},{"start":{},"end":{}}],"line":430},"42":{"loc":{"start":{"line":436,"column":19},"end":{"line":436,"column":70}},"type":"binary-expr","locations":[{"start":{"line":436,"column":19},"end":{"line":436,"column":45}},{"start":{"line":436,"column":49},"end":{"line":436,"column":59}},{"start":{"line":436,"column":63},"end":{"line":436,"column":70}}],"line":436},"43":{"loc":{"start":{"line":437,"column":20},"end":{"line":437,"column":76}},"type":"binary-expr","locations":[{"start":{"line":437,"column":20},"end":{"line":437,"column":49}},{"start":{"line":437,"column":53},"end":{"line":437,"column":76}}],"line":437},"44":{"loc":{"start":{"line":438,"column":23},"end":{"line":438,"column":64}},"type":"binary-expr","locations":[{"start":{"line":438,"column":23},"end":{"line":438,"column":51}},{"start":{"line":438,"column":55},"end":{"line":438,"column":64}}],"line":438},"45":{"loc":{"start":{"line":439,"column":20},"end":{"line":439,"column":41}},"type":"binary-expr","locations":[{"start":{"line":439,"column":20},"end":{"line":439,"column":30}},{"start":{"line":439,"column":34},"end":{"line":439,"column":41}}],"line":439},"46":{"loc":{"start":{"line":440,"column":2},"end":{"line":440,"column":35}},"type":"if","locations":[{"start":{"line":440,"column":2},"end":{"line":440,"column":35}},{"start":{},"end":{}}],"line":440},"47":{"loc":{"start":{"line":464,"column":56},"end":{"line":464,"column":83}},"type":"binary-expr","locations":[{"start":{"line":464,"column":56},"end":{"line":464,"column":75}},{"start":{"line":464,"column":79},"end":{"line":464,"column":83}}],"line":464},"48":{"loc":{"start":{"line":487,"column":4},"end":{"line":487,"column":98}},"type":"if","locations":[{"start":{"line":487,"column":4},"end":{"line":487,"column":98}},{"start":{},"end":{}}],"line":487},"49":{"loc":{"start":{"line":493,"column":2},"end":{"line":493,"column":26}},"type":"if","locations":[{"start":{"line":493,"column":2},"end":{"line":493,"column":26}},{"start":{},"end":{}}],"line":493},"50":{"loc":{"start":{"line":494,"column":19},"end":{"line":494,"column":56}},"type":"binary-expr","locations":[{"start":{"line":494,"column":19},"end":{"line":494,"column":45}},{"start":{"line":494,"column":49},"end":{"line":494,"column":56}}],"line":494},"51":{"loc":{"start":{"line":495,"column":20},"end":{"line":495,"column":76}},"type":"binary-expr","locations":[{"start":{"line":495,"column":20},"end":{"line":495,"column":49}},{"start":{"line":495,"column":53},"end":{"line":495,"column":76}}],"line":495},"52":{"loc":{"start":{"line":496,"column":23},"end":{"line":496,"column":64}},"type":"binary-expr","locations":[{"start":{"line":496,"column":23},"end":{"line":496,"column":51}},{"start":{"line":496,"column":55},"end":{"line":496,"column":64}}],"line":496},"53":{"loc":{"start":{"line":497,"column":20},"end":{"line":497,"column":41}},"type":"binary-expr","locations":[{"start":{"line":497,"column":20},"end":{"line":497,"column":30}},{"start":{"line":497,"column":34},"end":{"line":497,"column":41}}],"line":497},"54":{"loc":{"start":{"line":526,"column":12},"end":{"line":529,"column":21}},"type":"cond-expr","locations":[{"start":{"line":526,"column":34},"end":{"line":529,"column":16}},{"start":{"line":529,"column":19},"end":{"line":529,"column":21}}],"line":526},"55":{"loc":{"start":{"line":532,"column":85},"end":{"line":532,"column":112}},"type":"binary-expr","locations":[{"start":{"line":532,"column":85},"end":{"line":532,"column":104}},{"start":{"line":532,"column":108},"end":{"line":532,"column":112}}],"line":532},"56":{"loc":{"start":{"line":555,"column":4},"end":{"line":555,"column":97}},"type":"if","locations":[{"start":{"line":555,"column":4},"end":{"line":555,"column":97}},{"start":{},"end":{}}],"line":555},"57":{"loc":{"start":{"line":562,"column":19},"end":{"line":562,"column":56}},"type":"binary-expr","locations":[{"start":{"line":562,"column":19},"end":{"line":562,"column":45}},{"start":{"line":562,"column":49},"end":{"line":562,"column":56}}],"line":562},"58":{"loc":{"start":{"line":563,"column":20},"end":{"line":563,"column":76}},"type":"binary-expr","locations":[{"start":{"line":563,"column":20},"end":{"line":563,"column":49}},{"start":{"line":563,"column":53},"end":{"line":563,"column":76}}],"line":563},"59":{"loc":{"start":{"line":564,"column":20},"end":{"line":564,"column":93}},"type":"binary-expr","locations":[{"start":{"line":564,"column":20},"end":{"line":564,"column":85}},{"start":{"line":564,"column":89},"end":{"line":564,"column":93}}],"line":564},"60":{"loc":{"start":{"line":565,"column":20},"end":{"line":565,"column":73}},"type":"binary-expr","locations":[{"start":{"line":565,"column":20},"end":{"line":565,"column":27}},{"start":{"line":565,"column":31},"end":{"line":565,"column":51}},{"start":{"line":565,"column":55},"end":{"line":565,"column":73}}],"line":565},"61":{"loc":{"start":{"line":610,"column":2},"end":{"line":610,"column":61}},"type":"if","locations":[{"start":{"line":610,"column":2},"end":{"line":610,"column":61}},{"start":{},"end":{}}],"line":610},"62":{"loc":{"start":{"line":610,"column":6},"end":{"line":610,"column":52}},"type":"binary-expr","locations":[{"start":{"line":610,"column":6},"end":{"line":610,"column":20}},{"start":{"line":610,"column":24},"end":{"line":610,"column":52}}],"line":610},"63":{"loc":{"start":{"line":611,"column":19},"end":{"line":611,"column":70}},"type":"binary-expr","locations":[{"start":{"line":611,"column":19},"end":{"line":611,"column":45}},{"start":{"line":611,"column":49},"end":{"line":611,"column":59}},{"start":{"line":611,"column":63},"end":{"line":611,"column":70}}],"line":611},"64":{"loc":{"start":{"line":612,"column":20},"end":{"line":612,"column":76}},"type":"binary-expr","locations":[{"start":{"line":612,"column":20},"end":{"line":612,"column":49}},{"start":{"line":612,"column":53},"end":{"line":612,"column":76}}],"line":612},"65":{"loc":{"start":{"line":613,"column":23},"end":{"line":613,"column":64}},"type":"binary-expr","locations":[{"start":{"line":613,"column":23},"end":{"line":613,"column":51}},{"start":{"line":613,"column":55},"end":{"line":613,"column":64}}],"line":613},"66":{"loc":{"start":{"line":614,"column":20},"end":{"line":614,"column":41}},"type":"binary-expr","locations":[{"start":{"line":614,"column":20},"end":{"line":614,"column":30}},{"start":{"line":614,"column":34},"end":{"line":614,"column":41}}],"line":614},"67":{"loc":{"start":{"line":631,"column":148},"end":{"line":631,"column":174}},"type":"binary-expr","locations":[{"start":{"line":631,"column":148},"end":{"line":631,"column":167}},{"start":{"line":631,"column":171},"end":{"line":631,"column":174}}],"line":631},"68":{"loc":{"start":{"line":633,"column":10},"end":{"line":633,"column":186}},"type":"cond-expr","locations":[{"start":{"line":633,"column":29},"end":{"line":633,"column":181}},{"start":{"line":633,"column":184},"end":{"line":633,"column":186}}],"line":633},"69":{"loc":{"start":{"line":634,"column":10},"end":{"line":634,"column":192}},"type":"cond-expr","locations":[{"start":{"line":634,"column":32},"end":{"line":634,"column":187}},{"start":{"line":634,"column":190},"end":{"line":634,"column":192}}],"line":634},"70":{"loc":{"start":{"line":635,"column":10},"end":{"line":635,"column":176}},"type":"cond-expr","locations":[{"start":{"line":635,"column":26},"end":{"line":635,"column":171}},{"start":{"line":635,"column":174},"end":{"line":635,"column":176}}],"line":635},"71":{"loc":{"start":{"line":637,"column":62},"end":{"line":637,"column":104}},"type":"binary-expr","locations":[{"start":{"line":637,"column":62},"end":{"line":637,"column":82}},{"start":{"line":637,"column":86},"end":{"line":637,"column":104}}],"line":637},"72":{"loc":{"start":{"line":650,"column":20},"end":{"line":650,"column":71}},"type":"binary-expr","locations":[{"start":{"line":650,"column":20},"end":{"line":650,"column":49}},{"start":{"line":650,"column":53},"end":{"line":650,"column":71}}],"line":650},"73":{"loc":{"start":{"line":651,"column":19},"end":{"line":651,"column":56}},"type":"binary-expr","locations":[{"start":{"line":651,"column":19},"end":{"line":651,"column":45}},{"start":{"line":651,"column":49},"end":{"line":651,"column":56}}],"line":651},"74":{"loc":{"start":{"line":664,"column":20},"end":{"line":664,"column":67}},"type":"binary-expr","locations":[{"start":{"line":664,"column":20},"end":{"line":664,"column":46}},{"start":{"line":664,"column":50},"end":{"line":664,"column":67}}],"line":664},"75":{"loc":{"start":{"line":665,"column":19},"end":{"line":665,"column":56}},"type":"binary-expr","locations":[{"start":{"line":665,"column":19},"end":{"line":665,"column":45}},{"start":{"line":665,"column":49},"end":{"line":665,"column":56}}],"line":665},"76":{"loc":{"start":{"line":723,"column":20},"end":{"line":723,"column":61}},"type":"binary-expr","locations":[{"start":{"line":723,"column":20},"end":{"line":723,"column":44}},{"start":{"line":723,"column":48},"end":{"line":723,"column":61}}],"line":723},"77":{"loc":{"start":{"line":724,"column":19},"end":{"line":724,"column":56}},"type":"binary-expr","locations":[{"start":{"line":724,"column":19},"end":{"line":724,"column":45}},{"start":{"line":724,"column":49},"end":{"line":724,"column":56}}],"line":724},"78":{"loc":{"start":{"line":725,"column":20},"end":{"line":725,"column":76}},"type":"binary-expr","locations":[{"start":{"line":725,"column":20},"end":{"line":725,"column":49}},{"start":{"line":725,"column":53},"end":{"line":725,"column":76}}],"line":725},"79":{"loc":{"start":{"line":776,"column":23},"end":{"line":776,"column":64}},"type":"binary-expr","locations":[{"start":{"line":776,"column":23},"end":{"line":776,"column":51}},{"start":{"line":776,"column":55},"end":{"line":776,"column":64}}],"line":776},"80":{"loc":{"start":{"line":777,"column":20},"end":{"line":777,"column":41}},"type":"binary-expr","locations":[{"start":{"line":777,"column":20},"end":{"line":777,"column":30}},{"start":{"line":777,"column":34},"end":{"line":777,"column":41}}],"line":777},"81":{"loc":{"start":{"line":778,"column":21},"end":{"line":778,"column":71}},"type":"binary-expr","locations":[{"start":{"line":778,"column":21},"end":{"line":778,"column":54}},{"start":{"line":778,"column":58},"end":{"line":778,"column":71}}],"line":778},"82":{"loc":{"start":{"line":800,"column":70},"end":{"line":800,"column":105}},"type":"binary-expr","locations":[{"start":{"line":800,"column":70},"end":{"line":800,"column":89}},{"start":{"line":800,"column":93},"end":{"line":800,"column":105}}],"line":800},"83":{"loc":{"start":{"line":800,"column":111},"end":{"line":800,"column":129}},"type":"binary-expr","locations":[{"start":{"line":800,"column":111},"end":{"line":800,"column":123}},{"start":{"line":800,"column":127},"end":{"line":800,"column":129}}],"line":800},"84":{"loc":{"start":{"line":821,"column":12},"end":{"line":821,"column":76}},"type":"binary-expr","locations":[{"start":{"line":821,"column":12},"end":{"line":821,"column":35}},{"start":{"line":821,"column":39},"end":{"line":821,"column":76}}],"line":821}},"s":{"0":3,"1":3,"2":3,"3":0,"4":0,"5":0,"6":0,"7":0,"8":0,"9":0,"10":0,"11":0,"12":0,"13":0,"14":0,"15":0,"16":0,"17":0,"18":0,"19":0,"20":0,"21":0,"22":0,"23":0,"24":0,"25":0,"26":0,"27":0,"28":0,"29":0,"30":0,"31":0,"32":0,"33":0,"34":0,"35":0,"36":0,"37":0,"38":0,"39":0,"40":0,"41":0,"42":0,"43":0,"44":0,"45":0,"46":0,"47":0,"48":0,"49":0,"50":0,"51":0,"52":0,"53":0,"54":0,"55":0,"56":0,"57":0,"58":0,"59":0,"60":0,"61":0,"62":0,"63":0,"64":0,"65":0,"66":0,"67":0,"68":0,"69":0,"70":0,"71":0,"72":0,"73":0,"74":0,"75":0,"76":0,"77":0,"78":0,"79":0,"80":0,"81":0,"82":0,"83":0,"84":0,"85":0,"86":0,"87":0,"88":0,"89":0,"90":0,"91":0,"92":0,"93":0,"94":0,"95":0,"96":0,"97":0,"98":0,"99":0,"100":0,"101":0,"102":0,"103":0,"104":0,"105":0,"106":0,"107":0,"108":0,"109":0,"110":0,"111":0,"112":0,"113":0,"114":0,"115":0,"116":0,"117":1,"118":1,"119":1,"120":1,"121":0,"122":0,"123":3,"124":0,"125":0,"126":0,"127":0,"128":0,"129":0,"130":0,"131":0,"132":0,"133":0,"134":0,"135":0,"136":0,"137":0,"138":0,"139":0,"140":0,"141":0,"142":0,"143":0,"144":0,"145":0,"146":0},"f":{"0":0,"1":0,"2":0,"3":0,"4":0,"5":0,"6":0,"7":0,"8":0,"9":0,"10":0,"11":1,"12":0,"13":0,"14":0},"b":{"0":[0,0],"1":[0,0],"2":[0,0],"3":[0,0],"4":[0,0],"5":[0,0],"6":[0,0],"7":[0,0],"8":[0,0],"9":[0,0],"10":[0,0],"11":[0,0],"12":[0,0],"13":[0,0],"14":[0,0],"15":[0,0],"16":[0],"17":[0,0],"18":[0,0],"19":[0,0],"20":[0,0,0],"21":[0,0],"22":[0,0],"23":[0,0],"24":[0,0],"25":[0,0],"26":[0,0],"27":[0,0],"28":[0,0],"29":[0,0],"30":[0,0],"31":[0,0],"32":[0,0,0],"33":[0,0],"34":[0,0],"35":[0,0],"36":[0,0],"37":[0,0],"38":[0,0],"39":[0,0],"40":[0,0],"41":[0,0],"42":[0,0,0],"43":[0,0],"44":[0,0],"45":[0,0],"46":[0,0],"47":[0,0],"48":[0,0],"49":[0,0],"50":[0,0],"51":[0,0],"52":[0,0],"53":[0,0],"54":[0,0],"55":[0,0],"56":[0,0],"57":[0,0],"58":[0,0],"59":[0,0],"60":[0,0,0],"61":[0,0],"62":[0,0],"63":[0,0,0],"64":[0,0],"65":[0,0],"66":[0,0],"67":[0,0],"68":[0,0],"69":[0,0],"70":[0,0],"71":[0,0],"72":[1,0],"73":[1,1],"74":[0,0],"75":[0,0],"76":[0,0],"77":[0,0],"78":[0,0],"79":[0,0],"80":[0,0],"81":[0,0],"82":[0,0],"83":[0,0],"84":[0,0]},"_coverageSchema":"1a1c01bbd47fc00a2c39e90264f33305004495a9","hash":"34623a852561b78df8241c9caf9e42a2fa9a74ae"}
,"C:\\Users\\fabio\\CascadeProjects\\barber-salon\\.worktrees\\production-launch\\server.js": {"path":"C:\\Users\\fabio\\CascadeProjects\\barber-salon\\.worktrees\\production-launch\\server.js","statementMap":{"0":{"start":{"line":6,"column":0},"end":{"line":6,"column":27}},"1":{"start":{"line":7,"column":13},"end":{"line":7,"column":28}},"2":{"start":{"line":8,"column":11},"end":{"line":8,"column":24}},"3":{"start":{"line":9,"column":13},"end":{"line":9,"column":28}},"4":{"start":{"line":10,"column":15},"end":{"line":10,"column":32}},"5":{"start":{"line":11,"column":11},"end":{"line":11,"column":26}},"6":{"start":{"line":12,"column":319},"end":{"line":12,"column":337}},"7":{"start":{"line":13,"column":19},"end":{"line":13,"column":43}},"8":{"start":{"line":14,"column":16},"end":{"line":14,"column":35}},"9":{"start":{"line":15,"column":107},"end":{"line":15,"column":123}},"10":{"start":{"line":16,"column":58},"end":{"line":16,"column":83}},"11":{"start":{"line":19,"column":0},"end":{"line":28,"column":1}},"12":{"start":{"line":20,"column":4},"end":{"line":24,"column":6}},"13":{"start":{"line":25,"column":4},"end":{"line":25,"column":49}},"14":{"start":{"line":27,"column":4},"end":{"line":27,"column":78}},"15":{"start":{"line":31,"column":0},"end":{"line":42,"column":1}},"16":{"start":{"line":32,"column":4},"end":{"line":32,"column":62}},"17":{"start":{"line":33,"column":7},"end":{"line":42,"column":1}},"18":{"start":{"line":34,"column":4},"end":{"line":38,"column":7}},"19":{"start":{"line":39,"column":4},"end":{"line":39,"column":95}},"20":{"start":{"line":41,"column":4},"end":{"line":41,"column":113}},"21":{"start":{"line":44,"column":13},"end":{"line":44,"column":37}},"22":{"start":{"line":45,"column":19},"end":{"line":45,"column":63}},"23":{"start":{"line":46,"column":0},"end":{"line":49,"column":1}},"24":{"start":{"line":47,"column":4},"end":{"line":47,"column":120}},"25":{"start":{"line":48,"column":4},"end":{"line":48,"column":20}},"26":{"start":{"line":50,"column":19},"end":{"line":50,"column":76}},"27":{"start":{"line":53,"column":22},"end":{"line":59,"column":1}},"28":{"start":{"line":62,"column":4},"end":{"line":64,"column":5}},"29":{"start":{"line":63,"column":8},"end":{"line":63,"column":99}},"30":{"start":{"line":66,"column":4},"end":{"line":66,"column":33}},"31":{"start":{"line":67,"column":4},"end":{"line":67,"column":95}},"32":{"start":{"line":68,"column":4},"end":{"line":68,"column":44}},"33":{"start":{"line":69,"column":4},"end":{"line":69,"column":101}},"34":{"start":{"line":72,"column":0},"end":{"line":72,"column":78}},"35":{"start":{"line":72,"column":32},"end":{"line":72,"column":78}},"36":{"start":{"line":76,"column":4},"end":{"line":77,"column":72}},"37":{"start":{"line":81,"column":17},"end":{"line":81,"column":30}},"38":{"start":{"line":82,"column":15},"end":{"line":82,"column":19}},"39":{"start":{"line":83,"column":12},"end":{"line":83,"column":13}},"40":{"start":{"line":84,"column":4},"end":{"line":87,"column":5}},"41":{"start":{"line":85,"column":8},"end":{"line":85,"column":30}},"42":{"start":{"line":86,"column":8},"end":{"line":86,"column":12}},"43":{"start":{"line":88,"column":4},"end":{"line":88,"column":16}},"44":{"start":{"line":92,"column":4},"end":{"line":92,"column":143}},"45":{"start":{"line":96,"column":20},"end":{"line":100,"column":5}},"46":{"start":{"line":101,"column":4},"end":{"line":101,"column":35}},"47":{"start":{"line":102,"column":4},"end":{"line":102,"column":34}},"48":{"start":{"line":105,"column":4},"end":{"line":108,"column":5}},"49":{"start":{"line":106,"column":25},"end":{"line":106,"column":55}},"50":{"start":{"line":107,"column":8},"end":{"line":107,"column":66}},"51":{"start":{"line":113,"column":4},"end":{"line":113,"column":54}},"52":{"start":{"line":116,"column":22},"end":{"line":116,"column":32}},"53":{"start":{"line":118,"column":4},"end":{"line":134,"column":7}},"54":{"start":{"line":119,"column":19},"end":{"line":119,"column":21}},"55":{"start":{"line":120,"column":19},"end":{"line":120,"column":20}},"56":{"start":{"line":121,"column":8},"end":{"line":128,"column":11}},"57":{"start":{"line":122,"column":12},"end":{"line":122,"column":29}},"58":{"start":{"line":123,"column":12},"end":{"line":126,"column":13}},"59":{"start":{"line":124,"column":16},"end":{"line":124,"column":30}},"60":{"start":{"line":125,"column":16},"end":{"line":125,"column":67}},"61":{"start":{"line":127,"column":12},"end":{"line":127,"column":22}},"62":{"start":{"line":129,"column":8},"end":{"line":132,"column":11}},"63":{"start":{"line":130,"column":12},"end":{"line":131,"column":34}},"64":{"start":{"line":130,"column":18},"end":{"line":130,"column":44}},"65":{"start":{"line":131,"column":20},"end":{"line":131,"column":32}},"66":{"start":{"line":133,"column":8},"end":{"line":133,"column":43}},"67":{"start":{"line":133,"column":30},"end":{"line":133,"column":41}},"68":{"start":{"line":138,"column":4},"end":{"line":177,"column":7}},"69":{"start":{"line":139,"column":28},"end":{"line":139,"column":61}},"70":{"start":{"line":140,"column":30},"end":{"line":140,"column":64}},"71":{"start":{"line":141,"column":8},"end":{"line":141,"column":92}},"72":{"start":{"line":141,"column":28},"end":{"line":141,"column":92}},"73":{"start":{"line":143,"column":25},"end":{"line":143,"column":41}},"74":{"start":{"line":144,"column":23},"end":{"line":144,"column":25}},"75":{"start":{"line":145,"column":8},"end":{"line":145,"column":44}},"76":{"start":{"line":145,"column":28},"end":{"line":145,"column":42}},"77":{"start":{"line":146,"column":8},"end":{"line":175,"column":11}},"78":{"start":{"line":147,"column":12},"end":{"line":174,"column":13}},"79":{"start":{"line":148,"column":31},"end":{"line":148,"column":52}},"80":{"start":{"line":149,"column":30},"end":{"line":149,"column":91}},"81":{"start":{"line":150,"column":31},"end":{"line":150,"column":33}},"82":{"start":{"line":151,"column":33},"end":{"line":151,"column":37}},"83":{"start":{"line":152,"column":30},"end":{"line":152,"column":34}},"84":{"start":{"line":154,"column":16},"end":{"line":169,"column":17}},"85":{"start":{"line":155,"column":38},"end":{"line":155,"column":62}},"86":{"start":{"line":156,"column":20},"end":{"line":156,"column":51}},"87":{"start":{"line":156,"column":42},"end":{"line":156,"column":51}},"88":{"start":{"line":157,"column":36},"end":{"line":157,"column":64}},"89":{"start":{"line":158,"column":33},"end":{"line":158,"column":83}},"90":{"start":{"line":160,"column":38},"end":{"line":160,"column":69}},"91":{"start":{"line":161,"column":42},"end":{"line":161,"column":77}},"92":{"start":{"line":163,"column":20},"end":{"line":168,"column":21}},"93":{"start":{"line":164,"column":24},"end":{"line":164,"column":91}},"94":{"start":{"line":165,"column":24},"end":{"line":165,"column":65}},"95":{"start":{"line":166,"column":27},"end":{"line":168,"column":21}},"96":{"start":{"line":167,"column":24},"end":{"line":167,"column":59}},"97":{"start":{"line":170,"column":16},"end":{"line":170,"column":57}},"98":{"start":{"line":172,"column":16},"end":{"line":172,"column":67}},"99":{"start":{"line":173,"column":16},"end":{"line":173,"column":73}},"100":{"start":{"line":176,"column":8},"end":{"line":176,"column":88}},"101":{"start":{"line":176,"column":30},"end":{"line":176,"column":86}},"102":{"start":{"line":182,"column":24},"end":{"line":182,"column":58}},"103":{"start":{"line":183,"column":4},"end":{"line":185,"column":5}},"104":{"start":{"line":184,"column":8},"end":{"line":184,"column":92}},"105":{"start":{"line":186,"column":4},"end":{"line":212,"column":7}},"106":{"start":{"line":187,"column":8},"end":{"line":193,"column":9}},"107":{"start":{"line":189,"column":29},"end":{"line":189,"column":87}},"108":{"start":{"line":190,"column":25},"end":{"line":190,"column":56}},"109":{"start":{"line":191,"column":12},"end":{"line":191,"column":43}},"110":{"start":{"line":192,"column":12},"end":{"line":192,"column":51}},"111":{"start":{"line":196,"column":8},"end":{"line":211,"column":9}},"112":{"start":{"line":197,"column":33},"end":{"line":206,"column":13}},"113":{"start":{"line":200,"column":20},"end":{"line":203,"column":21}},"114":{"start":{"line":201,"column":24},"end":{"line":201,"column":73}},"115":{"start":{"line":202,"column":24},"end":{"line":202,"column":45}},"116":{"start":{"line":204,"column":20},"end":{"line":204,"column":47}},"117":{"start":{"line":207,"column":12},"end":{"line":207,"column":37}},"118":{"start":{"line":209,"column":12},"end":{"line":209,"column":59}},"119":{"start":{"line":210,"column":12},"end":{"line":210,"column":24}},"120":{"start":{"line":216,"column":19},"end":{"line":216,"column":98}},"121":{"start":{"line":217,"column":17},"end":{"line":221,"column":29}},"122":{"start":{"line":222,"column":16},"end":{"line":222,"column":103}},"123":{"start":{"line":223,"column":4},"end":{"line":223,"column":38}},"124":{"start":{"line":228,"column":17},"end":{"line":228,"column":33}},"125":{"start":{"line":229,"column":4},"end":{"line":229,"column":27}},"126":{"start":{"line":229,"column":15},"end":{"line":229,"column":27}},"127":{"start":{"line":231,"column":4},"end":{"line":231,"column":48}},"128":{"start":{"line":231,"column":36},"end":{"line":231,"column":48}},"129":{"start":{"line":233,"column":4},"end":{"line":233,"column":62}},"130":{"start":{"line":233,"column":50},"end":{"line":233,"column":62}},"131":{"start":{"line":234,"column":4},"end":{"line":234,"column":16}},"132":{"start":{"line":238,"column":23},"end":{"line":238,"column":48}},"133":{"start":{"line":239,"column":4},"end":{"line":239,"column":70}},"134":{"start":{"line":239,"column":58},"end":{"line":239,"column":70}},"135":{"start":{"line":240,"column":18},"end":{"line":240,"column":42}},"136":{"start":{"line":241,"column":4},"end":{"line":251,"column":28}},"137":{"start":{"line":242,"column":22},"end":{"line":242,"column":38}},"138":{"start":{"line":243,"column":8},"end":{"line":243,"column":44}},"139":{"start":{"line":243,"column":32},"end":{"line":243,"column":44}},"140":{"start":{"line":244,"column":24},"end":{"line":244,"column":81}},"141":{"start":{"line":246,"column":20},"end":{"line":246,"column":113}},"142":{"start":{"line":247,"column":8},"end":{"line":247,"column":42}},"143":{"start":{"line":247,"column":30},"end":{"line":247,"column":42}},"144":{"start":{"line":249,"column":8},"end":{"line":249,"column":65}},"145":{"start":{"line":249,"column":53},"end":{"line":249,"column":65}},"146":{"start":{"line":250,"column":8},"end":{"line":250,"column":23}},"147":{"start":{"line":251,"column":14},"end":{"line":251,"column":26}},"148":{"start":{"line":255,"column":21},"end":{"line":255,"column":30}},"149":{"start":{"line":257,"column":16},"end":{"line":257,"column":26}},"150":{"start":{"line":258,"column":19},"end":{"line":258,"column":33}},"151":{"start":{"line":259,"column":18},"end":{"line":259,"column":83}},"152":{"start":{"line":260,"column":4},"end":{"line":260,"column":81}},"153":{"start":{"line":260,"column":31},"end":{"line":260,"column":47}},"154":{"start":{"line":260,"column":48},"end":{"line":260,"column":79}},"155":{"start":{"line":261,"column":4},"end":{"line":261,"column":18}},"156":{"start":{"line":262,"column":4},"end":{"line":262,"column":36}},"157":{"start":{"line":263,"column":4},"end":{"line":263,"column":37}},"158":{"start":{"line":266,"column":0},"end":{"line":269,"column":19}},"159":{"start":{"line":267,"column":16},"end":{"line":267,"column":26}},"160":{"start":{"line":268,"column":4},"end":{"line":268,"column":87}},"161":{"start":{"line":268,"column":41},"end":{"line":268,"column":85}},"162":{"start":{"line":268,"column":62},"end":{"line":268,"column":85}},"163":{"start":{"line":272,"column":20},"end":{"line":272,"column":29}},"164":{"start":{"line":273,"column":0},"end":{"line":276,"column":19}},"165":{"start":{"line":274,"column":16},"end":{"line":274,"column":26}},"166":{"start":{"line":275,"column":4},"end":{"line":275,"column":84}},"167":{"start":{"line":275,"column":40},"end":{"line":275,"column":82}},"168":{"start":{"line":275,"column":60},"end":{"line":275,"column":82}},"169":{"start":{"line":280,"column":4},"end":{"line":291,"column":71}},"170":{"start":{"line":281,"column":23},"end":{"line":281,"column":74}},"171":{"start":{"line":282,"column":22},"end":{"line":282,"column":100}},"172":{"start":{"line":283,"column":20},"end":{"line":283,"column":21}},"173":{"start":{"line":284,"column":8},"end":{"line":289,"column":9}},"174":{"start":{"line":285,"column":12},"end":{"line":288,"column":13}},"175":{"start":{"line":286,"column":16},"end":{"line":286,"column":96}},"176":{"start":{"line":287,"column":16},"end":{"line":287,"column":24}},"177":{"start":{"line":290,"column":8},"end":{"line":290,"column":102}},"178":{"start":{"line":290,"column":23},"end":{"line":290,"column":102}},"179":{"start":{"line":291,"column":18},"end":{"line":291,"column":69}},"180":{"start":{"line":293,"column":0},"end":{"line":293,"column":56}},"181":{"start":{"line":294,"column":0},"end":{"line":294,"column":46}},"182":{"start":{"line":299,"column":24},"end":{"line":299,"column":45}},"183":{"start":{"line":300,"column":4},"end":{"line":300,"column":53}},"184":{"start":{"line":300,"column":46},"end":{"line":300,"column":53}},"185":{"start":{"line":302,"column":4},"end":{"line":322,"column":68}},"186":{"start":{"line":303,"column":25},"end":{"line":303,"column":35}},"187":{"start":{"line":304,"column":8},"end":{"line":304,"column":49}},"188":{"start":{"line":305,"column":28},"end":{"line":305,"column":64}},"189":{"start":{"line":306,"column":25},"end":{"line":306,"column":119}},"190":{"start":{"line":307,"column":8},"end":{"line":320,"column":9}},"191":{"start":{"line":308,"column":26},"end":{"line":308,"column":63}},"192":{"start":{"line":309,"column":12},"end":{"line":309,"column":33}},"193":{"start":{"line":309,"column":24},"end":{"line":309,"column":33}},"194":{"start":{"line":311,"column":12},"end":{"line":311,"column":71}},"195":{"start":{"line":311,"column":37},"end":{"line":311,"column":71}},"196":{"start":{"line":313,"column":26},"end":{"line":313,"column":69}},"197":
[...]
,"C:\\Users\\fabio\\CascadeProjects\\barber-salon\\.worktrees\\production-launch\\lib\\security.js": {"path":"C:\\Users\\fabio\\CascadeProjects\\barber-salon\\.worktrees\\production-launch\\lib\\security.js","statementMap":{"0":{"start":{"line":9,"column":24},"end":{"line":9,"column":214}},"1":{"start":{"line":9,"column":205},"end":{"line":9,"column":213}},"2":{"start":{"line":15,"column":22},"end":{"line":15,"column":54}},"3":{"start":{"line":16,"column":4},"end":{"line":21,"column":6}},"4":{"start":{"line":27,"column":25},"end":{"line":34,"column":1}},"5":{"start":{"line":40,"column":4},"end":{"line":42,"column":7}},"6":{"start":{"line":41,"column":8},"end":{"line":41,"column":34}},"7":{"start":{"line":48,"column":21},"end":{"line":48,"column":30}},"8":{"start":{"line":59,"column":16},"end":{"line":59,"column":26}},"9":{"start":{"line":60,"column":19},"end":{"line":60,"column":33}},"10":{"start":{"line":61,"column":16},"end":{"line":61,"column":40}},"11":{"start":{"line":63,"column":4},"end":{"line":65,"column":5}},"12":{"start":{"line":64,"column":8},"end":{"line":64,"column":54}},"13":{"start":{"line":67,"column":4},"end":{"line":67,"column":18}},"14":{"start":{"line":68,"column":4},"end":{"line":68,"column":36}},"15":{"start":{"line":70,"column":4},"end":{"line":70,"column":37}},"16":{"start":{"line":77,"column":16},"end":{"line":77,"column":26}},"17":{"start":{"line":78,"column":18},"end":{"line":78,"column":19}},"18":{"start":{"line":79,"column":4},"end":{"line":84,"column":5}},"19":{"start":{"line":80,"column":8},"end":{"line":83,"column":9}},"20":{"start":{"line":81,"column":12},"end":{"line":81,"column":37}},"21":{"start":{"line":82,"column":12},"end":{"line":82,"column":22}},"22":{"start":{"line":85,"column":4},"end":{"line":87,"column":5}},"23":{"start":{"line":86,"column":8},"end":{"line":86,"column":72}},"24":{"start":{"line":94,"column":4},"end":{"line":97,"column":23}},"25":{"start":{"line":101,"column":0},"end":{"line":101,"column":49}},"26":{"start":{"line":103,"column":0},"end":{"line":111,"column":2}}},"fnMap":{"0":{"name":"(anonymous_0)","decl":{"start":{"line":9,"column":200},"end":{"line":9,"column":201}},"loc":{"start":{"line":9,"column":205},"end":{"line":9,"column":213}},"line":9},"1":{"name":"getCORSHeaders","decl":{"start":{"line":14,"column":9},"end":{"line":14,"column":23}},"loc":{"start":{"line":14,"column":32},"end":{"line":22,"column":1}},"line":14},"2":{"name":"applySecurityHeaders","decl":{"start":{"line":39,"column":9},"end":{"line":39,"column":29}},"loc":{"start":{"line":39,"column":35},"end":{"line":43,"column":1}},"line":39},"3":{"name":"(anonymous_3)","decl":{"start":{"line":40,"column":45},"end":{"line":40,"column":46}},"loc":{"start":{"line":40,"column":63},"end":{"line":42,"column":5}},"line":40},"4":{"name":"rateLimit","decl":{"start":{"line":58,"column":9},"end":{"line":58,"column":18}},"loc":{"start":{"line":58,"column":51},"end":{"line":71,"column":1}},"line":58},"5":{"name":"cleanupRateLimitMap","decl":{"start":{"line":76,"column":9},"end":{"line":76,"column":28}},"loc":{"start":{"line":76,"column":31},"end":{"line":88,"column":1}},"line":76},"6":{"name":"getClientIP","decl":{"start":{"line":93,"column":9},"end":{"line":93,"column":20}},"loc":{"start":{"line":93,"column":26},"end":{"line":98,"column":1}},"line":93}},"branchMap":{"0":{"loc":{"start":{"line":9,"column":25},"end":{"line":9,"column":183}},"type":"binary-expr","locations":[{"start":{"line":9,"column":25},"end":{"line":9,"column":52}},{"start":{"line":9,"column":56},"end":{"line":9,"column":183}}],"line":9},"1":{"loc":{"start":{"line":17,"column":39},"end":{"line":17,"column":78}},"type":"cond-expr","locations":[{"start":{"line":17,"column":51},"end":{"line":17,"column":57}},{"start":{"line":17,"column":60},"end":{"line":17,"column":78}}],"line":17},"2":{"loc":{"start":{"line":63,"column":4},"end":{"line":65,"column":5}},"type":"if","locations":[{"start":{"line":63,"column":4},"end":{"line":65,"column":5}},{"start":{},"end":{}}],"line":63},"3":{"loc":{"start":{"line":63,"column":8},"end":{"line":63,"column":37}},"type":"binary-expr","locations":[{"start":{"line":63,"column":8},"end":{"line":63,"column":14}},{"start":{"line":63,"column":18},"end":{"line":63,"column":37}}],"line":63},"4":{"loc":{"start":{"line":80,"column":8},"end":{"line":83,"column":9}},"type":"if","locations":[{"start":{"line":80,"column":8},"end":{"line":83,"column":9}},{"start":{},"end":{}}],"line":80},"5":{"loc":{"start":{"line":85,"column":4},"end":{"line":87,"column":5}},"type":"if","locations":[{"start":{"line":85,"column":4},"end":{"line":87,"column":5}},{"start":{},"end":{}}],"line":85},"6":{"loc":{"start":{"line":94,"column":11},"end":{"line":97,"column":22}},"type":"binary-expr","locations":[{"start":{"line":94,"column":11},"end":{"line":94,"column":63}},{"start":{"line":95,"column":11},"end":{"line":95,"column":35}},{"start":{"line":96,"column":11},"end":{"line":96,"column":36}},{"start":{"line":97,"column":11},"end":{"line":97,"column":22}}],"line":94}},"s":{"0":3,"1":18,"2":127,"3":127,"4":3,"5":0,"6":0,"7":3,"8":0,"9":0,"10":0,"11":0,"12":0,"13":0,"14":0,"15":0,"16":0,"17":0,"18":0,"19":0,"20":0,"21":0,"22":0,"23":0,"24":0,"25":3,"26":3},"f":{"0":18,"1":127,"2":0,"3":0,"4":0,"5":0,"6":0},"b":{"0":[3,3],"1":[2,125],"2":[0,0],"3":[0,0],"4":[0,0],"5":[0,0],"6":[0,0,0,0]},"_coverageSchema":"1a1c01bbd47fc00a2c39e90264f33305004495a9","hash":"f60568bbfe4636a8b3cb2e65a3a0667ae72a701e"}
,"C:\\Users\\fabio\\CascadeProjects\\barber-salon\\.worktrees\\production-launch\\lib\\validation.js": {"path":"C:\\Users\\fabio\\CascadeProjects\\barber-salon\\.worktrees\\production-launch\\lib\\validation.js","statementMap":{"0":{"start":{"line":5,"column":20},"end":{"line":5,"column":48}},"1":{"start":{"line":6,"column":28},"end":{"line":6,"column":29}},"2":{"start":{"line":7,"column":18},"end":{"line":7,"column":34}},"3":{"start":{"line":10,"column":4},"end":{"line":10,"column":92}},"4":{"start":{"line":10,"column":45},"end":{"line":10,"column":92}},"5":{"start":{"line":11,"column":4},"end":{"line":11,"column":83}},"6":{"start":{"line":11,"column":34},"end":{"line":11,"column":83}},"7":{"start":{"line":12,"column":4},"end":{"line":12,"column":27}},"8":{"start":{"line":16,"column":4},"end":{"line":16,"column":105}},"9":{"start":{"line":16,"column":51},"end":{"line":16,"column":105}},"10":{"start":{"line":17,"column":4},"end":{"line":17,"column":136}},"11":{"start":{"line":17,"column":47},"end":{"line":17,"column":136}},"12":{"start":{"line":18,"column":4},"end":{"line":18,"column":27}},"13":{"start":{"line":22,"column":4},"end":{"line":22,"column":97}},"14":{"start":{"line":22,"column":43},"end":{"line":22,"column":97}},"15":{"start":{"line":23,"column":4},"end":{"line":23,"column":93}},"16":{"start":{"line":23,"column":25},"end":{"line":23,"column":93}},"17":{"start":{"line":24,"column":4},"end":{"line":24,"column":97}},"18":{"start":{"line":24,"column":27},"end":{"line":24,"column":97}},"19":{"start":{"line":25,"column":4},"end":{"line":25,"column":27}},"20":{"start":{"line":29,"column":4},"end":{"line":29,"column":106}},"21":{"start":{"line":29,"column":45},"end":{"line":29,"column":106}},"22":{"start":{"line":31,"column":23},"end":{"line":31,"column":47}},"23":{"start":{"line":32,"column":4},"end":{"line":32,"column":94}},"24":{"start":{"line":32,"column":31},"end":{"line":32,"column":94}},"25":{"start":{"line":33,"column":4},"end":{"line":33,"column":27}},"26":{"start":{"line":37,"column":4},"end":{"line":37,"column":87}},"27":{"start":{"line":37,"column":41},"end":{"line":37,"column":87}},"28":{"start":{"line":38,"column":4},"end":{"line":38,"column":77}},"29":{"start":{"line":38,"column":30},"end":{"line":38,"column":77}},"30":{"start":{"line":39,"column":4},"end":{"line":44,"column":5}},"31":{"start":{"line":40,"column":8},"end":{"line":40,"column":21}},"32":{"start":{"line":41,"column":8},"end":{"line":41,"column":31}},"33":{"start":{"line":43,"column":8},"end":{"line":43,"column":55}},"34":{"start":{"line":48,"column":4},"end":{"line":48,"column":99}},"35":{"start":{"line":48,"column":43},"end":{"line":48,"column":99}},"36":{"start":{"line":49,"column":4},"end":{"line":49,"column":95}},"37":{"start":{"line":49,"column":25},"end":{"line":49,"column":95}},"38":{"start":{"line":50,"column":4},"end":{"line":50,"column":99}},"39":{"start":{"line":50,"column":27},"end":{"line":50,"column":99}},"40":{"start":{"line":51,"column":4},"end":{"line":51,"column":27}},"41":{"start":{"line":55,"column":16},"end":{"line":55,"column":32}},"42":{"start":{"line":56,"column":4},"end":{"line":56,"column":92}},"43":{"start":{"line":56,"column":38},"end":{"line":56,"column":92}},"44":{"start":{"line":57,"column":4},"end":{"line":57,"column":27}},"45":{"start":{"line":61,"column":16},"end":{"line":61,"column":29}},"46":{"start":{"line":62,"column":4},"end":{"line":62,"column":102}},"47":{"start":{"line":62,"column":45},"end":{"line":62,"column":102}},"48":{"start":{"line":63,"column":4},"end":{"line":63,"column":27}},"49":{"start":{"line":67,"column":4},"end":{"line":67,"column":88}},"50":{"start":{"line":67,"column":33},"end":{"line":67,"column":88}},"51":{"start":{"line":70,"column":4},"end":{"line":89,"column":5}},"52":{"start":{"line":71,"column":23},"end":{"line":71,"column":35}},"53":{"start":{"line":72,"column":25},"end":{"line":72,"column":40}},"54":{"start":{"line":74,"column":8},"end":{"line":76,"column":9}},"55":{"start":{"line":75,"column":12},"end":{"line":75,"column":76}},"56":{"start":{"line":78,"column":8},"end":{"line":80,"column":9}},"57":{"start":{"line":79,"column":12},"end":{"line":79,"column":80}},"58":{"start":{"line":82,"column":8},"end":{"line":84,"column":9}},"59":{"start":{"line":83,"column":12},"end":{"line":83,"column":68}},"60":{"start":{"line":86,"column":8},"end":{"line":86,"column":31}},"61":{"start":{"line":88,"column":8},"end":{"line":88,"column":63}},"62":{"start":{"line":93,"column":4},"end":{"line":93,"column":105}},"63":{"start":{"line":93,"column":50},"end":{"line":93,"column":105}},"64":{"start":{"line":94,"column":4},"end":{"line":94,"column":27}},"65":{"start":{"line":97,"column":0},"end":{"line":108,"column":2}}},"fnMap":{"0":{"name":"validateEmail","decl":{"start":{"line":9,"column":9},"end":{"line":9,"column":22}},"loc":{"start":{"line":9,"column":30},"end":{"line":13,"column":1}},"line":9},"1":{"name":"validatePassword","decl":{"start":{"line":15,"column":9},"end":{"line":15,"column":25}},"loc":{"start":{"line":15,"column":36},"end":{"line":19,"column":1}},"line":15},"2":{"name":"validateSalonName","decl":{"start":{"line":21,"column":9},"end":{"line":21,"column":26}},"loc":{"start":{"line":21,"column":33},"end":{"line":26,"column":1}},"line":21},"3":{"name":"validatePhoneNumber","decl":{"start":{"line":28,"column":9},"end":{"line":28,"column":28}},"loc":{"start":{"line":28,"column":36},"end":{"line":34,"column":1}},"line":28},"4":{"name":"validateURL","decl":{"start":{"line":36,"column":9},"end":{"line":36,"column":20}},"loc":{"start":{"line":36,"column":26},"end":{"line":45,"column":1}},"line":36},"5":{"name":"validateServiceName","decl":{"start":{"line":47,"column":9},"end":{"line":47,"column":28}},"loc":{"start":{"line":47,"column":35},"end":{"line":52,"column":1}},"line":47},"6":{"name":"validateDuration","decl":{"start":{"line":54,"column":9},"end":{"line":54,"column":25}},"loc":{"start":{"line":54,"column":36},"end":{"line":58,"column":1}},"line":54},"7":{"name":"validatePrice","decl":{"start":{"line":60,"column":9},"end":{"line":60,"column":22}},"loc":{"start":{"line":60,"column":30},"end":{"line":64,"column":1}},"line":60},"8":{"name":"validateWebhookURL","decl":{"start":{"line":66,"column":9},"end":{"line":66,"column":27}},"loc":{"start":{"line":66,"column":33},"end":{"line":90,"column":1}},"line":66},"9":{"name":"validateHexColor","decl":{"start":{"line":92,"column":9},"end":{"line":92,"column":25}},"loc":{"start":{"line":92,"column":33},"end":{"line":95,"column":1}},"line":92}},"branchMap":{"0":{"loc":{"start":{"line":10,"column":4},"end":{"line":10,"column":92}},"type":"if","locations":[{"start":{"line":10,"column":4},"end":{"line":10,"column":92}},{"start":{},"end":{}}],"line":10},"1":{"loc":{"start":{"line":10,"column":8},"end":{"line":10,"column":43}},"type":"binary-expr","locations":[{"start":{"line":10,"column":8},"end":{"line":10,"column":14}},{"start":{"line":10,"column":18},"end":{"line":10,"column":43}}],"line":10},"2":{"loc":{"start":{"line":11,"column":4},"end":{"line":11,"column":83}},"type":"if","locations":[{"start":{"line":11,"column":4},"end":{"line":11,"column":83}},{"start":{},"end":{}}],"line":11},"3":{"loc":{"start":{"line":16,"column":4},"end":{"line":16,"column":105}},"type":"if","locations":[{"start":{"line":16,"column":4},"end":{"line":16,"column":105}},{"start":{},"end":{}}],"line":16},"4":{"loc":{"start":{"line":16,"column":8},"end":{"line":16,"column":49}},"type":"binary-expr","locations":[{"start":{"line":16,"column":8},"end":{"line":16,"column":17}},{"start":{"line":16,"column":21},"end":{"line":16,"column":49}}],"line":16},"5":{"loc":{"start":{"line":17,"column":4},"end":{"line":17,"column":136}},"type":"if","locations":[{"start":{"line":17,"column":4},"end":{"line":17,"column":136}},{"start":{},"end":{}}],"line":17},"6":{"loc":{"start":{"line":22,"column":4},"end":{"line":22,"column":97}},"type":"if","locations":[{"start":{"line":22,"column":4},"end":{"line":22,"column":97}},{"start":{},"end":{}}],"line":22},"7":{"loc":{"start":{"line":22,"column":8},"end":{"line":22,"column":41}},"type":"binary-expr","locations":[{"start":{"line":22,"column":8},"end":{"line":22,"column":13}},{"start":{"line":22,"column":17},"end":{"line":22,"column":41}}],"line":22},"8":{"loc":{"start":{"line":23,"column":4},"end":{"line":23,"column":93}},"type":"if","locations":[{"start":{"line":23,"column":4},"end":{"line":23,"column":93}},{"start":{},"end":{}}],"line":23},"9":{"loc":{"start":{"line":24,"column":4},"end":{"line":24,"column":97}},"type":"if","locations":[{"start":{"line":24,"column":4},"end":{"line":24,"column":97}},{"start":{},"end":{}}],"line":24},"10":{"loc":{"start":{"line":29,"column":4},"end":{"line":29,"column":106}},"type":"if","locations":[{"start":{"line":29,"column":4},"end":{"line":29,"column":106}},{"start":{},"end":{}}],"line":29},"11":{"loc":{"start":{"line":29,"column":8},"end":{"line":29,"column":43}},"type":"binary-expr","locations":[{"start":{"line":29,"column":8},"end":{"line":29,"column":14}},{"start":{"line":29,"column":18},"end":{"line":29,"column":43}}],"line":29},"12":{"loc":{"start":{"line":32,"column":4},"end":{"line":32,"column":94}},"type":"if","locations":[{"start":{"line":32,"column":4},"end":{"line":32,"column":94}},{"start":{},"end":{}}],"line":32},"13":{"loc":{"start":{"line":37,"column":4},"end":{"line":37,"column":87}},"type":"if","locations":[{"start":{"line":37,"column":4},"end":{"line":37,"column":87}},{"start":{},"end":{}}],"line":37},"14":{"loc":{"start":{"line":37,"column":8},"end":{"line":37,"column":39}},"type":"binary-expr","locations":[{"start":{"line":37,"column":8},"end":{"line":37,"column":12}},{"start":{"line":37,"column":16},"end":{"line":37,"column":39}}],"line":37},"15":{"loc":{"start":{"line":38,"column":4},"end":{"line":38,"column":77}},"type":"if","locations":[{"start":{"line":38,"column":4},"end":{"line":38,"column":77}},{"start":{},"end":{}}],"line":38},"16":{"loc":{"start":{"line":48,"column":4},"end":{"line":48,"column":99}},"type":"if","locations":[{"start":{"line":48,"column":4},"end":{"line":48,"column":99}},{"start":{},"end":{}}],"line":48},"17":{"loc":{"start":{"line":48,"column":8},"end":{"line":48,"column":41}},"type":"binary-expr","locations":[{"start":{"line":48,"column":8},"end":{"line":48,"column":13}},{"start":{"line":48,"column":17},"end":{"line":48,"column":41}}],"line":48},"18":{"loc":{"start":{"line":49,"column":4},"end":{"line":49,"column":95}},"type":"if","locations":[{"start":{"line":49,"column":4},"end":{"line":49,"column":95}},{"start":{},"end":{}}],"line":49},"19":{"loc":{"start":{"line":50,"column":4},"end":{"line":50,"column":99}},"type":"if","locations":[{"start":{"line":50,"column":4},"end":{"line":50,"column":99}},{"start":{},"end":{}}],"line":50},"20":{"loc":{"start":{"line":56,"column":4},"end":{"line":56,"column":92}},"type":"if","locations":[{"start":{"line":56,"column":4},"end":{"line":56,"column":92}},{"start":{},"end":{}}],"line":56},"21":{"loc":{"start":{"line":56,"column":8},"end":{"line":56,"column":36}},"type":"binary-expr","locations":[{"start":{"line":56,"column":8},"end":{"line":56,"column":12}},{"start":{"line":56,"column":16},"end":{"line":56,"column":23}},{"start":{"line":56,"column":27},"end":{"line":56,"column":36}}],"line":56},"22":{"loc":{"start":{"line":62,"column":4},"end":{"line":62,"column":102}},"type":"if","locations":[{"start":{"line":62,"column":4},"end":{"line":62,"column":102}},{"start":{},"end":{}}],"line":62},"23":{"loc":{"start":{"line":62,"column":8},"end":{"line":62,"column":43}},"type":"binary-expr","locations":[{"start":{"line":62,"column":8},"end":{"line":62,"column":18}},{"start":{"line":62,"column":22},"end":{"line":62,"column":29}},{"start":{"line":62,"column":33},"end":{"line":62,"column":43}}],"line":62},"24":{"loc":{"start":{"line":67,"column":4},"end":{"line":67,"column":88}},"type":"if","locations":[{"start":{"line":67,"column":4},"end":{"line":67,"column":88}},{"start":{},"end":{}}],"line":67},"25":{"loc":{"start":{"line":74,"column":8},"end":{"line":76,"column":9}},"type":"if","locations":[{"start":{"line":74,"column":8},"end":{"line":76,"column":9}},{"start":{},"end":{}}],"line":74},"26":{"loc":{"start":{"line":74,"column":12},"end":{"line":74,"column":64}},"type":"binary-expr","locations":[{"start":{"line":74,"column":12},"end":{"line":74,"column":36}},{"start":{"line":74,"column":40},"end":{"line":74,"column":64}}],"line":74},"27":{"loc":{"start":{"line":78,"column":8},"end":{"line":80,"column":9}},"type":"if","locations":[{"start":{"line":78,"column":8},"end":{"line":80,"column":9}},{"start":{},"end":{}}],"line":78},"28":{"loc":{"start":{"line":82,"column":8},"end":{"line":84,"column":9}},"type":"if","locations":[{"start":{"line":82,"column":8},"end":{"line":84,"column":9}},{"start":{},"end":{}}],"line":82},"29":{"loc":{"start":{"line":93,"column":4},"end":{"line":93,"column":105}},"type":"if","locations":[{"start":{"line":93,"column":4},"end":{"line":93,"column":105}},{"start":{},"end":{}}],"line":93},"30":{"loc":{"start":{"line":93,"column":8},"end":{"line":93,"column":48}},"type":"binary-expr","locations":[{"start":{"line":93,"column":8},"end":{"line":93,"column":14}},{"start":{"line":93,"column":18},"end":{"line":93,"column":48}}],"line":93}},"s":{"0":1,"1":1,"2":1,"3":3,"4":1,"5":2,"6":1,"7":1,"8":3,"9":1,"10":2,"11":1,"12":1,"13":3,"14":0,"15":3,"16":1,"17":2,"18":1,"19":1,"20":3,"21":0,"22":3,"23":3,"24":1,"25":2,"26":7,"27":0,"28":7,"29":1,"30":6,"31":6,"32":6,"33":0,"34":0,"35":0,"36":0,"37":0,"38":0,"39":0,"40":0,"41":3,"42":3,"43":2,"44":1,"45":3,"46":3,"47":2,"48":1,"49":4,"50":0,"51":4,"52":4,"53":4,"54":4,"55":1,"56":3,"57":1,"58":2,"59":1,"60":1,"61":0,"62":3,"63":2,"64":1,"65":1},"f":{"0":3,"1":3,"2":3,"3":3,"4":7,"5":0,"6":3,"7":3,"8":4,"9":3},"b":{"0":[1,2],"1":[3,2],"2":[1,1],"3":[1,2],"4":[3,2],"5":[1,1],"6":[0,3],"7":[3,3],"8":[1,2],"9":[1,1],"10":[0,3],"11":[3,3],"12":[1,2],"13":[0,7],"14":[7,7],"15":[1,6],"16":[0,0],"17":[0,0],"18":[0,0],"19":[0,0],"20":[2,1],"21":[3,3,2],"22":[2,1],"23":[3,3,2],"24":[0,4],"25":[1,3],"26":[4,3],"27":[1,2],"28":[1,1],"29":[2,1],"30":[3,3]},"_coverageSchema":"1a1c01bbd47fc00a2c39e90264f33305004495a9","hash":"8fdb45a03bd9f3328f3dda3f1dcbda5631a9cf80"}
}
