TN:
SF:db.js
FN:24,connectDB
FN:61,getDB
FN:66,genId
FN:69,withStringId
FN:76,seedIfEmpty
FN:154,(anonymous_5)
FN:157,(anonymous_6)
FN:160,(anonymous_7)
FN:163,(anonymous_8)
FN:168,(anonymous_9)
FN:172,(anonymous_10)
FN:181,(anonymous_11)
FN:184,(anonymous_12)
FN:187,(anonymous_13)
FN:190,(anonymous_14)
FN:193,(anonymous_15)
FN:199,(anonymous_16)
FN:202,(anonymous_17)
FN:207,(anonymous_18)
FN:210,(anonymous_19)
FN:219,(anonymous_20)
FN:222,(anonymous_21)
FN:225,(anonymous_22)
FN:228,(anonymous_23)
FN:260,(anonymous_24)
FN:267,(anonymous_25)
FN:271,(anonymous_26)
FN:276,(anonymous_27)
FN:281,(anonymous_28)
FN:284,(anonymous_29)
FN:309,(anonymous_30)
FN:312,(anonymous_31)
FN:316,(anonymous_32)
FN:321,(anonymous_33)
FN:324,(anonymous_34)
FN:327,(anonymous_35)
FN:332,(anonymous_36)
FN:336,(anonymous_37)
FN:341,(anonymous_38)
FN:345,(anonymous_39)
FN:350,(anonymous_40)
FN:353,(anonymous_41)
FN:358,(anonymous_42)
FN:363,(anonymous_43)
FN:364,(anonymous_44)
FN:365,(anonymous_45)
FN:366,(anonymous_46)
FN:367,(anonymous_47)
FNF:48
FNH:6
FNDA:4,connectDB
FNDA:81,getDB
FNDA:0,genId
FNDA:0,withStringId
FNDA:0,seedIfEmpty
FNDA:0,(anonymous_5)
FNDA:0,(anonymous_6)
FNDA:39,(anonymous_7)
FNDA:0,(anonymous_8)
FNDA:0,(anonymous_9)
FNDA:0,(anonymous_10)
FNDA:0,(anonymous_11)
FNDA:23,(anonymous_12)
FNDA:0,(anonymous_13)
FNDA:0,(anonymous_14)
FNDA:0,(anonymous_15)
FNDA:0,(anonymous_16)
FNDA:0,(anonymous_17)
FNDA:0,(anonymous_18)
FNDA:0,(anonymous_19)
FNDA:0,(anonymous_20)
FNDA:18,(anonymous_21)
FNDA:0,(anonymous_22)
FNDA:0,(anonymous_23)
FNDA:0,(anonymous_24)
FNDA:0,(anonymous_25)
FNDA:0,(anonymous_26)
FNDA:0,(anonymous_27)
FNDA:0,(anonymous_28)
FNDA:0,(anonymous_29)
FNDA:0,(anonymous_30)
FNDA:0,(anonymous_31)
FNDA:0,(anonymous_32)
FNDA:1,(anonymous_33)
FNDA:0,(anonymous_34)
FNDA:0,(anonymous_35)
FNDA:0,(anonymous_36)
FNDA:0,(anonymous_37)
FNDA:0,(anonymous_38)
FNDA:0,(anonymous_39)
FNDA:0,(anonymous_40)
FNDA:0,(anonymous_41)
FNDA:0,(anonymous_42)
FNDA:0,(anonymous_43)
FNDA:0,(anonymous_44)
FNDA:0,(anonymous_45)
FNDA:0,(anonymous_46)
FNDA:0,(anonymous_47)
DA:5,4
DA:6,4
DA:7,4
DA:10,4
DA:11,0
DA:12,0
DA:13,0
DA:15,0
DA:16,0
DA:18,4
DA:19,4
DA:25,4
DA:27,4
DA:28,4
DA:30,4
DA:31,4
DA:35,4
DA:36,4
DA:39,4
DA:40,4
DA:43,4
DA:44,4
DA:45,4
DA:46,4
DA:47,4
DA:48,4
DA:49,4
DA:50,4
DA:51,4
DA:53,4
DA:55,0
DA:56,0
DA:57,0
DA:62,81
DA:63,81
DA:66,0
DA:70,0
DA:71,0
DA:72,0
DA:77,0
DA:78,0
DA:79,0
DA:81,0
DA:82,0
DA:83,0
DA:84,0
DA:85,0
DA:86,0
DA:88,0
DA:128,0
DA:138,0
DA:143,0
DA:148,4
DA:155,0
DA:158,0
DA:161,39
DA:164,0
DA:165,0
DA:166,0
DA:169,0
DA:170,0
DA:173,0
DA:174,0
DA:175,0
DA:176,0
DA:177,0
DA:182,0
DA:185,23
DA:188,0
DA:191,0
DA:194,0
DA:195,0
DA:196,0
DA:197,0
DA:200,0
DA:203,0
DA:204,0
DA:205,0
DA:208,0
DA:211,0
DA:212,0
DA:214,0
DA:215,0
DA:220,0
DA:223,18
DA:226,0
DA:229,0
DA:230,0
DA:231,0
DA:234,0
DA:242,0
DA:243,0
DA:244,0
DA:245,0
DA:249,0
DA:257,0
DA:258,0
DA:261,0
DA:262,0
DA:264,0
DA:265,0
DA:268,0
DA:269,0
DA:272,0
DA:273,0
DA:274,0
DA:277,0
DA:282,0
DA:285,0
DA:288,0
DA:289,0
DA:290,0
DA:292,0
DA:293,0
DA:294,0
DA:297,0
DA:298,0
DA:299,0
DA:302,0
DA:307,0
DA:310,0
DA:313,0
DA:314,0
DA:317,0
DA:322,1
DA:325,0
DA:328,0
DA:329,0
DA:330,0
DA:333,0
DA:334,0
DA:337,0
DA:342,0
DA:343,0
DA:346,0
DA:351,0
DA:354,0
DA:355,0
DA:356,0
DA:359,0
DA:363,0
DA:364,0
DA:365,0
DA:366,0
DA:367,0
DA:370,4
LF:146
LH:33
BRDA:10,0,0,0
BRDA:10,0,1,4
BRDA:11,1,0,0
BRDA:11,1,1,0
BRDA:25,2,0,0
BRDA:25,2,1,4
BRDA:62,3,0,0
BRDA:62,3,1,81
BRDA:70,4,0,0
BRDA:70,4,1,0
BRDA:71,5,0,0
BRDA:71,5,1,0
BRDA:71,6,0,0
BRDA:71,6,1,0
BRDA:79,7,0,0
BRDA:79,7,1,0
BRDA:154,8,0,0
BRDA:181,9,0,0
BRDA:211,10,0,0
BRDA:211,10,1,0
BRDA:219,11,0,0
BRDA:230,12,0,0
BRDA:230,12,1,0
BRDA:244,13,0,0
BRDA:244,13,1,0
BRDA:244,14,0,0
BRDA:244,14,1,0
BRDA:252,15,0,0
BRDA:252,15,1,0
BRDA:253,16,0,0
BRDA:253,16,1,0
BRDA:261,17,0,0
BRDA:261,17,1,0
BRDA:268,18,0,0
BRDA:268,18,1,0
BRDA:281,19,0,0
BRDA:289,20,0,0
BRDA:289,20,1,0
BRDA:290,21,0,0
BRDA:290,21,1,0
BRDA:293,22,0,0
BRDA:293,22,1,0
BRDA:297,23,0,0
BRDA:297,23,1,0
BRDA:298,24,0,0
BRDA:298,24,1,0
BRDA:298,25,0,0
BRDA:298,25,1,0
BRDA:303,26,0,0
BRDA:303,26,1,0
BRDA:316,27,0,0
BRDA:321,28,0,0
BRDA:336,29,0,0
BRDA:341,30,0,0
BRDA:345,31,0,0
BRDA:350,32,0,0
BRDA:365,33,0,0
BRF:57
BRH:3
end_of_record
TN:
SF:email.js
FN:14,buildConfirmationEmail
FN:101,formatDateFR
FN:111,sendBookingConfirmation
FN:144,sendOTPEmail
FN:178,sendWelcomeEmail
FN:309,sendPasswordResetEmail
FN:366,sendReminderEmail
FN:435,sendCancellationConfirmation
FN:492,sendCancellationAlertToOwner
FN:561,sendAdminNewSubscriptionEmail
FN:609,sendEmployeeBookingNotification
FN:649,sendEmail
FN:663,sendReferralRewardEmail
FN:722,sendPaymentFailedEmail
FN:775,sendReviewRequestEmail
FNF:15
FNH:1
FNDA:0,buildConfirmationEmail
FNDA:0,formatDateFR
FNDA:0,sendBookingConfirmation
FNDA:0,sendOTPEmail
FNDA:0,sendWelcomeEmail
FNDA:0,sendPasswordResetEmail
FNDA:0,sendReminderEmail
FNDA:0,sendCancellationConfirmation
FNDA:0,sendCancellationAlertToOwner
FNDA:0,sendAdminNewSubscriptionEmail
FNDA:0,sendEmployeeBookingNotification
FNDA:1,sendEmail
FNDA:0,sendReferralRewardEmail
FNDA:0,sendPaymentFailedEmail
FNDA:0,sendReviewRequestEmail
DA:6,3
DA:9,3
DA:11,3
DA:15,0
DA:16,0
DA:18,0
DA:102,0
DA:103,0
DA:104,0
DA:105,0
DA:106,0
DA:107,0
DA:112,0
DA:113,0
DA:114,0
DA:115,0
DA:118,0
DA:119,0
DA:122,0
DA:124,0
DA:125,0
DA:132,0
DA:133,0
DA:134,0
DA:137,0
DA:139,0
DA:145,0
DA:146,0
DA:148,0
DA:149,0
DA:165,0
DA:166,0
DA:167,0
DA:170,0
DA:171,0
DA:173,0
DA:174,0
DA:179,0
DA:180,0
DA:181,0
DA:182,0
DA:183,0
DA:185,0
DA:186,0
DA:298,0
DA:299,0
DA:300,0
DA:302,0
DA:304,0
DA:310,0
DA:311,0
DA:313,0
DA:314,0
DA:357,0
DA:358,0
DA:359,0
DA:361,0
DA:362,0
DA:367,0
DA:368,0
DA:369,0
DA:370,0
DA:371,0
DA:372,0
DA:373,0
DA:430,0
DA:431,0
DA:432,0
DA:436,0
DA:437,0
DA:438,0
DA:439,0
DA:440,0
DA:441,0
DA:442,0
DA:487,0
DA:488,0
DA:489,0
DA:493,0
DA:494,0
DA:495,0
DA:496,0
DA:497,0
DA:498,0
DA:499,0
DA:555,0
DA:556,0
DA:557,0
DA:562,0
DA:563,0
DA:564,0
DA:565,0
DA:566,0
DA:568,0
DA:569,0
DA:602,0
DA:604,0
DA:610,0
DA:611,0
DA:612,0
DA:613,0
DA:614,0
DA:615,0
DA:616,0
DA:642,0
DA:644,0
DA:650,1
DA:651,1
DA:652,1
DA:653,1
DA:655,0
DA:656,0
DA:660,3
DA:664,0
DA:665,0
DA:667,0
DA:708,0
DA:709,0
DA:715,0
DA:717,0
DA:723,0
DA:724,0
DA:725,0
DA:726,0
DA:761,0
DA:762,0
DA:768,0
DA:770,0
DA:776,0
DA:777,0
DA:778,0
DA:780,0
DA:819,0
DA:820,0
DA:826,0
DA:828,0
LF:136
LH:8
BRDA:15,0,0,0
BRDA:15,0,1,0
BRDA:16,1,0,0
BRDA:16,1,1,0
BRDA:46,2,0,0
BRDA:46,2,1,0
BRDA:60,3,0,0
BRDA:60,3,1,0
BRDA:72,4,0,0
BRDA:72,4,1,0
BRDA:72,5,0,0
BRDA:72,5,1,0
BRDA:75,6,0,0
BRDA:75,6,1,0
BRDA:76,7,0,0
BRDA:76,7,1,0
BRDA:86,8,0,0
BRDA:86,8,1,0
BRDA:87,9,0,0
BRDA:87,9,1,0
BRDA:113,10,0,0
BRDA:113,10,1,0
BRDA:113,11,0,0
BRDA:113,11,1,0
BRDA:118,12,0,0
BRDA:118,12,1,0
BRDA:119,13,0,0
BRDA:119,13,1,0
BRDA:122,14,0,0
BRDA:122,14,1,0
BRDA:132,15,0,0
BRDA:132,15,1,0
BRDA:144,16,0,0
BRDA:145,17,0,0
BRDA:145,17,1,0
BRDA:146,18,0,0
BRDA:146,18,1,0
BRDA:165,19,0,0
BRDA:165,19,1,0
BRDA:179,20,0,0
BRDA:179,20,1,0
BRDA:179,20,2,0
BRDA:180,21,0,0
BRDA:180,21,1,0
BRDA:181,22,0,0
BRDA:181,22,1,0
BRDA:182,23,0,0
BRDA:182,23,1,0
BRDA:183,24,0,0
BRDA:183,24,1,0
BRDA:215,25,0,0
BRDA:215,25,1,0
BRDA:273,26,0,0
BRDA:273,26,1,0
BRDA:298,27,0,0
BRDA:298,27,1,0
BRDA:310,28,0,0
BRDA:310,28,1,0
BRDA:311,29,0,0
BRDA:311,29,1,0
BRDA:330,30,0,0
BRDA:330,30,1,0
BRDA:357,31,0,0
BRDA:357,31,1,0
BRDA:367,32,0,0
BRDA:367,32,1,0
BRDA:367,32,2,0
BRDA:368,33,0,0
BRDA:368,33,1,0
BRDA:369,34,0,0
BRDA:369,34,1,0
BRDA:370,35,0,0
BRDA:370,35,1,0
BRDA:371,36,0,0
BRDA:371,36,1,0
BRDA:371,37,0,0
BRDA:371,37,1,0
BRDA:395,38,0,0
BRDA:395,38,1,0
BRDA:409,39,0,0
BRDA:409,39,1,0
BRDA:418,40,0,0
BRDA:418,40,1,0
BRDA:430,41,0,0
BRDA:430,41,1,0
BRDA:436,42,0,0
BRDA:436,42,1,0
BRDA:436,42,2,0
BRDA:437,43,0,0
BRDA:437,43,1,0
BRDA:438,44,0,0
BRDA:438,44,1,0
BRDA:439,45,0,0
BRDA:439,45,1,0
BRDA:440,46,0,0
BRDA:440,46,1,0
BRDA:464,47,0,0
BRDA:464,47,1,0
BRDA:487,48,0,0
BRDA:487,48,1,0
BRDA:493,49,0,0
BRDA:493,49,1,0
BRDA:494,50,0,0
BRDA:494,50,1,0
BRDA:495,51,0,0
BRDA:495,51,1,0
BRDA:496,52,0,0
BRDA:496,52,1,0
BRDA:497,53,0,0
BRDA:497,53,1,0
BRDA:526,54,0,0
BRDA:526,54,1,0
BRDA:532,55,0,0
BRDA:532,55,1,0
BRDA:555,56,0,0
BRDA:555,56,1,0
BRDA:562,57,0,0
BRDA:562,57,1,0
BRDA:563,58,0,0
BRDA:563,58,1,0
BRDA:564,59,0,0
BRDA:564,59,1,0
BRDA:565,60,0,0
BRDA:565,60,1,0
BRDA:565,60,2,0
BRDA:610,61,0,0
BRDA:610,61,1,0
BRDA:610,62,0,0
BRDA:610,62,1,0
BRDA:611,63,0,0
BRDA:611,63,1,0
BRDA:611,63,2,0
BRDA:612,64,0,0
BRDA:612,64,1,0
BRDA:613,65,0,0
BRDA:613,65,1,0
BRDA:614,66,0,0
BRDA:614,66,1,0
BRDA:631,67,0,0
BRDA:631,67,1,0
BRDA:633,68,0,0
BRDA:633,68,1,0
BRDA:634,69,0,0
BRDA:634,69,1,0
BRDA:635,70,0,0
BRDA:635,70,1,0
BRDA:637,71,0,0
BRDA:637,71,1,0
BRDA:650,72,0,1
BRDA:650,72,1,0
BRDA:651,73,0,1
BRDA:651,73,1,1
BRDA:664,74,0,0
BRDA:664,74,1,0
BRDA:665,75,0,0
BRDA:665,75,1,0
BRDA:723,76,0,0
BRDA:723,76,1,0
BRDA:724,77,0,0
BRDA:724,77,1,0
BRDA:725,78,0,0
BRDA:725,78,1,0
BRDA:776,79,0,0
BRDA:776,79,1,0
BRDA:777,80,0,0
BRDA:777,80,1,0
BRDA:778,81,0,0
BRDA:778,81,1,0
BRDA:800,82,0,0
BRDA:800,82,1,0
BRDA:800,83,0,0
BRDA:800,83,1,0
BRDA:821,84,0,0
BRDA:821,84,1,0
BRF:174
BRH:3
end_of_record
TN:
SF:server.js
FN:55,slugify
FN:60,makeUniqueSlug
FN:71,escHtml
FN:75,json
FN:86,parseBody
FN:87,(anonymous_5)
FN:90,(anonymous_6)
FN:98,(anonymous_7)
FN:102,(anonymous_8)
FN:106,parseMultipart
FN:107,(anonymous_10)
FN:114,(anonymous_11)
FN:115,(anonymous_12)
FN:145,(anonymous_13)
FN:150,uploadImageBuffer
FN:155,(anonymous_15)
FN:168,(anonymous_16)
FN:184,createToken
FN:196,verifySalonAccess
FN:206,verifyToken
FN:225,rateLimit
FN:235,(anonymous_21)
FN:242,(anonymous_22)
FN:248,cancelStalePendingPayments
FN:266,sendPendingReminders
FN:284,(anonymous_25)
FN:298,sendPendingReviewRequests
FN:336,timeToMinutes
FN:342,hasConflict
FN:368,route
FN:383,(anonymous_30)
FN:396,(anonymous_31)
FN:401,(anonymous_32)
FN:419,(anonymous_33)
FN:421,(anonymous_34)
FN:429,(anonymous_35)
FN:440,(anonymous_36)
FN:456,(anonymous_37)
FN:464,(anonymous_38)
FN:468,(anonymous_39)
FN:485,(anonymous_40)
FN:540,(anonymous_41)
FN:545,(anonymous_42)
FN:571,(anonymous_43)
FN:588,(anonymous_44)
FN:594,(anonymous_45)
FN:601,(anonymous_46)
FN:621,(anonymous_47)
FN:630,(anonymous_48)
FN:638,(anonymous_49)
FN:661,(anonymous_50)
FN:735,(anonymous_51)
FN:759,(anonymous_52)
FN:778,(anonymous_53)
FN:788,(anonymous_54)
FN:811,(anonymous_55)
FN:841,(anonymous_56)
FN:856,(anonymous_57)
FN:884,(anonymous_58)
FN:900,(anonymous_59)
FN:920,(anonymous_60)
FN:926,(anonymous_61)
FN:927,(anonymous_62)
FN:933,(anonymous_63)
FN:949,(anonymous_64)
FN:954,(anonymous_65)
FN:955,(anonymous_66)
FN:961,(anonymous_67)
FN:967,(anonymous_68)
FN:973,(anonymous_69)
FN:981,(anonymous_70)
FN:1002,(anonymous_71)
FN:1008,(anonymous_72)
FN:1010,(anonymous_73)
FN:1013,(anonymous_74)
FN:1018,(anonymous_75)
FN:1024,(anonymous_76)
FN:1051,(anonymous_77)
FN:1080,(anonymous_78)
FN:1087,(anonymous_79)
FN:1093,(anonymous_80)
FN:1097,(anonymous_81)
FN:1103,(anonymous_82)
FN:1107,(anonymous_83)
FN:1111,(anonymous_84)
FN:1115,(anonymous_85)
FN:1123,(anonymous_86)
FN:1123,(anonymous_87)
FN:1125,(anonymous_88)
FN:1133,(anonymous_89)
FN:1141,(anonymous_90)
FN:1162,(anonymous_91)
FN:1170,(anonymous_92)
FN:1174,(anonymous_93)
FN:1177,(anonymous_94)
FN:1184,(anonymous_95)
FN:1190,(anonymous_96)
FN:1197,(anonymous_97)
FN:1198,(anonymous_98)
FN:1203,(anonymous_99)
FN:1245,(anonymous_100)
FN:1264,(anonymous_101)
FN:1284,(anonymous_102)
FN:1302,(anonymous_103)
FN:1318,(anonymous_104)
FN:1319,(anonymous_105)
FN:1322,(anonymous_106)
FN:1331,(anonymous_107)
FN:1350,(anonymous_108)
FN:1396,(anonymous_109)
FN:1402,(anonymous_110)
FN:1412,(anonymous_111)
FN:1417,(anonymous_112)
FN:1418,(anonymous_113)
FN:1422,(anonymous_114)
FN:1451,(anonymous_115)
FN:1466,(anonymous_116)
FN:1474,(anonymous_117)
FN:1481,(anonymous_118)
FN:1490,(anonymous_119)
FN:1500,(anonymous_120)
FN:1509,(anonymous_121)
FN:1523,(anonymous_122)
FN:1538,(anonymous_123)
FN:1591,(anonymous_124)
FN:1626,(anonymous_125)
FN:1631,(anonymous_126)
FN:1658,(anonymous_127)
FN:1660,generateUniqueReferralCode
FN:1774,(anonymous_129)
FN:1822,(anonymous_130)
FN:1935,(anonymous_131)
FN:1937,(anonymous_132)
FN:1939,(anonymous_133)
FN:1940,(anonymous_134)
FN:2166,(anonymous_135)
FN:2205,(anonymous_136)
FN:2236,(anonymous_137)
FN:2255,triggerWebhooks
FN:2256,(anonymous_139)
FN:2276,(anonymous_140)
FN:2283,(anonymous_141)
FN:2284,(anonymous_142)
FN:2294,(anonymous_143)
FN:2334,(anonymous_144)
FN:2362,(anonymous_145)
FN:2381,(anonymous_146)
FN:2432,(anonymous_147)
FN:2444,(anonymous_148)
FN:2465,(anonymous_149)
FN:2482,(anonymous_150)
FN:2494,(anonymous_151)
FN:2529,(anonymous_152)
FN:2534,(anonymous_153)
FN:2544,(anonymous_154)
FN:2552,(anonymous_155)
FN:2556,(anonymous_156)
FN:2557,(anonymous_157)
FN:2559,(anonymous_158)
FN:2569,(anonymous_159)
FN:2569,(anonymous_160)
FN:2576,(anonymous_161)
FN:2583,(anonymous_162)
FN:2586,(anonymous_163)
FN:2586,(anonymous_164)
FN:2590,(anonymous_165)
FN:2595,(anonymous_166)
FN:2596,(anonymous_167)
FN:2597,(anonymous_168)
FN:2606,(anonymous_169)
FN:2621,(anonymous_170)
FN:2631,(anonymous_171)
FN:2632,(anonymous_172)
FN:2636,(anonymous_173)
FN:2637,(anonymous_174)
FN:2642,(anonymous_175)
FN:2687,(anonymous_176)
FN:2702,(anonymous_177)
FN:2713,(anonymous_178)
FN:2724,(anonymous_179)
FN:2775,(anonymous_180)
FN:2785,(anonymous_181)
FN:2803,(anonymous_182)
FN:2818,(anonymous_183)
FN:2841,(anonymous_184)
FN:2847,(anonymous_185)
FN:2879,sendPushToSalon
FN:2886,(anonymous_187)
FN:2890,(anonymous_188)
FN:2891,(anonymous_189)
FN:2899,(anonymous_190)
FN:2910,(anonymous_191)
FN:2917,(anonymous_192)
FN:2925,(anonymous_193)
FN:2931,(anonymous_194)
FN:2936,(anonymous_195)
FN:2946,(anonymous_196)
FN:2979,(anonymous_197)
FN:2989,(anonymous_198)
FN:3005,(anonymous_199)
FN:3038,(anonymous_200)
FN:3045,(anonymous_201)
FN:3103,(anonymous_202)
FN:3113,(anonymous_203)
FN:3123,(anonymous_204)
FN:3197,(anonymous_205)
FN:3246,(anonymous_206)
FN:3248,(anonymous_207)
FN:3260,(anonymous_208)
FN:3307,(anonymous_209)
FN:3324,start
FN:3333,(anonymous_211)
FNF:212
FNH:32
FNDA:0,slugify
FNDA:0,makeUniqueSlug
FNDA:4,escHtml
FNDA:124,json
FNDA:43,parseBody
FNDA:43,(anonymous_5)
FNDA:43,(anonymous_6)
FNDA:43,(anonymous_7)
FNDA:0,(anonymous_8)
FNDA:0,parseMultipart
FNDA:0,(anonymous_10)
FNDA:0,(anonymous_11)
FNDA:0,(anonymous_12)
FNDA:0,(anonymous_13)
FNDA:0,uploadImageBuffer
FNDA:0,(anonymous_15)
FNDA:0,(anonymous_16)
FNDA:1,createToken
FNDA:10,verifySalonAccess
FNDA:25,verifyToken
FNDA:86,rateLimit
FNDA:0,(anonymous_21)
FNDA:0,(anonymous_22)
FNDA:0,cancelStalePendingPayments
FNDA:0,sendPendingReminders
FNDA:0,(anonymous_25)
FNDA:0,sendPendingReviewRequests
FNDA:0,timeToMinutes
FNDA:0,hasConflict
FNDA:279,route
FNDA:15,(anonymous_30)
FNDA:4,(anonymous_31)
FNDA:1,(anonymous_32)
FNDA:0,(anonymous_33)
FNDA:0,(anonymous_34)
FNDA:0,(anonymous_35)
FNDA:0,(anonymous_36)
FNDA:0,(anonymous_37)
FNDA:0,(anonymous_38)
FNDA:0,(anonymous_39)
FNDA:0,(anonymous_40)
FNDA:0,(anonymous_41)
FNDA:0,(anonymous_42)
FNDA:0,(anonymous_43)
FNDA:0,(anonymous_44)
FNDA:0,(anonymous_45)
FNDA:0,(anonymous_46)
FNDA:0,(anonymous_47)
FNDA:0,(anonymous_48)
FNDA:0,(anonymous_49)
FNDA:28,(anonymous_50)
FNDA:9,(anonymous_51)
FNDA:7,(anonymous_52)
FNDA:0,(anonymous_53)
FNDA:1,(anonymous_54)
FNDA:0,(anonymous_55)
FNDA:0,(anonymous_56)
FNDA:0,(anonymous_57)
FNDA:0,(anonymous_58)
FNDA:0,(anonymous_59)
FNDA:0,(anonymous_60)
FNDA:0,(anonymous_61)
FNDA:0,(anonymous_62)
FNDA:0,(anonymous_63)
FNDA:0,(anonymous_64)
FNDA:0,(anonymous_65)
FNDA:0,(anonymous_66)
FNDA:0,(anonymous_67)
FNDA:0,(anonymous_68)
FNDA:0,(anonymous_69)
FNDA:0,(anonymous_70)
FNDA:0,(anonymous_71)
FNDA:0,(anonymous_72)
FNDA:0,(anonymous_73)
FNDA:0,(anonymous_74)
FNDA:0,(anonymous_75)
FNDA:0,(anonymous_76)
FNDA:0,(anonymous_77)
FNDA:0,(anonymous_78)
FNDA:0,(anonymous_79)
FNDA:0,(anonymous_80)
FNDA:0,(anonymous_81)
FNDA:0,(anonymous_82)
FNDA:0,(anonymous_83)
FNDA:0,(anonymous_84)
FNDA:0,(anonymous_85)
FNDA:0,(anonymous_86)
FNDA:0,(anonymous_87)
FNDA:0,(anonymous_88)
FNDA:0,(anonymous_89)
FNDA:0,(anonymous_90)
FNDA:0,(anonymous_91)
FNDA:0,(anonymous_92)
FNDA:0,(anonymous_93)
FNDA:0,(anonymous_94)
FNDA:0,(anonymous_95)
FNDA:1,(anonymous_96)
FNDA:0,(anonymous_97)
FNDA:0,(anonymous_98)
FNDA:0,(anonymous_99)
FNDA:0,(anonymous_100)
FNDA:0,(anonymous_101)
FNDA:0,(anonymous_102)
FNDA:3,(anonymous_103)
FNDA:0,(anonymous_104)
FNDA:0,(anonymous_105)
FNDA:0,(anonymous_106)
FNDA:4,(anonymous_107)
FNDA:0,(anonymous_108)
FNDA:0,(anonymous_109)
FNDA:0,(anonymous_110)
FNDA:0,(anonymous_111)
FNDA:0,(anonymous_112)
FNDA:0,(anonymous_113)
FNDA:0,(anonymous_114)
FNDA:0,(anonymous_115)
FNDA:1,(anonymous_116)
FNDA:0,(anonymous_117)
FNDA:0,(anonymous_118)
FNDA:0,(anonymous_119)
FNDA:0,(anonymous_120)
FNDA:0,(anonymous_121)
FNDA:0,(anonymous_122)
FNDA:0,(anonymous_123)
FNDA:0,(anonymous_124)
FNDA:0,(anonymous_125)
FNDA:0,(anonymous_126)
FNDA:0,(anonymous_127)
FNDA:0,generateUniqueReferralCode
FNDA:0,(anonymous_129)
FNDA:0,(anonymous_130)
FNDA:0,(anonymous_131)
FNDA:0,(anonymous_132)
FNDA:0,(anonymous_133)
FNDA:0,(anonymous_134)
FNDA:0,(anonymous_135)
FNDA:0,(anonymous_136)
FNDA:0,(anonymous_137)
FNDA:0,triggerWebhooks
FNDA:0,(anonymous_139)
FNDA:0,(anonymous_140)
FNDA:0,(anonymous_141)
FNDA:0,(anonymous_142)
FNDA:0,(anonymous_143)
FNDA:0,(anonymous_144)
FNDA:0,(anonymous_145)
FNDA:0,(anonymous_146)
FNDA:0,(anonymous_147)
FNDA:0,(anonymous_148)
FNDA:0,(anonymous_149)
FNDA:0,(anonymous_150)
FNDA:0,(anonymous_151)
FNDA:0,(anonymous_152)
FNDA:0,(anonymous_153)
FNDA:0,(anonymous_154)
FNDA:0,(anonymous_155)
FNDA:0,(anonymous_156)
FNDA:0,(anonymous_157)
FNDA:0,(anonymous_158)
FNDA:0,(anonymous_159)
FNDA:0,(anonymous_160)
FNDA:0,(anonymous_161)
FNDA:0,(anonymous_162)
FNDA:0,(anonymous_163)
FNDA:0,(anonymous_164)
FNDA:0,(anonymous_165)
FNDA:0,(anonymous_166)
FNDA:0,(anonymous_167)
FNDA:0,(anonymous_168)
FNDA:0,(anonymous_169)
FNDA:6,(anonymous_170)
FNDA:0,(anonymous_171)
FNDA:0,(anonymous_172)
FNDA:0,(anonymous_173)
FNDA:0,(anonymous_174)
FNDA:17,(anonymous_175)
FNDA:0,(anonymous_176)
FNDA:0,(anonymous_177)
FNDA:0,(anonymous_178)
FNDA:0,(anonymous_179)
FNDA:0,(anonymous_180)
FNDA:14,(anonymous_181)
FNDA:0,(anonymous_182)
FNDA:3,(anonymous_183)
FNDA:0,(anonymous_184)
FNDA:4,(anonymous_185)
FNDA:0,sendPushToSalon
FNDA:0,(anonymous_187)
FNDA:0,(anonymous_188)
FNDA:0,(anonymous_189)
FNDA:0,(anonymous_190)
FNDA:0,(anonymous_191)
FNDA:0,(anonymous_192)
FNDA:0,(anonymous_193)
FNDA:0,(anonymous_194)
FNDA:0,(anonymous_195)
FNDA:0,(anonymous_196)
FNDA:0,(anonymous_197)
FNDA:0,(anonymous_198)
FNDA:130,(anonymous_199)
FNDA:158,(anonymous_200)
FNDA:5003,(anonymous_201)
FNDA:0,(anonymous_202)
FNDA:0,(anonymous_203)
FNDA:0,(anonymous_204)
FNDA:0,(anonymous_205)
FNDA:2,(anonymous_206)
FNDA:2,(anonymous_207)
FNDA:0,(anonymous_208)
FNDA:0,(anonymous_209)
FNDA:0,start
FNDA:0,(anonymous_211)
DA:6,3
DA:7,3
DA:8,3
DA:9,3
DA:10,3
DA:11,3
DA:12,3
DA:13,3
DA:14,3
DA:15,3
DA:16,3
DA:19,3
DA:20,0
DA:25,0
DA:27,3
DA:31,3
DA:32,0
DA:33,3
DA:34,0
DA:39,0
DA:41,3
DA:44,3
DA:45,3
DA:46,3
DA:47,0
DA:48,0
DA:50,3
DA:52,3
DA:56,0
DA:61,0
DA:62,0
DA:63,0
DA:64,0
DA:65,0
DA:66,0
DA:68,0
DA:72,4
DA:76,124
DA:81,124
DA:82,124
DA:85,3
DA:87,43
DA:88,43
DA:89,43
DA:90,43
DA:91,43
DA:92,43
DA:93,0
DA:94,0
DA:96,43
DA:98,43
DA:99,43
DA:100,0
DA:102,43
DA:107,0
DA:108,0
DA:109,0
DA:110,0
DA:112,0
DA:113,0
DA:114,0
DA:115,0
DA:116,0
DA:117,0
DA:118,0
DA:119,0
DA:120,0
DA:121,0
DA:123,0
DA:124,0
DA:125,0
DA:126,0
DA:127,0
DA:129,0
DA:130,0
DA:132,0
DA:133,0
DA:134,0
DA:135,0
DA:136,0
DA:139,0
DA:141,0
DA:142,0
DA:145,0
DA:151,0
DA:152,0
DA:153,0
DA:155,0
DA:156,0
DA:158,0
DA:159,0
DA:160,0
DA:161,0
DA:165,0
DA:166,0
DA:169,0
DA:170,0
DA:171,0
DA:173,0
DA:176,0
DA:178,0
DA:179,0
DA:185,1
DA:186,1
DA:191,1
DA:192,1
DA:197,10
DA:198,10
DA:200,10
DA:202,9
DA:203,9
DA:207,25
DA:208,25
DA:209,23
DA:210,23
DA:211,23
DA:212,23
DA:213,22
DA:215,22
DA:216,22
DA:218,21
DA:219,20
DA:220,0
DA:224,3
DA:226,86
DA:227,86
DA:228,86
DA:229,86
DA:230,86
DA:231,86
DA:232,86
DA:235,3
DA:236,0
DA:237,0
DA:241,3
DA:242,3
DA:243,0
DA:244,0
DA:249,0
DA:250,0
DA:251,0
DA:252,0
DA:253,0
DA:254,0
DA:255,0
DA:256,0
DA:259,0
DA:260,0
DA:262,3
DA:263,3
DA:268,0
DA:269,0
DA:271,0
DA:272,0
DA:273,0
DA:274,0
DA:275,0
DA:276,0
DA:277,0
DA:278,0
DA:280,0
DA:282,0
DA:283,0
DA:284,0
DA:285,0
DA:288,0
DA:290,0
DA:291,0
DA:293,3
DA:295,3
DA:299,0
DA:300,0
DA:301,0
DA:302,0
DA:303,0
DA:304,0
DA:306,0
DA:312,0
DA:313,0
DA:314,0
DA:315,0
DA:317,0
DA:318,0
DA:319,0
DA:320,0
DA:321,0
DA:322,0
DA:323,0
DA:324,0
DA:325,0
DA:326,0
DA:327,0
DA:329,0
DA:330,0
DA:332,3
DA:333,3
DA:337,0
DA:338,0
DA:339,0
DA:343,0
DA:344,0
DA:345,0
DA:346,0
DA:347,0
DA:348,0
DA:350,0
DA:351,0
DA:352,0
DA:353,0
DA:356,0
DA:357,0
DA:358,0
DA:359,0
DA:360,0
DA:361,0
DA:363,0
DA:367,3
DA:369,279
DA:370,279
DA:377,3
DA:378,3
DA:379,0
DA:380,0
DA:383,3
DA:384,15
DA:385,15
DA:386,5
DA:388,10
DA:389,10
DA:390,9
DA:392,1
DA:393,1
DA:396,3
DA:397,4
DA:401,3
DA:402,1
DA:403,1
DA:404,1
DA:407,1
DA:408,1
DA:414,0
DA:416,1
DA:419,3
DA:420,0
DA:421,0
DA:422,0
DA:423,0
DA:424,0
DA:429,3
DA:430,0
DA:431,0
DA:432,0
DA:433,0
DA:435,0
DA:440,0
DA:441,0
DA:444,0
DA:449,0
DA:450,0
DA:452,0
DA:456,3
DA:457,0
DA:458,0
DA:459,0
DA:460,0
DA:461,0
DA:462,0
DA:464,0
DA:465,0
DA:468,3
DA:469,0
DA:470,0
DA:471,0
DA:472,0
DA:473,0
DA:474,0
DA:475,0
DA:476,0
DA:482,0
DA:485,3
DA:486,0
DA:487,0
DA:489,0
DA:523,0
DA:532,0
DA:533,0
DA:534,0
DA:535,0
DA:537,0
DA:540,3
DA:541,0
DA:542,0
DA:545,3
DA:546,0
DA:547,0
DA:548,0
DA:550,0
DA:551,0
DA:552,0
DA:554,0
DA:555,0
DA:556,0
DA:557,0
DA:558,0
DA:561,0
DA:562,0
DA:563,0
DA:564,0
DA:565,0
DA:566,0
DA:568,0
DA:571,3
DA:572,0
DA:573,0
DA:574,0
DA:576,0
DA:577,0
DA:580,0
DA:581,0
DA:582,0
DA:583,0
DA:584,0
DA:588,3
DA:589,0
DA:590,0
DA:594,3
DA:595,0
DA:596,0
DA:597,0
DA:601,3
DA:602,0
DA:603,0
DA:604,0
DA:605,0
DA:606,0
DA:607,0
DA:608,0
DA:609,0
DA:610,0
DA:611,0
DA:621,0
DA:622,0
DA:627,0
DA:630,3
DA:631,0
DA:632,0
DA:634,0
DA:635,0
DA:638,3
DA:639,0
DA:640,0
DA:642,0
DA:643,0
DA:645,0
DA:646,0
DA:661,3
DA:662,28
DA:663,28
DA:664,8
DA:667,20
DA:668,20
DA:670,20
DA:671,2
DA:672,2
DA:676,18
DA:677,18
DA:678,0
DA:679,0
DA:680,0
DA:681,0
DA:682,0
DA:683,0
DA:684,0
DA:692,0
DA:695,18
DA:699,18
DA:700,18
DA:701,0
DA:702,0
DA:703,0
DA:704,0
DA:706,0
DA:707,0
DA:708,0
DA:709,0
DA:711,0
DA:712,0
DA:713,0
DA:715,0
DA:716,0
DA:723,0
DA:726,18
DA:730,18
DA:731,18
DA:735,3
DA:736,9
DA:737,9
DA:738,4
DA:741,5
DA:742,5
DA:743,5
DA:745,5
DA:746,5
DA:747,0
DA:748,0
DA:749,0
DA:750,0
DA:751,0
DA:752,0
DA:755,5
DA:759,3
DA:760,7
DA:761,7
DA:763,7
DA:764,7
DA:767,0
DA:768,0
DA:769,0
DA:772,0
DA:773,0
DA:774,0
DA:775,0
DA:778,3
DA:779,0
DA:780,0
DA:781,0
DA:782,0
DA:783,0
DA:784,0
DA:785,0
DA:788,3
DA:789,1
DA:790,1
DA:791,0
DA:792,0
DA:793,0
DA:795,0
DA:796,0
DA:797,0
DA:798,0
DA:799,0
DA:800,0
DA:801,0
DA:802,0
DA:803,0
DA:804,0
DA:806,0
DA:807,0
DA:811,3
DA:812,0
DA:813,0
DA:814,0
DA:815,0
DA:817,0
DA:818,0
DA:819,0
DA:822,0
DA:823,0
DA:825,0
DA:826,0
DA:829,0
DA:830,0
DA:831,0
DA:834,0
DA:835,0
DA:837,0
DA:841,3
DA:842,0
DA:843,0
DA:844,0
DA:845,0
DA:847,0
DA:848,0
DA:849,0
DA:851,0
DA:852,0
DA:856,3
DA:857,0
DA:858,0
DA:859,0
DA:860,0
DA:862,0
DA:863,0
DA:864,0
DA:867,0
DA:868,0
DA:870,0
DA:871,0
DA:872,0
DA:873,0
DA:874,0
DA:875,0
DA:877,0
DA:878,0
DA:880,0
DA:884,3
DA:885,0
DA:886,0
DA:887,0
DA:888,0
DA:890,0
DA:891,0
DA:892,0
DA:893,0
DA:895,0
DA:896,0
DA:900,3
DA:901,0
DA:902,0
DA:903,0
DA:905,0
DA:906,0
DA:907,0
DA:909,0
DA:910,0
DA:911,0
DA:914,0
DA:915,0
DA:918,0
DA:919,0
DA:920,0
DA:921,0
DA:923,0
DA:926,0
DA:927,0
DA:929,0
DA:933,3
DA:934,0
DA:935,0
DA:937,0
DA:938,0
DA:940,0
DA:942,0
DA:943,0
DA:944,0
DA:945,0
DA:946,0
DA:947,0
DA:948,0
DA:949,0
DA:950,0
DA:951,0
DA:952,0
DA:954,0
DA:955,0
DA:956,0
DA:960,0
DA:961,0
DA:962,0
DA:963,0
DA:964,0
DA:965,0
DA:967,0
DA:969,0
DA:973,3
DA:974,0
DA:975,0
DA:976,0
DA:977,0
DA:978,0
DA:981,3
DA:982,0
DA:983,0
DA:984,0
DA:985,0
DA:986,0
DA:987,0
DA:997,0
DA:998,0
DA:999,0
DA:1002,3
DA:1003,0
DA:1004,0
DA:1005,0
DA:1006,0
DA:1007,0
DA:1008,0
DA:1009,0
DA:1010,0
DA:1013,3
DA:1014,0
DA:1015,0
DA:1016,0
DA:1017,0
DA:1018,0
DA:1019,0
DA:1020,0
DA:1024,3
DA:1025,0
DA:1026,0
DA:1027,0
DA:1028,0
DA:1029,0
DA:1031,0
DA:1046,0
DA:1047,0
DA:1051,3
DA:1052,0
DA:1053,0
DA:1054,0
DA:1055,0
DA:1056,0
DA:1059,0
DA:1060,0
DA:1062,0
DA:1063,0
DA:1065,0
DA:1066,0
DA:1072,0
DA:1073,0
DA:1074,0
DA:1076,0
DA:1080,3
DA:1081,0
DA:1082,0
DA:1083,0
DA:1084,0
DA:1085,0
DA:1087,0
DA:1088,0
DA:1089,0
DA:1093,3
DA:1094,0
DA:1097,3
DA:1098,0
DA:1103,3
DA:1104,0
DA:1105,0
DA:1106,0
DA:1107,0
DA:1111,0
DA:1112,0
DA:1115,3
DA:1116,0
DA:1117,0
DA:1118,0
DA:1119,0
DA:1120,0
DA:1122,0
DA:1123,0
DA:1124,0
DA:1125,0
DA:1126,0
DA:1128,0
DA:1130,0
DA:1133,3
DA:1134,0
DA:1135,0
DA:1136,0
DA:1137,0
DA:1138,0
DA:1141,3
DA:1142,0
DA:1143,0
DA:1144,0
DA:1145,0
DA:1146,0
DA:1147,0
DA:1149,0
DA:1150,0
DA:1157,0
DA:1158,0
DA:1159,0
DA:1162,3
DA:1163,0
DA:1164,0
DA:1165,0
DA:1166,0
DA:1167,0
DA:1168,0
DA:1170,0
DA:1171,0
DA:1173,0
DA:1174,0
DA:1177,3
DA:1178,0
DA:1179,0
DA:1180,0
DA:1181,0
DA:1182,0
DA:1184,0
DA:1185,0
DA:1186,0
DA:1190,3
DA:1191,1
DA:1192,1
DA:1193,0
DA:1194,0
DA:1196,0
DA:1197,0
DA:1198,0
DA:1200,0
DA:1203,3
DA:1204,0
DA:1205,0
DA:1206,0
DA:1207,0
DA:1208,0
DA:1210,0
DA:1211,0
DA:1213,0
DA:1214,0
DA:1215,0
DA:1217,0
DA:1218,0
DA:1222,0
DA:1223,0
DA:1231,0
DA:1233,0
DA:1241,0
DA:1245,3
DA:1246,0
DA:1247,0
DA:1248,0
DA:1249,0
DA:1251,0
DA:1253,0
DA:1254,0
DA:1255,0
DA:1257,0
DA:1259,0
DA:1261,0
DA:1264,3
DA:1265,0
DA:1266,0
DA:1267,0
DA:1268,0
DA:1270,0
DA:1271,0
DA:1272,0
DA:1273,0
DA:1274,0
DA:1276,0
DA:1277,0
DA:1279,0
DA:1281,0
DA:1284,3
DA:1285,0
DA:1286,0
DA:1287,0
DA:1290,0
DA:1291,0
DA:1292,0
DA:1295,0
DA:1297,0
DA:1298,0
DA:1302,3
DA:1303,3
DA:1304,3
DA:1305,1
DA:1306,1
DA:1307,1
DA:1308,1
DA:1309,1
DA:1310,1
DA:1311,1
DA:1312,1
DA:1313,1
DA:1314,1
DA:1315,0
DA:1317,1
DA:1318,1
DA:1319,1
DA:1320,1
DA:1321,0
DA:1322,0
DA:1323,0
DA:1328,1
DA:1331,3
DA:1332,4
DA:1333,4
DA:1334,0
DA:1335,0
DA:1336,0
DA:1337,0
DA:1339,0
DA:1340,0
DA:1341,0
DA:1342,0
DA:1343,0
DA:1344,0
DA:1345,0
DA:1346,0
DA:1350,3
DA:1351,0
DA:1352,0
DA:1354,0
DA:1358,0
DA:1359,0
DA:1362,0
DA:1363,0
DA:1364,0
DA:1365,0
DA:1366,0
DA:1367,0
DA:1370,0
DA:1371,0
DA:1374,0
DA:1385,0
DA:1386,0
DA:1389,0
DA:1390,0
DA:1391,0
DA:1392,0
DA:1393,0
DA:1394,0
DA:1396,0
DA:1397,0
DA:1398,0
DA:1401,0
DA:1402,0
DA:1403,0
DA:1406,0
DA:1407,0
DA:1412,3
DA:1413,0
DA:1414,0
DA:1415,0
DA:1416,0
DA:1417,0
DA:1418,0
DA:1419,0
DA:1422,3
DA:1423,0
DA:1424,0
DA:1425,0
DA:1426,0
DA:1427,0
DA:1430,0
DA:1431,0
DA:1432,0
DA:1433,0
DA:1434,0
DA:1435,0
DA:1438,0
DA:1448,0
DA:1451,3
DA:1452,0
DA:1453,0
DA:1455,0
DA:1456,0
DA:1457,0
DA:1458,0
DA:1461,0
DA:1462,0
DA:1466,3
DA:1467,1
DA:1468,1
DA:1469,0
DA:1470,0
DA:1474,3
DA:1475,0
DA:1476,0
DA:1477,0
DA:1478,0
DA:1479,0
DA:1480,0
DA:1481,0
DA:1482,0
DA:1486,0
DA:1490,3
DA:1491,0
DA:1492,0
DA:1493,0
DA:1494,0
DA:1495,0
DA:1496,0
DA:1500,3
DA:1501,0
DA:1502,0
DA:1503,0
DA:1504,0
DA:1505,0
DA:1509,3
DA:1510,0
DA:1511,0
DA:1512,0
DA:1523,3
DA:1524,0
DA:1525,0
DA:1526,0
DA:1527,0
DA:1533,0
DA:1534,0
DA:1538,3
DA:1539,0
DA:1540,0
DA:1542,0
DA:1543,0
DA:1544,0
DA:1546,0
DA:1547,0
DA:1549,0
DA:1551,0
DA:1575,0
DA:1576,0
DA:1583,3
DA:1585,3
DA:1591,3
DA:1592,0
DA:1593,0
DA:1594,0
DA:1595,0
DA:1596,0
DA:1598,0
DA:1600,0
DA:1601,0
DA:1619,0
DA:1621,0
DA:1622,0
DA:1626,3
DA:1627,0
DA:1631,3
DA:1632,0
DA:1633,0
DA:1635,0
DA:1636,0
DA:1637,0
DA:1640,0
DA:1641,0
DA:1644,0
DA:1645,0
DA:1646,0
DA:1650,0
DA:1652,0
DA:1653,0
DA:1658,3
DA:1661,0
DA:1662,0
DA:1663,0
DA:1664,0
DA:1665,0
DA:1666,0
DA:1667,0
DA:1670,0
DA:1677,3
DA:1774,3
DA:1775,0
DA:1776,0
DA:1777,0
DA:1780,0
DA:1781,0
DA:1784,0
DA:1785,0
DA:1787,0
DA:1788,0
DA:1791,0
DA:1792,0
DA:1795,0
DA:1796,0
DA:1797,0
DA:1801,0
DA:1802,0
DA:1803,0
DA:1804,0
DA:1805,0
DA:1806,0
DA:1812,0
DA:1815,0
DA:1818,0
DA:1821,0
DA:1822,0
DA:1824,0
DA:1826,0
DA:1867,0
DA:1878,0
DA:1879,0
DA:1881,0
DA:1882,0
DA:1889,0
DA:1890,0
DA:1891,0
DA:1921,0
DA:1922,0
DA:1925,0
DA:1926,0
DA:1929,0
DA:1930,0
DA:1935,3
DA:1937,0
DA:1938,0
DA:1939,0
DA:1940,0
DA:1941,0
DA:1945,0
DA:1947,0
DA:1948,0
DA:1949,0
DA:1951,0
DA:1952,0
DA:1953,0
DA:1955,0
DA:1956,0
DA:1959,0
DA:1961,0
DA:1962,0
DA:1963,0
DA:1966,0
DA:1967,0
DA:1968,0
DA:1969,0
DA:1970,0
DA:1971,0
DA:1977,0
DA:1980,0
DA:1981,0
DA:1982,0
DA:1983,0
DA:1984,0
DA:1985,0
DA:1986,0
DA:1988,0
DA:1989,0
DA:1993,0
DA:1994,0
DA:1995,0
DA:1996,0
DA:1997,0
DA:1998,0
DA:1999,0
DA:2001,0
DA:2002,0
DA:2006,0
DA:2007,0
DA:2008,0
DA:2009,0
DA:2010,0
DA:2012,0
DA:2014,0
DA:2015,0
DA:2016,0
DA:2017,0
DA:2018,0
DA:2026,0
DA:2027,0
DA:2030,0
DA:2031,0
DA:2032,0
DA:2033,0
DA:2036,0
DA:2037,0
DA:2046,0
DA:2047,0
DA:2050,0
DA:2051,0
DA:2052,0
DA:2053,0
DA:2054,0
DA:2055,0
DA:2056,0
DA:2057,0
DA:2058,0
DA:2060,0
DA:2061,0
DA:2062,0
DA:2063,0
DA:2070,0
DA:2071,0
DA:2072,0
DA:2073,0
DA:2074,0
DA:2075,0
DA:2076,0
DA:2078,0
DA:2080,0
DA:2081,0
DA:2082,0
DA:2084,0
DA:2087,0
DA:2088,0
DA:2089,0
DA:2090,0
DA:2095,0
DA:2097,0
DA:2102,0
DA:2103,0
DA:2104,0
DA:2107,0
DA:2112,0
DA:2113,0
DA:2114,0
DA:2115,0
DA:2116,0
DA:2117,0
DA:2118,0
DA:2119,0
DA:2120,0
DA:2122,0
DA:2123,0
DA:2124,0
DA:2125,0
DA:2128,0
DA:2129,0
DA:2131,0
DA:2132,0
DA:2133,0
DA:2137,0
DA:2142,0
DA:2144,0
DA:2145,0
DA:2146,0
DA:2147,0
DA:2148,0
DA:2152,0
DA:2153,0
DA:2154,0
DA:2158,0
DA:2166,3
DA:2167,0
DA:2168,0
DA:2169,0
DA:2170,0
DA:2171,0
DA:2172,0
DA:2174,0
DA:2175,0
DA:2176,0
DA:2177,0
DA:2184,0
DA:2185,0
DA:2190,0
DA:2191,0
DA:2197,0
DA:2199,0
DA:2200,0
DA:2205,3
DA:2206,0
DA:2207,0
DA:2208,0
DA:2209,0
DA:2211,0
DA:2212,0
DA:2214,0
DA:2215,0
DA:2216,0
DA:2217,0
DA:2218,0
DA:2224,0
DA:2231,0
DA:2236,3
DA:2237,0
DA:2238,0
DA:2239,0
DA:2240,0
DA:2241,0
DA:2242,0
DA:2243,0
DA:2244,0
DA:2246,0
DA:2256,0
DA:2257,0
DA:2258,0
DA:2259,0
DA:2260,0
DA:2261,0
DA:2268,0
DA:2276,3
DA:2277,0
DA:2278,0
DA:2279,0
DA:2280,0
DA:2282,0
DA:2283,0
DA:2284,0
DA:2290,0
DA:2294,3
DA:2295,0
DA:2296,0
DA:2297,0
DA:2298,0
DA:2300,0
DA:2301,0
DA:2302,0
DA:2303,0
DA:2305,0
DA:2306,0
DA:2307,0
DA:2310,0
DA:2311,0
DA:2313,0
DA:2314,0
DA:2328,0
DA:2329,0
DA:2330,0
DA:2334,3
DA:2335,0
DA:2336,0
DA:2337,0
DA:2338,0
DA:2340,0
DA:2341,0
DA:2343,0
DA:2344,0
DA:2345,0
DA:2348,0
DA:2349,0
DA:2351,0
DA:2352,0
DA:2362,3
DA:2363,0
DA:2364,0
DA:2365,0
DA:2366,0
DA:2367,0
DA:2368,0
DA:2370,0
DA:2371,0
DA:2375,0
DA:2381,3
DA:2382,0
DA:2383,0
DA:2384,0
DA:2385,0
DA:2386,0
DA:2387,0
DA:2390,0
DA:2391,0
DA:2393,0
DA:2400,0
DA:2401,0
DA:2402,0
DA:2403,0
DA:2404,0
DA:2405,0
DA:2406,0
DA:2407,0
DA:2419,0
DA:2421,0
DA:2426,0
DA:2432,3
DA:2433,0
DA:2434,0
DA:2435,0
DA:2436,0
DA:2437,0
DA:2438,0
DA:2440,0
DA:2444,3
DA:2445,0
DA:2446,0
DA:2447,0
DA:2448,0
DA:2451,0
DA:2452,0
DA:2453,0
DA:2454,0
DA:2455,0
DA:2457,0
DA:2458,0
DA:2459,0
DA:2460,0
DA:2464,0
DA:2465,0
DA:2467,0
DA:2482,3
DA:2483,0
DA:2484,0
DA:2485,0
DA:2486,0
DA:2487,0
DA:2488,0
DA:2490,0
DA:2494,3
DA:2495,0
DA:2496,0
DA:2497,0
DA:2498,0
DA:2499,0
DA:2500,0
DA:2502,0
DA:2503,0
DA:2504,0
DA:2506,0
DA:2507,0
DA:2508,0
DA:2509,0
DA:2510,0
DA:2512,0
DA:2513,0
DA:2514,0
DA:2516,0
DA:2523,0
DA:2524,0
DA:2525,0
DA:2529,3
DA:2530,0
DA:2531,0
DA:2532,0
DA:2533,0
DA:2534,0
DA:2535,0
DA:2536,0
DA:2544,3
DA:2545,0
DA:2546,0
DA:2547,0
DA:2548,0
DA:2550,0
DA:2552,0
DA:2553,0
DA:2556,0
DA:2557,0
DA:2559,0
DA:2569,0
DA:2573,0
DA:2576,3
DA:2577,0
DA:2578,0
DA:2579,0
DA:2583,0
DA:2585,0
DA:2586,0
DA:2590,0
DA:2593,0
DA:2594,0
DA:2595,0
DA:2596,0
DA:2597,0
DA:2599,0
DA:2606,0
DA:2621,3
DA:2622,6
DA:2623,6
DA:2624,0
DA:2625,0
DA:2626,0
DA:2627,0
DA:2629,0
DA:2630,0
DA:2631,0
DA:2632,0
DA:2634,0
DA:2635,0
DA:2636,0
DA:2637,0
DA:2639,0
DA:2642,3
DA:2643,17
DA:2644,17
DA:2645,1
DA:2647,16
DA:2648,16
DA:2649,0
DA:2651,0
DA:2652,0
DA:2655,0
DA:2659,0
DA:2670,0
DA:2671,0
DA:2674,0
DA:2680,0
DA:2681,0
DA:2682,0
DA:2683,0
DA:2686,0
DA:2687,0
DA:2688,0
DA:2689,0
DA:2694,0
DA:2701,0
DA:2702,0
DA:2703,0
DA:2707,0
DA:2708,0
DA:2713,3
DA:2714,0
DA:2715,0
DA:2716,0
DA:2718,0
DA:2719,0
DA:2720,0
DA:2723,0
DA:2724,0
DA:2725,0
DA:2727,0
DA:2728,0
DA:2730,0
DA:2731,0
DA:2734,0
DA:2737,0
DA:2740,0
DA:2753,0
DA:2754,0
DA:2755,0
DA:2757,0
DA:2758,0
DA:2771,0
DA:2772,0
DA:2775,0
DA:2776,0
DA:2777,0
DA:2782,3
DA:2785,3
DA:2786,14
DA:2787,14
DA:2788,4
DA:2790,10
DA:2791,10
DA:2793,0
DA:2794,0
DA:2795,0
DA:2798,0
DA:2799,0
DA:2800,0
DA:2803,0
DA:2805,0
DA:2806,0
DA:2810,0
DA:2818,3
DA:2819,3
DA:2820,3
DA:2821,0
DA:2823,3
DA:2824,3
DA:2826,0
DA:2827,0
DA:2828,0
DA:2829,0
DA:2832,0
DA:2833,0
DA:2834,0
DA:2838,0
DA:2840,0
DA:2841,0
DA:2843,0
DA:2847,3
DA:2848,4
DA:2849,4
DA:2851,0
DA:2852,0
DA:2853,0
DA:2857,0
DA:2858,0
DA:2859,0
DA:2860,0
DA:2861,0
DA:2864,0
DA:2865,0
DA:2867,0
DA:2868,0
DA:2871,0
DA:2872,0
DA:2873,0
DA:2880,0
DA:2881,0
DA:2882,0
DA:2883,0
DA:2884,0
DA:2885,0
DA:2886,0
DA:2888,0
DA:2889,0
DA:2890,0
DA:2895,0
DA:2899,3
DA:2900,0
DA:2901,0
DA:2902,0
DA:2903,0
DA:2905,0
DA:2906,0
DA:2908,0
DA:2910,0
DA:2911,0
DA:2912,0
DA:2913,0
DA:2917,3
DA:2918,0
DA:2919,0
DA:2920,0
DA:2922,0
DA:2923,0
DA:2925,0
DA:2926,0
DA:2927,0
DA:2931,3
DA:2932,0
DA:2936,3
DA:2937,0
DA:2938,0
DA:2939,0
DA:2940,0
DA:2941,0
DA:2942,0
DA:2946,3
DA:2947,0
DA:2948,0
DA:2949,0
DA:2952,0
DA:2953,0
DA:2957,0
DA:2958,0
DA:2959,0
DA:2962,0
DA:2963,0
DA:2965,0
DA:2968,0
DA:2969,0
DA:2970,0
DA:2972,0
DA:2979,3
DA:2980,0
DA:2981,0
DA:2982,0
DA:2983,0
DA:2989,3
DA:2990,0
DA:2991,0
DA:2992,0
DA:2993,0
DA:2994,0
DA:2995,0
DA:2997,0
DA:2998,0
DA:3005,3
DA:3006,130
DA:3007,130
DA:3010,130
DA:3011,3
DA:3012,3
DA:3013,3
DA:3017,3
DA:3021,127
DA:3023,124
DA:3024,0
DA:3028,124
DA:3029,0
DA:3030,0
DA:3031,0
DA:3037,124
DA:3038,158
DA:3039,15
DA:3040,15
DA:3041,5
DA:3045,5003
DA:3046,119
DA:3047,118
DA:3048,118
DA:3050,0
DA:3051,0
DA:3053,0
DA:3054,0
DA:3057,1
DA:3059,119
DA:3063,3
DA:3064,1
DA:3065,1
DA:3066,1
DA:3067,1
DA:3069,0
DA:3070,0
DA:3071,0
DA:3072,0
DA:3073,0
DA:3074,0
DA:3076,0
DA:3077,0
DA:3079,0
DA:3083,2
DA:3085,2
DA:3087,2
DA:3088,0
DA:3089,0
DA:3090,0
DA:3091,0
DA:3094,2
DA:3095,0
DA:3096,0
DA:3097,0
DA:3098,0
DA:3101,2
DA:3102,0
DA:3103,0
DA:3104,0
DA:3105,0
DA:3106,0
DA:3108,2
DA:3109,0
DA:3110,0
DA:3111,0
DA:3113,0
DA:3114,0
DA:3116,0
DA:3117,0
DA:3119,0
DA:3120,0
DA:3121,0
DA:3123,0
DA:3124,0
DA:3125,0
DA:3127,0
DA:3134,0
DA:3135,0
DA:3136,0
DA:3138,0
DA:3190,0
DA:3191,0
DA:3193,2
DA:3194,0
DA:3195,0
DA:3196,0
DA:3197,0
DA:3198,0
DA:3199,0
DA:3200,0
DA:3201,0
DA:3202,0
DA:3204,0
DA:3206,2
DA:3207,0
DA:3208,0
DA:3209,0
DA:3210,0
DA:3211,0
DA:3212,0
DA:3214,0
DA:3217,0
DA:3221,2
DA:3222,0
DA:3224,2
DA:3225,0
DA:3227,2
DA:3228,0
DA:3229,0
DA:3230,0
DA:3231,0
DA:3235,2
DA:3236,0
DA:3237,0
DA:3240,2
DA:3243,2
DA:3244,2
DA:3246,2
DA:3247,2
DA:3248,2
DA:3249,2
DA:3250,2
DA:3252,2
DA:3254,0
DA:3255,0
DA:3256,0
DA:3257,0
DA:3260,0
DA:3261,0
DA:3262,0
DA:3263,0
DA:3264,0
DA:3265,0
DA:3266,0
DA:3267,0
DA:3268,0
DA:3269,0
DA:3271,0
DA:3292,0
DA:3293,0
DA:3294,0
DA:3296,0
DA:3297,0
DA:3299,0
DA:3302,0
DA:3304,0
DA:3305,0
DA:3306,0
DA:3308,0
DA:3309,0
DA:3310,0
DA:3313,0
DA:3314,0
DA:3325,0
DA:3326,0
DA:3327,0
DA:3329,0
DA:3330,0
DA:3333,0
DA:3334,0
DA:3335,0
DA:3336,0
DA:3337,0
DA:3338,0
DA:3339,0
DA:3340,0
DA:3341,0
DA:3342,0
DA:3343,0
DA:3344,0
DA:3345,0
DA:3350,3
DA:3351,3
DA:3353,0
LF:1689
LH:313
BRDA:19,0,0,0
BRDA:19,0,1,3
BRDA:19,1,0,3
BRDA:19,1,1,0
BRDA:21,2,0,0
BRDA:21,2,1,0
BRDA:31,3,0,0
BRDA:31,3,1,3
BRDA:33,4,0,0
BRDA:33,4,1,3
BRDA:44,5,0,3
BRDA:44,5,1,0
BRDA:45,6,0,3
BRDA:45,6,1,0
BRDA:46,7,0,0
BRDA:46,7,1,3
BRDA:46,8,0,3
BRDA:46,8,1,0
BRDA:50,9,0,3
BRDA:50,9,1,0
BRDA:52,10,0,0
BRDA:52,10,1,3
BRDA:56,11,0,0
BRDA:56,11,1,0
BRDA:72,12,0,4
BRDA:72,12,1,0
BRDA:75,13,0,124
BRDA:92,14,0,0
BRDA:92,14,1,43
BRDA:108,15,0,0
BRDA:108,15,1,0
BRDA:110,16,0,0
BRDA:110,16,1,0
BRDA:125,17,0,0
BRDA:125,17,1,0
BRDA:132,18,0,0
BRDA:132,18,1,0
BRDA:132,19,0,0
BRDA:132,19,1,0
BRDA:133,20,0,0
BRDA:133,20,1,0
BRDA:135,21,0,0
BRDA:135,21,1,0
BRDA:150,22,0,0
BRDA:152,23,0,0
BRDA:152,23,1,0
BRDA:152,24,0,0
BRDA:152,24,1,0
BRDA:156,25,0,0
BRDA:156,25,1,0
BRDA:156,26,0,0
BRDA:156,26,1,0
BRDA:169,27,0,0
BRDA:169,27,1,0
BRDA:184,28,0,1
BRDA:198,29,0,0
BRDA:198,29,1,10
BRDA:200,30,0,1
BRDA:200,30,1,9
BRDA:202,31,0,0
BRDA:202,31,1,9
BRDA:208,32,0,2
BRDA:208,32,1,23
BRDA:208,33,0,25
BRDA:208,33,1,23
BRDA:212,34,0,1
BRDA:212,34,1,22
BRDA:216,35,0,1
BRDA:216,35,1,21
BRDA:218,36,0,1
BRDA:218,36,1,20
BRDA:218,37,0,21
BRDA:218,37,1,21
BRDA:228,38,0,86
BRDA:228,38,1,9
BRDA:229,39,0,0
BRDA:229,39,1,86
BRDA:237,40,0,0
BRDA:237,40,1,0
BRDA:244,41,0,0
BRDA:244,41,1,0
BRDA:254,42,0,0
BRDA:254,42,1,0
BRDA:254,43,0,0
BRDA:254,43,1,0
BRDA:259,44,0,0
BRDA:259,44,1,0
BRDA:269,45,0,0
BRDA:269,45,1,0
BRDA:269,46,0,0
BRDA:269,46,1,0
BRDA:278,47,0,0
BRDA:278,47,1,0
BRDA:280,48,0,0
BRDA:280,48,1,0
BRDA:283,49,0,0
BRDA:283,49,1,0
BRDA:283,50,0,0
BRDA:283,50,1,0
BRDA:283,50,2,0
BRDA:283,51,0,0
BRDA:283,51,1,0
BRDA:285,52,0,0
BRDA:285,52,1,0
BRDA:285,53,0,0
BRDA:285,53,1,0
BRDA:290,54,0,0
BRDA:290,54,1,0
BRDA:300,55,0,0
BRDA:300,55,1,0
BRDA:300,56,0,0
BRDA:300,56,1,0
BRDA:312,57,0,0
BRDA:312,57,1,0
BRDA:315,58,0,0
BRDA:315,58,1,0
BRDA:315,59,0,0
BRDA:315,59,1,0
BRDA:317,60,0,0
BRDA:317,60,1,0
BRDA:319,61,0,0
BRDA:319,61,1,0
BRDA:321,62,0,0
BRDA:321,62,1,0
BRDA:323,63,0,0
BRDA:323,63,1,0
BRDA:329,64,0,0
BRDA:329,64,1,0
BRDA:337,65,0,0
BRDA:337,65,1,0
BRDA:337,66,0,0
BRDA:337,66,1,0
BRDA:339,67,0,0
BRDA:339,67,1,0
BRDA:339,68,0,0
BRDA:339,68,1,0
BRDA:342,69,0,0
BRDA:343,70,0,0
BRDA:343,70,1,0
BRDA:343,71,0,0
BRDA:343,71,1,0
BRDA:346,72,0,0
BRDA:346,72,1,0
BRDA:348,73,0,0
BRDA:348,73,1,0
BRDA:348,74,0,0
BRDA:348,74,1,0
BRDA:350,75,0,0
BRDA:350,75,1,0
BRDA:350,76,0,0
BRDA:350,76,1,0
BRDA:350,76,2,0
BRDA:352,77,0,0
BRDA:352,77,1,0
BRDA:353,78,0,0
BRDA:353,78,1,0
BRDA:353,79,0,0
BRDA:353,79,1,0
BRDA:358,80,0,0
BRDA:358,80,1,0
BRDA:358,81,0,0
BRDA:358,81,1,0
BRDA:358,81,2,0
BRDA:361,82,0,0
BRDA:361,82,1,0
BRDA:361,83,0,0
BRDA:361,83,1,0
BRDA:378,84,0,0
BRDA:378,84,1,3
BRDA:384,85,0,15
BRDA:384,85,1,15
BRDA:384,85,2,0
BRDA:385,86,0,5
BRDA:385,86,1,10
BRDA:389,87,0,9
BRDA:389,87,1,1
BRDA:389,88,0,10
BRDA:389,88,1,9
BRDA:404,89,0,0
BRDA:404,89,1,1
BRDA:404,90,0,1
BRDA:404,90,1,1
BRDA:404,90,2,1
BRDA:409,91,0,1
BRDA:409,91,1,1
BRDA:409,91,2,0
BRDA:410,92,0,1
BRDA:410,92,1,1
BRDA:411,93,0,1
BRDA:411,93,1,1
BRDA:422,94,0,0
BRDA:422,94,1,0
BRDA:431,95,0,0
BRDA:431,95,1,0
BRDA:464,96,0,0
BRDA:464,96,1,0
BRDA:478,97,0,0
BRDA:478,97,1,0
BRDA:487,98,0,0
BRDA:487,98,1,0
BRDA:492,99,0,0
BRDA:492,99,1,0
BRDA:493,100,0,0
BRDA:493,100,1,0
BRDA:494,101,0,0
BRDA:494,101,1,0
BRDA:495,102,0,0
BRDA:495,102,1,0
BRDA:498,103,0,0
BRDA:498,103,1,0
BRDA:499,104,0,0
BRDA:499,104,1,0
BRDA:500,105,0,0
BRDA:500,105,1,0
BRDA:501,106,0,0
BRDA:501,106,1,0
BRDA:516,107,0,0
BRDA:516,107,1,0
BRDA:525,108,0,0
BRDA:525,108,1,0
BRDA:526,109,0,0
BRDA:526,109,1,0
BRDA:527,110,0,0
BRDA:527,110,1,0
BRDA:528,111,0,0
BRDA:528,111,1,0
BRDA:535,112,0,0
BRDA:535,112,1,0
BRDA:548,113,0,0
BRDA:548,113,1,0
BRDA:551,114,0,0
BRDA:551,114,1,0
BRDA:552,115,0,0
BRDA:552,115,1,0
BRDA:555,116,0,0
BRDA:555,116,1,0
BRDA:555,117,0,0
BRDA:555,117,1,0
BRDA:557,118,0,0
BRDA:557,118,1,0
BRDA:561,119,0,0
BRDA:561,119,1,0
BRDA:562,120,0,0
BRDA:562,120,1,0
BRDA:563,121,0,0
BRDA:563,121,1,0
BRDA:564,122,0,0
BRDA:564,122,1,0
BRDA:565,123,0,0
BRDA:565,123,1,0
BRDA:574,124,0,0
BRDA:574,124,1,0
BRDA:576,125,0,0
BRDA:576,125,1,0
BRDA:580,126,0,0
BRDA:580,126,1,0
BRDA:581,127,0,0
BRDA:581,127,1,0
BRDA:596,128,0,0
BRDA:596,128,1,0
BRDA:606,129,0,0
BRDA:606,129,1,0
BRDA:607,130,0,0
BRDA:607,130,1,0
BRDA:608,131,0,0
BRDA:608,131,1,0
BRDA:608,132,0,0
BRDA:608,132,1,0
BRDA:608,133,0,0
BRDA:608,133,1,0
BRDA:609,134,0,0
BRDA:609,134,1,0
BRDA:610,135,0,0
BRDA:610,135,1,0
BRDA:612,136,0,0
BRDA:612,136,1,0
BRDA:614,137,0,0
BRDA:614,137,1,0
BRDA:632,138,0,0
BRDA:632,138,1,0
BRDA:640,139,0,0
BRDA:640,139,1,0
BRDA:643,140,0,0
BRDA:643,140,1,0
BRDA:662,141,0,28
BRDA:662,141,1,28
BRDA:662,141,2,0
BRDA:663,142,0,8
BRDA:663,142,1,20
BRDA:670,143,0,2
BRDA:670,143,1,18
BRDA:670,144,0,20
BRDA:670,144,1,19
BRDA:677,145,0,0
BRDA:677,145,1,18
BRDA:680,146,0,0
BRDA:680,146,1,0
BRDA:688,147,0,0
BRDA:688,147,1,0
BRDA:689,148,0,0
BRDA:689,148,1,0
BRDA:700,149,0,0
BRDA:700,149,1,18
BRDA:702,150,0,0
BRDA:702,150,1,0
BRDA:707,151,0,0
BRDA:707,151,1,0
BRDA:711,152,0,0
BRDA:711,152,1,0
BRDA:711,153,0,0
BRDA:711,153,1,0
BRDA:720,154,0,0
BRDA:720,154,1,0
BRDA:736,155,0,9
BRDA:736,155,1,9
BRDA:736,155,2,0
BRDA:737,156,0,4
BRDA:737,156,1,5
BRDA:742,157,0,5
BRDA:742,157,1,0
BRDA:743,158,0,0
BRDA:743,158,1,5
BRDA:743,159,0,5
BRDA:743,159,1,5
BRDA:746,160,0,0
BRDA:746,160,1,5
BRDA:749,161,0,0
BRDA:749,161,1,0
BRDA:763,162,0,7
BRDA:763,162,1,0
BRDA:763,163,0,7
BRDA:763,163,1,6
BRDA:763,163,2,0
BRDA:768,164,0,0
BRDA:768,164,1,0
BRDA:768,165,0,0
BRDA:768,165,1,0
BRDA:780,166,0,0
BRDA:780,166,1,0
BRDA:782,167,0,0
BRDA:782,167,1,0
BRDA:785,168,0,0
BRDA:785,168,1,0
BRDA:790,169,0,1
BRDA:790,169,1,0
BRDA:790,170,0,1
BRDA:790,170,1,0
BRDA:793,171,0,0
BRDA:793,171,1,0
BRDA:796,172,0,0
BRDA:796,172,1,0
BRDA:797,173,0,0
BRDA:797,173,1,0
BRDA:798,174,0,0
BRDA:798,174,1,0
BRDA:799,175,0,0
BRDA:799,175,1,0
BRDA:800,176,0,0
BRDA:800,176,1,0
BRDA:801,177,0,0
BRDA:801,177,1,0
BRDA:802,178,0,0
BRDA:802,178,1,0
BRDA:803,179,0,0
BRDA:803,179,1,0
BRDA:804,180,0,0
BRDA:804,180,1,0
BRDA:813,181,0,0
BRDA:813,181,1,0
BRDA:813,182,0,0
BRDA:813,182,1,0
BRDA:815,183,0,0
BRDA:815,183,1,0
BRDA:817,184,0,0
BRDA:817,184,1,0
BRDA:818,185,0,0
BRDA:818,185,1,0
BRDA:823,186,0,0
BRDA:823,186,1,0
BRDA:829,187,0,0
BRDA:829,187,1,0
BRDA:829,188,0,0
BRDA:829,188,1,0
BRDA:831,189,0,0
BRDA:831,189,1,0
BRDA:843,190,0,0
BRDA:843,190,1,0
BRDA:843,191,0,0
BRDA:843,191,1,0
BRDA:845,192,0,0
BRDA:845,192,1,0
BRDA:847,193,0,0
BRDA:847,193,1,0
BRDA:847,194,0,0
BRDA:847,194,1,0
BRDA:849,195,0,0
BRDA:849,195,1,0
BRDA:858,196,0,0
BRDA:858,196,1,0
BRDA:858,197,0,0
BRDA:858,197,1,0
BRDA:860,198,0,0
BRDA:860,198,1,0
BRDA:862,199,0,0
BRDA:862,199,1,0
BRDA:863,200,0,0
BRDA:863,200,1,0
BRDA:868,201,0,0
BRDA:868,201,1,0
BRDA:873,202,0,0
BRDA:873,202,1,0
BRDA:873,203,0,0
BRDA:873,203,1,0
BRDA:875,204,0,0
BRDA:875,204,1,0
BRDA:886,205,0,0
BRDA:886,205,1,0
BRDA:886,206,0,0
BRDA:886,206,1,0
BRDA:888,207,0,0
BRDA:888,207,1,0
BRDA:891,208,0,0
BRDA:891,208,1,0
BRDA:891,209,0,0
BRDA:891,209,1,0
BRDA:893,210,0,0
BRDA:893,210,1,0
BRDA:902,211,0,0
BRDA:902,211,1,0
BRDA:909,212,0,0
BRDA:909,212,1,0
BRDA:919,213,0,0
BRDA:919,213,1,0
BRDA:926,214,0,0
BRDA:926,214,1,0
BRDA:927,215,0,0
BRDA:927,215,1,0
BRDA:935,216,0,0
BRDA:935,216,1,0
BRDA:938,217,0,0
BRDA:938,217,1,0
BRDA:950,218,0,0
BRDA:950,218,1,0
BRDA:952,219,0,0
BRDA:952,219,1,0
BRDA:954,220,0,0
BRDA:954,220,1,0
BRDA:955,221,0,0
BRDA:955,221,1,0
BRDA:962,222,0,0
BRDA:962,222,1,0
BRDA:963,223,0,0
BRDA:963,223,1,0
BRDA:963,224,0,0
BRDA:963,224,1,0
BRDA:965,225,0,0
BRDA:965,225,1,0
BRDA:975,226,0,0
BRDA:975,226,1,0
BRDA:977,227,0,0
BRDA:977,227,1,0
BRDA:978,228,0,0
BRDA:978,228,1,0
BRDA:983,229,0,0
BRDA:983,229,1,0
BRDA:983,230,0,0
BRDA:983,230,1,0
BRDA:985,231,0,0
BRDA:985,231,1,0
BRDA:990,232,0,0
BRDA:990,232,1,0
BRDA:991,233,0,0
BRDA:991,233,1,0
BRDA:992,234,0,0
BRDA:992,234,1,0
BRDA:993,235,0,0
BRDA:993,235,1,0
BRDA:995,236,0,0
BRDA:995,236,1,0
BRDA:997,237,0,0
BRDA:997,237,1,0
BRDA:1004,238,0,0
BRDA:1004,238,1,0
BRDA:1004,239,0,0
BRDA:1004,239,1,0
BRDA:1006,240,0,0
BRDA:1006,240,1,0
BRDA:1008,241,0,0
BRDA:1008,241,1,0
BRDA:1008,242,0,0
BRDA:1008,242,1,0
BRDA:1015,243,0,0
BRDA:1015,243,1,0
BRDA:1015,244,0,0
BRDA:1015,244,1,0
BRDA:1017,245,0,0
BRDA:1017,245,1,0
BRDA:1018,246,0,0
BRDA:1018,246,1,0
BRDA:1026,247,0,0
BRDA:1026,247,1,0
BRDA:1026,248,0,0
BRDA:1026,248,1,0
BRDA:1028,249,0,0
BRDA:1028,249,1,0
BRDA:1032,250,0,0
BRDA:1032,250,1,0
BRDA:1032,251,0,0
BRDA:1032,251,1,0
BRDA:1033,252,0,0
BRDA:1033,252,1,0
BRDA:1033,252,2,0
BRDA:1034,253,0,0
BRDA:1034,253,1,0
BRDA:1034,253,2,0
BRDA:1035,254,0,0
BRDA:1035,254,1,0
BRDA:1035,254,2,0
BRDA:1036,255,0,0
BRDA:1036,255,1,0
BRDA:1036,255,2,0
BRDA:1037,256,0,0
BRDA:1037,256,1,0
BRDA:1037,256,2,0
BRDA:1038,257,0,0
BRDA:1038,257,1,0
BRDA:1038,258,0,0
BRDA:1038,258,1,0
BRDA:1039,259,0,0
BRDA:1039,259,1,0
BRDA:1039,260,0,0
BRDA:1039,260,1,0
BRDA:1040,261,0,0
BRDA:1040,261,1,0
BRDA:1040,262,0,0
BRDA:1040,262,1,0
BRDA:1041,263,0,0
BRDA:1041,263,1,0
BRDA:1041,264,0,0
BRDA:1041,264,1,0
BRDA:1042,265,0,0
BRDA:1042,265,1,0
BRDA:1042,266,0,0
BRDA:1042,266,1,0
BRDA:1043,267,0,0
BRDA:1043,267,1,0
BRDA:1043,267,2,0
BRDA:1053,268,0,0
BRDA:1053,268,1,0
BRDA:1053,269,0,0
BRDA:1053,269,1,0
BRDA:1055,270,0,0
BRDA:1055,270,1,0
BRDA:1056,271,0,0
BRDA:1056,271,1,0
BRDA:1056,272,0,0
BRDA:1056,272,1,0
BRDA:1060,273,0,0
BRDA:1060,273,1,0
BRDA:1065,274,0,0
BRDA:1065,274,1,0
BRDA:1069,275,0,0
BRDA:1069,275,1,0
BRDA:1082,276,0,0
BRDA:1082,276,1,0
BRDA:1082,277,0,0
BRDA:1082,277,1,0
BRDA:1084,278,0,0
BRDA:1084,278,1,0
BRDA:1085,279,0,0
BRDA:1085,279,1,0
BRDA:1085,280,0,0
BRDA:1085,280,1,0
BRDA:1087,281,0,0
BRDA:1087,281,1,0
BRDA:1105,282,0,0
BRDA:1105,282,1,0
BRDA:1110,283,0,0
BRDA:1110,283,1,0
BRDA:1111,284,0,0
BRDA:1111,284,1,0
BRDA:1111,285,0,0
BRDA:1111,285,1,0
BRDA:1117,286,0,0
BRDA:1117,286,1,0
BRDA:1117,287,0,0
BRDA:1117,287,1,0
BRDA:1119,288,0,0
BRDA:1119,288,1,0
BRDA:1124,289,0,0
BRDA:1124,289,1,0
BRDA:1135,290,0,0
BRDA:1135,290,1,0
BRDA:1137,291,0,0
BRDA:1137,291,1,0
BRDA:1138,292,0,0
BRDA:1138,292,1,0
BRDA:1143,293,0,0
BRDA:1143,293,1,0
BRDA:1143,294,0,0
BRDA:1143,294,1,0
BRDA:1145,295,0,0
BRDA:1145,295,1,0
BRDA:1146,296,0,0
BRDA:1146,296,1,0
BRDA:1146,297,0,0
BRDA:1146,297,1,0
BRDA:1149,298,0,0
BRDA:1149,298,1,0
BRDA:1152,299,0,0
BRDA:1152,299,1,0
BRDA:1153,300,0,0
BRDA:1153,300,1,0
BRDA:1154,301,0,0
BRDA:1154,301,1,0
BRDA:1155,302,0,0
BRDA:1155,302,1,0
BRDA:1164,303,0,0
BRDA:1164,303,1,0
BRDA:1164,304,0,0
BRDA:1164,304,1,0
BRDA:1166,305,0,0
BRDA:1166,305,1,0
BRDA:1167,306,0,0
BRDA:1167,306,1,0
BRDA:1167,307,0,0
BRDA:1167,307,1,0
BRDA:1170,308,0,0
BRDA:1170,308,1,0
BRDA:1171,309,0,0
BRDA:1171,309,1,0
BRDA:1171,310,0,0
BRDA:1171,310,1,0
BRDA:1179,311,0,0
BRDA:1179,311,1,0
BRDA:1179,312,0,0
BRDA:1179,312,1,0
BRDA:1181,313,0,0
BRDA:1181,313,1,0
BRDA:1182,314,0,0
BRDA:1182,314,1,0
BRDA:1182,315,0,0
BRDA:1182,315,1,0
BRDA:1184,316,0,0
BRDA:1184,316,1,0
BRDA:1192,317,0,1
BRDA:1192,317,1,0
BRDA:1205,318,0,0
BRDA:1205,318,1,0
BRDA:1205,319,0,0
BRDA:1205,319,1,0
BRDA:1208,320,0,0
BRDA:1208,320,1,0
BRDA:1210,321,0,0
BRDA:1210,321,1,0
BRDA:1213,322,0,0
BRDA:1213,322,1,0
BRDA:1214,323,0,0
BRDA:1214,323,1,0
BRDA:1214,324,0,0
BRDA:1214,324,1,0
BRDA:1217,325,0,0
BRDA:1217,325,1,0
BRDA:1217,326,0,0
BRDA:1217,326,1,0
BRDA:1222,327,0,0
BRDA:1222,327,1,0
BRDA:1226,328,0,0
BRDA:1226,328,1,0
BRDA:1227,329,0,0
BRDA:1227,329,1,0
BRDA:1228,330,0,0
BRDA:1228,330,1,0
BRDA:1236,331,0,0
BRDA:1236,331,1,0
BRDA:1237,332,0,0
BRDA:1237,332,1,0
BRDA:1238,333,0,0
BRDA:1238,333,1,0
BRDA:1239,334,0,0
BRDA:1239,334,1,0
BRDA:1247,335,0,0
BRDA:1247,335,1,0
BRDA:1247,336,0,0
BRDA:1247,336,1,0
BRDA:1251,337,0,0
BRDA:1251,337,1,0
BRDA:1254,338,0,0
BRDA:1254,338,1,0
BRDA:1266,339,0,0
BRDA:1266,339,1,0
BRDA:1267,340,0,0
BRDA:1267,340,1,0
BRDA:1267,341,0,0
BRDA:1267,341,1,0
BRDA:1273,342,0,0
BRDA:1273,342,1,0
BRDA:1273,343,0,0
BRDA:1273,343,1,0
BRDA:1276,344,0,0
BRDA:1276,344,1,0
BRDA:1287,345,0,0
BRDA:1287,345,1,0
BRDA:1291,346,0,0
BRDA:1291,346,1,0
BRDA:1291,347,0,0
BRDA:1291,347,1,0
BRDA:1291,347,2,0
BRDA:1295,348,0,0
BRDA:1295,348,1,0
BRDA:1304,349,0,2
BRDA:1304,349,1,1
BRDA:1312,350,0,0
BRDA:1312,350,1,1
BRDA:1313,351,0,0
BRDA:1313,351,1,1
BRDA:1314,352,0,0
BRDA:1314,352,1,1
BRDA:1318,353,0,0
BRDA:1318,353,1,1
BRDA:1319,354,0,0
BRDA:1319,354,1,1
BRDA:1320,355,0,0
BRDA:1320,355,1,1
BRDA:1323,356,0,0
BRDA:1323,356,1,0
BRDA:1323,356,2,0
BRDA:1323,357,0,0
BRDA:1323,357,1,0
BRDA:1324,358,0,0
BRDA:1324,358,1,0
BRDA:1325,359,0,0
BRDA:1325,359,1,0
BRDA:1333,360,0,4
BRDA:1333,360,1,0
BRDA:1336,361,0,0
BRDA:1336,361,1,0
BRDA:1336,362,0,0
BRDA:1336,362,1,0
BRDA:1340,363,0,0
BRDA:1340,363,1,0
BRDA:1341,364,0,0
BRDA:1341,364,1,0
BRDA:1342,365,0,0
BRDA:1342,365,1,0
BRDA:1343,366,0,0
BRDA:1343,366,1,0
BRDA:1345,367,0,0
BRDA:1345,367,1,0
BRDA:1352,368,0,0
BRDA:1352,368,1,0
BRDA:1355,369,0,0
BRDA:1355,369,1,0
BRDA:1355,370,0,0
BRDA:1355,370,1,0
BRDA:1355,371,0,0
BRDA:1355,371,1,0
BRDA:1359,372,0,0
BRDA:1359,372,1,0
BRDA:1362,373,0,0
BRDA:1362,373,1,0
BRDA:1363,374,0,0
BRDA:1363,374,1,0
BRDA:1364,375,0,0
BRDA:1364,375,1,0
BRDA:1367,376,0,0
BRDA:1367,376,1,0
BRDA:1370,377,0,0
BRDA:1370,377,1,0
BRDA:1370,378,0,0
BRDA:1370,378,1,0
BRDA:1370,378,2,0
BRDA:1370,379,0,0
BRDA:1370,379,1,0
BRDA:1376,380,0,0
BRDA:1376,380,1,0
BRDA:1376,381,0,0
BRDA:1376,381,1,0
BRDA:1377,382,0,0
BRDA:1377,382,1,0
BRDA:1377,383,0,0
BRDA:1377,383,1,0
BRDA:1378,384,0,0
BRDA:1378,384,1,0
BRDA:1378,385,0,0
BRDA:1378,385,1,0
BRDA:1379,386,0,0
BRDA:1379,386,1,0
BRDA:1381,387,0,0
BRDA:1381,387,1,0
BRDA:1390,388,0,0
BRDA:1390,388,1,0
BRDA:1391,389,0,0
BRDA:1391,389,1,0
BRDA:1392,390,0,0
BRDA:1392,390,1,0
BRDA:1393,391,0,0
BRDA:1393,391,1,0
BRDA:1393,392,0,0
BRDA:1393,392,1,0
BRDA:1394,393,0,0
BRDA:1394,393,1,0
BRDA:1394,394,0,0
BRDA:1394,394,1,0
BRDA:1397,395,0,0
BRDA:1397,395,1,0
BRDA:1398,396,0,0
BRDA:1398,396,1,0
BRDA:1401,397,0,0
BRDA:1401,397,1,0
BRDA:1401,398,0,0
BRDA:1401,398,1,0
BRDA:1401,398,2,0
BRDA:1401,398,3,0
BRDA:1401,399,0,0
BRDA:1401,399,1,0
BRDA:1403,400,0,0
BRDA:1403,400,1,0
BRDA:1403,401,0,0
BRDA:1403,401,1,0
BRDA:1406,402,0,0
BRDA:1406,402,1,0
BRDA:1406,403,0,0
BRDA:1406,403,1,0
BRDA:1406,403,2,0
BRDA:1417,404,0,0
BRDA:1417,404,1,0
BRDA:1418,405,0,0
BRDA:1418,405,1,0
BRDA:1424,406,0,0
BRDA:1424,406,1,0
BRDA:1426,407,0,0
BRDA:1426,407,1,0
BRDA:1426,408,0,0
BRDA:1426,408,1,0
BRDA:1426,408,2,0
BRDA:1427,409,0,0
BRDA:1427,409,1,0
BRDA:1430,410,0,0
BRDA:1430,410,1,0
BRDA:1431,411,0,0
BRDA:1431,411,1,0
BRDA:1432,412,0,0
BRDA:1432,412,1,0
BRDA:1435,413,0,0
BRDA:1435,413,1,0
BRDA:1443,414,0,0
BRDA:1443,414,1,0
BRDA:1446,415,0,0
BRDA:1446,415,1,0
BRDA:1453,416,0,0
BRDA:1453,416,1,0
BRDA:1455,417,0,0
BRDA:1455,417,1,0
BRDA:1457,418,0,0
BRDA:1457,418,1,0
BRDA:1457,419,0,0
BRDA:1457,419,1,0
BRDA:1468,420,0,1
BRDA:1468,420,1,0
BRDA:1476,421,0,0
BRDA:1476,421,1,0
BRDA:1478,422,0,0
BRDA:1478,422,1,0
BRDA:1479,423,0,0
BRDA:1479,423,1,0
BRDA:1482,424,0,0
BRDA:1482,424,1,0
BRDA:1482,424,2,0
BRDA:1482,425,0,0
BRDA:1482,425,1,0
BRDA:1483,426,0,0
BRDA:1483,426,1,0
BRDA:1484,427,0,0
BRDA:1484,427,1,0
BRDA:1492,428,0,0
BRDA:1492,428,1,0
BRDA:1494,429,0,0
BRDA:1494,429,1,0
BRDA:1494,430,0,0
BRDA:1494,430,1,0
BRDA:1502,431,0,0
BRDA:1502,431,1,0
BRDA:1504,432,0,0
BRDA:1504,432,1,0
BRDA:1511,433,0,0
BRDA:1511,433,1,0
BRDA:1515,434,0,0
BRDA:1515,434,1,0
BRDA:1517,435,0,0
BRDA:1517,435,1,0
BRDA:1518,436,0,0
BRDA:1518,436,1,0
BRDA:1525,437,0,0
BRDA:1525,437,1,0
BRDA:1531,438,0,0
BRDA:1531,438,1,0
BRDA:1540,439,0,0
BRDA:1540,439,1,0
BRDA:1540,440,0,0
BRDA:1540,440,1,0
BRDA:1544,441,0,0
BRDA:1544,441,1,0
BRDA:1547,442,0,0
BRDA:1547,442,1,0
BRDA:1549,443,0,0
BRDA:1549,443,1,0
BRDA:1583,444,0,3
BRDA:1583,444,1,0
BRDA:1592,445,0,0
BRDA:1592,445,1,0
BRDA:1594,446,0,0
BRDA:1594,446,1,0
BRDA:1596,447,0,0
BRDA:1596,447,1,0
BRDA:1598,448,0,0
BRDA:1598,448,1,0
BRDA:1607,449,0,0
BRDA:1607,449,1,0
BRDA:1613,450,0,0
BRDA:1613,450,1,0
BRDA:1613,451,0,0
BRDA:1613,451,1,0
BRDA:1614,452,0,0
BRDA:1614,452,1,0
BRDA:1627,453,0,0
BRDA:1627,453,1,0
BRDA:1633,454,0,0
BRDA:1633,454,1,0
BRDA:1633,455,0,0
BRDA:1633,455,1,0
BRDA:1636,456,0,0
BRDA:1636,456,1,0
BRDA:1636,457,0,0
BRDA:1636,457,1,0
BRDA:1640,458,0,0
BRDA:1640,458,1,0
BRDA:1645,459,0,0
BRDA:1645,459,1,0
BRDA:1667,460,0,0
BRDA:1667,460,1,0
BRDA:1667,461,0,0
BRDA:1667,461,1,0
BRDA:1775,462,0,0
BRDA:1775,462,1,0
BRDA:1775,462,2,0
BRDA:1776,463,0,0
BRDA:1776,463,1,0
BRDA:1784,464,0,0
BRDA:1784,464,1,0
BRDA:1784,465,0,0
BRDA:1784,465,1,0
BRDA:1784,465,2,0
BRDA:1784,465,3,0
BRDA:1787,466,0,0
BRDA:1787,466,1,0
BRDA:1791,467,0,0
BRDA:1791,467,1,0
BRDA:1792,468,0,0
BRDA:1792,468,1,0
BRDA:1796,469,0,0
BRDA:1796,469,1,0
BRDA:1802,470,0,0
BRDA:1802,470,1,0
BRDA:1803,471,0,0
BRDA:1803,471,1,0
BRDA:1805,472,0,0
BRDA:1805,472,1,0
BRDA:1812,473,0,0
BRDA:1812,473,1,0
BRDA:1821,474,0,0
BRDA:1821,474,1,0
BRDA:1829,475,0,0
BRDA:1829,475,1,0
BRDA:1832,476,0,0
BRDA:1832,476,1,0
BRDA:1834,477,0,0
BRDA:1834,477,1,0
BRDA:1841,478,0,0
BRDA:1841,478,1,0
BRDA:1847,479,0,0
BRDA:1847,479,1,0
BRDA:1859,480,0,0
BRDA:1859,480,1,0
BRDA:1872,481,0,0
BRDA:1872,481,1,0
BRDA:1878,482,0,0
BRDA:1878,482,1,0
BRDA:1889,483,0,0
BRDA:1889,483,1,0
BRDA:1890,484,0,0
BRDA:1890,484,1,0
BRDA:1899,485,0,0
BRDA:1899,485,1,0
BRDA:1907,486,0,0
BRDA:1907,486,1,0
BRDA:1911,487,0,0
BRDA:1911,487,1,0
BRDA:1912,488,0,0
BRDA:1912,488,1,0
BRDA:1913,489,0,0
BRDA:1913,489,1,0
BRDA:1917,490,0,0
BRDA:1917,490,1,0
BRDA:1917,491,0,0
BRDA:1917,491,1,0
BRDA:1947,492,0,0
BRDA:1947,492,1,0
BRDA:1947,493,0,0
BRDA:1947,493,1,0
BRDA:1961,494,0,0
BRDA:1961,494,1,0
BRDA:1966,495,0,0
BRDA:1966,495,1,0
BRDA:1966,496,0,0
BRDA:1966,496,1,0
BRDA:1968,497,0,0
BRDA:1968,497,1,0
BRDA:1980,498,0,0
BRDA:1980,498,1,0
BRDA:1981,499,0,0
BRDA:1981,499,1,0
BRDA:1982,500,0,0
BRDA:1982,500,1,0
BRDA:1982,501,0,0
BRDA:1982,501,1,0
BRDA:1982,501,2,0
BRDA:1983,502,0,0
BRDA:1983,502,1,0
BRDA:1984,503,0,0
BRDA:1984,503,1,0
BRDA:1985,504,0,0
BRDA:1985,504,1,0
BRDA:1993,505,0,0
BRDA:1993,505,1,0
BRDA:1993,506,0,0
BRDA:1993,506,1,0
BRDA:1994,507,0,0
BRDA:1994,507,1,0
BRDA:1996,508,0,0
BRDA:1996,508,1,0
BRDA:1996,509,0,0
BRDA:1996,509,1,0
BRDA:1997,510,0,0
BRDA:1997,510,1,0
BRDA:2006,511,0,0
BRDA:2006,511,1,0
BRDA:2009,512,0,0
BRDA:2009,512,1,0
BRDA:2010,513,0,0
BRDA:2010,513,1,0
BRDA:2012,514,0,0
BRDA:2012,514,1,0
BRDA:2014,515,0,0
BRDA:2014,515,1,0
BRDA:2017,516,0,0
BRDA:2017,516,1,0
BRDA:2024,517,0,0
BRDA:2024,517,1,0
BRDA:2026,518,0,0
BRDA:2026,518,1,0
BRDA:2027,519,0,0
BRDA:2027,519,1,0
BRDA:2030,520,0,0
BRDA:2030,520,1,0
BRDA:2031,521,0,0
BRDA:2031,521,1,0
BRDA:2032,522,0,0
BRDA:2032,522,1,0
BRDA:2033,523,0,0
BRDA:2033,523,1,0
BRDA:2033,524,0,0
BRDA:2033,524,1,0
BRDA:2036,525,0,0
BRDA:2036,525,1,0
BRDA:2038,526,0,0
BRDA:2038,526,1,0
BRDA:2039,527,0,0
BRDA:2039,527,1,0
BRDA:2046,528,0,0
BRDA:2046,528,1,0
BRDA:2050,529,0,0
BRDA:2050,529,1,0
BRDA:2050,530,0,0
BRDA:2050,530,1,0
BRDA:2053,531,0,0
BRDA:2053,531,1,0
BRDA:2055,532,0,0
BRDA:2055,532,1,0
BRDA:2057,533,0,0
BRDA:2057,533,1,0
BRDA:2058,534,0,0
BRDA:2058,534,1,0
BRDA:2060,535,0,0
BRDA:2060,535,1,0
BRDA:2070,536,0,0
BRDA:2070,536,1,0
BRDA:2070,537,0,0
BRDA:2070,537,1,0
BRDA:2073,538,0,0
BRDA:2073,538,1,0
BRDA:2078,539,0,0
BRDA:2078,539,1,0
BRDA:2078,540,0,0
BRDA:2078,540,1,0
BRDA:2081,541,0,0
BRDA:2081,541,1,0
BRDA:2088,542,0,0
BRDA:2088,542,1,0
BRDA:2088,543,0,0
BRDA:2088,543,1,0
BRDA:2092,544,0,0
BRDA:2092,544,1,0
BRDA:2103,545,0,0
BRDA:2103,545,1,0
BRDA:2103,546,0,0
BRDA:2103,546,1,0
BRDA:2112,547,0,0
BRDA:2112,547,1,0
BRDA:2116,548,0,0
BRDA:2116,548,1,0
BRDA:2123,549,0,0
BRDA:2123,549,1,0
BRDA:2123,550,0,0
BRDA:2123,550,1,0
BRDA:2124,551,0,0
BRDA:2124,551,1,0
BRDA:2128,552,0,0
BRDA:2128,552,1,0
BRDA:2132,553,0,0
BRDA:2132,553,1,0
BRDA:2142,554,0,0
BRDA:2142,554,1,0
BRDA:2144,555,0,0
BRDA:2144,555,1,0
BRDA:2147,556,0,0
BRDA:2147,556,1,0
BRDA:2152,557,0,0
BRDA:2152,557,1,0
BRDA:2152,558,0,0
BRDA:2152,558,1,0
BRDA:2167,559,0,0
BRDA:2167,559,1,0
BRDA:2169,560,0,0
BRDA:2169,560,1,0
BRDA:2169,561,0,0
BRDA:2169,561,1,0
BRDA:2171,562,0,0
BRDA:2171,562,1,0
BRDA:2172,563,0,0
BRDA:2172,563,1,0
BRDA:2176,564,0,0
BRDA:2176,564,1,0
BRDA:2181,565,0,0
BRDA:2181,565,1,0
BRDA:2190,566,0,0
BRDA:2190,566,1,0
BRDA:2207,567,0,0
BRDA:2207,567,1,0
BRDA:2207,568,0,0
BRDA:2207,568,1,0
BRDA:2209,569,0,0
BRDA:2209,569,1,0
BRDA:2212,570,0,0
BRDA:2212,570,1,0
BRDA:2212,571,0,0
BRDA:2212,571,1,0
BRDA:2216,572,0,0
BRDA:2216,572,1,0
BRDA:2217,573,0,0
BRDA:2217,573,1,0
BRDA:2217,574,0,0
BRDA:2217,574,1,0
BRDA:2237,575,0,0
BRDA:2237,575,1,0
BRDA:2239,576,0,0
BRDA:2239,576,1,0
BRDA:2239,577,0,0
BRDA:2239,577,1,0
BRDA:2241,578,0,0
BRDA:2241,578,1,0
BRDA:2256,579,0,0
BRDA:2256,579,1,0
BRDA:2256,580,0,0
BRDA:2256,580,1,0
BRDA:2256,581,0,0
BRDA:2256,581,1,0
BRDA:2257,582,0,0
BRDA:2257,582,1,0
BRDA:2278,583,0,0
BRDA:2278,583,1,0
BRDA:2278,584,0,0
BRDA:2278,584,1,0
BRDA:2280,585,0,0
BRDA:2280,585,1,0
BRDA:2283,586,0,0
BRDA:2283,586,1,0
BRDA:2285,587,0,0
BRDA:2285,587,1,0
BRDA:2296,588,0,0
BRDA:2296,588,1,0
BRDA:2296,589,0,0
BRDA:2296,589,1,0
BRDA:2298,590,0,0
BRDA:2298,590,1,0
BRDA:2301,591,0,0
BRDA:2301,591,1,0
BRDA:2302,592,0,0
BRDA:2302,592,1,0
BRDA:2305,593,0,0
BRDA:2305,593,1,0
BRDA:2306,594,0,0
BRDA:2306,594,1,0
BRDA:2311,595,0,0
BRDA:2311,595,1,0
BRDA:2316,596,0,0
BRDA:2316,596,1,0
BRDA:2316,597,0,0
BRDA:2316,597,1,0
BRDA:2317,598,0,0
BRDA:2317,598,1,0
BRDA:2317,599,0,0
BRDA:2317,599,1,0
BRDA:2324,600,0,0
BRDA:2324,600,1,0
BRDA:2336,601,0,0
BRDA:2336,601,1,0
BRDA:2336,602,0,0
BRDA:2336,602,1,0
BRDA:2338,603,0,0
BRDA:2338,603,1,0
BRDA:2341,604,0,0
BRDA:2341,604,1,0
BRDA:2343,605,0,0
BRDA:2343,605,1,0
BRDA:2344,606,0,0
BRDA:2344,606,1,0
BRDA:2349,607,0,0
BRDA:2349,607,1,0
BRDA:2364,608,0,0
BRDA:2364,608,1,0
BRDA:2364,609,0,0
BRDA:2364,609,1,0
BRDA:2366,610,0,0
BRDA:2366,610,1,0
BRDA:2367,611,0,0
BRDA:2367,611,1,0
BRDA:2373,612,0,0
BRDA:2373,612,1,0
BRDA:2383,613,0,0
BRDA:2383,613,1,0
BRDA:2385,614,0,0
BRDA:2385,614,1,0
BRDA:2386,615,0,0
BRDA:2386,615,1,0
BRDA:2401,616,0,0
BRDA:2401,616,1,0
BRDA:2401,617,0,0
BRDA:2401,617,1,0
BRDA:2405,618,0,0
BRDA:2405,618,1,0
BRDA:2413,619,0,0
BRDA:2413,619,1,0
BRDA:2413,620,0,0
BRDA:2413,620,1,0
BRDA:2414,621,0,0
BRDA:2414,621,1,0
BRDA:2414,622,0,0
BRDA:2414,622,1,0
BRDA:2414,623,0,0
BRDA:2414,623,1,0
BRDA:2434,624,0,0
BRDA:2434,624,1,0
BRDA:2435,625,0,0
BRDA:2435,625,1,0
BRDA:2437,626,0,0
BRDA:2437,626,1,0
BRDA:2437,627,0,0
BRDA:2437,627,1,0
BRDA:2446,628,0,0
BRDA:2446,628,1,0
BRDA:2446,629,0,0
BRDA:2446,629,1,0
BRDA:2448,630,0,0
BRDA:2448,630,1,0
BRDA:2452,631,0,0
BRDA:2452,631,1,0
BRDA:2458,632,0,0
BRDA:2458,632,1,0
BRDA:2471,633,0,0
BRDA:2471,633,1,0
BRDA:2484,634,0,0
BRDA:2484,634,1,0
BRDA:2484,635,0,0
BRDA:2484,635,1,0
BRDA:2486,636,0,0
BRDA:2486,636,1,0
BRDA:2487,637,0,0
BRDA:2487,637,1,0
BRDA:2490,638,0,0
BRDA:2490,638,1,0
BRDA:2496,639,0,0
BRDA:2496,639,1,0
BRDA:2496,640,0,0
BRDA:2496,640,1,0
BRDA:2498,641,0,0
BRDA:2498,641,1,0
BRDA:2499,642,0,0
BRDA:2499,642,1,0
BRDA:2503,643,0,0
BRDA:2503,643,1,0
BRDA:2503,644,0,0
BRDA:2503,644,1,0
BRDA:2509,645,0,0
BRDA:2509,645,1,0
BRDA:2513,646,0,0
BRDA:2513,646,1,0
BRDA:2514,647,0,0
BRDA:2514,647,1,0
BRDA:2519,648,0,0
BRDA:2519,648,1,0
BRDA:2531,649,0,0
BRDA:2531,649,1,0
BRDA:2531,650,0,0
BRDA:2531,650,1,0
BRDA:2533,651,0,0
BRDA:2533,651,1,0
BRDA:2534,652,0,0
BRDA:2534,652,1,0
BRDA:2546,653,0,0
BRDA:2546,653,1,0
BRDA:2547,654,0,0
BRDA:2547,654,1,0
BRDA:2548,655,0,0
BRDA:2548,655,1,0
BRDA:2552,656,0,0
BRDA:2552,656,1,0
BRDA:2553,657,0,0
BRDA:2553,657,1,0
BRDA:2553,658,0,0
BRDA:2553,658,1,0
BRDA:2554,659,0,0
BRDA:2554,659,1,0
BRDA:2556,660,0,0
BRDA:2556,660,1,0
BRDA:2556,661,0,0
BRDA:2556,661,1,0
BRDA:2557,662,0,0
BRDA:2557,662,1,0
BRDA:2563,663,0,0
BRDA:2563,663,1,0
BRDA:2564,664,0,0
BRDA:2564,664,1,0
BRDA:2565,665,0,0
BRDA:2565,665,1,0
BRDA:2566,666,0,0
BRDA:2566,666,1,0
BRDA:2567,667,0,0
BRDA:2567,667,1,0
BRDA:2568,668,0,0
BRDA:2568,668,1,0
BRDA:2569,669,0,0
BRDA:2569,669,1,0
BRDA:2570,670,0,0
BRDA:2570,670,1,0
BRDA:2578,671,0,0
BRDA:2578,671,1,0
BRDA:2578,672,0,0
BRDA:2578,672,1,0
BRDA:2587,673,0,0
BRDA:2587,673,1,0
BRDA:2588,674,0,0
BRDA:2588,674,1,0
BRDA:2588,674,2,0
BRDA:2595,675,0,0
BRDA:2595,675,1,0
BRDA:2595,675,2,0
BRDA:2597,676,0,0
BRDA:2597,676,1,0
BRDA:2597,677,0,0
BRDA:2597,677,1,0
BRDA:2604,678,0,0
BRDA:2604,678,1,0
BRDA:2606,679,0,0
BRDA:2606,679,1,0
BRDA:2608,680,0,0
BRDA:2608,680,1,0
BRDA:2609,681,0,0
BRDA:2609,681,1,0
BRDA:2613,682,0,0
BRDA:2613,682,1,0
BRDA:2614,683,0,0
BRDA:2614,683,1,0
BRDA:2615,684,0,0
BRDA:2615,684,1,0
BRDA:2623,685,0,6
BRDA:2623,685,1,0
BRDA:2626,686,0,0
BRDA:2626,686,1,0
BRDA:2627,687,0,0
BRDA:2627,687,1,0
BRDA:2631,688,0,0
BRDA:2631,688,1,0
BRDA:2631,688,2,0
BRDA:2632,689,0,0
BRDA:2632,689,1,0
BRDA:2636,690,0,0
BRDA:2636,690,1,0
BRDA:2636,690,2,0
BRDA:2637,691,0,0
BRDA:2637,691,1,0
BRDA:2643,692,0,17
BRDA:2643,692,1,17
BRDA:2643,692,2,0
BRDA:2644,693,0,1
BRDA:2644,693,1,16
BRDA:2648,694,0,16
BRDA:2648,694,1,0
BRDA:2651,695,0,0
BRDA:2651,695,1,0
BRDA:2651,696,0,0
BRDA:2651,696,1,0
BRDA:2651,697,0,0
BRDA:2651,697,1,0
BRDA:2656,698,0,0
BRDA:2656,698,1,0
BRDA:2662,699,0,0
BRDA:2662,699,1,0
BRDA:2663,700,0,0
BRDA:2663,700,1,0
BRDA:2663,701,0,0
BRDA:2663,701,1,0
BRDA:2664,702,0,0
BRDA:2664,702,1,0
BRDA:2665,703,0,0
BRDA:2665,703,1,0
BRDA:2665,704,0,0
BRDA:2665,704,1,0
BRDA:2676,705,0,0
BRDA:2676,705,1,0
BRDA:2680,706,0,0
BRDA:2680,706,1,0
BRDA:2681,707,0,0
BRDA:2681,707,1,0
BRDA:2682,708,0,0
BRDA:2682,708,1,0
BRDA:2683,709,0,0
BRDA:2683,709,1,0
BRDA:2686,710,0,0
BRDA:2686,710,1,0
BRDA:2688,711,0,0
BRDA:2688,711,1,0
BRDA:2689,712,0,0
BRDA:2689,712,1,0
BRDA:2701,713,0,0
BRDA:2701,713,1,0
BRDA:2701,714,0,0
BRDA:2701,714,1,0
BRDA:2701,714,2,0
BRDA:2701,715,0,0
BRDA:2701,715,1,0
BRDA:2703,716,0,0
BRDA:2703,716,1,0
BRDA:2703,717,0,0
BRDA:2703,717,1,0
BRDA:2707,718,0,0
BRDA:2707,718,1,0
BRDA:2707,719,0,0
BRDA:2707,719,1,0
BRDA:2714,720,0,0
BRDA:2714,720,1,0
BRDA:2716,721,0,0
BRDA:2716,721,1,0
BRDA:2719,722,0,0
BRDA:2719,722,1,0
BRDA:2719,723,0,0
BRDA:2719,723,1,0
BRDA:2724,724,0,0
BRDA:2724,724,1,0
BRDA:2724,725,0,0
BRDA:2724,725,1,0
BRDA:2725,726,0,0
BRDA:2725,726,1,0
BRDA:2727,727,0,0
BRDA:2727,727,1,0
BRDA:2728,728,0,0
BRDA:2728,728,1,0
BRDA:2743,729,0,0
BRDA:2743,729,1,0
BRDA:2744,730,0,0
BRDA:2744,730,1,0
BRDA:2744,730,2,0
BRDA:2745,731,0,0
BRDA:2745,731,1,0
BRDA:2746,732,0,0
BRDA:2746,732,1,0
BRDA:2746,733,0,0
BRDA:2746,733,1,0
BRDA:2753,734,0,0
BRDA:2753,734,1,0
BRDA:2767,735,0,0
BRDA:2767,735,1,0
BRDA:2786,736,0,14
BRDA:2786,736,1,14
BRDA:2786,736,2,0
BRDA:2787,737,0,4
BRDA:2787,737,1,10
BRDA:2791,738,0,10
BRDA:2791,738,1,0
BRDA:2794,739,0,0
BRDA:2794,739,1,0
BRDA:2795,740,0,0
BRDA:2795,740,1,0
BRDA:2805,741,0,0
BRDA:2805,741,1,0
BRDA:2805,742,0,0
BRDA:2805,742,1,0
BRDA:2813,743,0,0
BRDA:2813,743,1,0
BRDA:2819,744,0,3
BRDA:2819,744,1,3
BRDA:2819,744,2,0
BRDA:2820,745,0,0
BRDA:2820,745,1,3
BRDA:2824,746,0,3
BRDA:2824,746,1,0
BRDA:2827,747,0,0
BRDA:2827,747,1,0
BRDA:2828,748,0,0
BRDA:2828,748,1,0
BRDA:2829,749,0,0
BRDA:2829,749,1,0
BRDA:2829,750,0,0
BRDA:2829,750,1,0
BRDA:2833,751,0,0
BRDA:2833,751,1,0
BRDA:2833,752,0,0
BRDA:2833,752,1,0
BRDA:2833,752,2,0
BRDA:2849,753,0,4
BRDA:2849,753,1,0
BRDA:2852,754,0,0
BRDA:2852,754,1,0
BRDA:2852,755,0,0
BRDA:2852,755,1,0
BRDA:2859,756,0,0
BRDA:2859,756,1,0
BRDA:2860,757,0,0
BRDA:2860,757,1,0
BRDA:2860,758,0,0
BRDA:2860,758,1,0
BRDA:2864,759,0,0
BRDA:2864,759,1,0
BRDA:2867,760,0,0
BRDA:2867,760,1,0
BRDA:2880,761,0,0
BRDA:2880,761,1,0
BRDA:2883,762,0,0
BRDA:2883,762,1,0
BRDA:2888,763,0,0
BRDA:2888,763,1,0
BRDA:2901,764,0,0
BRDA:2901,764,1,0
BRDA:2901,765,0,0
BRDA:2901,765,1,0
BRDA:2903,766,0,0
BRDA:2903,766,1,0
BRDA:2906,767,0,0
BRDA:2906,767,1,0
BRDA:2908,768,0,0
BRDA:2908,768,1,0
BRDA:2919,769,0,0
BRDA:2919,769,1,0
BRDA:2919,770,0,0
BRDA:2919,770,1,0
BRDA:2923,771,0,0
BRDA:2923,771,1,0
BRDA:2925,772,0,0
BRDA:2925,772,1,0
BRDA:2932,773,0,0
BRDA:2932,773,1,0
BRDA:2938,774,0,0
BRDA:2938,774,1,0
BRDA:2939,775,0,0
BRDA:2939,775,1,0
BRDA:2941,776,0,0
BRDA:2941,776,1,0
BRDA:2948,777,0,0
BRDA:2948,777,1,0
BRDA:2949,778,0,0
BRDA:2949,778,1,0
BRDA:2952,779,0,0
BRDA:2952,779,1,0
BRDA:2957,780,0,0
BRDA:2957,780,1,0
BRDA:2958,781,0,0
BRDA:2958,781,1,0
BRDA:2968,782,0,0
BRDA:2968,782,1,0
BRDA:2968,783,0,0
BRDA:2968,783,1,0
BRDA:2970,784,0,0
BRDA:2970,784,1,0
BRDA:2970,785,0,0
BRDA:2970,785,1,0
BRDA:2970,786,0,0
BRDA:2970,786,1,0
BRDA:2981,787,0,0
BRDA:2981,787,1,0
BRDA:2985,788,0,0
BRDA:2985,788,1,0
BRDA:2985,789,0,0
BRDA:2985,789,1,0
BRDA:2992,790,0,0
BRDA:2992,790,1,0
BRDA:2993,791,0,0
BRDA:2993,791,1,0
BRDA:2994,792,0,0
BRDA:2994,792,1,0
BRDA:2995,793,0,0
BRDA:2995,793,1,0
BRDA:3010,794,0,3
BRDA:3010,794,1,127
BRDA:3011,795,0,3
BRDA:3011,795,1,0
BRDA:3021,796,0,124
BRDA:3021,796,1,3
BRDA:3023,797,0,0
BRDA:3023,797,1,124
BRDA:3028,798,0,0
BRDA:3028,798,1,124
BRDA:3028,799,0,124
BRDA:3028,799,1,15
BRDA:3030,800,0,0
BRDA:3030,800,1,0
BRDA:3030,801,0,0
BRDA:3030,801,1,0
BRDA:3038,802,0,15
BRDA:3038,802,1,109
BRDA:3038,803,0,124
BRDA:3038,803,1,59
BRDA:3040,804,0,5
BRDA:3040,804,1,10
BRDA:3045,805,0,5003
BRDA:3045,805,1,1558
BRDA:3046,806,0,118
BRDA:3046,806,1,1
BRDA:3047,807,0,118
BRDA:3047,807,1,64
BRDA:3050,808,0,0
BRDA:3050,808,1,0
BRDA:3063,809,0,1
BRDA:3063,809,1,2
BRDA:3066,810,0,1
BRDA:3066,810,1,0
BRDA:3066,811,0,1
BRDA:3066,811,1,1
BRDA:3069,812,0,0
BRDA:3069,812,1,0
BRDA:3072,813,0,0
BRDA:3072,813,1,0
BRDA:3087,814,0,0
BRDA:3087,814,1,2
BRDA:3088,815,0,0
BRDA:3088,815,1,0
BRDA:3088,816,0,0
BRDA:3088,816,1,0
BRDA:3090,817,0,0
BRDA:3090,817,1,0
BRDA:3094,818,0,0
BRDA:3094,818,1,2
BRDA:3095,819,0,0
BRDA:3095,819,1,0
BRDA:3095,820,0,0
BRDA:3095,820,1,0
BRDA:3097,821,0,0
BRDA:3097,821,1,0
BRDA:3101,822,0,0
BRDA:3101,822,1,2
BRDA:3102,823,0,0
BRDA:3102,823,1,0
BRDA:3108,824,0,0
BRDA:3108,824,1,2
BRDA:3109,825,0,0
BRDA:3109,825,1,0
BRDA:3111,826,0,0
BRDA:3111,826,1,0
BRDA:3114,827,0,0
BRDA:3114,827,1,0
BRDA:3117,828,0,0
BRDA:3117,828,1,0
BRDA:3117,828,2,0
BRDA:3119,829,0,0
BRDA:3119,829,1,0
BRDA:3119,830,0,0
BRDA:3119,830,1,0
BRDA:3119,830,2,0
BRDA:3124,831,0,0
BRDA:3124,831,1,0
BRDA:3125,832,0,0
BRDA:3125,832,1,0
BRDA:3127,833,0,0
BRDA:3127,833,1,0
BRDA:3135,834,0,0
BRDA:3135,834,1,0
BRDA:3136,835,0,0
BRDA:3136,835,1,0
BRDA:3171,836,0,0
BRDA:3171,836,1,0
BRDA:3174,837,0,0
BRDA:3174,837,1,0
BRDA:3174,838,0,0
BRDA:3174,838,1,0
BRDA:3176,839,0,0
BRDA:3176,839,1,0
BRDA:3177,840,0,0
BRDA:3177,840,1,0
BRDA:3178,841,0,0
BRDA:3178,841,1,0
BRDA:3179,842,0,0
BRDA:3179,842,1,0
BRDA:3180,843,0,0
BRDA:3180,843,1,0
BRDA:3182,844,0,0
BRDA:3182,844,1,0
BRDA:3182,845,0,0
BRDA:3182,845,1,0
BRDA:3182,846,0,0
BRDA:3182,846,1,0
BRDA:3182,847,0,0
BRDA:3182,847,1,0
BRDA:3193,848,0,0
BRDA:3193,848,1,2
BRDA:3195,849,0,0
BRDA:3195,849,1,0
BRDA:3196,850,0,0
BRDA:3196,850,1,0
BRDA:3198,851,0,0
BRDA:3198,851,1,0
BRDA:3206,852,0,0
BRDA:3206,852,1,2
BRDA:3208,853,0,0
BRDA:3208,853,1,0
BRDA:3209,854,0,0
BRDA:3209,854,1,0
BRDA:3211,855,0,0
BRDA:3211,855,1,0
BRDA:3221,856,0,0
BRDA:3221,856,1,2
BRDA:3224,857,0,0
BRDA:3224,857,1,2
BRDA:3224,858,0,2
BRDA:3224,858,1,0
BRDA:3227,859,0,0
BRDA:3227,859,1,2
BRDA:3230,860,0,0
BRDA:3230,860,1,0
BRDA:3235,861,0,0
BRDA:3235,861,1,2
BRDA:3240,862,0,0
BRDA:3240,862,1,2
BRDA:3244,863,0,2
BRDA:3244,863,1,2
BRDA:3247,864,0,2
BRDA:3247,864,1,0
BRDA:3250,865,0,2
BRDA:3250,865,1,0
BRDA:3254,866,0,0
BRDA:3254,866,1,0
BRDA:3254,867,0,0
BRDA:3254,867,1,0
BRDA:3261,868,0,0
BRDA:3261,868,1,0
BRDA:3262,869,0,0
BRDA:3262,869,1,0
BRDA:3263,870,0,0
BRDA:3263,870,1,0
BRDA:3263,871,0,0
BRDA:3263,871,1,0
BRDA:3264,872,0,0
BRDA:3264,872,1,0
BRDA:3267,873,0,0
BRDA:3267,873,1,0
BRDA:3269,874,0,0
BRDA:3269,874,1,0
BRDA:3278,875,0,0
BRDA:3278,875,1,0
BRDA:3285,876,0,0
BRDA:3285,876,1,0
BRDA:3286,877,0,0
BRDA:3286,877,1,0
BRDA:3287,878,0,0
BRDA:3287,878,1,0
BRDA:3296,879,0,0
BRDA:3296,879,1,0
BRDA:3350,880,0,3
BRDA:3350,880,1,0
BRF:1797
BRH:147
end_of_record
TN:
SF:sms.js
FN:8,getTwilioClient
FN:28,sendSMS
FN:56,formatDateFR
FN:66,sendSMSConfirmation
FN:79,sendSMSReminder
FN:91,sendSMSCancellation
FN:102,sendSMSOwnerNotification
FNF:7
FNH:0
FNDA:0,getTwilioClient
FNDA:0,sendSMS
FNDA:0,formatDateFR
FNDA:0,sendSMSConfirmation
FNDA:0,sendSMSReminder
FNDA:0,sendSMSCancellation
FNDA:0,sendSMSOwnerNotification
DA:6,3
DA:9,0
DA:10,0
DA:11,0
DA:12,0
DA:13,0
DA:15,0
DA:18,3
DA:21,3
DA:29,0
DA:30,0
DA:31,0
DA:32,0
DA:34,0
DA:35,0
DA:36,0
DA:40,0
DA:41,0
DA:42,0
DA:43,0
DA:45,0
DA:46,0
DA:47,0
DA:48,0
DA:50,0
DA:51,0
DA:57,0
DA:58,0
DA:59,0
DA:60,0
DA:61,0
DA:62,0
DA:67,0
DA:68,0
DA:70,0
DA:75,0
DA:80,0
DA:81,0
DA:83,0
DA:87,0
DA:92,0
DA:93,0
DA:95,0
DA:98,0
DA:103,0
DA:105,0
DA:109,0
DA:112,3
LF:48
LH:4
BRDA:9,0,0,0
BRDA:9,0,1,0
BRDA:10,1,0,0
BRDA:10,1,1,0
BRDA:10,2,0,0
BRDA:10,2,1,0
BRDA:18,3,0,3
BRDA:18,3,1,3
BRDA:30,4,0,0
BRDA:30,4,1,0
BRDA:34,5,0,0
BRDA:34,5,1,0
BRDA:41,6,0,0
BRDA:41,6,1,0
BRDA:42,7,0,0
BRDA:42,7,1,0
BRDA:43,8,0,0
BRDA:43,8,1,0
BRDA:67,9,0,0
BRDA:67,9,1,0
BRDA:68,10,0,0
BRDA:68,10,1,0
BRDA:73,11,0,0
BRDA:73,11,1,0
BRDA:80,12,0,0
BRDA:80,12,1,0
BRDA:81,13,0,0
BRDA:81,13,1,0
BRDA:85,14,0,0
BRDA:85,14,1,0
BRDA:92,15,0,0
BRDA:92,15,1,0
BRDA:93,16,0,0
BRDA:93,16,1,0
BRDA:103,17,0,0
BRDA:103,17,1,0
BRDA:105,18,0,0
BRDA:105,18,1,0
BRDA:108,19,0,0
BRDA:108,19,1,0
BRF:40
BRH:2
end_of_record
TN:
SF:lib\security.js
FN:9,(anonymous_0)
FN:14,getCORSHeaders
FN:39,applySecurityHeaders
FN:40,(anonymous_3)
FN:58,rateLimit
FN:76,cleanupRateLimitMap
FN:93,getClientIP
FNF:7
FNH:2
FNDA:18,(anonymous_0)
FNDA:127,getCORSHeaders
FNDA:0,applySecurityHeaders
FNDA:0,(anonymous_3)
FNDA:0,rateLimit
FNDA:0,cleanupRateLimitMap
FNDA:0,getClientIP
DA:9,18
DA:15,127
DA:16,127
DA:27,3
DA:40,0
DA:41,0
DA:48,3
DA:59,0
DA:60,0
DA:61,0
DA:63,0
DA:64,0
DA:67,0
DA:68,0
DA:70,0
DA:77,0
DA:78,0
DA:79,0
DA:80,0
DA:81,0
DA:82,0
DA:85,0
DA:86,0
DA:94,0
DA:101,3
DA:103,3
LF:26
LH:7
BRDA:9,0,0,3
BRDA:9,0,1,3
BRDA:17,1,0,2
BRDA:17,1,1,125
BRDA:63,2,0,0
BRDA:63,2,1,0
BRDA:63,3,0,0
BRDA:63,3,1,0
BRDA:80,4,0,0
BRDA:80,4,1,0
BRDA:85,5,0,0
BRDA:85,5,1,0
BRDA:94,6,0,0
BRDA:94,6,1,0
BRDA:94,6,2,0
BRDA:94,6,3,0
BRF:16
BRH:4
end_of_record
TN:
SF:lib\validation.js
FN:9,validateEmail
FN:15,validatePassword
FN:21,validateSalonName
FN:28,validatePhoneNumber
FN:36,validateURL
FN:47,validateServiceName
FN:54,validateDuration
FN:60,validatePrice
FN:66,validateWebhookURL
FN:92,validateHexColor
FNF:10
FNH:9
FNDA:3,validateEmail
FNDA:3,validatePassword
FNDA:3,validateSalonName
FNDA:3,validatePhoneNumber
FNDA:7,validateURL
FNDA:0,validateServiceName
FNDA:3,validateDuration
FNDA:3,validatePrice
FNDA:4,validateWebhookURL
FNDA:3,validateHexColor
DA:5,1
DA:6,1
DA:7,1
DA:10,3
DA:11,2
DA:12,1
DA:16,3
DA:17,2
DA:18,1
DA:22,3
DA:23,3
DA:24,2
DA:25,1
DA:29,3
DA:31,3
DA:32,3
DA:33,2
DA:37,7
DA:38,7
DA:39,6
DA:40,6
DA:41,6
DA:43,0
DA:48,0
DA:49,0
DA:50,0
DA:51,0
DA:55,3
DA:56,3
DA:57,1
DA:61,3
DA:62,3
DA:63,1
DA:67,4
DA:70,4
DA:71,4
DA:72,4
DA:74,4
DA:75,1
DA:78,3
DA:79,1
DA:82,2
DA:83,1
DA:86,1
DA:88,0
DA:93,3
DA:94,1
DA:97,1
LF:48
LH:42
BRDA:10,0,0,1
BRDA:10,0,1,2
BRDA:10,1,0,3
BRDA:10,1,1,2
BRDA:11,2,0,1
BRDA:11,2,1,1
BRDA:16,3,0,1
BRDA:16,3,1,2
BRDA:16,4,0,3
BRDA:16,4,1,2
BRDA:17,5,0,1
BRDA:17,5,1,1
BRDA:22,6,0,0
BRDA:22,6,1,3
BRDA:22,7,0,3
BRDA:22,7,1,3
BRDA:23,8,0,1
BRDA:23,8,1,2
BRDA:24,9,0,1
BRDA:24,9,1,1
BRDA:29,10,0,0
BRDA:29,10,1,3
BRDA:29,11,0,3
BRDA:29,11,1,3
BRDA:32,12,0,1
BRDA:32,12,1,2
BRDA:37,13,0,0
BRDA:37,13,1,7
BRDA:37,14,0,7
BRDA:37,14,1,7
BRDA:38,15,0,1
BRDA:38,15,1,6
BRDA:48,16,0,0
BRDA:48,16,1,0
BRDA:48,17,0,0
BRDA:48,17,1,0
BRDA:49,18,0,0
BRDA:49,18,1,0
BRDA:50,19,0,0
BRDA:50,19,1,0
BRDA:56,20,0,2
BRDA:56,20,1,1
BRDA:56,21,0,3
BRDA:56,21,1,3
BRDA:56,21,2,2
BRDA:62,22,0,2
BRDA:62,22,1,1
BRDA:62,23,0,3
BRDA:62,23,1,3
BRDA:62,23,2,2
BRDA:67,24,0,0
BRDA:67,24,1,4
BRDA:74,25,0,1
BRDA:74,25,1,3
BRDA:74,26,0,4
BRDA:74,26,1,3
BRDA:78,27,0,1
BRDA:78,27,1,2
BRDA:82,28,0,1
BRDA:82,28,1,1
BRDA:93,29,0,2
BRDA:93,29,1,1
BRDA:93,30,0,3
BRDA:93,30,1,3
BRF:64
BRH:52
end_of_record
