TN:
SF:db.js
FN:24,connectDB
FN:61,getDB
FN:66,genId
FN:69,withStringId
FN:76,seedIfEmpty
FN:154,(anonymous_5)
FN:157,(anonymous_6)
FN:160,(anonymous_7)
FN:163,(anonymous_8)
FN:168,(anonymous_9)
FN:172,(anonymous_10)
FN:181,(anonymous_11)
FN:184,(anonymous_12)
FN:187,(anonymous_13)
FN:190,(anonymous_14)
FN:193,(anonymous_15)
FN:199,(anonymous_16)
FN:202,(anonymous_17)
FN:207,(anonymous_18)
FN:210,(anonymous_19)
FN:219,(anonymous_20)
FN:222,(anonymous_21)
FN:225,(anonymous_22)
FN:228,(anonymous_23)
FN:260,(anonymous_24)
FN:267,(anonymous_25)
FN:271,(anonymous_26)
FN:276,(anonymous_27)
FN:281,(anonymous_28)
FN:284,(anonymous_29)
FN:309,(anonymous_30)
FN:312,(anonymous_31)
FN:316,(anonymous_32)
FN:321,(anonymous_33)
FN:324,(anonymous_34)
FN:327,(anonymous_35)
FN:332,(anonymous_36)
FN:336,(anonymous_37)
FN:341,(anonymous_38)
FN:345,(anonymous_39)
FN:350,(anonymous_40)
FN:353,(anonymous_41)
FN:358,(anonymous_42)
FN:363,(anonymous_43)
FN:364,(anonymous_44)
FN:365,(anonymous_45)
FN:366,(anonymous_46)
FN:367,(anonymous_47)
FNF:48
FNH:6
FNDA:4,connectDB
FNDA:81,getDB
FNDA:0,genId
FNDA:0,withStringId
FNDA:0,seedIfEmpty
FNDA:0,(anonymous_5)
FNDA:0,(anonymous_6)
FNDA:39,(anonymous_7)
FNDA:0,(anonymous_8)
FNDA:0,(anonymous_9)
FNDA:0,(anonymous_10)
FNDA:0,(anonymous_11)
FNDA:23,(anonymous_12)
FNDA:0,(anonymous_13)
FNDA:0,(anonymous_14)
FNDA:0,(anonymous_15)
FNDA:0,(anonymous_16)
FNDA:0,(anonymous_17)
FNDA:0,(anonymous_18)
FNDA:0,(anonymous_19)
FNDA:0,(anonymous_20)
FNDA:18,(anonymous_21)
FNDA:0,(anonymous_22)
FNDA:0,(anonymous_23)
FNDA:0,(anonymous_24)
FNDA:0,(anonymous_25)
FNDA:0,(anonymous_26)
FNDA:0,(anonymous_27)
FNDA:0,(anonymous_28)
FNDA:0,(anonymous_29)
FNDA:0,(anonymous_30)
FNDA:0,(anonymous_31)
FNDA:0,(anonymous_32)
FNDA:1,(anonymous_33)
FNDA:0,(anonymous_34)
FNDA:0,(anonymous_35)
FNDA:0,(anonymous_36)
FNDA:0,(anonymous_37)
FNDA:0,(anonymous_38)
FNDA:0,(anonymous_39)
FNDA:0,(anonymous_40)
FNDA:0,(anonymous_41)
FNDA:0,(anonymous_42)
FNDA:0,(anonymous_43)
FNDA:0,(anonymous_44)
FNDA:0,(anonymous_45)
FNDA:0,(anonymous_46)
FNDA:0,(anonymous_47)
DA:5,4
DA:6,4
DA:7,4
DA:10,4
DA:11,0
DA:12,0
DA:13,0
DA:15,0
DA:16,0
DA:18,4
DA:19,4
DA:25,4
DA:27,4
DA:28,4
DA:30,4
DA:31,4
DA:35,4
DA:36,4
DA:39,4
DA:40,4
DA:43,4
DA:44,4
DA:45,4
DA:46,4
DA:47,4
DA:48,4
DA:49,4
DA:50,4
DA:51,4
DA:53,4
DA:55,0
DA:56,0
DA:57,0
DA:62,81
DA:63,81
DA:66,0
DA:70,0
DA:71,0
DA:72,0
DA:77,0
DA:78,0
DA:79,0
DA:81,0
DA:82,0
DA:83,0
DA:84,0
DA:85,0
DA:86,0
DA:88,0
DA:128,0
DA:138,0
DA:143,0
DA:148,4
DA:155,0
DA:158,0
DA:161,39
DA:164,0
DA:165,0
DA:166,0
DA:169,0
DA:170,0
DA:173,0
DA:174,0
DA:175,0
DA:176,0
DA:177,0
DA:182,0
DA:185,23
DA:188,0
DA:191,0
DA:194,0
DA:195,0
DA:196,0
DA:197,0
DA:200,0
DA:203,0
DA:204,0
DA:205,0
DA:208,0
DA:211,0
DA:212,0
DA:214,0
DA:215,0
DA:220,0
DA:223,18
DA:226,0
DA:229,0
DA:230,0
DA:231,0
DA:234,0
DA:242,0
DA:243,0
DA:244,0
DA:245,0
DA:249,0
DA:257,0
DA:258,0
DA:261,0
DA:262,0
DA:264,0
DA:265,0
DA:268,0
DA:269,0
DA:272,0
DA:273,0
DA:274,0
DA:277,0
DA:282,0
DA:285,0
DA:288,0
DA:289,0
DA:290,0
DA:292,0
DA:293,0
DA:294,0
DA:297,0
DA:298,0
DA:299,0
DA:302,0
DA:307,0
DA:310,0
DA:313,0
DA:314,0
DA:317,0
DA:322,1
DA:325,0
DA:328,0
DA:329,0
DA:330,0
DA:333,0
DA:334,0
DA:337,0
DA:342,0
DA:343,0
DA:346,0
DA:351,0
DA:354,0
DA:355,0
DA:356,0
DA:359,0
DA:363,0
DA:364,0
DA:365,0
DA:366,0
DA:367,0
DA:370,4
LF:146
LH:33
BRDA:10,0,0,0
BRDA:10,0,1,4
BRDA:11,1,0,0
BRDA:11,1,1,0
BRDA:25,2,0,0
BRDA:25,2,1,4
BRDA:62,3,0,0
BRDA:62,3,1,81
BRDA:70,4,0,0
BRDA:70,4,1,0
BRDA:71,5,0,0
BRDA:71,5,1,0
BRDA:71,6,0,0
BRDA:71,6,1,0
BRDA:79,7,0,0
BRDA:79,7,1,0
BRDA:154,8,0,0
BRDA:181,9,0,0
BRDA:211,10,0,0
BRDA:211,10,1,0
BRDA:219,11,0,0
BRDA:230,12,0,0
BRDA:230,12,1,0
BRDA:244,13,0,0
BRDA:244,13,1,0
BRDA:244,14,0,0
BRDA:244,14,1,0
BRDA:252,15,0,0
BRDA:252,15,1,0
BRDA:253,16,0,0
BRDA:253,16,1,0
BRDA:261,17,0,0
BRDA:261,17,1,0
BRDA:268,18,0,0
BRDA:268,18,1,0
BRDA:281,19,0,0
BRDA:289,20,0,0
BRDA:289,20,1,0
BRDA:290,21,0,0
BRDA:290,21,1,0
BRDA:293,22,0,0
BRDA:293,22,1,0
BRDA:297,23,0,0
BRDA:297,23,1,0
BRDA:298,24,0,0
BRDA:298,24,1,0
BRDA:298,25,0,0
BRDA:298,25,1,0
BRDA:303,26,0,0
BRDA:303,26,1,0
BRDA:316,27,0,0
BRDA:321,28,0,0
BRDA:336,29,0,0
BRDA:341,30,0,0
BRDA:345,31,0,0
BRDA:350,32,0,0
BRDA:365,33,0,0
BRF:57
BRH:3
end_of_record
TN:
SF:email.js
FN:14,buildConfirmationEmail
FN:101,formatDateFR
FN:111,sendBookingConfirmation
FN:144,sendOTPEmail
FN:178,sendWelcomeEmail
FN:309,sendPasswordResetEmail
FN:366,sendReminderEmail
FN:435,sendCancellationConfirmation
FN:492,sendCancellationAlertToOwner
FN:561,sendAdminNewSubscriptionEmail
FN:609,sendEmployeeBookingNotification
FN:649,sendEmail
FN:663,sendReferralRewardEmail
FN:722,sendPaymentFailedEmail
FN:775,sendReviewRequestEmail
FNF:15
FNH:1
FNDA:0,buildConfirmationEmail
FNDA:0,formatDateFR
FNDA:0,sendBookingConfirmation
FNDA:0,sendOTPEmail
FNDA:0,sendWelcomeEmail
FNDA:0,sendPasswordResetEmail
FNDA:0,sendReminderEmail
FNDA:0,sendCancellationConfirmation
FNDA:0,sendCancellationAlertToOwner
FNDA:0,sendAdminNewSubscriptionEmail
FNDA:0,sendEmployeeBookingNotification
FNDA:1,sendEmail
FNDA:0,sendReferralRewardEmail
FNDA:0,sendPaymentFailedEmail
FNDA:0,sendReviewRequestEmail
DA:6,3
DA:9,3
DA:11,3
DA:15,0
DA:16,0
DA:18,0
DA:102,0
DA:103,0
DA:104,0
DA:105,0
DA:106,0
DA:107,0
DA:112,0
DA:113,0
DA:114,0
DA:115,0
DA:118,0
DA:119,0
DA:122,0
DA:124,0
DA:125,0
DA:132,0
DA:133,0
DA:134,0
DA:137,0
DA:139,0
DA:145,0
DA:146,0
DA:148,0
DA:149,0
DA:165,0
DA:166,0
DA:167,0
DA:170,0
DA:171,0
DA:173,0
DA:174,0
DA:179,0
DA:180,0
DA:181,0
DA:182,0
DA:183,0
DA:185,0
DA:186,0
DA:298,0
DA:299,0
DA:300,0
DA:302,0
DA:304,0
DA:310,0
DA:311,0
DA:313,0
DA:314,0
DA:357,0
DA:358,0
DA:359,0
DA:361,0
DA:362,0
DA:367,0
DA:368,0
DA:369,0
DA:370,0
DA:371,0
DA:372,0
DA:373,0
DA:430,0
DA:431,0
DA:432,0
DA:436,0
DA:437,0
DA:438,0
DA:439,0
DA:440,0
DA:441,0
DA:442,0
DA:487,0
DA:488,0
DA:489,0
DA:493,0
DA:494,0
DA:495,0
DA:496,0
DA:497,0
DA:498,0
DA:499,0
DA:555,0
DA:556,0
DA:557,0
DA:562,0
DA:563,0
DA:564,0
DA:565,0
DA:566,0
DA:568,0
DA:569,0
DA:602,0
DA:604,0
DA:610,0
DA:611,0
DA:612,0
DA:613,0
DA:614,0
DA:615,0
DA:616,0
DA:642,0
DA:644,0
DA:650,1
DA:651,1
DA:652,1
DA:653,1
DA:655,0
DA:656,0
DA:660,3
DA:664,0
DA:665,0
DA:667,0
DA:708,0
DA:709,0
DA:715,0
DA:717,0
DA:723,0
DA:724,0
DA:725,0
DA:726,0
DA:761,0
DA:762,0
DA:768,0
DA:770,0
DA:776,0
DA:777,0
DA:778,0
DA:780,0
DA:819,0
DA:820,0
DA:826,0
DA:828,0
LF:136
LH:8
BRDA:15,0,0,0
BRDA:15,0,1,0
BRDA:16,1,0,0
BRDA:16,1,1,0
BRDA:46,2,0,0
BRDA:46,2,1,0
BRDA:60,3,0,0
BRDA:60,3,1,0
BRDA:72,4,0,0
BRDA:72,4,1,0
BRDA:72,5,0,0
BRDA:72,5,1,0
BRDA:75,6,0,0
BRDA:75,6,1,0
BRDA:76,7,0,0
BRDA:76,7,1,0
BRDA:86,8,0,0
BRDA:86,8,1,0
BRDA:87,9,0,0
BRDA:87,9,1,0
BRDA:113,10,0,0
BRDA:113,10,1,0
BRDA:113,11,0,0
BRDA:113,11,1,0
BRDA:118,12,0,0
BRDA:118,12,1,0
BRDA:119,13,0,0
BRDA:119,13,1,0
BRDA:122,14,0,0
BRDA:122,14,1,0
BRDA:132,15,0,0
BRDA:132,15,1,0
BRDA:144,16,0,0
BRDA:145,17,0,0
BRDA:145,17,1,0
BRDA:146,18,0,0
BRDA:146,18,1,0
BRDA:165,19,0,0
BRDA:165,19,1,0
BRDA:179,20,0,0
BRDA:179,20,1,0
BRDA:179,20,2,0
BRDA:180,21,0,0
BRDA:180,21,1,0
BRDA:181,22,0,0
BRDA:181,22,1,0
BRDA:182,23,0,0
BRDA:182,23,1,0
BRDA:183,24,0,0
BRDA:183,24,1,0
BRDA:215,25,0,0
BRDA:215,25,1,0
BRDA:273,26,0,0
BRDA:273,26,1,0
BRDA:298,27,0,0
BRDA:298,27,1,0
BRDA:310,28,0,0
BRDA:310,28,1,0
BRDA:311,29,0,0
BRDA:311,29,1,0
BRDA:330,30,0,0
BRDA:330,30,1,0
BRDA:357,31,0,0
BRDA:357,31,1,0
BRDA:367,32,0,0
BRDA:367,32,1,0
BRDA:367,32,2,0
BRDA:368,33,0,0
BRDA:368,33,1,0
BRDA:369,34,0,0
BRDA:369,34,1,0
BRDA:370,35,0,0
BRDA:370,35,1,0
BRDA:371,36,0,0
BRDA:371,36,1,0
BRDA:371,37,0,0
BRDA:371,37,1,0
BRDA:395,38,0,0
BRDA:395,38,1,0
BRDA:409,39,0,0
BRDA:409,39,1,0
BRDA:418,40,0,0
BRDA:418,40,1,0
BRDA:430,41,0,0
BRDA:430,41,1,0
BRDA:436,42,0,0
BRDA:436,42,1,0
BRDA:436,42,2,0
BRDA:437,43,0,0
BRDA:437,43,1,0
BRDA:438,44,0,0
BRDA:438,44,1,0
BRDA:439,45,0,0
BRDA:439,45,1,0
BRDA:440,46,0,0
BRDA:440,46,1,0
BRDA:464,47,0,0
BRDA:464,47,1,0
BRDA:487,48,0,0
BRDA:487,48,1,0
BRDA:493,49,0,0
BRDA:493,49,1,0
BRDA:494,50,0,0
BRDA:494,50,1,0
BRDA:495,51,0,0
BRDA:495,51,1,0
BRDA:496,52,0,0
BRDA:496,52,1,0
BRDA:497,53,0,0
BRDA:497,53,1,0
BRDA:526,54,0,0
BRDA:526,54,1,0
BRDA:532,55,0,0
BRDA:532,55,1,0
BRDA:555,56,0,0
BRDA:555,56,1,0
BRDA:562,57,0,0
BRDA:562,57,1,0
BRDA:563,58,0,0
BRDA:563,58,1,0
BRDA:564,59,0,0
BRDA:564,59,1,0
BRDA:565,60,0,0
BRDA:565,60,1,0
BRDA:565,60,2,0
BRDA:610,61,0,0
BRDA:610,61,1,0
BRDA:610,62,0,0
BRDA:610,62,1,0
BRDA:611,63,0,0
BRDA:611,63,1,0
BRDA:611,63,2,0
BRDA:612,64,0,0
BRDA:612,64,1,0
BRDA:613,65,0,0
BRDA:613,65,1,0
BRDA:614,66,0,0
BRDA:614,66,1,0
BRDA:631,67,0,0
BRDA:631,67,1,0
BRDA:633,68,0,0
BRDA:633,68,1,0
BRDA:634,69,0,0
BRDA:634,69,1,0
BRDA:635,70,0,0
BRDA:635,70,1,0
BRDA:637,71,0,0
BRDA:637,71,1,0
BRDA:650,72,0,1
BRDA:650,72,1,0
BRDA:651,73,0,1
BRDA:651,73,1,1
BRDA:664,74,0,0
BRDA:664,74,1,0
BRDA:665,75,0,0
BRDA:665,75,1,0
BRDA:723,76,0,0
BRDA:723,76,1,0
BRDA:724,77,0,0
BRDA:724,77,1,0
BRDA:725,78,0,0
BRDA:725,78,1,0
BRDA:776,79,0,0
BRDA:776,79,1,0
BRDA:777,80,0,0
BRDA:777,80,1,0
BRDA:778,81,0,0
BRDA:778,81,1,0
BRDA:800,82,0,0
BRDA:800,82,1,0
BRDA:800,83,0,0
BRDA:800,83,1,0
BRDA:821,84,0,0
BRDA:821,84,1,0
BRF:174
BRH:3
end_of_record
TN:
SF:server.js
FN:61,logRequest
FN:75,slugify
FN:80,makeUniqueSlug
FN:91,escHtml
FN:95,json
FN:112,trackRequestTiming
FN:117,parseBody
FN:118,(anonymous_7)
FN:121,(anonymous_8)
FN:129,(anonymous_9)
FN:133,(anonymous_10)
FN:137,parseMultipart
FN:138,(anonymous_12)
FN:145,(anonymous_13)
FN:146,(anonymous_14)
FN:176,(anonymous_15)
FN:181,uploadImageBuffer
FN:186,(anonymous_17)
FN:199,(anonymous_18)
FN:215,createToken
FN:227,verifySalonAccess
FN:237,verifyToken
FN:256,rateLimit
FN:266,(anonymous_23)
FN:273,(anonymous_24)
FN:279,cancelStalePendingPayments
FN:297,sendPendingReminders
FN:315,(anonymous_27)
FN:329,sendPendingReviewRequests
FN:367,timeToMinutes
FN:373,hasConflict
FN:399,route
FN:414,(anonymous_32)
FN:427,(anonymous_33)
FN:431,(anonymous_34)
FN:447,(anonymous_35)
FN:465,(anonymous_36)
FN:467,(anonymous_37)
FN:475,(anonymous_38)
FN:486,(anonymous_39)
FN:502,(anonymous_40)
FN:510,(anonymous_41)
FN:514,(anonymous_42)
FN:531,(anonymous_43)
FN:586,(anonymous_44)
FN:591,(anonymous_45)
FN:617,(anonymous_46)
FN:634,(anonymous_47)
FN:640,(anonymous_48)
FN:647,(anonymous_49)
FN:667,(anonymous_50)
FN:676,(anonymous_51)
FN:684,(anonymous_52)
FN:707,(anonymous_53)
FN:781,(anonymous_54)
FN:805,(anonymous_55)
FN:824,(anonymous_56)
FN:834,(anonymous_57)
FN:857,(anonymous_58)
FN:887,(anonymous_59)
FN:902,(anonymous_60)
FN:930,(anonymous_61)
FN:946,(anonymous_62)
FN:966,(anonymous_63)
FN:972,(anonymous_64)
FN:973,(anonymous_65)
FN:979,(anonymous_66)
FN:995,(anonymous_67)
FN:1000,(anonymous_68)
FN:1001,(anonymous_69)
FN:1007,(anonymous_70)
FN:1013,(anonymous_71)
FN:1019,(anonymous_72)
FN:1027,(anonymous_73)
FN:1048,(anonymous_74)
FN:1054,(anonymous_75)
FN:1056,(anonymous_76)
FN:1059,(anonymous_77)
FN:1064,(anonymous_78)
FN:1070,(anonymous_79)
FN:1097,(anonymous_80)
FN:1126,(anonymous_81)
FN:1133,(anonymous_82)
FN:1139,(anonymous_83)
FN:1143,(anonymous_84)
FN:1149,(anonymous_85)
FN:1153,(anonymous_86)
FN:1157,(anonymous_87)
FN:1161,(anonymous_88)
FN:1169,(anonymous_89)
FN:1169,(anonymous_90)
FN:1171,(anonymous_91)
FN:1179,(anonymous_92)
FN:1187,(anonymous_93)
FN:1208,(anonymous_94)
FN:1216,(anonymous_95)
FN:1220,(anonymous_96)
FN:1223,(anonymous_97)
FN:1230,(anonymous_98)
FN:1236,(anonymous_99)
FN:1243,(anonymous_100)
FN:1244,(anonymous_101)
FN:1249,(anonymous_102)
FN:1291,(anonymous_103)
FN:1310,(anonymous_104)
FN:1330,(anonymous_105)
FN:1348,(anonymous_106)
FN:1364,(anonymous_107)
FN:1365,(anonymous_108)
FN:1368,(anonymous_109)
FN:1377,(anonymous_110)
FN:1396,(anonymous_111)
FN:1442,(anonymous_112)
FN:1448,(anonymous_113)
FN:1458,(anonymous_114)
FN:1463,(anonymous_115)
FN:1464,(anonymous_116)
FN:1468,(anonymous_117)
FN:1497,(anonymous_118)
FN:1512,(anonymous_119)
FN:1520,(anonymous_120)
FN:1527,(anonymous_121)
FN:1536,(anonymous_122)
FN:1546,(anonymous_123)
FN:1555,(anonymous_124)
FN:1569,(anonymous_125)
FN:1584,(anonymous_126)
FN:1637,(anonymous_127)
FN:1672,(anonymous_128)
FN:1677,(anonymous_129)
FN:1704,(anonymous_130)
FN:1706,generateUniqueReferralCode
FN:1820,(anonymous_132)
FN:1868,(anonymous_133)
FN:1981,(anonymous_134)
FN:1983,(anonymous_135)
FN:1985,(anonymous_136)
FN:1986,(anonymous_137)
FN:2212,(anonymous_138)
FN:2251,(anonymous_139)
FN:2282,(anonymous_140)
FN:2301,triggerWebhooks
FN:2302,(anonymous_142)
FN:2322,(anonymous_143)
FN:2329,(anonymous_144)
FN:2330,(anonymous_145)
FN:2340,(anonymous_146)
FN:2380,(anonymous_147)
FN:2408,(anonymous_148)
FN:2427,(anonymous_149)
FN:2478,(anonymous_150)
FN:2490,(anonymous_151)
FN:2511,(anonymous_152)
FN:2528,(anonymous_153)
FN:2540,(anonymous_154)
FN:2575,(anonymous_155)
FN:2580,(anonymous_156)
FN:2590,(anonymous_157)
FN:2598,(anonymous_158)
FN:2602,(anonymous_159)
FN:2603,(anonymous_160)
FN:2605,(anonymous_161)
FN:2615,(anonymous_162)
FN:2615,(anonymous_163)
FN:2622,(anonymous_164)
FN:2629,(anonymous_165)
FN:2632,(anonymous_166)
FN:2632,(anonymous_167)
FN:2636,(anonymous_168)
FN:2641,(anonymous_169)
FN:2642,(anonymous_170)
FN:2643,(anonymous_171)
FN:2652,(anonymous_172)
FN:2667,(anonymous_173)
FN:2677,(anonymous_174)
FN:2678,(anonymous_175)
FN:2682,(anonymous_176)
FN:2683,(anonymous_177)
FN:2688,(anonymous_178)
FN:2733,(anonymous_179)
FN:2748,(anonymous_180)
FN:2759,(anonymous_181)
FN:2770,(anonymous_182)
FN:2821,(anonymous_183)
FN:2831,(anonymous_184)
FN:2849,(anonymous_185)
FN:2864,(anonymous_186)
FN:2887,(anonymous_187)
FN:2893,(anonymous_188)
FN:2925,sendPushToSalon
FN:2932,(anonymous_190)
FN:2936,(anonymous_191)
FN:2937,(anonymous_192)
FN:2945,(anonymous_193)
FN:2956,(anonymous_194)
FN:2963,(anonymous_195)
FN:2971,(anonymous_196)
FN:2977,(anonymous_197)
FN:2982,(anonymous_198)
FN:2992,(anonymous_199)
FN:3025,(anonymous_200)
FN:3035,(anonymous_201)
FN:3051,(anonymous_202)
FN:3090,(anonymous_203)
FN:3097,(anonymous_204)
FN:3161,(anonymous_205)
FN:3171,(anonymous_206)
FN:3181,(anonymous_207)
FN:3255,(anonymous_208)
FN:3304,(anonymous_209)
FN:3306,(anonymous_210)
FN:3318,(anonymous_211)
FN:3365,(anonymous_212)
FN:3382,start
FN:3391,(anonymous_214)
FNF:215
FNH:34
FNDA:128,logRequest
FNDA:0,slugify
FNDA:0,makeUniqueSlug
FNDA:4,escHtml
FNDA:124,json
FNDA:4,trackRequestTiming
FNDA:43,parseBody
FNDA:43,(anonymous_7)
FNDA:43,(anonymous_8)
FNDA:43,(anonymous_9)
FNDA:0,(anonymous_10)
FNDA:0,parseMultipart
FNDA:0,(anonymous_12)
FNDA:0,(anonymous_13)
FNDA:0,(anonymous_14)
FNDA:0,(anonymous_15)
FNDA:0,uploadImageBuffer
FNDA:0,(anonymous_17)
FNDA:0,(anonymous_18)
FNDA:1,createToken
FNDA:10,verifySalonAccess
FNDA:25,verifyToken
FNDA:86,rateLimit
FNDA:0,(anonymous_23)
FNDA:0,(anonymous_24)
FNDA:0,cancelStalePendingPayments
FNDA:0,sendPendingReminders
FNDA:0,(anonymous_27)
FNDA:0,sendPendingReviewRequests
FNDA:0,timeToMinutes
FNDA:0,hasConflict
FNDA:282,route
FNDA:15,(anonymous_32)
FNDA:4,(anonymous_33)
FNDA:0,(anonymous_34)
FNDA:1,(anonymous_35)
FNDA:0,(anonymous_36)
FNDA:0,(anonymous_37)
FNDA:0,(anonymous_38)
FNDA:0,(anonymous_39)
FNDA:0,(anonymous_40)
FNDA:0,(anonymous_41)
FNDA:0,(anonymous_42)
FNDA:0,(anonymous_43)
FNDA:0,(anonymous_44)
FNDA:0,(anonymous_45)
FNDA:0,(anonymous_46)
FNDA:0,(anonymous_47)
FNDA:0,(anonymous_48)
FNDA:0,(anonymous_49)
FNDA:0,(anonymous_50)
FNDA:0,(anonymous_51)
FNDA:0,(anonymous_52)
FNDA:28,(anonymous_53)
FNDA:9,(anonymous_54)
FNDA:7,(anonymous_55)
FNDA:0,(anonymous_56)
FNDA:1,(anonymous_57)
FNDA:0,(anonymous_58)
FNDA:0,(anonymous_59)
FNDA:0,(anonymous_60)
FNDA:0,(anonymous_61)
FNDA:0,(anonymous_62)
FNDA:0,(anonymous_63)
FNDA:0,(anonymous_64)
FNDA:0,(anonymous_65)
FNDA:0,(anonymous_66)
FNDA:0,(anonymous_67)
FNDA:0,(anonymous_68)
FNDA:0,(anonymous_69)
FNDA:0,(anonymous_70)
FNDA:0,(anonymous_71)
FNDA:0,(anonymous_72)
FNDA:0,(anonymous_73)
FNDA:0,(anonymous_74)
FNDA:0,(anonymous_75)
FNDA:0,(anonymous_76)
FNDA:0,(anonymous_77)
FNDA:0,(anonymous_78)
FNDA:0,(anonymous_79)
FNDA:0,(anonymous_80)
FNDA:0,(anonymous_81)
FNDA:0,(anonymous_82)
FNDA:0,(anonymous_83)
FNDA:0,(anonymous_84)
FNDA:0,(anonymous_85)
FNDA:0,(anonymous_86)
FNDA:0,(anonymous_87)
FNDA:0,(anonymous_88)
FNDA:0,(anonymous_89)
FNDA:0,(anonymous_90)
FNDA:0,(anonymous_91)
FNDA:0,(anonymous_92)
FNDA:0,(anonymous_93)
FNDA:0,(anonymous_94)
FNDA:0,(anonymous_95)
FNDA:0,(anonymous_96)
FNDA:0,(anonymous_97)
FNDA:0,(anonymous_98)
FNDA:1,(anonymous_99)
FNDA:0,(anonymous_100)
FNDA:0,(anonymous_101)
FNDA:0,(anonymous_102)
FNDA:0,(anonymous_103)
FNDA:0,(anonymous_104)
FNDA:0,(anonymous_105)
FNDA:3,(anonymous_106)
FNDA:0,(anonymous_107)
FNDA:0,(anonymous_108)
FNDA:0,(anonymous_109)
FNDA:4,(anonymous_110)
FNDA:0,(anonymous_111)
FNDA:0,(anonymous_112)
FNDA:0,(anonymous_113)
FNDA:0,(anonymous_114)
FNDA:0,(anonymous_115)
FNDA:0,(anonymous_116)
FNDA:0,(anonymous_117)
FNDA:0,(anonymous_118)
FNDA:1,(anonymous_119)
FNDA:0,(anonymous_120)
FNDA:0,(anonymous_121)
FNDA:0,(anonymous_122)
FNDA:0,(anonymous_123)
FNDA:0,(anonymous_124)
FNDA:0,(anonymous_125)
FNDA:0,(anonymous_126)
FNDA:0,(anonymous_127)
FNDA:0,(anonymous_128)
FNDA:0,(anonymous_129)
FNDA:0,(anonymous_130)
FNDA:0,generateUniqueReferralCode
FNDA:0,(anonymous_132)
FNDA:0,(anonymous_133)
FNDA:0,(anonymous_134)
FNDA:0,(anonymous_135)
FNDA:0,(anonymous_136)
FNDA:0,(anonymous_137)
FNDA:0,(anonymous_138)
FNDA:0,(anonymous_139)
FNDA:0,(anonymous_140)
FNDA:0,triggerWebhooks
FNDA:0,(anonymous_142)
FNDA:0,(anonymous_143)
FNDA:0,(anonymous_144)
FNDA:0,(anonymous_145)
FNDA:0,(anonymous_146)
FNDA:0,(anonymous_147)
FNDA:0,(anonymous_148)
FNDA:0,(anonymous_149)
FNDA:0,(anonymous_150)
FNDA:0,(anonymous_151)
FNDA:0,(anonymous_152)
FNDA:0,(anonymous_153)
FNDA:0,(anonymous_154)
FNDA:0,(anonymous_155)
FNDA:0,(anonymous_156)
FNDA:0,(anonymous_157)
FNDA:0,(anonymous_158)
FNDA:0,(anonymous_159)
FNDA:0,(anonymous_160)
FNDA:0,(anonymous_161)
FNDA:0,(anonymous_162)
FNDA:0,(anonymous_163)
FNDA:0,(anonymous_164)
FNDA:0,(anonymous_165)
FNDA:0,(anonymous_166)
FNDA:0,(anonymous_167)
FNDA:0,(anonymous_168)
FNDA:0,(anonymous_169)
FNDA:0,(anonymous_170)
FNDA:0,(anonymous_171)
FNDA:0,(anonymous_172)
FNDA:6,(anonymous_173)
FNDA:0,(anonymous_174)
FNDA:0,(anonymous_175)
FNDA:0,(anonymous_176)
FNDA:0,(anonymous_177)
FNDA:17,(anonymous_178)
FNDA:0,(anonymous_179)
FNDA:0,(anonymous_180)
FNDA:0,(anonymous_181)
FNDA:0,(anonymous_182)
FNDA:0,(anonymous_183)
FNDA:14,(anonymous_184)
FNDA:0,(anonymous_185)
FNDA:3,(anonymous_186)
FNDA:0,(anonymous_187)
FNDA:4,(anonymous_188)
FNDA:0,sendPushToSalon
FNDA:0,(anonymous_190)
FNDA:0,(anonymous_191)
FNDA:0,(anonymous_192)
FNDA:0,(anonymous_193)
FNDA:0,(anonymous_194)
FNDA:0,(anonymous_195)
FNDA:0,(anonymous_196)
FNDA:0,(anonymous_197)
FNDA:0,(anonymous_198)
FNDA:0,(anonymous_199)
FNDA:0,(anonymous_200)
FNDA:0,(anonymous_201)
FNDA:130,(anonymous_202)
FNDA:158,(anonymous_203)
FNDA:5103,(anonymous_204)
FNDA:0,(anonymous_205)
FNDA:0,(anonymous_206)
FNDA:0,(anonymous_207)
FNDA:0,(anonymous_208)
FNDA:2,(anonymous_209)
FNDA:2,(anonymous_210)
FNDA:0,(anonymous_211)
FNDA:0,(anonymous_212)
FNDA:0,start
FNDA:0,(anonymous_214)
DA:6,3
DA:7,3
DA:8,3
DA:9,3
DA:10,3
DA:11,3
DA:12,3
DA:13,3
DA:14,3
DA:15,3
DA:16,3
DA:19,3
DA:20,0
DA:25,0
DA:27,3
DA:31,3
DA:32,0
DA:33,3
DA:34,0
DA:39,0
DA:41,3
DA:44,3
DA:45,3
DA:46,3
DA:47,0
DA:48,0
DA:50,3
DA:53,3
DA:62,128
DA:63,0
DA:66,128
DA:67,128
DA:68,128
DA:69,128
DA:72,3
DA:76,0
DA:81,0
DA:82,0
DA:83,0
DA:84,0
DA:85,0
DA:86,0
DA:88,0
DA:92,4
DA:96,124
DA:101,124
DA:102,124
DA:105,124
DA:106,124
DA:107,124
DA:113,4
DA:116,3
DA:118,43
DA:119,43
DA:120,43
DA:121,43
DA:122,43
DA:123,43
DA:124,0
DA:125,0
DA:127,43
DA:129,43
DA:130,43
DA:131,0
DA:133,43
DA:138,0
DA:139,0
DA:140,0
DA:141,0
DA:143,0
DA:144,0
DA:145,0
DA:146,0
DA:147,0
DA:148,0
DA:149,0
DA:150,0
DA:151,0
DA:152,0
DA:154,0
DA:155,0
DA:156,0
DA:157,0
DA:158,0
DA:160,0
DA:161,0
DA:163,0
DA:164,0
DA:165,0
DA:166,0
DA:167,0
DA:170,0
DA:172,0
DA:173,0
DA:176,0
DA:182,0
DA:183,0
DA:184,0
DA:186,0
DA:187,0
DA:189,0
DA:190,0
DA:191,0
DA:192,0
DA:196,0
DA:197,0
DA:200,0
DA:201,0
DA:202,0
DA:204,0
DA:207,0
DA:209,0
DA:210,0
DA:216,1
DA:217,1
DA:222,1
DA:223,1
DA:228,10
DA:229,10
DA:231,10
DA:233,9
DA:234,9
DA:238,25
DA:239,25
DA:240,23
DA:241,23
DA:242,23
DA:243,23
DA:244,22
DA:246,22
DA:247,22
DA:249,21
DA:250,20
DA:251,0
DA:255,3
DA:257,86
DA:258,86
DA:259,86
DA:260,86
DA:261,86
DA:262,86
DA:263,86
DA:266,3
DA:267,0
DA:268,0
DA:272,3
DA:273,3
DA:274,0
DA:275,0
DA:280,0
DA:281,0
DA:282,0
DA:283,0
DA:284,0
DA:285,0
DA:286,0
DA:287,0
DA:290,0
DA:291,0
DA:293,3
DA:294,3
DA:299,0
DA:300,0
DA:302,0
DA:303,0
DA:304,0
DA:305,0
DA:306,0
DA:307,0
DA:308,0
DA:309,0
DA:311,0
DA:313,0
DA:314,0
DA:315,0
DA:316,0
DA:319,0
DA:321,0
DA:322,0
DA:324,3
DA:326,3
DA:330,0
DA:331,0
DA:332,0
DA:333,0
DA:334,0
DA:335,0
DA:337,0
DA:343,0
DA:344,0
DA:345,0
DA:346,0
DA:348,0
DA:349,0
DA:350,0
DA:351,0
DA:352,0
DA:353,0
DA:354,0
DA:355,0
DA:356,0
DA:357,0
DA:358,0
DA:360,0
DA:361,0
DA:363,3
DA:364,3
DA:368,0
DA:369,0
DA:370,0
DA:374,0
DA:375,0
DA:376,0
DA:377,0
DA:378,0
DA:379,0
DA:381,0
DA:382,0
DA:383,0
DA:384,0
DA:387,0
DA:388,0
DA:389,0
DA:390,0
DA:391,0
DA:392,0
DA:394,0
DA:398,3
DA:400,282
DA:401,282
DA:408,3
DA:409,3
DA:410,0
DA:411,0
DA:414,3
DA:415,15
DA:416,15
DA:417,5
DA:419,10
DA:420,10
DA:421,9
DA:423,1
DA:424,1
DA:427,3
DA:428,4
DA:431,3
DA:433,0
DA:447,3
DA:448,1
DA:449,1
DA:450,1
DA:453,1
DA:454,1
DA:460,0
DA:462,1
DA:465,3
DA:466,0
DA:467,0
DA:468,0
DA:469,0
DA:470,0
DA:475,3
DA:476,0
DA:477,0
DA:478,0
DA:479,0
DA:481,0
DA:486,0
DA:487,0
DA:490,0
DA:495,0
DA:496,0
DA:498,0
DA:502,3
DA:503,0
DA:504,0
DA:505,0
DA:506,0
DA:507,0
DA:508,0
DA:510,0
DA:511,0
DA:514,3
DA:515,0
DA:516,0
DA:517,0
DA:518,0
DA:519,0
DA:520,0
DA:521,0
DA:522,0
DA:528,0
DA:531,3
DA:532,0
DA:533,0
DA:535,0
DA:569,0
DA:578,0
DA:579,0
DA:580,0
DA:581,0
DA:583,0
DA:586,3
DA:587,0
DA:588,0
DA:591,3
DA:592,0
DA:593,0
DA:594,0
DA:596,0
DA:597,0
DA:598,0
DA:600,0
DA:601,0
DA:602,0
DA:603,0
DA:604,0
DA:607,0
DA:608,0
DA:609,0
DA:610,0
DA:611,0
DA:612,0
DA:614,0
DA:617,3
DA:618,0
DA:619,0
DA:620,0
DA:622,0
DA:623,0
DA:626,0
DA:627,0
DA:628,0
DA:629,0
DA:630,0
DA:634,3
DA:635,0
DA:636,0
DA:640,3
DA:641,0
DA:642,0
DA:643,0
DA:647,3
DA:648,0
DA:649,0
DA:650,0
DA:651,0
DA:652,0
DA:653,0
DA:654,0
DA:655,0
DA:656,0
DA:657,0
DA:667,0
DA:668,0
DA:673,0
DA:676,3
DA:677,0
DA:678,0
DA:680,0
DA:681,0
DA:684,3
DA:685,0
DA:686,0
DA:688,0
DA:689,0
DA:691,0
DA:692,0
DA:707,3
DA:708,28
DA:709,28
DA:710,8
DA:713,20
DA:714,20
DA:716,20
DA:717,2
DA:718,2
DA:722,18
DA:723,18
DA:724,0
DA:725,0
DA:726,0
DA:727,0
DA:728,0
DA:729,0
DA:730,0
DA:738,0
DA:741,18
DA:745,18
DA:746,18
DA:747,0
DA:748,0
DA:749,0
DA:750,0
DA:752,0
DA:753,0
DA:754,0
DA:755,0
DA:757,0
DA:758,0
DA:759,0
DA:761,0
DA:762,0
DA:769,0
DA:772,18
DA:776,18
DA:777,18
DA:781,3
DA:782,9
DA:783,9
DA:784,4
DA:787,5
DA:788,5
DA:789,5
DA:791,5
DA:792,5
DA:793,0
DA:794,0
DA:795,0
DA:796,0
DA:797,0
DA:798,0
DA:801,5
DA:805,3
DA:806,7
DA:807,7
DA:809,7
DA:810,7
DA:813,0
DA:814,0
DA:815,0
DA:818,0
DA:819,0
DA:820,0
DA:821,0
DA:824,3
DA:825,0
DA:826,0
DA:827,0
DA:828,0
DA:829,0
DA:830,0
DA:831,0
DA:834,3
DA:835,1
DA:836,1
DA:837,0
DA:838,0
DA:839,0
DA:841,0
DA:842,0
DA:843,0
DA:844,0
DA:845,0
DA:846,0
DA:847,0
DA:848,0
DA:849,0
DA:850,0
DA:852,0
DA:853,0
DA:857,3
DA:858,0
DA:859,0
DA:860,0
DA:861,0
DA:863,0
DA:864,0
DA:865,0
DA:868,0
DA:869,0
DA:871,0
DA:872,0
DA:875,0
DA:876,0
DA:877,0
DA:880,0
DA:881,0
DA:883,0
DA:887,3
DA:888,0
DA:889,0
DA:890,0
DA:891,0
DA:893,0
DA:894,0
DA:895,0
DA:897,0
DA:898,0
DA:902,3
DA:903,0
DA:904,0
DA:905,0
DA:906,0
DA:908,0
DA:909,0
DA:910,0
DA:913,0
DA:914,0
DA:916,0
DA:917,0
DA:918,0
DA:919,0
DA:920,0
DA:921,0
DA:923,0
DA:924,0
DA:926,0
DA:930,3
DA:931,0
DA:932,0
DA:933,0
DA:934,0
DA:936,0
DA:937,0
DA:938,0
DA:939,0
DA:941,0
DA:942,0
DA:946,3
DA:947,0
DA:948,0
DA:949,0
DA:951,0
DA:952,0
DA:953,0
DA:955,0
DA:956,0
DA:957,0
DA:960,0
DA:961,0
DA:964,0
DA:965,0
DA:966,0
DA:967,0
DA:969,0
DA:972,0
DA:973,0
DA:975,0
DA:979,3
DA:980,0
DA:981,0
DA:983,0
DA:984,0
DA:986,0
DA:988,0
DA:989,0
DA:990,0
DA:991,0
DA:992,0
DA:993,0
DA:994,0
DA:995,0
DA:996,0
DA:997,0
DA:998,0
DA:1000,0
DA:1001,0
DA:1002,0
DA:1006,0
DA:1007,0
DA:1008,0
DA:1009,0
DA:1010,0
DA:1011,0
DA:1013,0
DA:1015,0
DA:1019,3
DA:1020,0
DA:1021,0
DA:1022,0
DA:1023,0
DA:1024,0
DA:1027,3
DA:1028,0
DA:1029,0
DA:1030,0
DA:1031,0
DA:1032,0
DA:1033,0
DA:1043,0
DA:1044,0
DA:1045,0
DA:1048,3
DA:1049,0
DA:1050,0
DA:1051,0
DA:1052,0
DA:1053,0
DA:1054,0
DA:1055,0
DA:1056,0
DA:1059,3
DA:1060,0
DA:1061,0
DA:1062,0
DA:1063,0
DA:1064,0
DA:1065,0
DA:1066,0
DA:1070,3
DA:1071,0
DA:1072,0
DA:1073,0
DA:1074,0
DA:1075,0
DA:1077,0
DA:1092,0
DA:1093,0
DA:1097,3
DA:1098,0
DA:1099,0
DA:1100,0
DA:1101,0
DA:1102,0
DA:1105,0
DA:1106,0
DA:1108,0
DA:1109,0
DA:1111,0
DA:1112,0
DA:1118,0
DA:1119,0
DA:1120,0
DA:1122,0
DA:1126,3
DA:1127,0
DA:1128,0
DA:1129,0
DA:1130,0
DA:1131,0
DA:1133,0
DA:1134,0
DA:1135,0
DA:1139,3
DA:1140,0
DA:1143,3
DA:1144,0
DA:1149,3
DA:1150,0
DA:1151,0
DA:1152,0
DA:1153,0
DA:1157,0
DA:1158,0
DA:1161,3
DA:1162,0
DA:1163,0
DA:1164,0
DA:1165,0
DA:1166,0
DA:1168,0
DA:1169,0
DA:1170,0
DA:1171,0
DA:1172,0
DA:1174,0
DA:1176,0
DA:1179,3
DA:1180,0
DA:1181,0
DA:1182,0
DA:1183,0
DA:1184,0
DA:1187,3
DA:1188,0
DA:1189,0
DA:1190,0
DA:1191,0
DA:1192,0
DA:1193,0
DA:1195,0
DA:1196,0
DA:1203,0
DA:1204,0
DA:1205,0
DA:1208,3
DA:1209,0
DA:1210,0
DA:1211,0
DA:1212,0
DA:1213,0
DA:1214,0
DA:1216,0
DA:1217,0
DA:1219,0
DA:1220,0
DA:1223,3
DA:1224,0
DA:1225,0
DA:1226,0
DA:1227,0
DA:1228,0
DA:1230,0
DA:1231,0
DA:1232,0
DA:1236,3
DA:1237,1
DA:1238,1
DA:1239,0
DA:1240,0
DA:1242,0
DA:1243,0
DA:1244,0
DA:1246,0
DA:1249,3
DA:1250,0
DA:1251,0
DA:1252,0
DA:1253,0
DA:1254,0
DA:1256,0
DA:1257,0
DA:1259,0
DA:1260,0
DA:1261,0
DA:1263,0
DA:1264,0
DA:1268,0
DA:1269,0
DA:1277,0
DA:1279,0
DA:1287,0
DA:1291,3
DA:1292,0
DA:1293,0
DA:1294,0
DA:1295,0
DA:1297,0
DA:1299,0
DA:1300,0
DA:1301,0
DA:1303,0
DA:1305,0
DA:1307,0
DA:1310,3
DA:1311,0
DA:1312,0
DA:1313,0
DA:1314,0
DA:1316,0
DA:1317,0
DA:1318,0
DA:1319,0
DA:1320,0
DA:1322,0
DA:1323,0
DA:1325,0
DA:1327,0
DA:1330,3
DA:1331,0
DA:1332,0
DA:1333,0
DA:1336,0
DA:1337,0
DA:1338,0
DA:1341,0
DA:1343,0
DA:1344,0
DA:1348,3
DA:1349,3
DA:1350,3
DA:1351,1
DA:1352,1
DA:1353,1
DA:1354,1
DA:1355,1
DA:1356,1
DA:1357,1
DA:1358,1
DA:1359,1
DA:1360,1
DA:1361,0
DA:1363,1
DA:1364,1
DA:1365,1
DA:1366,1
DA:1367,0
DA:1368,0
DA:1369,0
DA:1374,1
DA:1377,3
DA:1378,4
DA:1379,4
DA:1380,0
DA:1381,0
DA:1382,0
DA:1383,0
DA:1385,0
DA:1386,0
DA:1387,0
DA:1388,0
DA:1389,0
DA:1390,0
DA:1391,0
DA:1392,0
DA:1396,3
DA:1397,0
DA:1398,0
DA:1400,0
DA:1404,0
DA:1405,0
DA:1408,0
DA:1409,0
DA:1410,0
DA:1411,0
DA:1412,0
DA:1413,0
DA:1416,0
DA:1417,0
DA:1420,0
DA:1431,0
DA:1432,0
DA:1435,0
DA:1436,0
DA:1437,0
DA:1438,0
DA:1439,0
DA:1440,0
DA:1442,0
DA:1443,0
DA:1444,0
DA:1447,0
DA:1448,0
DA:1449,0
DA:1452,0
DA:1453,0
DA:1458,3
DA:1459,0
DA:1460,0
DA:1461,0
DA:1462,0
DA:1463,0
DA:1464,0
DA:1465,0
DA:1468,3
DA:1469,0
DA:1470,0
DA:1471,0
DA:1472,0
DA:1473,0
DA:1476,0
DA:1477,0
DA:1478,0
DA:1479,0
DA:1480,0
DA:1481,0
DA:1484,0
DA:1494,0
DA:1497,3
DA:1498,0
DA:1499,0
DA:1501,0
DA:1502,0
DA:1503,0
DA:1504,0
DA:1507,0
DA:1508,0
DA:1512,3
DA:1513,1
DA:1514,1
DA:1515,0
DA:1516,0
DA:1520,3
DA:1521,0
DA:1522,0
DA:1523,0
DA:1524,0
DA:1525,0
DA:1526,0
DA:1527,0
DA:1528,0
DA:1532,0
DA:1536,3
DA:1537,0
DA:1538,0
DA:1539,0
DA:1540,0
DA:1541,0
DA:1542,0
DA:1546,3
DA:1547,0
DA:1548,0
DA:1549,0
DA:1550,0
DA:1551,0
DA:1555,3
DA:1556,0
DA:1557,0
DA:1558,0
DA:1569,3
DA:1570,0
DA:1571,0
DA:1572,0
DA:1573,0
DA:1579,0
DA:1580,0
DA:1584,3
DA:1585,0
DA:1586,0
DA:1588,0
DA:1589,0
DA:1590,0
DA:1592,0
DA:1593,0
DA:1595,0
DA:1597,0
DA:1621,0
DA:1622,0
DA:1629,3
DA:1631,3
DA:1637,3
DA:1638,0
DA:1639,0
DA:1640,0
DA:1641,0
DA:1642,0
DA:1644,0
DA:1646,0
DA:1647,0
DA:1665,0
DA:1667,0
DA:1668,0
DA:1672,3
DA:1673,0
DA:1677,3
DA:1678,0
DA:1679,0
DA:1681,0
DA:1682,0
DA:1683,0
DA:1686,0
DA:1687,0
DA:1690,0
DA:1691,0
DA:1692,0
DA:1696,0
DA:1698,0
DA:1699,0
DA:1704,3
DA:1707,0
DA:1708,0
DA:1709,0
DA:1710,0
DA:1711,0
DA:1712,0
DA:1713,0
DA:1716,0
DA:1723,3
DA:1820,3
DA:1821,0
DA:1822,0
DA:1823,0
DA:1826,0
DA:1827,0
DA:1830,0
DA:1831,0
DA:1833,0
DA:1834,0
DA:1837,0
DA:1838,0
DA:1841,0
DA:1842,0
DA:1843,0
DA:1847,0
DA:1848,0
DA:1849,0
DA:1850,0
DA:1851,0
DA:1852,0
DA:1858,0
DA:1861,0
DA:1864,0
DA:1867,0
DA:1868,0
DA:1870,0
DA:1872,0
DA:1913,0
DA:1924,0
DA:1925,0
DA:1927,0
DA:1928,0
DA:1935,0
DA:1936,0
DA:1937,0
DA:1967,0
DA:1968,0
DA:1971,0
DA:1972,0
DA:1975,0
DA:1976,0
DA:1981,3
DA:1983,0
DA:1984,0
DA:1985,0
DA:1986,0
DA:1987,0
DA:1991,0
DA:1993,0
DA:1994,0
DA:1995,0
DA:1997,0
DA:1998,0
DA:1999,0
DA:2001,0
DA:2002,0
DA:2005,0
DA:2007,0
DA:2008,0
DA:2009,0
DA:2012,0
DA:2013,0
DA:2014,0
DA:2015,0
DA:2016,0
DA:2017,0
DA:2023,0
DA:2026,0
DA:2027,0
DA:2028,0
DA:2029,0
DA:2030,0
DA:2031,0
DA:2032,0
DA:2034,0
DA:2035,0
DA:2039,0
DA:2040,0
DA:2041,0
DA:2042,0
DA:2043,0
DA:2044,0
DA:2045,0
DA:2047,0
DA:2048,0
DA:2052,0
DA:2053,0
DA:2054,0
DA:2055,0
DA:2056,0
DA:2058,0
DA:2060,0
DA:2061,0
DA:2062,0
DA:2063,0
DA:2064,0
DA:2072,0
DA:2073,0
DA:2076,0
DA:2077,0
DA:2078,0
DA:2079,0
DA:2082,0
DA:2083,0
DA:2092,0
DA:2093,0
DA:2096,0
DA:2097,0
DA:2098,0
DA:2099,0
DA:2100,0
DA:2101,0
DA:2102,0
DA:2103,0
DA:2104,0
DA:2106,0
DA:2107,0
DA:2108,0
DA:2109,0
DA:2116,0
DA:2117,0
DA:2118,0
DA:2119,0
DA:2120,0
DA:2121,0
DA:2122,0
DA:2124,0
DA:2126,0
DA:2127,0
DA:2128,0
DA:2130,0
DA:2133,0
DA:2134,0
DA:2135,0
DA:2136,0
DA:2141,0
DA:2143,0
DA:2148,0
DA:2149,0
DA:2150,0
DA:2153,0
DA:2158,0
DA:2159,0
DA:2160,0
DA:2161,0
DA:2162,0
DA:2163,0
DA:2164,0
DA:2165,0
DA:2166,0
DA:2168,0
DA:2169,0
DA:2170,0
DA:2171,0
DA:2174,0
DA:2175,0
DA:2177,0
DA:2178,0
DA:2179,0
DA:2183,0
DA:2188,0
DA:2190,0
DA:2191,0
DA:2192,0
DA:2193,0
DA:2194,0
DA:2198,0
DA:2199,0
DA:2200,0
DA:2204,0
DA:2212,3
DA:2213,0
DA:2214,0
DA:2215,0
DA:2216,0
DA:2217,0
DA:2218,0
DA:2220,0
DA:2221,0
DA:2222,0
DA:2223,0
DA:2230,0
DA:2231,0
DA:2236,0
DA:2237,0
DA:2243,0
DA:2245,0
DA:2246,0
DA:2251,3
DA:2252,0
DA:2253,0
DA:2254,0
DA:2255,0
DA:2257,0
DA:2258,0
DA:2260,0
DA:2261,0
DA:2262,0
DA:2263,0
DA:2264,0
DA:2270,0
DA:2277,0
DA:2282,3
DA:2283,0
DA:2284,0
DA:2285,0
DA:2286,0
DA:2287,0
DA:2288,0
DA:2289,0
DA:2290,0
DA:2292,0
DA:2302,0
DA:2303,0
DA:2304,0
DA:2305,0
DA:2306,0
DA:2307,0
DA:2314,0
DA:2322,3
DA:2323,0
DA:2324,0
DA:2325,0
DA:2326,0
DA:2328,0
DA:2329,0
DA:2330,0
DA:2336,0
DA:2340,3
DA:2341,0
DA:2342,0
DA:2343,0
DA:2344,0
DA:2346,0
DA:2347,0
DA:2348,0
DA:2349,0
DA:2351,0
DA:2352,0
DA:2353,0
DA:2356,0
DA:2357,0
DA:2359,0
DA:2360,0
DA:2374,0
DA:2375,0
DA:2376,0
DA:2380,3
DA:2381,0
DA:2382,0
DA:2383,0
DA:2384,0
DA:2386,0
DA:2387,0
DA:2389,0
DA:2390,0
DA:2391,0
DA:2394,0
DA:2395,0
DA:2397,0
DA:2398,0
DA:2408,3
DA:2409,0
DA:2410,0
DA:2411,0
DA:2412,0
DA:2413,0
DA:2414,0
DA:2416,0
DA:2417,0
DA:2421,0
DA:2427,3
DA:2428,0
DA:2429,0
DA:2430,0
DA:2431,0
DA:2432,0
DA:2433,0
DA:2436,0
DA:2437,0
DA:2439,0
DA:2446,0
DA:2447,0
DA:2448,0
DA:2449,0
DA:2450,0
DA:2451,0
DA:2452,0
DA:2453,0
DA:2465,0
DA:2467,0
DA:2472,0
DA:2478,3
DA:2479,0
DA:2480,0
DA:2481,0
DA:2482,0
DA:2483,0
DA:2484,0
DA:2486,0
DA:2490,3
DA:2491,0
DA:2492,0
DA:2493,0
DA:2494,0
DA:2497,0
DA:2498,0
DA:2499,0
DA:2500,0
DA:2501,0
DA:2503,0
DA:2504,0
DA:2505,0
DA:2506,0
DA:2510,0
DA:2511,0
DA:2513,0
DA:2528,3
DA:2529,0
DA:2530,0
DA:2531,0
DA:2532,0
DA:2533,0
DA:2534,0
DA:2536,0
DA:2540,3
DA:2541,0
DA:2542,0
DA:2543,0
DA:2544,0
DA:2545,0
DA:2546,0
DA:2548,0
DA:2549,0
DA:2550,0
DA:2552,0
DA:2553,0
DA:2554,0
DA:2555,0
DA:2556,0
DA:2558,0
DA:2559,0
DA:2560,0
DA:2562,0
DA:2569,0
DA:2570,0
DA:2571,0
DA:2575,3
DA:2576,0
DA:2577,0
DA:2578,0
DA:2579,0
DA:2580,0
DA:2581,0
DA:2582,0
DA:2590,3
DA:2591,0
DA:2592,0
DA:2593,0
DA:2594,0
DA:2596,0
DA:2598,0
DA:2599,0
DA:2602,0
DA:2603,0
DA:2605,0
DA:2615,0
DA:2619,0
DA:2622,3
DA:2623,0
DA:2624,0
DA:2625,0
DA:2629,0
DA:2631,0
DA:2632,0
DA:2636,0
DA:2639,0
DA:2640,0
DA:2641,0
DA:2642,0
DA:2643,0
DA:2645,0
DA:2652,0
DA:2667,3
DA:2668,6
DA:2669,6
DA:2670,0
DA:2671,0
DA:2672,0
DA:2673,0
DA:2675,0
DA:2676,0
DA:2677,0
DA:2678,0
DA:2680,0
DA:2681,0
DA:2682,0
DA:2683,0
DA:2685,0
DA:2688,3
DA:2689,17
DA:2690,17
DA:2691,1
DA:2693,16
DA:2694,16
DA:2695,0
DA:2697,0
DA:2698,0
DA:2701,0
DA:2705,0
DA:2716,0
DA:2717,0
DA:2720,0
DA:2726,0
DA:2727,0
DA:2728,0
DA:2729,0
DA:2732,0
DA:2733,0
DA:2734,0
DA:2735,0
DA:2740,0
DA:2747,0
DA:2748,0
DA:2749,0
DA:2753,0
DA:2754,0
DA:2759,3
DA:2760,0
DA:2761,0
DA:2762,0
DA:2764,0
DA:2765,0
DA:2766,0
DA:2769,0
DA:2770,0
DA:2771,0
DA:2773,0
DA:2774,0
DA:2776,0
DA:2777,0
DA:2780,0
DA:2783,0
DA:2786,0
DA:2799,0
DA:2800,0
DA:2801,0
DA:2803,0
DA:2804,0
DA:2817,0
DA:2818,0
DA:2821,0
DA:2822,0
DA:2823,0
DA:2828,3
DA:2831,3
DA:2832,14
DA:2833,14
DA:2834,4
DA:2836,10
DA:2837,10
DA:2839,0
DA:2840,0
DA:2841,0
DA:2844,0
DA:2845,0
DA:2846,0
DA:2849,0
DA:2851,0
DA:2852,0
DA:2856,0
DA:2864,3
DA:2865,3
DA:2866,3
DA:2867,0
DA:2869,3
DA:2870,3
DA:2872,0
DA:2873,0
DA:2874,0
DA:2875,0
DA:2878,0
DA:2879,0
DA:2880,0
DA:2884,0
DA:2886,0
DA:2887,0
DA:2889,0
DA:2893,3
DA:2894,4
DA:2895,4
DA:2897,0
DA:2898,0
DA:2899,0
DA:2903,0
DA:2904,0
DA:2905,0
DA:2906,0
DA:2907,0
DA:2910,0
DA:2911,0
DA:2913,0
DA:2914,0
DA:2917,0
DA:2918,0
DA:2919,0
DA:2926,0
DA:2927,0
DA:2928,0
DA:2929,0
DA:2930,0
DA:2931,0
DA:2932,0
DA:2934,0
DA:2935,0
DA:2936,0
DA:2941,0
DA:2945,3
DA:2946,0
DA:2947,0
DA:2948,0
DA:2949,0
DA:2951,0
DA:2952,0
DA:2954,0
DA:2956,0
DA:2957,0
DA:2958,0
DA:2959,0
DA:2963,3
DA:2964,0
DA:2965,0
DA:2966,0
DA:2968,0
DA:2969,0
DA:2971,0
DA:2972,0
DA:2973,0
DA:2977,3
DA:2978,0
DA:2982,3
DA:2983,0
DA:2984,0
DA:2985,0
DA:2986,0
DA:2987,0
DA:2988,0
DA:2992,3
DA:2993,0
DA:2994,0
DA:2995,0
DA:2998,0
DA:2999,0
DA:3003,0
DA:3004,0
DA:3005,0
DA:3008,0
DA:3009,0
DA:3011,0
DA:3014,0
DA:3015,0
DA:3016,0
DA:3018,0
DA:3025,3
DA:3026,0
DA:3027,0
DA:3028,0
DA:3029,0
DA:3035,3
DA:3036,0
DA:3037,0
DA:3038,0
DA:3039,0
DA:3040,0
DA:3041,0
DA:3043,0
DA:3044,0
DA:3051,3
DA:3052,130
DA:3053,130
DA:3054,130
DA:3057,130
DA:3060,130
DA:3061,3
DA:3062,3
DA:3063,3
DA:3067,3
DA:3068,3
DA:3069,3
DA:3073,127
DA:3075,124
DA:3076,0
DA:3080,124
DA:3081,0
DA:3082,0
DA:3083,0
DA:3089,124
DA:3090,158
DA:3091,15
DA:3092,15
DA:3093,5
DA:3097,5103
DA:3098,119
DA:3099,118
DA:3100,118
DA:3102,0
DA:3103,0
DA:3104,0
DA:3105,0
DA:3107,0
DA:3108,0
DA:3109,0
DA:3110,0
DA:3113,1
DA:3114,1
DA:3115,1
DA:3117,119
DA:3121,3
DA:3122,1
DA:3123,1
DA:3124,1
DA:3125,1
DA:3127,0
DA:3128,0
DA:3129,0
DA:3130,0
DA:3131,0
DA:3132,0
DA:3134,0
DA:3135,0
DA:3137,0
DA:3141,2
DA:3143,2
DA:3145,2
DA:3146,0
DA:3147,0
DA:3148,0
DA:3149,0
DA:3152,2
DA:3153,0
DA:3154,0
DA:3155,0
DA:3156,0
DA:3159,2
DA:3160,0
DA:3161,0
DA:3162,0
DA:3163,0
DA:3164,0
DA:3166,2
DA:3167,0
DA:3168,0
DA:3169,0
DA:3171,0
DA:3172,0
DA:3174,0
DA:3175,0
DA:3177,0
DA:3178,0
DA:3179,0
DA:3181,0
DA:3182,0
DA:3183,0
DA:3185,0
DA:3192,0
DA:3193,0
DA:3194,0
DA:3196,0
DA:3248,0
DA:3249,0
DA:3251,2
DA:3252,0
DA:3253,0
DA:3254,0
DA:3255,0
DA:3256,0
DA:3257,0
DA:3258,0
DA:3259,0
DA:3260,0
DA:3262,0
DA:3264,2
DA:3265,0
DA:3266,0
DA:3267,0
DA:3268,0
DA:3269,0
DA:3270,0
DA:3272,0
DA:3275,0
DA:3279,2
DA:3280,0
DA:3282,2
DA:3283,0
DA:3285,2
DA:3286,0
DA:3287,0
DA:3288,0
DA:3289,0
DA:3293,2
DA:3294,0
DA:3295,0
DA:3298,2
DA:3301,2
DA:3302,2
DA:3304,2
DA:3305,2
DA:3306,2
DA:3307,2
DA:3308,2
DA:3310,2
DA:3312,0
DA:3313,0
DA:3314,0
DA:3315,0
DA:3318,0
DA:3319,0
DA:3320,0
DA:3321,0
DA:3322,0
DA:3323,0
DA:3324,0
DA:3325,0
DA:3326,0
DA:3327,0
DA:3329,0
DA:3350,0
DA:3351,0
DA:3352,0
DA:3354,0
DA:3355,0
DA:3357,0
DA:3360,0
DA:3362,0
DA:3363,0
DA:3364,0
DA:3366,0
DA:3367,0
DA:3368,0
DA:3371,0
DA:3372,0
DA:3383,0
DA:3384,0
DA:3385,0
DA:3387,0
DA:3388,0
DA:3391,0
DA:3392,0
DA:3393,0
DA:3394,0
DA:3395,0
DA:3396,0
DA:3397,0
DA:3398,0
DA:3399,0
DA:3400,0
DA:3401,0
DA:3402,0
DA:3403,0
DA:3408,3
DA:3409,3
DA:3411,0
LF:1712
LH:330
BRDA:19,0,0,0
BRDA:19,0,1,3
BRDA:19,1,0,3
BRDA:19,1,1,0
BRDA:21,2,0,0
BRDA:21,2,1,0
BRDA:31,3,0,0
BRDA:31,3,1,3
BRDA:33,4,0,0
BRDA:33,4,1,3
BRDA:44,5,0,3
BRDA:44,5,1,0
BRDA:45,6,0,3
BRDA:45,6,1,0
BRDA:46,7,0,0
BRDA:46,7,1,3
BRDA:46,8,0,3
BRDA:46,8,1,0
BRDA:50,9,0,3
BRDA:50,9,1,0
BRDA:62,10,0,0
BRDA:62,10,1,128
BRDA:67,11,0,128
BRDA:67,11,1,13
BRDA:72,12,0,0
BRDA:72,12,1,3
BRDA:76,13,0,0
BRDA:76,13,1,0
BRDA:92,14,0,4
BRDA:92,14,1,0
BRDA:95,15,0,124
BRDA:105,16,0,124
BRDA:105,16,1,0
BRDA:105,17,0,124
BRDA:105,17,1,124
BRDA:123,18,0,0
BRDA:123,18,1,43
BRDA:139,19,0,0
BRDA:139,19,1,0
BRDA:141,20,0,0
BRDA:141,20,1,0
BRDA:156,21,0,0
BRDA:156,21,1,0
BRDA:163,22,0,0
BRDA:163,22,1,0
BRDA:163,23,0,0
BRDA:163,23,1,0
BRDA:164,24,0,0
BRDA:164,24,1,0
BRDA:166,25,0,0
BRDA:166,25,1,0
BRDA:181,26,0,0
BRDA:183,27,0,0
BRDA:183,27,1,0
BRDA:183,28,0,0
BRDA:183,28,1,0
BRDA:187,29,0,0
BRDA:187,29,1,0
BRDA:187,30,0,0
BRDA:187,30,1,0
BRDA:200,31,0,0
BRDA:200,31,1,0
BRDA:215,32,0,1
BRDA:229,33,0,0
BRDA:229,33,1,10
BRDA:231,34,0,1
BRDA:231,34,1,9
BRDA:233,35,0,0
BRDA:233,35,1,9
BRDA:239,36,0,2
BRDA:239,36,1,23
BRDA:239,37,0,25
BRDA:239,37,1,23
BRDA:243,38,0,1
BRDA:243,38,1,22
BRDA:247,39,0,1
BRDA:247,39,1,21
BRDA:249,40,0,1
BRDA:249,40,1,20
BRDA:249,41,0,21
BRDA:249,41,1,21
BRDA:259,42,0,86
BRDA:259,42,1,9
BRDA:260,43,0,0
BRDA:260,43,1,86
BRDA:268,44,0,0
BRDA:268,44,1,0
BRDA:275,45,0,0
BRDA:275,45,1,0
BRDA:285,46,0,0
BRDA:285,46,1,0
BRDA:285,47,0,0
BRDA:285,47,1,0
BRDA:290,48,0,0
BRDA:290,48,1,0
BRDA:300,49,0,0
BRDA:300,49,1,0
BRDA:300,50,0,0
BRDA:300,50,1,0
BRDA:309,51,0,0
BRDA:309,51,1,0
BRDA:311,52,0,0
BRDA:311,52,1,0
BRDA:314,53,0,0
BRDA:314,53,1,0
BRDA:314,54,0,0
BRDA:314,54,1,0
BRDA:314,54,2,0
BRDA:314,55,0,0
BRDA:314,55,1,0
BRDA:316,56,0,0
BRDA:316,56,1,0
BRDA:316,57,0,0
BRDA:316,57,1,0
BRDA:321,58,0,0
BRDA:321,58,1,0
BRDA:331,59,0,0
BRDA:331,59,1,0
BRDA:331,60,0,0
BRDA:331,60,1,0
BRDA:343,61,0,0
BRDA:343,61,1,0
BRDA:346,62,0,0
BRDA:346,62,1,0
BRDA:346,63,0,0
BRDA:346,63,1,0
BRDA:348,64,0,0
BRDA:348,64,1,0
BRDA:350,65,0,0
BRDA:350,65,1,0
BRDA:352,66,0,0
BRDA:352,66,1,0
BRDA:354,67,0,0
BRDA:354,67,1,0
BRDA:360,68,0,0
BRDA:360,68,1,0
BRDA:368,69,0,0
BRDA:368,69,1,0
BRDA:368,70,0,0
BRDA:368,70,1,0
BRDA:370,71,0,0
BRDA:370,71,1,0
BRDA:370,72,0,0
BRDA:370,72,1,0
BRDA:373,73,0,0
BRDA:374,74,0,0
BRDA:374,74,1,0
BRDA:374,75,0,0
BRDA:374,75,1,0
BRDA:377,76,0,0
BRDA:377,76,1,0
BRDA:379,77,0,0
BRDA:379,77,1,0
BRDA:379,78,0,0
BRDA:379,78,1,0
BRDA:381,79,0,0
BRDA:381,79,1,0
BRDA:381,80,0,0
BRDA:381,80,1,0
BRDA:381,80,2,0
BRDA:383,81,0,0
BRDA:383,81,1,0
BRDA:384,82,0,0
BRDA:384,82,1,0
BRDA:384,83,0,0
BRDA:384,83,1,0
BRDA:389,84,0,0
BRDA:389,84,1,0
BRDA:389,85,0,0
BRDA:389,85,1,0
BRDA:389,85,2,0
BRDA:392,86,0,0
BRDA:392,86,1,0
BRDA:392,87,0,0
BRDA:392,87,1,0
BRDA:409,88,0,0
BRDA:409,88,1,3
BRDA:415,89,0,15
BRDA:415,89,1,15
BRDA:415,89,2,0
BRDA:416,90,0,5
BRDA:416,90,1,10
BRDA:420,91,0,9
BRDA:420,91,1,1
BRDA:420,92,0,10
BRDA:420,92,1,9
BRDA:437,93,0,0
BRDA:437,93,1,0
BRDA:450,94,0,0
BRDA:450,94,1,1
BRDA:450,95,0,1
BRDA:450,95,1,1
BRDA:450,95,2,1
BRDA:455,96,0,1
BRDA:455,96,1,1
BRDA:455,96,2,0
BRDA:456,97,0,1
BRDA:456,97,1,1
BRDA:457,98,0,1
BRDA:457,98,1,1
BRDA:468,99,0,0
BRDA:468,99,1,0
BRDA:477,100,0,0
BRDA:477,100,1,0
BRDA:510,101,0,0
BRDA:510,101,1,0
BRDA:524,102,0,0
BRDA:524,102,1,0
BRDA:533,103,0,0
BRDA:533,103,1,0
BRDA:538,104,0,0
BRDA:538,104,1,0
BRDA:539,105,0,0
BRDA:539,105,1,0
BRDA:540,106,0,0
BRDA:540,106,1,0
BRDA:541,107,0,0
BRDA:541,107,1,0
BRDA:544,108,0,0
BRDA:544,108,1,0
BRDA:545,109,0,0
BRDA:545,109,1,0
BRDA:546,110,0,0
BRDA:546,110,1,0
BRDA:547,111,0,0
BRDA:547,111,1,0
BRDA:562,112,0,0
BRDA:562,112,1,0
BRDA:571,113,0,0
BRDA:571,113,1,0
BRDA:572,114,0,0
BRDA:572,114,1,0
BRDA:573,115,0,0
BRDA:573,115,1,0
BRDA:574,116,0,0
BRDA:574,116,1,0
BRDA:581,117,0,0
BRDA:581,117,1,0
BRDA:594,118,0,0
BRDA:594,118,1,0
BRDA:597,119,0,0
BRDA:597,119,1,0
BRDA:598,120,0,0
BRDA:598,120,1,0
BRDA:601,121,0,0
BRDA:601,121,1,0
BRDA:601,122,0,0
BRDA:601,122,1,0
BRDA:603,123,0,0
BRDA:603,123,1,0
BRDA:607,124,0,0
BRDA:607,124,1,0
BRDA:608,125,0,0
BRDA:608,125,1,0
BRDA:609,126,0,0
BRDA:609,126,1,0
BRDA:610,127,0,0
BRDA:610,127,1,0
BRDA:611,128,0,0
BRDA:611,128,1,0
BRDA:620,129,0,0
BRDA:620,129,1,0
BRDA:622,130,0,0
BRDA:622,130,1,0
BRDA:626,131,0,0
BRDA:626,131,1,0
BRDA:627,132,0,0
BRDA:627,132,1,0
BRDA:642,133,0,0
BRDA:642,133,1,0
BRDA:652,134,0,0
BRDA:652,134,1,0
BRDA:653,135,0,0
BRDA:653,135,1,0
BRDA:654,136,0,0
BRDA:654,136,1,0
BRDA:654,137,0,0
BRDA:654,137,1,0
BRDA:654,138,0,0
BRDA:654,138,1,0
BRDA:655,139,0,0
BRDA:655,139,1,0
BRDA:656,140,0,0
BRDA:656,140,1,0
BRDA:658,141,0,0
BRDA:658,141,1,0
BRDA:660,142,0,0
BRDA:660,142,1,0
BRDA:678,143,0,0
BRDA:678,143,1,0
BRDA:686,144,0,0
BRDA:686,144,1,0
BRDA:689,145,0,0
BRDA:689,145,1,0
BRDA:708,146,0,28
BRDA:708,146,1,28
BRDA:708,146,2,0
BRDA:709,147,0,8
BRDA:709,147,1,20
BRDA:716,148,0,2
BRDA:716,148,1,18
BRDA:716,149,0,20
BRDA:716,149,1,19
BRDA:723,150,0,0
BRDA:723,150,1,18
BRDA:726,151,0,0
BRDA:726,151,1,0
BRDA:734,152,0,0
BRDA:734,152,1,0
BRDA:735,153,0,0
BRDA:735,153,1,0
BRDA:746,154,0,0
BRDA:746,154,1,18
BRDA:748,155,0,0
BRDA:748,155,1,0
BRDA:753,156,0,0
BRDA:753,156,1,0
BRDA:757,157,0,0
BRDA:757,157,1,0
BRDA:757,158,0,0
BRDA:757,158,1,0
BRDA:766,159,0,0
BRDA:766,159,1,0
BRDA:782,160,0,9
BRDA:782,160,1,9
BRDA:782,160,2,0
BRDA:783,161,0,4
BRDA:783,161,1,5
BRDA:788,162,0,5
BRDA:788,162,1,0
BRDA:789,163,0,0
BRDA:789,163,1,5
BRDA:789,164,0,5
BRDA:789,164,1,5
BRDA:792,165,0,0
BRDA:792,165,1,5
BRDA:795,166,0,0
BRDA:795,166,1,0
BRDA:809,167,0,7
BRDA:809,167,1,0
BRDA:809,168,0,7
BRDA:809,168,1,6
BRDA:809,168,2,0
BRDA:814,169,0,0
BRDA:814,169,1,0
BRDA:814,170,0,0
BRDA:814,170,1,0
BRDA:826,171,0,0
BRDA:826,171,1,0
BRDA:828,172,0,0
BRDA:828,172,1,0
BRDA:831,173,0,0
BRDA:831,173,1,0
BRDA:836,174,0,1
BRDA:836,174,1,0
BRDA:836,175,0,1
BRDA:836,175,1,0
BRDA:839,176,0,0
BRDA:839,176,1,0
BRDA:842,177,0,0
BRDA:842,177,1,0
BRDA:843,178,0,0
BRDA:843,178,1,0
BRDA:844,179,0,0
BRDA:844,179,1,0
BRDA:845,180,0,0
BRDA:845,180,1,0
BRDA:846,181,0,0
BRDA:846,181,1,0
BRDA:847,182,0,0
BRDA:847,182,1,0
BRDA:848,183,0,0
BRDA:848,183,1,0
BRDA:849,184,0,0
BRDA:849,184,1,0
BRDA:850,185,0,0
BRDA:850,185,1,0
BRDA:859,186,0,0
BRDA:859,186,1,0
BRDA:859,187,0,0
BRDA:859,187,1,0
BRDA:861,188,0,0
BRDA:861,188,1,0
BRDA:863,189,0,0
BRDA:863,189,1,0
BRDA:864,190,0,0
BRDA:864,190,1,0
BRDA:869,191,0,0
BRDA:869,191,1,0
BRDA:875,192,0,0
BRDA:875,192,1,0
BRDA:875,193,0,0
BRDA:875,193,1,0
BRDA:877,194,0,0
BRDA:877,194,1,0
BRDA:889,195,0,0
BRDA:889,195,1,0
BRDA:889,196,0,0
BRDA:889,196,1,0
BRDA:891,197,0,0
BRDA:891,197,1,0
BRDA:893,198,0,0
BRDA:893,198,1,0
BRDA:893,199,0,0
BRDA:893,199,1,0
BRDA:895,200,0,0
BRDA:895,200,1,0
BRDA:904,201,0,0
BRDA:904,201,1,0
BRDA:904,202,0,0
BRDA:904,202,1,0
BRDA:906,203,0,0
BRDA:906,203,1,0
BRDA:908,204,0,0
BRDA:908,204,1,0
BRDA:909,205,0,0
BRDA:909,205,1,0
BRDA:914,206,0,0
BRDA:914,206,1,0
BRDA:919,207,0,0
BRDA:919,207,1,0
BRDA:919,208,0,0
BRDA:919,208,1,0
BRDA:921,209,0,0
BRDA:921,209,1,0
BRDA:932,210,0,0
BRDA:932,210,1,0
BRDA:932,211,0,0
BRDA:932,211,1,0
BRDA:934,212,0,0
BRDA:934,212,1,0
BRDA:937,213,0,0
BRDA:937,213,1,0
BRDA:937,214,0,0
BRDA:937,214,1,0
BRDA:939,215,0,0
BRDA:939,215,1,0
BRDA:948,216,0,0
BRDA:948,216,1,0
BRDA:955,217,0,0
BRDA:955,217,1,0
BRDA:965,218,0,0
BRDA:965,218,1,0
BRDA:972,219,0,0
BRDA:972,219,1,0
BRDA:973,220,0,0
BRDA:973,220,1,0
BRDA:981,221,0,0
BRDA:981,221,1,0
BRDA:984,222,0,0
BRDA:984,222,1,0
BRDA:996,223,0,0
BRDA:996,223,1,0
BRDA:998,224,0,0
BRDA:998,224,1,0
BRDA:1000,225,0,0
BRDA:1000,225,1,0
BRDA:1001,226,0,0
BRDA:1001,226,1,0
BRDA:1008,227,0,0
BRDA:1008,227,1,0
BRDA:1009,228,0,0
BRDA:1009,228,1,0
BRDA:1009,229,0,0
BRDA:1009,229,1,0
BRDA:1011,230,0,0
BRDA:1011,230,1,0
BRDA:1021,231,0,0
BRDA:1021,231,1,0
BRDA:1023,232,0,0
BRDA:1023,232,1,0
BRDA:1024,233,0,0
BRDA:1024,233,1,0
BRDA:1029,234,0,0
BRDA:1029,234,1,0
BRDA:1029,235,0,0
BRDA:1029,235,1,0
BRDA:1031,236,0,0
BRDA:1031,236,1,0
BRDA:1036,237,0,0
BRDA:1036,237,1,0
BRDA:1037,238,0,0
BRDA:1037,238,1,0
BRDA:1038,239,0,0
BRDA:1038,239,1,0
BRDA:1039,240,0,0
BRDA:1039,240,1,0
BRDA:1041,241,0,0
BRDA:1041,241,1,0
BRDA:1043,242,0,0
BRDA:1043,242,1,0
BRDA:1050,243,0,0
BRDA:1050,243,1,0
BRDA:1050,244,0,0
BRDA:1050,244,1,0
BRDA:1052,245,0,0
BRDA:1052,245,1,0
BRDA:1054,246,0,0
BRDA:1054,246,1,0
BRDA:1054,247,0,0
BRDA:1054,247,1,0
BRDA:1061,248,0,0
BRDA:1061,248,1,0
BRDA:1061,249,0,0
BRDA:1061,249,1,0
BRDA:1063,250,0,0
BRDA:1063,250,1,0
BRDA:1064,251,0,0
BRDA:1064,251,1,0
BRDA:1072,252,0,0
BRDA:1072,252,1,0
BRDA:1072,253,0,0
BRDA:1072,253,1,0
BRDA:1074,254,0,0
BRDA:1074,254,1,0
BRDA:1078,255,0,0
BRDA:1078,255,1,0
BRDA:1078,256,0,0
BRDA:1078,256,1,0
BRDA:1079,257,0,0
BRDA:1079,257,1,0
BRDA:1079,257,2,0
BRDA:1080,258,0,0
BRDA:1080,258,1,0
BRDA:1080,258,2,0
BRDA:1081,259,0,0
BRDA:1081,259,1,0
BRDA:1081,259,2,0
BRDA:1082,260,0,0
BRDA:1082,260,1,0
BRDA:1082,260,2,0
BRDA:1083,261,0,0
BRDA:1083,261,1,0
BRDA:1083,261,2,0
BRDA:1084,262,0,0
BRDA:1084,262,1,0
BRDA:1084,263,0,0
BRDA:1084,263,1,0
BRDA:1085,264,0,0
BRDA:1085,264,1,0
BRDA:1085,265,0,0
BRDA:1085,265,1,0
BRDA:1086,266,0,0
BRDA:1086,266,1,0
BRDA:1086,267,0,0
BRDA:1086,267,1,0
BRDA:1087,268,0,0
BRDA:1087,268,1,0
BRDA:1087,269,0,0
BRDA:1087,269,1,0
BRDA:1088,270,0,0
BRDA:1088,270,1,0
BRDA:1088,271,0,0
BRDA:1088,271,1,0
BRDA:1089,272,0,0
BRDA:1089,272,1,0
BRDA:1089,272,2,0
BRDA:1099,273,0,0
BRDA:1099,273,1,0
BRDA:1099,274,0,0
BRDA:1099,274,1,0
BRDA:1101,275,0,0
BRDA:1101,275,1,0
BRDA:1102,276,0,0
BRDA:1102,276,1,0
BRDA:1102,277,0,0
BRDA:1102,277,1,0
BRDA:1106,278,0,0
BRDA:1106,278,1,0
BRDA:1111,279,0,0
BRDA:1111,279,1,0
BRDA:1115,280,0,0
BRDA:1115,280,1,0
BRDA:1128,281,0,0
BRDA:1128,281,1,0
BRDA:1128,282,0,0
BRDA:1128,282,1,0
BRDA:1130,283,0,0
BRDA:1130,283,1,0
BRDA:1131,284,0,0
BRDA:1131,284,1,0
BRDA:1131,285,0,0
BRDA:1131,285,1,0
BRDA:1133,286,0,0
BRDA:1133,286,1,0
BRDA:1151,287,0,0
BRDA:1151,287,1,0
BRDA:1156,288,0,0
BRDA:1156,288,1,0
BRDA:1157,289,0,0
BRDA:1157,289,1,0
BRDA:1157,290,0,0
BRDA:1157,290,1,0
BRDA:1163,291,0,0
BRDA:1163,291,1,0
BRDA:1163,292,0,0
BRDA:1163,292,1,0
BRDA:1165,293,0,0
BRDA:1165,293,1,0
BRDA:1170,294,0,0
BRDA:1170,294,1,0
BRDA:1181,295,0,0
BRDA:1181,295,1,0
BRDA:1183,296,0,0
BRDA:1183,296,1,0
BRDA:1184,297,0,0
BRDA:1184,297,1,0
BRDA:1189,298,0,0
BRDA:1189,298,1,0
BRDA:1189,299,0,0
BRDA:1189,299,1,0
BRDA:1191,300,0,0
BRDA:1191,300,1,0
BRDA:1192,301,0,0
BRDA:1192,301,1,0
BRDA:1192,302,0,0
BRDA:1192,302,1,0
BRDA:1195,303,0,0
BRDA:1195,303,1,0
BRDA:1198,304,0,0
BRDA:1198,304,1,0
BRDA:1199,305,0,0
BRDA:1199,305,1,0
BRDA:1200,306,0,0
BRDA:1200,306,1,0
BRDA:1201,307,0,0
BRDA:1201,307,1,0
BRDA:1210,308,0,0
BRDA:1210,308,1,0
BRDA:1210,309,0,0
BRDA:1210,309,1,0
BRDA:1212,310,0,0
BRDA:1212,310,1,0
BRDA:1213,311,0,0
BRDA:1213,311,1,0
BRDA:1213,312,0,0
BRDA:1213,312,1,0
BRDA:1216,313,0,0
BRDA:1216,313,1,0
BRDA:1217,314,0,0
BRDA:1217,314,1,0
BRDA:1217,315,0,0
BRDA:1217,315,1,0
BRDA:1225,316,0,0
BRDA:1225,316,1,0
BRDA:1225,317,0,0
BRDA:1225,317,1,0
BRDA:1227,318,0,0
BRDA:1227,318,1,0
BRDA:1228,319,0,0
BRDA:1228,319,1,0
BRDA:1228,320,0,0
BRDA:1228,320,1,0
BRDA:1230,321,0,0
BRDA:1230,321,1,0
BRDA:1238,322,0,1
BRDA:1238,322,1,0
BRDA:1251,323,0,0
BRDA:1251,323,1,0
BRDA:1251,324,0,0
BRDA:1251,324,1,0
BRDA:1254,325,0,0
BRDA:1254,325,1,0
BRDA:1256,326,0,0
BRDA:1256,326,1,0
BRDA:1259,327,0,0
BRDA:1259,327,1,0
BRDA:1260,328,0,0
BRDA:1260,328,1,0
BRDA:1260,329,0,0
BRDA:1260,329,1,0
BRDA:1263,330,0,0
BRDA:1263,330,1,0
BRDA:1263,331,0,0
BRDA:1263,331,1,0
BRDA:1268,332,0,0
BRDA:1268,332,1,0
BRDA:1272,333,0,0
BRDA:1272,333,1,0
BRDA:1273,334,0,0
BRDA:1273,334,1,0
BRDA:1274,335,0,0
BRDA:1274,335,1,0
BRDA:1282,336,0,0
BRDA:1282,336,1,0
BRDA:1283,337,0,0
BRDA:1283,337,1,0
BRDA:1284,338,0,0
BRDA:1284,338,1,0
BRDA:1285,339,0,0
BRDA:1285,339,1,0
BRDA:1293,340,0,0
BRDA:1293,340,1,0
BRDA:1293,341,0,0
BRDA:1293,341,1,0
BRDA:1297,342,0,0
BRDA:1297,342,1,0
BRDA:1300,343,0,0
BRDA:1300,343,1,0
BRDA:1312,344,0,0
BRDA:1312,344,1,0
BRDA:1313,345,0,0
BRDA:1313,345,1,0
BRDA:1313,346,0,0
BRDA:1313,346,1,0
BRDA:1319,347,0,0
BRDA:1319,347,1,0
BRDA:1319,348,0,0
BRDA:1319,348,1,0
BRDA:1322,349,0,0
BRDA:1322,349,1,0
BRDA:1333,350,0,0
BRDA:1333,350,1,0
BRDA:1337,351,0,0
BRDA:1337,351,1,0
BRDA:1337,352,0,0
BRDA:1337,352,1,0
BRDA:1337,352,2,0
BRDA:1341,353,0,0
BRDA:1341,353,1,0
BRDA:1350,354,0,2
BRDA:1350,354,1,1
BRDA:1358,355,0,0
BRDA:1358,355,1,1
BRDA:1359,356,0,0
BRDA:1359,356,1,1
BRDA:1360,357,0,0
BRDA:1360,357,1,1
BRDA:1364,358,0,0
BRDA:1364,358,1,1
BRDA:1365,359,0,0
BRDA:1365,359,1,1
BRDA:1366,360,0,0
BRDA:1366,360,1,1
BRDA:1369,361,0,0
BRDA:1369,361,1,0
BRDA:1369,361,2,0
BRDA:1369,362,0,0
BRDA:1369,362,1,0
BRDA:1370,363,0,0
BRDA:1370,363,1,0
BRDA:1371,364,0,0
BRDA:1371,364,1,0
BRDA:1379,365,0,4
BRDA:1379,365,1,0
BRDA:1382,366,0,0
BRDA:1382,366,1,0
BRDA:1382,367,0,0
BRDA:1382,367,1,0
BRDA:1386,368,0,0
BRDA:1386,368,1,0
BRDA:1387,369,0,0
BRDA:1387,369,1,0
BRDA:1388,370,0,0
BRDA:1388,370,1,0
BRDA:1389,371,0,0
BRDA:1389,371,1,0
BRDA:1391,372,0,0
BRDA:1391,372,1,0
BRDA:1398,373,0,0
BRDA:1398,373,1,0
BRDA:1401,374,0,0
BRDA:1401,374,1,0
BRDA:1401,375,0,0
BRDA:1401,375,1,0
BRDA:1401,376,0,0
BRDA:1401,376,1,0
BRDA:1405,377,0,0
BRDA:1405,377,1,0
BRDA:1408,378,0,0
BRDA:1408,378,1,0
BRDA:1409,379,0,0
BRDA:1409,379,1,0
BRDA:1410,380,0,0
BRDA:1410,380,1,0
BRDA:1413,381,0,0
BRDA:1413,381,1,0
BRDA:1416,382,0,0
BRDA:1416,382,1,0
BRDA:1416,383,0,0
BRDA:1416,383,1,0
BRDA:1416,383,2,0
BRDA:1416,384,0,0
BRDA:1416,384,1,0
BRDA:1422,385,0,0
BRDA:1422,385,1,0
BRDA:1422,386,0,0
BRDA:1422,386,1,0
BRDA:1423,387,0,0
BRDA:1423,387,1,0
BRDA:1423,388,0,0
BRDA:1423,388,1,0
BRDA:1424,389,0,0
BRDA:1424,389,1,0
BRDA:1424,390,0,0
BRDA:1424,390,1,0
BRDA:1425,391,0,0
BRDA:1425,391,1,0
BRDA:1427,392,0,0
BRDA:1427,392,1,0
BRDA:1436,393,0,0
BRDA:1436,393,1,0
BRDA:1437,394,0,0
BRDA:1437,394,1,0
BRDA:1438,395,0,0
BRDA:1438,395,1,0
BRDA:1439,396,0,0
BRDA:1439,396,1,0
BRDA:1439,397,0,0
BRDA:1439,397,1,0
BRDA:1440,398,0,0
BRDA:1440,398,1,0
BRDA:1440,399,0,0
BRDA:1440,399,1,0
BRDA:1443,400,0,0
BRDA:1443,400,1,0
BRDA:1444,401,0,0
BRDA:1444,401,1,0
BRDA:1447,402,0,0
BRDA:1447,402,1,0
BRDA:1447,403,0,0
BRDA:1447,403,1,0
BRDA:1447,403,2,0
BRDA:1447,403,3,0
BRDA:1447,404,0,0
BRDA:1447,404,1,0
BRDA:1449,405,0,0
BRDA:1449,405,1,0
BRDA:1449,406,0,0
BRDA:1449,406,1,0
BRDA:1452,407,0,0
BRDA:1452,407,1,0
BRDA:1452,408,0,0
BRDA:1452,408,1,0
BRDA:1452,408,2,0
BRDA:1463,409,0,0
BRDA:1463,409,1,0
BRDA:1464,410,0,0
BRDA:1464,410,1,0
BRDA:1470,411,0,0
BRDA:1470,411,1,0
BRDA:1472,412,0,0
BRDA:1472,412,1,0
BRDA:1472,413,0,0
BRDA:1472,413,1,0
BRDA:1472,413,2,0
BRDA:1473,414,0,0
BRDA:1473,414,1,0
BRDA:1476,415,0,0
BRDA:1476,415,1,0
BRDA:1477,416,0,0
BRDA:1477,416,1,0
BRDA:1478,417,0,0
BRDA:1478,417,1,0
BRDA:1481,418,0,0
BRDA:1481,418,1,0
BRDA:1489,419,0,0
BRDA:1489,419,1,0
BRDA:1492,420,0,0
BRDA:1492,420,1,0
BRDA:1499,421,0,0
BRDA:1499,421,1,0
BRDA:1501,422,0,0
BRDA:1501,422,1,0
BRDA:1503,423,0,0
BRDA:1503,423,1,0
BRDA:1503,424,0,0
BRDA:1503,424,1,0
BRDA:1514,425,0,1
BRDA:1514,425,1,0
BRDA:1522,426,0,0
BRDA:1522,426,1,0
BRDA:1524,427,0,0
BRDA:1524,427,1,0
BRDA:1525,428,0,0
BRDA:1525,428,1,0
BRDA:1528,429,0,0
BRDA:1528,429,1,0
BRDA:1528,429,2,0
BRDA:1528,430,0,0
BRDA:1528,430,1,0
BRDA:1529,431,0,0
BRDA:1529,431,1,0
BRDA:1530,432,0,0
BRDA:1530,432,1,0
BRDA:1538,433,0,0
BRDA:1538,433,1,0
BRDA:1540,434,0,0
BRDA:1540,434,1,0
BRDA:1540,435,0,0
BRDA:1540,435,1,0
BRDA:1548,436,0,0
BRDA:1548,436,1,0
BRDA:1550,437,0,0
BRDA:1550,437,1,0
BRDA:1557,438,0,0
BRDA:1557,438,1,0
BRDA:1561,439,0,0
BRDA:1561,439,1,0
BRDA:1563,440,0,0
BRDA:1563,440,1,0
BRDA:1564,441,0,0
BRDA:1564,441,1,0
BRDA:1571,442,0,0
BRDA:1571,442,1,0
BRDA:1577,443,0,0
BRDA:1577,443,1,0
BRDA:1586,444,0,0
BRDA:1586,444,1,0
BRDA:1586,445,0,0
BRDA:1586,445,1,0
BRDA:1590,446,0,0
BRDA:1590,446,1,0
BRDA:1593,447,0,0
BRDA:1593,447,1,0
BRDA:1595,448,0,0
BRDA:1595,448,1,0
BRDA:1629,449,0,3
BRDA:1629,449,1,0
BRDA:1638,450,0,0
BRDA:1638,450,1,0
BRDA:1640,451,0,0
BRDA:1640,451,1,0
BRDA:1642,452,0,0
BRDA:1642,452,1,0
BRDA:1644,453,0,0
BRDA:1644,453,1,0
BRDA:1653,454,0,0
BRDA:1653,454,1,0
BRDA:1659,455,0,0
BRDA:1659,455,1,0
BRDA:1659,456,0,0
BRDA:1659,456,1,0
BRDA:1660,457,0,0
BRDA:1660,457,1,0
BRDA:1673,458,0,0
BRDA:1673,458,1,0
BRDA:1679,459,0,0
BRDA:1679,459,1,0
BRDA:1679,460,0,0
BRDA:1679,460,1,0
BRDA:1682,461,0,0
BRDA:1682,461,1,0
BRDA:1682,462,0,0
BRDA:1682,462,1,0
BRDA:1686,463,0,0
BRDA:1686,463,1,0
BRDA:1691,464,0,0
BRDA:1691,464,1,0
BRDA:1713,465,0,0
BRDA:1713,465,1,0
BRDA:1713,466,0,0
BRDA:1713,466,1,0
BRDA:1821,467,0,0
BRDA:1821,467,1,0
BRDA:1821,467,2,0
BRDA:1822,468,0,0
BRDA:1822,468,1,0
BRDA:1830,469,0,0
BRDA:1830,469,1,0
BRDA:1830,470,0,0
BRDA:1830,470,1,0
BRDA:1830,470,2,0
BRDA:1830,470,3,0
BRDA:1833,471,0,0
BRDA:1833,471,1,0
BRDA:1837,472,0,0
BRDA:1837,472,1,0
BRDA:1838,473,0,0
BRDA:1838,473,1,0
BRDA:1842,474,0,0
BRDA:1842,474,1,0
BRDA:1848,475,0,0
BRDA:1848,475,1,0
BRDA:1849,476,0,0
BRDA:1849,476,1,0
BRDA:1851,477,0,0
BRDA:1851,477,1,0
BRDA:1858,478,0,0
BRDA:1858,478,1,0
BRDA:1867,479,0,0
BRDA:1867,479,1,0
BRDA:1875,480,0,0
BRDA:1875,480,1,0
BRDA:1878,481,0,0
BRDA:1878,481,1,0
BRDA:1880,482,0,0
BRDA:1880,482,1,0
BRDA:1887,483,0,0
BRDA:1887,483,1,0
BRDA:1893,484,0,0
BRDA:1893,484,1,0
BRDA:1905,485,0,0
BRDA:1905,485,1,0
BRDA:1918,486,0,0
BRDA:1918,486,1,0
BRDA:1924,487,0,0
BRDA:1924,487,1,0
BRDA:1935,488,0,0
BRDA:1935,488,1,0
BRDA:1936,489,0,0
BRDA:1936,489,1,0
BRDA:1945,490,0,0
BRDA:1945,490,1,0
BRDA:1953,491,0,0
BRDA:1953,491,1,0
BRDA:1957,492,0,0
BRDA:1957,492,1,0
BRDA:1958,493,0,0
BRDA:1958,493,1,0
BRDA:1959,494,0,0
BRDA:1959,494,1,0
BRDA:1963,495,0,0
BRDA:1963,495,1,0
BRDA:1963,496,0,0
BRDA:1963,496,1,0
BRDA:1993,497,0,0
BRDA:1993,497,1,0
BRDA:1993,498,0,0
BRDA:1993,498,1,0
BRDA:2007,499,0,0
BRDA:2007,499,1,0
BRDA:2012,500,0,0
BRDA:2012,500,1,0
BRDA:2012,501,0,0
BRDA:2012,501,1,0
BRDA:2014,502,0,0
BRDA:2014,502,1,0
BRDA:2026,503,0,0
BRDA:2026,503,1,0
BRDA:2027,504,0,0
BRDA:2027,504,1,0
BRDA:2028,505,0,0
BRDA:2028,505,1,0
BRDA:2028,506,0,0
BRDA:2028,506,1,0
BRDA:2028,506,2,0
BRDA:2029,507,0,0
BRDA:2029,507,1,0
BRDA:2030,508,0,0
BRDA:2030,508,1,0
BRDA:2031,509,0,0
BRDA:2031,509,1,0
BRDA:2039,510,0,0
BRDA:2039,510,1,0
BRDA:2039,511,0,0
BRDA:2039,511,1,0
BRDA:2040,512,0,0
BRDA:2040,512,1,0
BRDA:2042,513,0,0
BRDA:2042,513,1,0
BRDA:2042,514,0,0
BRDA:2042,514,1,0
BRDA:2043,515,0,0
BRDA:2043,515,1,0
BRDA:2052,516,0,0
BRDA:2052,516,1,0
BRDA:2055,517,0,0
BRDA:2055,517,1,0
BRDA:2056,518,0,0
BRDA:2056,518,1,0
BRDA:2058,519,0,0
BRDA:2058,519,1,0
BRDA:2060,520,0,0
BRDA:2060,520,1,0
BRDA:2063,521,0,0
BRDA:2063,521,1,0
BRDA:2070,522,0,0
BRDA:2070,522,1,0
BRDA:2072,523,0,0
BRDA:2072,523,1,0
BRDA:2073,524,0,0
BRDA:2073,524,1,0
BRDA:2076,525,0,0
BRDA:2076,525,1,0
BRDA:2077,526,0,0
BRDA:2077,526,1,0
BRDA:2078,527,0,0
BRDA:2078,527,1,0
BRDA:2079,528,0,0
BRDA:2079,528,1,0
BRDA:2079,529,0,0
BRDA:2079,529,1,0
BRDA:2082,530,0,0
BRDA:2082,530,1,0
BRDA:2084,531,0,0
BRDA:2084,531,1,0
BRDA:2085,532,0,0
BRDA:2085,532,1,0
BRDA:2092,533,0,0
BRDA:2092,533,1,0
BRDA:2096,534,0,0
BRDA:2096,534,1,0
BRDA:2096,535,0,0
BRDA:2096,535,1,0
BRDA:2099,536,0,0
BRDA:2099,536,1,0
BRDA:2101,537,0,0
BRDA:2101,537,1,0
BRDA:2103,538,0,0
BRDA:2103,538,1,0
BRDA:2104,539,0,0
BRDA:2104,539,1,0
BRDA:2106,540,0,0
BRDA:2106,540,1,0
BRDA:2116,541,0,0
BRDA:2116,541,1,0
BRDA:2116,542,0,0
BRDA:2116,542,1,0
BRDA:2119,543,0,0
BRDA:2119,543,1,0
BRDA:2124,544,0,0
BRDA:2124,544,1,0
BRDA:2124,545,0,0
BRDA:2124,545,1,0
BRDA:2127,546,0,0
BRDA:2127,546,1,0
BRDA:2134,547,0,0
BRDA:2134,547,1,0
BRDA:2134,548,0,0
BRDA:2134,548,1,0
BRDA:2138,549,0,0
BRDA:2138,549,1,0
BRDA:2149,550,0,0
BRDA:2149,550,1,0
BRDA:2149,551,0,0
BRDA:2149,551,1,0
BRDA:2158,552,0,0
BRDA:2158,552,1,0
BRDA:2162,553,0,0
BRDA:2162,553,1,0
BRDA:2169,554,0,0
BRDA:2169,554,1,0
BRDA:2169,555,0,0
BRDA:2169,555,1,0
BRDA:2170,556,0,0
BRDA:2170,556,1,0
BRDA:2174,557,0,0
BRDA:2174,557,1,0
BRDA:2178,558,0,0
BRDA:2178,558,1,0
BRDA:2188,559,0,0
BRDA:2188,559,1,0
BRDA:2190,560,0,0
BRDA:2190,560,1,0
BRDA:2193,561,0,0
BRDA:2193,561,1,0
BRDA:2198,562,0,0
BRDA:2198,562,1,0
BRDA:2198,563,0,0
BRDA:2198,563,1,0
BRDA:2213,564,0,0
BRDA:2213,564,1,0
BRDA:2215,565,0,0
BRDA:2215,565,1,0
BRDA:2215,566,0,0
BRDA:2215,566,1,0
BRDA:2217,567,0,0
BRDA:2217,567,1,0
BRDA:2218,568,0,0
BRDA:2218,568,1,0
BRDA:2222,569,0,0
BRDA:2222,569,1,0
BRDA:2227,570,0,0
BRDA:2227,570,1,0
BRDA:2236,571,0,0
BRDA:2236,571,1,0
BRDA:2253,572,0,0
BRDA:2253,572,1,0
BRDA:2253,573,0,0
BRDA:2253,573,1,0
BRDA:2255,574,0,0
BRDA:2255,574,1,0
BRDA:2258,575,0,0
BRDA:2258,575,1,0
BRDA:2258,576,0,0
BRDA:2258,576,1,0
BRDA:2262,577,0,0
BRDA:2262,577,1,0
BRDA:2263,578,0,0
BRDA:2263,578,1,0
BRDA:2263,579,0,0
BRDA:2263,579,1,0
BRDA:2283,580,0,0
BRDA:2283,580,1,0
BRDA:2285,581,0,0
BRDA:2285,581,1,0
BRDA:2285,582,0,0
BRDA:2285,582,1,0
BRDA:2287,583,0,0
BRDA:2287,583,1,0
BRDA:2302,584,0,0
BRDA:2302,584,1,0
BRDA:2302,585,0,0
BRDA:2302,585,1,0
BRDA:2302,586,0,0
BRDA:2302,586,1,0
BRDA:2303,587,0,0
BRDA:2303,587,1,0
BRDA:2324,588,0,0
BRDA:2324,588,1,0
BRDA:2324,589,0,0
BRDA:2324,589,1,0
BRDA:2326,590,0,0
BRDA:2326,590,1,0
BRDA:2329,591,0,0
BRDA:2329,591,1,0
BRDA:2331,592,0,0
BRDA:2331,592,1,0
BRDA:2342,593,0,0
BRDA:2342,593,1,0
BRDA:2342,594,0,0
BRDA:2342,594,1,0
BRDA:2344,595,0,0
BRDA:2344,595,1,0
BRDA:2347,596,0,0
BRDA:2347,596,1,0
BRDA:2348,597,0,0
BRDA:2348,597,1,0
BRDA:2351,598,0,0
BRDA:2351,598,1,0
BRDA:2352,599,0,0
BRDA:2352,599,1,0
BRDA:2357,600,0,0
BRDA:2357,600,1,0
BRDA:2362,601,0,0
BRDA:2362,601,1,0
BRDA:2362,602,0,0
BRDA:2362,602,1,0
BRDA:2363,603,0,0
BRDA:2363,603,1,0
BRDA:2363,604,0,0
BRDA:2363,604,1,0
BRDA:2370,605,0,0
BRDA:2370,605,1,0
BRDA:2382,606,0,0
BRDA:2382,606,1,0
BRDA:2382,607,0,0
BRDA:2382,607,1,0
BRDA:2384,608,0,0
BRDA:2384,608,1,0
BRDA:2387,609,0,0
BRDA:2387,609,1,0
BRDA:2389,610,0,0
BRDA:2389,610,1,0
BRDA:2390,611,0,0
BRDA:2390,611,1,0
BRDA:2395,612,0,0
BRDA:2395,612,1,0
BRDA:2410,613,0,0
BRDA:2410,613,1,0
BRDA:2410,614,0,0
BRDA:2410,614,1,0
BRDA:2412,615,0,0
BRDA:2412,615,1,0
BRDA:2413,616,0,0
BRDA:2413,616,1,0
BRDA:2419,617,0,0
BRDA:2419,617,1,0
BRDA:2429,618,0,0
BRDA:2429,618,1,0
BRDA:2431,619,0,0
BRDA:2431,619,1,0
BRDA:2432,620,0,0
BRDA:2432,620,1,0
BRDA:2447,621,0,0
BRDA:2447,621,1,0
BRDA:2447,622,0,0
BRDA:2447,622,1,0
BRDA:2451,623,0,0
BRDA:2451,623,1,0
BRDA:2459,624,0,0
BRDA:2459,624,1,0
BRDA:2459,625,0,0
BRDA:2459,625,1,0
BRDA:2460,626,0,0
BRDA:2460,626,1,0
BRDA:2460,627,0,0
BRDA:2460,627,1,0
BRDA:2460,628,0,0
BRDA:2460,628,1,0
BRDA:2480,629,0,0
BRDA:2480,629,1,0
BRDA:2481,630,0,0
BRDA:2481,630,1,0
BRDA:2483,631,0,0
BRDA:2483,631,1,0
BRDA:2483,632,0,0
BRDA:2483,632,1,0
BRDA:2492,633,0,0
BRDA:2492,633,1,0
BRDA:2492,634,0,0
BRDA:2492,634,1,0
BRDA:2494,635,0,0
BRDA:2494,635,1,0
BRDA:2498,636,0,0
BRDA:2498,636,1,0
BRDA:2504,637,0,0
BRDA:2504,637,1,0
BRDA:2517,638,0,0
BRDA:2517,638,1,0
BRDA:2530,639,0,0
BRDA:2530,639,1,0
BRDA:2530,640,0,0
BRDA:2530,640,1,0
BRDA:2532,641,0,0
BRDA:2532,641,1,0
BRDA:2533,642,0,0
BRDA:2533,642,1,0
BRDA:2536,643,0,0
BRDA:2536,643,1,0
BRDA:2542,644,0,0
BRDA:2542,644,1,0
BRDA:2542,645,0,0
BRDA:2542,645,1,0
BRDA:2544,646,0,0
BRDA:2544,646,1,0
BRDA:2545,647,0,0
BRDA:2545,647,1,0
BRDA:2549,648,0,0
BRDA:2549,648,1,0
BRDA:2549,649,0,0
BRDA:2549,649,1,0
BRDA:2555,650,0,0
BRDA:2555,650,1,0
BRDA:2559,651,0,0
BRDA:2559,651,1,0
BRDA:2560,652,0,0
BRDA:2560,652,1,0
BRDA:2565,653,0,0
BRDA:2565,653,1,0
BRDA:2577,654,0,0
BRDA:2577,654,1,0
BRDA:2577,655,0,0
BRDA:2577,655,1,0
BRDA:2579,656,0,0
BRDA:2579,656,1,0
BRDA:2580,657,0,0
BRDA:2580,657,1,0
BRDA:2592,658,0,0
BRDA:2592,658,1,0
BRDA:2593,659,0,0
BRDA:2593,659,1,0
BRDA:2594,660,0,0
BRDA:2594,660,1,0
BRDA:2598,661,0,0
BRDA:2598,661,1,0
BRDA:2599,662,0,0
BRDA:2599,662,1,0
BRDA:2599,663,0,0
BRDA:2599,663,1,0
BRDA:2600,664,0,0
BRDA:2600,664,1,0
BRDA:2602,665,0,0
BRDA:2602,665,1,0
BRDA:2602,666,0,0
BRDA:2602,666,1,0
BRDA:2603,667,0,0
BRDA:2603,667,1,0
BRDA:2609,668,0,0
BRDA:2609,668,1,0
BRDA:2610,669,0,0
BRDA:2610,669,1,0
BRDA:2611,670,0,0
BRDA:2611,670,1,0
BRDA:2612,671,0,0
BRDA:2612,671,1,0
BRDA:2613,672,0,0
BRDA:2613,672,1,0
BRDA:2614,673,0,0
BRDA:2614,673,1,0
BRDA:2615,674,0,0
BRDA:2615,674,1,0
BRDA:2616,675,0,0
BRDA:2616,675,1,0
BRDA:2624,676,0,0
BRDA:2624,676,1,0
BRDA:2624,677,0,0
BRDA:2624,677,1,0
BRDA:2633,678,0,0
BRDA:2633,678,1,0
BRDA:2634,679,0,0
BRDA:2634,679,1,0
BRDA:2634,679,2,0
BRDA:2641,680,0,0
BRDA:2641,680,1,0
BRDA:2641,680,2,0
BRDA:2643,681,0,0
BRDA:2643,681,1,0
BRDA:2643,682,0,0
BRDA:2643,682,1,0
BRDA:2650,683,0,0
BRDA:2650,683,1,0
BRDA:2652,684,0,0
BRDA:2652,684,1,0
BRDA:2654,685,0,0
BRDA:2654,685,1,0
BRDA:2655,686,0,0
BRDA:2655,686,1,0
BRDA:2659,687,0,0
BRDA:2659,687,1,0
BRDA:2660,688,0,0
BRDA:2660,688,1,0
BRDA:2661,689,0,0
BRDA:2661,689,1,0
BRDA:2669,690,0,6
BRDA:2669,690,1,0
BRDA:2672,691,0,0
BRDA:2672,691,1,0
BRDA:2673,692,0,0
BRDA:2673,692,1,0
BRDA:2677,693,0,0
BRDA:2677,693,1,0
BRDA:2677,693,2,0
BRDA:2678,694,0,0
BRDA:2678,694,1,0
BRDA:2682,695,0,0
BRDA:2682,695,1,0
BRDA:2682,695,2,0
BRDA:2683,696,0,0
BRDA:2683,696,1,0
BRDA:2689,697,0,17
BRDA:2689,697,1,17
BRDA:2689,697,2,0
BRDA:2690,698,0,1
BRDA:2690,698,1,16
BRDA:2694,699,0,16
BRDA:2694,699,1,0
BRDA:2697,700,0,0
BRDA:2697,700,1,0
BRDA:2697,701,0,0
BRDA:2697,701,1,0
BRDA:2697,702,0,0
BRDA:2697,702,1,0
BRDA:2702,703,0,0
BRDA:2702,703,1,0
BRDA:2708,704,0,0
BRDA:2708,704,1,0
BRDA:2709,705,0,0
BRDA:2709,705,1,0
BRDA:2709,706,0,0
BRDA:2709,706,1,0
BRDA:2710,707,0,0
BRDA:2710,707,1,0
BRDA:2711,708,0,0
BRDA:2711,708,1,0
BRDA:2711,709,0,0
BRDA:2711,709,1,0
BRDA:2722,710,0,0
BRDA:2722,710,1,0
BRDA:2726,711,0,0
BRDA:2726,711,1,0
BRDA:2727,712,0,0
BRDA:2727,712,1,0
BRDA:2728,713,0,0
BRDA:2728,713,1,0
BRDA:2729,714,0,0
BRDA:2729,714,1,0
BRDA:2732,715,0,0
BRDA:2732,715,1,0
BRDA:2734,716,0,0
BRDA:2734,716,1,0
BRDA:2735,717,0,0
BRDA:2735,717,1,0
BRDA:2747,718,0,0
BRDA:2747,718,1,0
BRDA:2747,719,0,0
BRDA:2747,719,1,0
BRDA:2747,719,2,0
BRDA:2747,720,0,0
BRDA:2747,720,1,0
BRDA:2749,721,0,0
BRDA:2749,721,1,0
BRDA:2749,722,0,0
BRDA:2749,722,1,0
BRDA:2753,723,0,0
BRDA:2753,723,1,0
BRDA:2753,724,0,0
BRDA:2753,724,1,0
BRDA:2760,725,0,0
BRDA:2760,725,1,0
BRDA:2762,726,0,0
BRDA:2762,726,1,0
BRDA:2765,727,0,0
BRDA:2765,727,1,0
BRDA:2765,728,0,0
BRDA:2765,728,1,0
BRDA:2770,729,0,0
BRDA:2770,729,1,0
BRDA:2770,730,0,0
BRDA:2770,730,1,0
BRDA:2771,731,0,0
BRDA:2771,731,1,0
BRDA:2773,732,0,0
BRDA:2773,732,1,0
BRDA:2774,733,0,0
BRDA:2774,733,1,0
BRDA:2789,734,0,0
BRDA:2789,734,1,0
BRDA:2790,735,0,0
BRDA:2790,735,1,0
BRDA:2790,735,2,0
BRDA:2791,736,0,0
BRDA:2791,736,1,0
BRDA:2792,737,0,0
BRDA:2792,737,1,0
BRDA:2792,738,0,0
BRDA:2792,738,1,0
BRDA:2799,739,0,0
BRDA:2799,739,1,0
BRDA:2813,740,0,0
BRDA:2813,740,1,0
BRDA:2832,741,0,14
BRDA:2832,741,1,14
BRDA:2832,741,2,0
BRDA:2833,742,0,4
BRDA:2833,742,1,10
BRDA:2837,743,0,10
BRDA:2837,743,1,0
BRDA:2840,744,0,0
BRDA:2840,744,1,0
BRDA:2841,745,0,0
BRDA:2841,745,1,0
BRDA:2851,746,0,0
BRDA:2851,746,1,0
BRDA:2851,747,0,0
BRDA:2851,747,1,0
BRDA:2859,748,0,0
BRDA:2859,748,1,0
BRDA:2865,749,0,3
BRDA:2865,749,1,3
BRDA:2865,749,2,0
BRDA:2866,750,0,0
BRDA:2866,750,1,3
BRDA:2870,751,0,3
BRDA:2870,751,1,0
BRDA:2873,752,0,0
BRDA:2873,752,1,0
BRDA:2874,753,0,0
BRDA:2874,753,1,0
BRDA:2875,754,0,0
BRDA:2875,754,1,0
BRDA:2875,755,0,0
BRDA:2875,755,1,0
BRDA:2879,756,0,0
BRDA:2879,756,1,0
BRDA:2879,757,0,0
BRDA:2879,757,1,0
BRDA:2879,757,2,0
BRDA:2895,758,0,4
BRDA:2895,758,1,0
BRDA:2898,759,0,0
BRDA:2898,759,1,0
BRDA:2898,760,0,0
BRDA:2898,760,1,0
BRDA:2905,761,0,0
BRDA:2905,761,1,0
BRDA:2906,762,0,0
BRDA:2906,762,1,0
BRDA:2906,763,0,0
BRDA:2906,763,1,0
BRDA:2910,764,0,0
BRDA:2910,764,1,0
BRDA:2913,765,0,0
BRDA:2913,765,1,0
BRDA:2926,766,0,0
BRDA:2926,766,1,0
BRDA:2929,767,0,0
BRDA:2929,767,1,0
BRDA:2934,768,0,0
BRDA:2934,768,1,0
BRDA:2947,769,0,0
BRDA:2947,769,1,0
BRDA:2947,770,0,0
BRDA:2947,770,1,0
BRDA:2949,771,0,0
BRDA:2949,771,1,0
BRDA:2952,772,0,0
BRDA:2952,772,1,0
BRDA:2954,773,0,0
BRDA:2954,773,1,0
BRDA:2965,774,0,0
BRDA:2965,774,1,0
BRDA:2965,775,0,0
BRDA:2965,775,1,0
BRDA:2969,776,0,0
BRDA:2969,776,1,0
BRDA:2971,777,0,0
BRDA:2971,777,1,0
BRDA:2978,778,0,0
BRDA:2978,778,1,0
BRDA:2984,779,0,0
BRDA:2984,779,1,0
BRDA:2985,780,0,0
BRDA:2985,780,1,0
BRDA:2987,781,0,0
BRDA:2987,781,1,0
BRDA:2994,782,0,0
BRDA:2994,782,1,0
BRDA:2995,783,0,0
BRDA:2995,783,1,0
BRDA:2998,784,0,0
BRDA:2998,784,1,0
BRDA:3003,785,0,0
BRDA:3003,785,1,0
BRDA:3004,786,0,0
BRDA:3004,786,1,0
BRDA:3014,787,0,0
BRDA:3014,787,1,0
BRDA:3014,788,0,0
BRDA:3014,788,1,0
BRDA:3016,789,0,0
BRDA:3016,789,1,0
BRDA:3016,790,0,0
BRDA:3016,790,1,0
BRDA:3016,791,0,0
BRDA:3016,791,1,0
BRDA:3027,792,0,0
BRDA:3027,792,1,0
BRDA:3031,793,0,0
BRDA:3031,793,1,0
BRDA:3031,794,0,0
BRDA:3031,794,1,0
BRDA:3038,795,0,0
BRDA:3038,795,1,0
BRDA:3039,796,0,0
BRDA:3039,796,1,0
BRDA:3040,797,0,0
BRDA:3040,797,1,0
BRDA:3041,798,0,0
BRDA:3041,798,1,0
BRDA:3060,799,0,3
BRDA:3060,799,1,127
BRDA:3061,800,0,3
BRDA:3061,800,1,0
BRDA:3073,801,0,124
BRDA:3073,801,1,3
BRDA:3075,802,0,0
BRDA:3075,802,1,124
BRDA:3080,803,0,0
BRDA:3080,803,1,124
BRDA:3080,804,0,124
BRDA:3080,804,1,15
BRDA:3082,805,0,0
BRDA:3082,805,1,0
BRDA:3082,806,0,0
BRDA:3082,806,1,0
BRDA:3090,807,0,15
BRDA:3090,807,1,109
BRDA:3090,808,0,124
BRDA:3090,808,1,59
BRDA:3092,809,0,5
BRDA:3092,809,1,10
BRDA:3097,810,0,5103
BRDA:3097,810,1,1569
BRDA:3098,811,0,118
BRDA:3098,811,1,1
BRDA:3099,812,0,118
BRDA:3099,812,1,64
BRDA:3102,813,0,0
BRDA:3102,813,1,0
BRDA:3121,814,0,1
BRDA:3121,814,1,2
BRDA:3124,815,0,1
BRDA:3124,815,1,0
BRDA:3124,816,0,1
BRDA:3124,816,1,1
BRDA:3127,817,0,0
BRDA:3127,817,1,0
BRDA:3130,818,0,0
BRDA:3130,818,1,0
BRDA:3145,819,0,0
BRDA:3145,819,1,2
BRDA:3146,820,0,0
BRDA:3146,820,1,0
BRDA:3146,821,0,0
BRDA:3146,821,1,0
BRDA:3148,822,0,0
BRDA:3148,822,1,0
BRDA:3152,823,0,0
BRDA:3152,823,1,2
BRDA:3153,824,0,0
BRDA:3153,824,1,0
BRDA:3153,825,0,0
BRDA:3153,825,1,0
BRDA:3155,826,0,0
BRDA:3155,826,1,0
BRDA:3159,827,0,0
BRDA:3159,827,1,2
BRDA:3160,828,0,0
BRDA:3160,828,1,0
BRDA:3166,829,0,0
BRDA:3166,829,1,2
BRDA:3167,830,0,0
BRDA:3167,830,1,0
BRDA:3169,831,0,0
BRDA:3169,831,1,0
BRDA:3172,832,0,0
BRDA:3172,832,1,0
BRDA:3175,833,0,0
BRDA:3175,833,1,0
BRDA:3175,833,2,0
BRDA:3177,834,0,0
BRDA:3177,834,1,0
BRDA:3177,835,0,0
BRDA:3177,835,1,0
BRDA:3177,835,2,0
BRDA:3182,836,0,0
BRDA:3182,836,1,0
BRDA:3183,837,0,0
BRDA:3183,837,1,0
BRDA:3185,838,0,0
BRDA:3185,838,1,0
BRDA:3193,839,0,0
BRDA:3193,839,1,0
BRDA:3194,840,0,0
BRDA:3194,840,1,0
BRDA:3229,841,0,0
BRDA:3229,841,1,0
BRDA:3232,842,0,0
BRDA:3232,842,1,0
BRDA:3232,843,0,0
BRDA:3232,843,1,0
BRDA:3234,844,0,0
BRDA:3234,844,1,0
BRDA:3235,845,0,0
BRDA:3235,845,1,0
BRDA:3236,846,0,0
BRDA:3236,846,1,0
BRDA:3237,847,0,0
BRDA:3237,847,1,0
BRDA:3238,848,0,0
BRDA:3238,848,1,0
BRDA:3240,849,0,0
BRDA:3240,849,1,0
BRDA:3240,850,0,0
BRDA:3240,850,1,0
BRDA:3240,851,0,0
BRDA:3240,851,1,0
BRDA:3240,852,0,0
BRDA:3240,852,1,0
BRDA:3251,853,0,0
BRDA:3251,853,1,2
BRDA:3253,854,0,0
BRDA:3253,854,1,0
BRDA:3254,855,0,0
BRDA:3254,855,1,0
BRDA:3256,856,0,0
BRDA:3256,856,1,0
BRDA:3264,857,0,0
BRDA:3264,857,1,2
BRDA:3266,858,0,0
BRDA:3266,858,1,0
BRDA:3267,859,0,0
BRDA:3267,859,1,0
BRDA:3269,860,0,0
BRDA:3269,860,1,0
BRDA:3279,861,0,0
BRDA:3279,861,1,2
BRDA:3282,862,0,0
BRDA:3282,862,1,2
BRDA:3282,863,0,2
BRDA:3282,863,1,0
BRDA:3285,864,0,0
BRDA:3285,864,1,2
BRDA:3288,865,0,0
BRDA:3288,865,1,0
BRDA:3293,866,0,0
BRDA:3293,866,1,2
BRDA:3298,867,0,0
BRDA:3298,867,1,2
BRDA:3302,868,0,2
BRDA:3302,868,1,2
BRDA:3305,869,0,2
BRDA:3305,869,1,0
BRDA:3308,870,0,2
BRDA:3308,870,1,0
BRDA:3312,871,0,0
BRDA:3312,871,1,0
BRDA:3312,872,0,0
BRDA:3312,872,1,0
BRDA:3319,873,0,0
BRDA:3319,873,1,0
BRDA:3320,874,0,0
BRDA:3320,874,1,0
BRDA:3321,875,0,0
BRDA:3321,875,1,0
BRDA:3321,876,0,0
BRDA:3321,876,1,0
BRDA:3322,877,0,0
BRDA:3322,877,1,0
BRDA:3325,878,0,0
BRDA:3325,878,1,0
BRDA:3327,879,0,0
BRDA:3327,879,1,0
BRDA:3336,880,0,0
BRDA:3336,880,1,0
BRDA:3343,881,0,0
BRDA:3343,881,1,0
BRDA:3344,882,0,0
BRDA:3344,882,1,0
BRDA:3345,883,0,0
BRDA:3345,883,1,0
BRDA:3354,884,0,0
BRDA:3354,884,1,0
BRDA:3408,885,0,3
BRDA:3408,885,1,0
BRF:1807
BRH:153
end_of_record
TN:
SF:sms.js
FN:8,getTwilioClient
FN:28,sendSMS
FN:56,formatDateFR
FN:66,sendSMSConfirmation
FN:79,sendSMSReminder
FN:91,sendSMSCancellation
FN:102,sendSMSOwnerNotification
FNF:7
FNH:0
FNDA:0,getTwilioClient
FNDA:0,sendSMS
FNDA:0,formatDateFR
FNDA:0,sendSMSConfirmation
FNDA:0,sendSMSReminder
FNDA:0,sendSMSCancellation
FNDA:0,sendSMSOwnerNotification
DA:6,3
DA:9,0
DA:10,0
DA:11,0
DA:12,0
DA:13,0
DA:15,0
DA:18,3
DA:21,3
DA:29,0
DA:30,0
DA:31,0
DA:32,0
DA:34,0
DA:35,0
DA:36,0
DA:40,0
DA:41,0
DA:42,0
DA:43,0
DA:45,0
DA:46,0
DA:47,0
DA:48,0
DA:50,0
DA:51,0
DA:57,0
DA:58,0
DA:59,0
DA:60,0
DA:61,0
DA:62,0
DA:67,0
DA:68,0
DA:70,0
DA:75,0
DA:80,0
DA:81,0
DA:83,0
DA:87,0
DA:92,0
DA:93,0
DA:95,0
DA:98,0
DA:103,0
DA:105,0
DA:109,0
DA:112,3
LF:48
LH:4
BRDA:9,0,0,0
BRDA:9,0,1,0
BRDA:10,1,0,0
BRDA:10,1,1,0
BRDA:10,2,0,0
BRDA:10,2,1,0
BRDA:18,3,0,3
BRDA:18,3,1,3
BRDA:30,4,0,0
BRDA:30,4,1,0
BRDA:34,5,0,0
BRDA:34,5,1,0
BRDA:41,6,0,0
BRDA:41,6,1,0
BRDA:42,7,0,0
BRDA:42,7,1,0
BRDA:43,8,0,0
BRDA:43,8,1,0
BRDA:67,9,0,0
BRDA:67,9,1,0
BRDA:68,10,0,0
BRDA:68,10,1,0
BRDA:73,11,0,0
BRDA:73,11,1,0
BRDA:80,12,0,0
BRDA:80,12,1,0
BRDA:81,13,0,0
BRDA:81,13,1,0
BRDA:85,14,0,0
BRDA:85,14,1,0
BRDA:92,15,0,0
BRDA:92,15,1,0
BRDA:93,16,0,0
BRDA:93,16,1,0
BRDA:103,17,0,0
BRDA:103,17,1,0
BRDA:105,18,0,0
BRDA:105,18,1,0
BRDA:108,19,0,0
BRDA:108,19,1,0
BRF:40
BRH:2
end_of_record
TN:
SF:lib\security.js
FN:9,(anonymous_0)
FN:14,getCORSHeaders
FN:39,applySecurityHeaders
FN:40,(anonymous_3)
FN:58,rateLimit
FN:76,cleanupRateLimitMap
FN:93,getClientIP
FNF:7
FNH:2
FNDA:18,(anonymous_0)
FNDA:127,getCORSHeaders
FNDA:0,applySecurityHeaders
FNDA:0,(anonymous_3)
FNDA:0,rateLimit
FNDA:0,cleanupRateLimitMap
FNDA:0,getClientIP
DA:9,18
DA:15,127
DA:16,127
DA:27,3
DA:40,0
DA:41,0
DA:48,3
DA:59,0
DA:60,0
DA:61,0
DA:63,0
DA:64,0
DA:67,0
DA:68,0
DA:70,0
DA:77,0
DA:78,0
DA:79,0
DA:80,0
DA:81,0
DA:82,0
DA:85,0
DA:86,0
DA:94,0
DA:101,3
DA:103,3
LF:26
LH:7
BRDA:9,0,0,3
BRDA:9,0,1,3
BRDA:17,1,0,2
BRDA:17,1,1,125
BRDA:63,2,0,0
BRDA:63,2,1,0
BRDA:63,3,0,0
BRDA:63,3,1,0
BRDA:80,4,0,0
BRDA:80,4,1,0
BRDA:85,5,0,0
BRDA:85,5,1,0
BRDA:94,6,0,0
BRDA:94,6,1,0
BRDA:94,6,2,0
BRDA:94,6,3,0
BRF:16
BRH:4
end_of_record
TN:
SF:lib\validation.js
FN:9,validateEmail
FN:15,validatePassword
FN:21,validateSalonName
FN:28,validatePhoneNumber
FN:36,validateURL
FN:47,validateServiceName
FN:54,validateDuration
FN:60,validatePrice
FN:66,validateWebhookURL
FN:92,validateHexColor
FNF:10
FNH:9
FNDA:3,validateEmail
FNDA:3,validatePassword
FNDA:3,validateSalonName
FNDA:3,validatePhoneNumber
FNDA:7,validateURL
FNDA:0,validateServiceName
FNDA:3,validateDuration
FNDA:3,validatePrice
FNDA:4,validateWebhookURL
FNDA:3,validateHexColor
DA:5,1
DA:6,1
DA:7,1
DA:10,3
DA:11,2
DA:12,1
DA:16,3
DA:17,2
DA:18,1
DA:22,3
DA:23,3
DA:24,2
DA:25,1
DA:29,3
DA:31,3
DA:32,3
DA:33,2
DA:37,7
DA:38,7
DA:39,6
DA:40,6
DA:41,6
DA:43,0
DA:48,0
DA:49,0
DA:50,0
DA:51,0
DA:55,3
DA:56,3
DA:57,1
DA:61,3
DA:62,3
DA:63,1
DA:67,4
DA:70,4
DA:71,4
DA:72,4
DA:74,4
DA:75,1
DA:78,3
DA:79,1
DA:82,2
DA:83,1
DA:86,1
DA:88,0
DA:93,3
DA:94,1
DA:97,1
LF:48
LH:42
BRDA:10,0,0,1
BRDA:10,0,1,2
BRDA:10,1,0,3
BRDA:10,1,1,2
BRDA:11,2,0,1
BRDA:11,2,1,1
BRDA:16,3,0,1
BRDA:16,3,1,2
BRDA:16,4,0,3
BRDA:16,4,1,2
BRDA:17,5,0,1
BRDA:17,5,1,1
BRDA:22,6,0,0
BRDA:22,6,1,3
BRDA:22,7,0,3
BRDA:22,7,1,3
BRDA:23,8,0,1
BRDA:23,8,1,2
BRDA:24,9,0,1
BRDA:24,9,1,1
BRDA:29,10,0,0
BRDA:29,10,1,3
BRDA:29,11,0,3
BRDA:29,11,1,3
BRDA:32,12,0,1
BRDA:32,12,1,2
BRDA:37,13,0,0
BRDA:37,13,1,7
BRDA:37,14,0,7
BRDA:37,14,1,7
BRDA:38,15,0,1
BRDA:38,15,1,6
BRDA:48,16,0,0
BRDA:48,16,1,0
BRDA:48,17,0,0
BRDA:48,17,1,0
BRDA:49,18,0,0
BRDA:49,18,1,0
BRDA:50,19,0,0
BRDA:50,19,1,0
BRDA:56,20,0,2
BRDA:56,20,1,1
BRDA:56,21,0,3
BRDA:56,21,1,3
BRDA:56,21,2,2
BRDA:62,22,0,2
BRDA:62,22,1,1
BRDA:62,23,0,3
BRDA:62,23,1,3
BRDA:62,23,2,2
BRDA:67,24,0,0
BRDA:67,24,1,4
BRDA:74,25,0,1
BRDA:74,25,1,3
BRDA:74,26,0,4
BRDA:74,26,1,3
BRDA:78,27,0,1
BRDA:78,27,1,2
BRDA:82,28,0,1
BRDA:82,28,1,1
BRDA:93,29,0,2
BRDA:93,29,1,1
BRDA:93,30,0,3
BRDA:93,30,1,3
BRF:64
BRH:52
end_of_record
